#! /usr/bin/vvp
:ivl_version "11.0 (stable)";
:ivl_delay_selection "TYPICAL";
:vpi_time_precision - 12;
:vpi_module "/usr/lib/x86_64-linux-gnu/ivl/system.vpi";
:vpi_module "/usr/lib/x86_64-linux-gnu/ivl/vhdl_sys.vpi";
:vpi_module "/usr/lib/x86_64-linux-gnu/ivl/vhdl_textio.vpi";
:vpi_module "/usr/lib/x86_64-linux-gnu/ivl/v2005_math.vpi";
:vpi_module "/usr/lib/x86_64-linux-gnu/ivl/va_math.vpi";
S_0x55cf0f855790 .scope module, "microprocessor_tb" "microprocessor_tb" 2 2;
 .timescale -9 -12;
v0x55cf0f8a9730_0 .var "clk", 0 0;
v0x55cf0f8a97d0_0 .var "instruction", 31 0;
v0x55cf0f8a9890_0 .var "rst", 0 0;
S_0x55cf0f870c70 .scope module, "u_microprocessor0" "microprocessor" 2 9, 3 1 0, S_0x55cf0f855790;
 .timescale -9 -12;
    .port_info 0 /INPUT 1 "clk";
    .port_info 1 /INPUT 1 "rst";
    .port_info 2 /INPUT 32 "instruction";
v0x55cf0f8a8520_0 .net "alu_out_address", 31 0, L_0x55cf0f8bb6b0;  1 drivers
v0x55cf0f8a8600_0 .net "clk", 0 0, v0x55cf0f8a9730_0;  1 drivers
v0x55cf0f8a86a0_0 .net "data_mem_request", 0 0, v0x55cf0f8a1e10_0;  1 drivers
v0x55cf0f8a8740_0 .net "data_mem_valid", 0 0, v0x55cf0f8a68f0_0;  1 drivers
v0x55cf0f8a8870_0 .net "data_mem_we_re", 0 0, v0x55cf0f8a2320_0;  1 drivers
v0x55cf0f8a89a0_0 .net "instruc_mask_singal", 3 0, v0x55cf0f8a0140_0;  1 drivers
v0x55cf0f8a8ad0_0 .net "instruc_mem_valid", 0 0, v0x55cf0f8a8270_0;  1 drivers
v0x55cf0f8a8b70_0 .net "instruction", 31 0, v0x55cf0f8a97d0_0;  1 drivers
v0x55cf0f8a8c10_0 .net "instruction_data", 31 0, v0x55cf0f8a7640_0;  1 drivers
v0x55cf0f8a8df0_0 .net "instruction_mem_request", 0 0, v0x55cf0f8a0560_0;  1 drivers
v0x55cf0f8a8f20_0 .net "instruction_mem_we_re", 0 0, v0x55cf0f8a0760_0;  1 drivers
v0x55cf0f8a9050_0 .net "load_data_out", 31 0, v0x55cf0f8a5dd0_0;  1 drivers
v0x55cf0f8a9110_0 .net "load_signal", 0 0, L_0x55cf0f8bb2e0;  1 drivers
v0x55cf0f8a91b0_0 .net "mask", 3 0, L_0x55cf0f8bb720;  1 drivers
v0x55cf0f8a9270_0 .net "pc_address", 31 0, v0x55cf0f89f0c0_0;  1 drivers
v0x55cf0f8a9330_0 .net "rst", 0 0, v0x55cf0f8a9890_0;  1 drivers
v0x55cf0f8a94e0_0 .net "store_data", 31 0, v0x55cf0f8a1320_0;  1 drivers
L_0x55cf0f8a9930 .part v0x55cf0f89f0c0_0, 2, 8;
L_0x55cf0f8bb790 .part L_0x55cf0f8bb6b0, 2, 8;
S_0x55cf0f7a72d0 .scope module, "u_core" "core" 3 39, 4 1 0, S_0x55cf0f870c70;
 .timescale -9 -12;
    .port_info 0 /INPUT 1 "clk";
    .port_info 1 /INPUT 1 "rst";
    .port_info 2 /INPUT 1 "data_mem_valid";
    .port_info 3 /INPUT 1 "instruc_mem_valid";
    .port_info 4 /INPUT 32 "instruction";
    .port_info 5 /INPUT 32 "load_data_in";
    .port_info 6 /OUTPUT 1 "load_signal";
    .port_info 7 /OUTPUT 1 "instruction_mem_we_re";
    .port_info 8 /OUTPUT 1 "instruction_mem_request";
    .port_info 9 /OUTPUT 1 "data_mem_we_re";
    .port_info 10 /OUTPUT 1 "data_mem_request";
    .port_info 11 /OUTPUT 4 "mask_singal";
    .port_info 12 /OUTPUT 4 "instruc_mask_singal";
    .port_info 13 /OUTPUT 32 "store_data_out";
    .port_info 14 /OUTPUT 32 "alu_out_address";
    .port_info 15 /OUTPUT 32 "pc_address";
L_0x55cf0f8bb2e0 .functor BUFZ 1, v0x55cf0f856760_0, C4<0>, C4<0>, C4<0>;
L_0x55cf0f8bb6b0 .functor BUFZ 32, v0x55cf0f89e250_0, C4<00000000000000000000000000000000>, C4<00000000000000000000000000000000>, C4<00000000000000000000000000000000>;
L_0x55cf0f8bb720 .functor BUFZ 4, v0x55cf0f8a1510_0, C4<0000>, C4<0000>, C4<0000>;
v0x55cf0f8a3710_0 .net "alu_control", 3 0, v0x55cf0f8949e0_0;  1 drivers
v0x55cf0f8a37f0_0 .net "alu_out_address", 31 0, L_0x55cf0f8bb6b0;  alias, 1 drivers
v0x55cf0f8a38d0_0 .net "alu_res_out", 31 0, v0x55cf0f89e250_0;  1 drivers
v0x55cf0f8a3970_0 .net "branch_result", 0 0, v0x55cf0f883fe0_0;  1 drivers
v0x55cf0f8a3aa0_0 .net "clk", 0 0, v0x55cf0f8a9730_0;  alias, 1 drivers
v0x55cf0f8a3bd0_0 .net "data_mem_request", 0 0, v0x55cf0f8a1e10_0;  alias, 1 drivers
v0x55cf0f8a3c70_0 .net "data_mem_valid", 0 0, v0x55cf0f8a68f0_0;  alias, 1 drivers
v0x55cf0f8a3d10_0 .net "data_mem_we_re", 0 0, v0x55cf0f8a2320_0;  alias, 1 drivers
v0x55cf0f8a3db0_0 .net "instruc_data_out", 31 0, v0x55cf0f89fe60_0;  1 drivers
v0x55cf0f8a3f70_0 .net "instruc_mask_singal", 3 0, v0x55cf0f8a0140_0;  alias, 1 drivers
v0x55cf0f8a4010_0 .net "instruc_mem_valid", 0 0, v0x55cf0f8a8270_0;  alias, 1 drivers
v0x55cf0f8a40b0_0 .net "instruction", 31 0, v0x55cf0f8a7640_0;  alias, 1 drivers
v0x55cf0f8a4150_0 .net "instruction_mem_request", 0 0, v0x55cf0f8a0560_0;  alias, 1 drivers
v0x55cf0f8a41f0_0 .net "instruction_mem_we_re", 0 0, v0x55cf0f8a0760_0;  alias, 1 drivers
v0x55cf0f8a4290_0 .net "load", 0 0, v0x55cf0f856760_0;  1 drivers
v0x55cf0f8a4330_0 .net "load_data_in", 31 0, v0x55cf0f8a5dd0_0;  alias, 1 drivers
v0x55cf0f8a43d0_0 .net "load_signal", 0 0, L_0x55cf0f8bb2e0;  alias, 1 drivers
v0x55cf0f8a4580_0 .net "mask", 3 0, v0x55cf0f8a1510_0;  1 drivers
v0x55cf0f8a4620_0 .net "mask_singal", 3 0, L_0x55cf0f8bb720;  alias, 1 drivers
v0x55cf0f8a46e0_0 .net "mem_to_reg", 1 0, v0x55cf0f895390_0;  1 drivers
v0x55cf0f8a47a0_0 .net "next_sel", 0 0, v0x55cf0f895470_0;  1 drivers
v0x55cf0f8a4840_0 .net "next_sel_address", 31 0, v0x55cf0f89dbf0_0;  1 drivers
v0x55cf0f8a4900_0 .net "op_b", 31 0, L_0x55cf0f8ba0a0;  1 drivers
v0x55cf0f8a49c0_0 .net "opa_mux_out", 31 0, L_0x55cf0f8baf60;  1 drivers
v0x55cf0f8a4b10_0 .net "opb_mux_out", 31 0, L_0x55cf0f8bb1a0;  1 drivers
v0x55cf0f8a4c60_0 .net "pc_address", 31 0, v0x55cf0f89f0c0_0;  alias, 1 drivers
v0x55cf0f8a4d20_0 .net "pre_address_pc", 31 0, v0x55cf0f89f6c0_0;  1 drivers
v0x55cf0f8a4de0_0 .net "rd_wb_data", 31 0, v0x55cf0f8a2f00_0;  1 drivers
v0x55cf0f8a4f30_0 .net "rst", 0 0, v0x55cf0f8a9890_0;  alias, 1 drivers
v0x55cf0f8a4fd0_0 .net "store", 0 0, v0x55cf0f894940_0;  1 drivers
v0x55cf0f8a5070_0 .net "store_data_out", 31 0, v0x55cf0f8a1320_0;  alias, 1 drivers
v0x55cf0f8a5130_0 .net "wrap_load_out", 31 0, v0x55cf0f8a1770_0;  1 drivers
S_0x55cf0f7a75f0 .scope module, "u_decodestage" "decode" 4 59, 5 1 0, S_0x55cf0f7a72d0;
 .timescale -9 -12;
    .port_info 0 /INPUT 1 "clk";
    .port_info 1 /INPUT 1 "rst";
    .port_info 2 /INPUT 32 "instruction";
    .port_info 3 /INPUT 32 "pc_address";
    .port_info 4 /INOUT 32 "rd_wb_data";
    .port_info 5 /OUTPUT 1 "load";
    .port_info 6 /OUTPUT 1 "store";
    .port_info 7 /OUTPUT 1 "next_sel";
    .port_info 8 /OUTPUT 1 "branch_result";
    .port_info 9 /OUTPUT 4 "alu_control";
    .port_info 10 /OUTPUT 2 "mem_to_reg";
    .port_info 11 /OUTPUT 32 "opa_mux_out";
    .port_info 12 /OUTPUT 32 "opb_mux_out";
    .port_info 13 /OUTPUT 32 "opb_data";
L_0x55cf0f8ba0a0 .functor BUFZ 32, L_0x55cf0f8ba9c0, C4<00000000000000000000000000000000>, C4<00000000000000000000000000000000>, C4<00000000000000000000000000000000>;
v0x55cf0f89bd10_0 .net "alu_control", 3 0, v0x55cf0f8949e0_0;  alias, 1 drivers
v0x55cf0f89bdf0_0 .net "branch", 0 0, v0x55cf0f856660_0;  1 drivers
v0x55cf0f89beb0_0 .net "branch_result", 0 0, v0x55cf0f883fe0_0;  alias, 1 drivers
v0x55cf0f89bf50_0 .net "clk", 0 0, v0x55cf0f8a9730_0;  alias, 1 drivers
v0x55cf0f89bff0_0 .net "i_immo", 31 0, v0x55cf0f897bd0_0;  1 drivers
v0x55cf0f89c130_0 .net "imm_mux_out", 31 0, v0x55cf0f898c70_0;  1 drivers
v0x55cf0f89c220_0 .net "imm_sel", 2 0, v0x55cf0f894ef0_0;  1 drivers
v0x55cf0f89c2c0_0 .net "instruction", 31 0, v0x55cf0f89fe60_0;  alias, 1 drivers
v0x55cf0f89c360_0 .net "load", 0 0, v0x55cf0f856760_0;  alias, 1 drivers
v0x55cf0f89c400_0 .net "mem_to_reg", 1 0, v0x55cf0f895390_0;  alias, 1 drivers
v0x55cf0f89c4f0_0 .net "next_sel", 0 0, v0x55cf0f895470_0;  alias, 1 drivers
v0x55cf0f89c5e0_0 .net "op_a", 31 0, L_0x55cf0f8ba200;  1 drivers
v0x55cf0f89c6a0_0 .net "op_b", 31 0, L_0x55cf0f8ba9c0;  1 drivers
v0x55cf0f89c760_0 .net "opa_mux_out", 31 0, L_0x55cf0f8baf60;  alias, 1 drivers
v0x55cf0f89c820_0 .net "opb_data", 31 0, L_0x55cf0f8ba0a0;  alias, 1 drivers
v0x55cf0f89c8e0_0 .net "opb_mux_out", 31 0, L_0x55cf0f8bb1a0;  alias, 1 drivers
v0x55cf0f89c9a0_0 .net "operand_a", 0 0, v0x55cf0f895530_0;  1 drivers
v0x55cf0f89cb50_0 .net "operand_b", 0 0, v0x55cf0f8955f0_0;  1 drivers
v0x55cf0f89cbf0_0 .net "pc_address", 31 0, v0x55cf0f89f6c0_0;  alias, 1 drivers
v0x55cf0f89cc90_0 .net "rd_wb_data", 31 0, v0x55cf0f8a2f00_0;  alias, 1 drivers
v0x55cf0f89cd30_0 .net "reg_write", 0 0, v0x55cf0f895770_0;  1 drivers
v0x55cf0f89cdd0_0 .net "rst", 0 0, v0x55cf0f8a9890_0;  alias, 1 drivers
v0x55cf0f89ce70_0 .net "s_immo", 31 0, v0x55cf0f897db0_0;  1 drivers
v0x55cf0f89cf60_0 .net "sb_immo", 31 0, v0x55cf0f897ea0_0;  1 drivers
v0x55cf0f89d050_0 .net "store", 0 0, v0x55cf0f894940_0;  alias, 1 drivers
v0x55cf0f89d140_0 .net "u_immo", 31 0, v0x55cf0f897f80_0;  1 drivers
v0x55cf0f89d250_0 .net "uj_immo", 31 0, v0x55cf0f8980b0_0;  1 drivers
L_0x55cf0f8b9a00 .part v0x55cf0f89fe60_0, 0, 7;
L_0x55cf0f8b9aa0 .part v0x55cf0f89fe60_0, 12, 3;
L_0x55cf0f8b9b40 .part v0x55cf0f89fe60_0, 30, 1;
L_0x55cf0f8bac00 .part v0x55cf0f89fe60_0, 15, 5;
L_0x55cf0f8bade0 .part v0x55cf0f89fe60_0, 20, 5;
L_0x55cf0f8bae80 .part v0x55cf0f89fe60_0, 7, 5;
L_0x55cf0f8bb240 .part v0x55cf0f89fe60_0, 12, 3;
S_0x55cf0f7ae9c0 .scope module, "u_branch0" "branch" 5 101, 6 1 0, S_0x55cf0f7a75f0;
 .timescale -9 -12;
    .port_info 0 /INPUT 32 "op_a";
    .port_info 1 /INPUT 32 "op_b";
    .port_info 2 /INPUT 3 "fun3";
    .port_info 3 /INPUT 1 "en";
    .port_info 4 /OUTPUT 1 "result";
v0x55cf0f854e90_0 .net "en", 0 0, v0x55cf0f856660_0;  alias, 1 drivers
v0x55cf0f854f60_0 .net "fun3", 2 0, L_0x55cf0f8bb240;  1 drivers
v0x55cf0f8547d0_0 .net "op_a", 31 0, L_0x55cf0f8ba200;  alias, 1 drivers
v0x55cf0f883f40_0 .net "op_b", 31 0, L_0x55cf0f8ba9c0;  alias, 1 drivers
v0x55cf0f883fe0_0 .var "result", 0 0;
E_0x55cf0f7a6750 .event edge, v0x55cf0f854e90_0, v0x55cf0f854f60_0, v0x55cf0f8547d0_0, v0x55cf0f883f40_0;
S_0x55cf0f8942a0 .scope module, "u_cu0" "controlunit" 5 29, 7 1 0, S_0x55cf0f7a75f0;
 .timescale -9 -12;
    .port_info 0 /INPUT 7 "opcode";
    .port_info 1 /INPUT 3 "fun3";
    .port_info 2 /INPUT 1 "fun7";
    .port_info 3 /OUTPUT 1 "reg_write";
    .port_info 4 /OUTPUT 3 "imm_sel";
    .port_info 5 /OUTPUT 1 "operand_b";
    .port_info 6 /OUTPUT 1 "operand_a";
    .port_info 7 /OUTPUT 2 "mem_to_reg";
    .port_info 8 /OUTPUT 1 "Load";
    .port_info 9 /OUTPUT 1 "Store";
    .port_info 10 /OUTPUT 1 "Branch";
    .port_info 11 /OUTPUT 1 "mem_en";
    .port_info 12 /OUTPUT 1 "next_sel";
    .port_info 13 /OUTPUT 4 "alu_control";
v0x55cf0f896600_0 .net "Branch", 0 0, v0x55cf0f856660_0;  alias, 1 drivers
v0x55cf0f8966c0_0 .net "Load", 0 0, v0x55cf0f856760_0;  alias, 1 drivers
v0x55cf0f896780_0 .net "Store", 0 0, v0x55cf0f894940_0;  alias, 1 drivers
v0x55cf0f896880_0 .net "alu_control", 3 0, v0x55cf0f8949e0_0;  alias, 1 drivers
v0x55cf0f896950_0 .net "auipc", 0 0, v0x55cf0f895e80_0;  1 drivers
v0x55cf0f896a90_0 .net "branch", 0 0, v0x55cf0f895f40_0;  1 drivers
v0x55cf0f896b80_0 .net "fun3", 2 0, L_0x55cf0f8b9aa0;  1 drivers
v0x55cf0f896c20_0 .net "fun7", 0 0, L_0x55cf0f8b9b40;  1 drivers
v0x55cf0f896cc0_0 .net "i_type", 0 0, v0x55cf0f895fe0_0;  1 drivers
v0x55cf0f896d60_0 .net "imm_sel", 2 0, v0x55cf0f894ef0_0;  alias, 1 drivers
v0x55cf0f896e00_0 .net "jal", 0 0, v0x55cf0f896080_0;  1 drivers
v0x55cf0f896ef0_0 .net "jalr", 0 0, v0x55cf0f896120_0;  1 drivers
v0x55cf0f896fe0_0 .net "load", 0 0, v0x55cf0f896210_0;  1 drivers
v0x55cf0f8970d0_0 .net "lui", 0 0, v0x55cf0f8962b0_0;  1 drivers
v0x55cf0f8971c0_0 .net "mem_en", 0 0, v0x55cf0f8952d0_0;  1 drivers
v0x55cf0f897260_0 .net "mem_to_reg", 1 0, v0x55cf0f895390_0;  alias, 1 drivers
v0x55cf0f897300_0 .net "next_sel", 0 0, v0x55cf0f895470_0;  alias, 1 drivers
v0x55cf0f8973a0_0 .net "opcode", 6 0, L_0x55cf0f8b9a00;  1 drivers
v0x55cf0f897440_0 .net "operand_a", 0 0, v0x55cf0f895530_0;  alias, 1 drivers
v0x55cf0f8974e0_0 .net "operand_b", 0 0, v0x55cf0f8955f0_0;  alias, 1 drivers
v0x55cf0f8975b0_0 .net "r_type", 0 0, v0x55cf0f896420_0;  1 drivers
v0x55cf0f8976a0_0 .net "reg_write", 0 0, v0x55cf0f895770_0;  alias, 1 drivers
v0x55cf0f897740_0 .net "store", 0 0, v0x55cf0f8964f0_0;  1 drivers
S_0x55cf0f8944a0 .scope module, "u_controldec0" "control_decoder" 7 42, 8 1 0, S_0x55cf0f8942a0;
 .timescale -9 -12;
    .port_info 0 /INPUT 3 "fun3";
    .port_info 1 /INPUT 1 "fun7";
    .port_info 2 /INPUT 1 "i_type";
    .port_info 3 /INPUT 1 "r_type";
    .port_info 4 /INPUT 1 "load";
    .port_info 5 /INPUT 1 "store";
    .port_info 6 /INPUT 1 "branch";
    .port_info 7 /INPUT 1 "jal";
    .port_info 8 /INPUT 1 "jalr";
    .port_info 9 /INPUT 1 "lui";
    .port_info 10 /INPUT 1 "auipc";
    .port_info 11 /OUTPUT 1 "Load";
    .port_info 12 /OUTPUT 1 "Store";
    .port_info 13 /OUTPUT 2 "mem_to_reg";
    .port_info 14 /OUTPUT 1 "reg_write";
    .port_info 15 /OUTPUT 1 "mem_en";
    .port_info 16 /OUTPUT 1 "operand_b";
    .port_info 17 /OUTPUT 1 "operand_a";
    .port_info 18 /OUTPUT 3 "imm_sel";
    .port_info 19 /OUTPUT 1 "Branch";
    .port_info 20 /OUTPUT 1 "next_sel";
    .port_info 21 /OUTPUT 4 "alu_control";
v0x55cf0f856660_0 .var "Branch", 0 0;
v0x55cf0f856760_0 .var "Load", 0 0;
v0x55cf0f894940_0 .var "Store", 0 0;
v0x55cf0f8949e0_0 .var "alu_control", 3 0;
v0x55cf0f894ac0_0 .net "auipc", 0 0, v0x55cf0f895e80_0;  alias, 1 drivers
v0x55cf0f894bd0_0 .net "branch", 0 0, v0x55cf0f895f40_0;  alias, 1 drivers
v0x55cf0f894c90_0 .net "fun3", 2 0, L_0x55cf0f8b9aa0;  alias, 1 drivers
v0x55cf0f894d70_0 .net "fun7", 0 0, L_0x55cf0f8b9b40;  alias, 1 drivers
v0x55cf0f894e30_0 .net "i_type", 0 0, v0x55cf0f895fe0_0;  alias, 1 drivers
v0x55cf0f894ef0_0 .var "imm_sel", 2 0;
v0x55cf0f894fd0_0 .net "jal", 0 0, v0x55cf0f896080_0;  alias, 1 drivers
v0x55cf0f895090_0 .net "jalr", 0 0, v0x55cf0f896120_0;  alias, 1 drivers
v0x55cf0f895150_0 .net "load", 0 0, v0x55cf0f896210_0;  alias, 1 drivers
v0x55cf0f895210_0 .net "lui", 0 0, v0x55cf0f8962b0_0;  alias, 1 drivers
v0x55cf0f8952d0_0 .var "mem_en", 0 0;
v0x55cf0f895390_0 .var "mem_to_reg", 1 0;
v0x55cf0f895470_0 .var "next_sel", 0 0;
v0x55cf0f895530_0 .var "operand_a", 0 0;
v0x55cf0f8955f0_0 .var "operand_b", 0 0;
v0x55cf0f8956b0_0 .net "r_type", 0 0, v0x55cf0f896420_0;  alias, 1 drivers
v0x55cf0f895770_0 .var "reg_write", 0 0;
v0x55cf0f895830_0 .net "store", 0 0, v0x55cf0f8964f0_0;  alias, 1 drivers
E_0x55cf0f7a6ad0/0 .event edge, v0x55cf0f8956b0_0, v0x55cf0f894e30_0, v0x55cf0f895150_0, v0x55cf0f894fd0_0;
E_0x55cf0f7a6ad0/1 .event edge, v0x55cf0f894bd0_0, v0x55cf0f894ac0_0, v0x55cf0f895830_0, v0x55cf0f895090_0;
E_0x55cf0f7a6ad0/2 .event edge, v0x55cf0f895210_0, v0x55cf0f894c90_0, v0x55cf0f894d70_0;
E_0x55cf0f7a6ad0 .event/or E_0x55cf0f7a6ad0/0, E_0x55cf0f7a6ad0/1, E_0x55cf0f7a6ad0/2;
S_0x55cf0f895bb0 .scope module, "u_typedec0" "type_decoder" 7 29, 9 1 0, S_0x55cf0f8942a0;
 .timescale -9 -12;
    .port_info 0 /INPUT 7 "opcode";
    .port_info 1 /OUTPUT 1 "r_type";
    .port_info 2 /OUTPUT 1 "i_type";
    .port_info 3 /OUTPUT 1 "load";
    .port_info 4 /OUTPUT 1 "store";
    .port_info 5 /OUTPUT 1 "branch";
    .port_info 6 /OUTPUT 1 "jal";
    .port_info 7 /OUTPUT 1 "jalr";
    .port_info 8 /OUTPUT 1 "lui";
    .port_info 9 /OUTPUT 1 "auipc";
v0x55cf0f895e80_0 .var "auipc", 0 0;
v0x55cf0f895f40_0 .var "branch", 0 0;
v0x55cf0f895fe0_0 .var "i_type", 0 0;
v0x55cf0f896080_0 .var "jal", 0 0;
v0x55cf0f896120_0 .var "jalr", 0 0;
v0x55cf0f896210_0 .var "load", 0 0;
v0x55cf0f8962b0_0 .var "lui", 0 0;
v0x55cf0f896380_0 .net "opcode", 6 0, L_0x55cf0f8b9a00;  alias, 1 drivers
v0x55cf0f896420_0 .var "r_type", 0 0;
v0x55cf0f8964f0_0 .var "store", 0 0;
E_0x55cf0f78ef50 .event edge, v0x55cf0f896380_0;
S_0x55cf0f897930 .scope module, "u_imm_gen0" "immediategen" 5 47, 10 1 0, S_0x55cf0f7a75f0;
 .timescale -9 -12;
    .port_info 0 /INPUT 32 "instr";
    .port_info 1 /OUTPUT 32 "i_imme";
    .port_info 2 /OUTPUT 32 "s_imme";
    .port_info 3 /OUTPUT 32 "sb_imme";
    .port_info 4 /OUTPUT 32 "uj_imme";
    .port_info 5 /OUTPUT 32 "u_imme";
v0x55cf0f897bd0_0 .var "i_imme", 31 0;
v0x55cf0f897cd0_0 .net "instr", 31 0, v0x55cf0f89fe60_0;  alias, 1 drivers
v0x55cf0f897db0_0 .var "s_imme", 31 0;
v0x55cf0f897ea0_0 .var "sb_imme", 31 0;
v0x55cf0f897f80_0 .var "u_imme", 31 0;
v0x55cf0f8980b0_0 .var "uj_imme", 31 0;
E_0x55cf0f8854f0 .event edge, v0x55cf0f897cd0_0;
S_0x55cf0f898250 .scope module, "u_mux0" "mux3_8" 5 57, 11 1 0, S_0x55cf0f7a75f0;
 .timescale -9 -12;
    .port_info 0 /INPUT 32 "a";
    .port_info 1 /INPUT 32 "b";
    .port_info 2 /INPUT 32 "c";
    .port_info 3 /INPUT 32 "d";
    .port_info 4 /INPUT 32 "e";
    .port_info 5 /INPUT 32 "f";
    .port_info 6 /INPUT 32 "g";
    .port_info 7 /INPUT 32 "h";
    .port_info 8 /INPUT 3 "sel";
    .port_info 9 /OUTPUT 32 "out";
v0x55cf0f8985a0_0 .net "a", 31 0, v0x55cf0f897bd0_0;  alias, 1 drivers
v0x55cf0f898680_0 .net "b", 31 0, v0x55cf0f897db0_0;  alias, 1 drivers
v0x55cf0f898750_0 .net "c", 31 0, v0x55cf0f897ea0_0;  alias, 1 drivers
v0x55cf0f898850_0 .net "d", 31 0, v0x55cf0f8980b0_0;  alias, 1 drivers
v0x55cf0f898920_0 .net "e", 31 0, v0x55cf0f897f80_0;  alias, 1 drivers
o0x7fcb29ba00f8 .functor BUFZ 32, C4<zzzzzzzzzzzzzzzzzzzzzzzzzzzzzzzz>; HiZ drive
v0x55cf0f898a10_0 .net "f", 31 0, o0x7fcb29ba00f8;  0 drivers
o0x7fcb29ba0128 .functor BUFZ 32, C4<zzzzzzzzzzzzzzzzzzzzzzzzzzzzzzzz>; HiZ drive
v0x55cf0f898ab0_0 .net "g", 31 0, o0x7fcb29ba0128;  0 drivers
o0x7fcb29ba0158 .functor BUFZ 32, C4<zzzzzzzzzzzzzzzzzzzzzzzzzzzzzzzz>; HiZ drive
v0x55cf0f898b90_0 .net "h", 31 0, o0x7fcb29ba0158;  0 drivers
v0x55cf0f898c70_0 .var "out", 31 0;
v0x55cf0f898d50_0 .net "sel", 2 0, v0x55cf0f894ef0_0;  alias, 1 drivers
E_0x55cf0f8852d0/0 .event edge, v0x55cf0f894ef0_0, v0x55cf0f897bd0_0, v0x55cf0f897db0_0, v0x55cf0f897ea0_0;
E_0x55cf0f8852d0/1 .event edge, v0x55cf0f8980b0_0, v0x55cf0f897f80_0, v0x55cf0f898a10_0, v0x55cf0f898ab0_0;
E_0x55cf0f8852d0/2 .event edge, v0x55cf0f898b90_0;
E_0x55cf0f8852d0 .event/or E_0x55cf0f8852d0/0, E_0x55cf0f8852d0/1, E_0x55cf0f8852d0/2;
S_0x55cf0f898f50 .scope module, "u_mux1" "mux" 5 84, 12 1 0, S_0x55cf0f7a75f0;
 .timescale -9 -12;
    .port_info 0 /INPUT 32 "a";
    .port_info 1 /INPUT 32 "b";
    .port_info 2 /INPUT 1 "sel";
    .port_info 3 /OUTPUT 32 "out";
v0x55cf0f899180_0 .net "a", 31 0, L_0x55cf0f8ba200;  alias, 1 drivers
v0x55cf0f899260_0 .net "b", 31 0, v0x55cf0f89f6c0_0;  alias, 1 drivers
v0x55cf0f899320_0 .net "out", 31 0, L_0x55cf0f8baf60;  alias, 1 drivers
v0x55cf0f899410_0 .net "sel", 0 0, v0x55cf0f895530_0;  alias, 1 drivers
L_0x55cf0f8baf60 .functor MUXZ 32, L_0x55cf0f8ba200, v0x55cf0f89f6c0_0, v0x55cf0f895530_0, C4<>;
S_0x55cf0f899580 .scope module, "u_mux2" "mux" 5 93, 12 1 0, S_0x55cf0f7a75f0;
 .timescale -9 -12;
    .port_info 0 /INPUT 32 "a";
    .port_info 1 /INPUT 32 "b";
    .port_info 2 /INPUT 1 "sel";
    .port_info 3 /OUTPUT 32 "out";
v0x55cf0f899760_0 .net "a", 31 0, L_0x55cf0f8ba9c0;  alias, 1 drivers
v0x55cf0f899870_0 .net "b", 31 0, v0x55cf0f898c70_0;  alias, 1 drivers
v0x55cf0f899940_0 .net "out", 31 0, L_0x55cf0f8bb1a0;  alias, 1 drivers
v0x55cf0f899a10_0 .net "sel", 0 0, v0x55cf0f8955f0_0;  alias, 1 drivers
L_0x55cf0f8bb1a0 .functor MUXZ 32, L_0x55cf0f8ba9c0, v0x55cf0f898c70_0, v0x55cf0f8955f0_0, C4<>;
S_0x55cf0f899b80 .scope module, "u_regfile0" "registerfile" 5 68, 13 1 0, S_0x55cf0f7a75f0;
 .timescale -9 -12;
    .port_info 0 /INPUT 1 "clk";
    .port_info 1 /INPUT 1 "rst";
    .port_info 2 /INPUT 1 "en";
    .port_info 3 /INPUT 5 "rs1";
    .port_info 4 /INPUT 5 "rs2";
    .port_info 5 /INPUT 5 "rd";
    .port_info 6 /INPUT 32 "data";
    .port_info 7 /OUTPUT 32 "op_a";
    .port_info 8 /OUTPUT 32 "op_b";
v0x55cf0f899f10_0 .net *"_ivl_0", 31 0, L_0x55cf0f8b9be0;  1 drivers
v0x55cf0f89a010_0 .net *"_ivl_10", 6 0, L_0x55cf0f8b9e10;  1 drivers
L_0x7fcb29b56138 .functor BUFT 1, C4<00>, C4<0>, C4<0>, C4<0>;
v0x55cf0f89a0f0_0 .net *"_ivl_13", 1 0, L_0x7fcb29b56138;  1 drivers
L_0x7fcb29b56180 .functor BUFT 1, C4<0000001>, C4<0>, C4<0>, C4<0>;
v0x55cf0f89a1b0_0 .net/2u *"_ivl_14", 6 0, L_0x7fcb29b56180;  1 drivers
v0x55cf0f89a290_0 .net *"_ivl_16", 6 0, L_0x55cf0f8ba000;  1 drivers
L_0x7fcb29b561c8 .functor BUFT 1, C4<00000000000000000000000000000000>, C4<0>, C4<0>, C4<0>;
v0x55cf0f89a3c0_0 .net/2u *"_ivl_18", 31 0, L_0x7fcb29b561c8;  1 drivers
v0x55cf0f89a4a0_0 .net *"_ivl_22", 31 0, L_0x55cf0f8ba380;  1 drivers
L_0x7fcb29b56210 .functor BUFT 1, C4<000000000000000000000000000>, C4<0>, C4<0>, C4<0>;
v0x55cf0f89a580_0 .net *"_ivl_25", 26 0, L_0x7fcb29b56210;  1 drivers
L_0x7fcb29b56258 .functor BUFT 1, C4<00000000000000000000000000000000>, C4<0>, C4<0>, C4<0>;
v0x55cf0f89a660_0 .net/2u *"_ivl_26", 31 0, L_0x7fcb29b56258;  1 drivers
v0x55cf0f89a7d0_0 .net *"_ivl_28", 0 0, L_0x55cf0f8ba500;  1 drivers
L_0x7fcb29b560a8 .functor BUFT 1, C4<000000000000000000000000000>, C4<0>, C4<0>, C4<0>;
v0x55cf0f89a890_0 .net *"_ivl_3", 26 0, L_0x7fcb29b560a8;  1 drivers
v0x55cf0f89a970_0 .net *"_ivl_30", 31 0, L_0x55cf0f8ba640;  1 drivers
v0x55cf0f89aa50_0 .net *"_ivl_32", 6 0, L_0x55cf0f8ba6e0;  1 drivers
L_0x7fcb29b562a0 .functor BUFT 1, C4<00>, C4<0>, C4<0>, C4<0>;
v0x55cf0f89ab30_0 .net *"_ivl_35", 1 0, L_0x7fcb29b562a0;  1 drivers
L_0x7fcb29b562e8 .functor BUFT 1, C4<0000001>, C4<0>, C4<0>, C4<0>;
v0x55cf0f89ac10_0 .net/2u *"_ivl_36", 6 0, L_0x7fcb29b562e8;  1 drivers
v0x55cf0f89acf0_0 .net *"_ivl_38", 6 0, L_0x55cf0f8ba830;  1 drivers
L_0x7fcb29b560f0 .functor BUFT 1, C4<00000000000000000000000000000000>, C4<0>, C4<0>, C4<0>;
v0x55cf0f89add0_0 .net/2u *"_ivl_4", 31 0, L_0x7fcb29b560f0;  1 drivers
L_0x7fcb29b56330 .functor BUFT 1, C4<00000000000000000000000000000000>, C4<0>, C4<0>, C4<0>;
v0x55cf0f89afc0_0 .net/2u *"_ivl_40", 31 0, L_0x7fcb29b56330;  1 drivers
v0x55cf0f89b0a0_0 .net *"_ivl_6", 0 0, L_0x55cf0f8b9ca0;  1 drivers
v0x55cf0f89b160_0 .net *"_ivl_8", 31 0, L_0x55cf0f8b9d70;  1 drivers
v0x55cf0f89b240_0 .net "clk", 0 0, v0x55cf0f8a9730_0;  alias, 1 drivers
v0x55cf0f89b300_0 .net "data", 31 0, v0x55cf0f8a2f00_0;  alias, 1 drivers
v0x55cf0f89b3e0_0 .net "en", 0 0, v0x55cf0f895770_0;  alias, 1 drivers
v0x55cf0f89b480_0 .var/i "i", 31 0;
v0x55cf0f89b560_0 .net "op_a", 31 0, L_0x55cf0f8ba200;  alias, 1 drivers
v0x55cf0f89b670_0 .net "op_b", 31 0, L_0x55cf0f8ba9c0;  alias, 1 drivers
v0x55cf0f89b780_0 .net "rd", 4 0, L_0x55cf0f8bae80;  1 drivers
v0x55cf0f89b860 .array "register", 1 31, 31 0;
v0x55cf0f89b920_0 .net "rs1", 4 0, L_0x55cf0f8bac00;  1 drivers
v0x55cf0f89ba00_0 .net "rs2", 4 0, L_0x55cf0f8bade0;  1 drivers
v0x55cf0f89bae0_0 .net "rst", 0 0, v0x55cf0f8a9890_0;  alias, 1 drivers
E_0x55cf0f899e90/0 .event negedge, v0x55cf0f89bae0_0;
E_0x55cf0f899e90/1 .event posedge, v0x55cf0f89b240_0;
E_0x55cf0f899e90 .event/or E_0x55cf0f899e90/0, E_0x55cf0f899e90/1;
L_0x55cf0f8b9be0 .concat [ 5 27 0 0], L_0x55cf0f8bac00, L_0x7fcb29b560a8;
L_0x55cf0f8b9ca0 .cmp/ne 32, L_0x55cf0f8b9be0, L_0x7fcb29b560f0;
L_0x55cf0f8b9d70 .array/port v0x55cf0f89b860, L_0x55cf0f8ba000;
L_0x55cf0f8b9e10 .concat [ 5 2 0 0], L_0x55cf0f8bac00, L_0x7fcb29b56138;
L_0x55cf0f8ba000 .arith/sub 7, L_0x55cf0f8b9e10, L_0x7fcb29b56180;
L_0x55cf0f8ba200 .functor MUXZ 32, L_0x7fcb29b561c8, L_0x55cf0f8b9d70, L_0x55cf0f8b9ca0, C4<>;
L_0x55cf0f8ba380 .concat [ 5 27 0 0], L_0x55cf0f8bade0, L_0x7fcb29b56210;
L_0x55cf0f8ba500 .cmp/ne 32, L_0x55cf0f8ba380, L_0x7fcb29b56258;
L_0x55cf0f8ba640 .array/port v0x55cf0f89b860, L_0x55cf0f8ba830;
L_0x55cf0f8ba6e0 .concat [ 5 2 0 0], L_0x55cf0f8bade0, L_0x7fcb29b562a0;
L_0x55cf0f8ba830 .arith/sub 7, L_0x55cf0f8ba6e0, L_0x7fcb29b562e8;
L_0x55cf0f8ba9c0 .functor MUXZ 32, L_0x7fcb29b56330, L_0x55cf0f8ba640, L_0x55cf0f8ba500, C4<>;
S_0x55cf0f89d520 .scope module, "u_executestage" "execute" 4 79, 14 1 0, S_0x55cf0f7a72d0;
 .timescale -9 -12;
    .port_info 0 /INPUT 32 "a_i";
    .port_info 1 /INPUT 32 "b_i";
    .port_info 2 /INPUT 4 "alu_control";
    .port_info 3 /INPUT 32 "pc_address";
    .port_info 4 /OUTPUT 32 "alu_res_out";
    .port_info 5 /OUTPUT 32 "next_sel_address";
v0x55cf0f89e3b0_0 .net "a_i", 31 0, L_0x55cf0f8baf60;  alias, 1 drivers
v0x55cf0f89e490_0 .net "alu_control", 3 0, v0x55cf0f8949e0_0;  alias, 1 drivers
v0x55cf0f89e550_0 .net "alu_res_out", 31 0, v0x55cf0f89e250_0;  alias, 1 drivers
v0x55cf0f89e5f0_0 .net "b_i", 31 0, L_0x55cf0f8bb1a0;  alias, 1 drivers
v0x55cf0f89e690_0 .net "next_sel_address", 31 0, v0x55cf0f89dbf0_0;  alias, 1 drivers
v0x55cf0f89e750_0 .net "pc_address", 31 0, v0x55cf0f89f6c0_0;  alias, 1 drivers
S_0x55cf0f89d800 .scope module, "u_adder0" "adder" 14 20, 15 1 0, S_0x55cf0f89d520;
 .timescale -9 -12;
    .port_info 0 /INPUT 32 "a";
    .port_info 1 /OUTPUT 32 "adder_out";
v0x55cf0f89dac0_0 .net "a", 31 0, v0x55cf0f89f6c0_0;  alias, 1 drivers
v0x55cf0f89dbf0_0 .var "adder_out", 31 0;
E_0x55cf0f89da40 .event edge, v0x55cf0f899260_0;
S_0x55cf0f89dd30 .scope module, "u_alu0" "alu" 14 12, 16 1 0, S_0x55cf0f89d520;
 .timescale -9 -12;
    .port_info 0 /INPUT 32 "a_i";
    .port_info 1 /INPUT 32 "b_i";
    .port_info 2 /INPUT 4 "op_i";
    .port_info 3 /OUTPUT 32 "res_o";
v0x55cf0f89df70_0 .net "a_i", 31 0, L_0x55cf0f8baf60;  alias, 1 drivers
v0x55cf0f89e0a0_0 .net "b_i", 31 0, L_0x55cf0f8bb1a0;  alias, 1 drivers
v0x55cf0f89e1b0_0 .net "op_i", 3 0, v0x55cf0f8949e0_0;  alias, 1 drivers
v0x55cf0f89e250_0 .var "res_o", 31 0;
E_0x55cf0f89df10 .event edge, v0x55cf0f8949e0_0, v0x55cf0f899320_0, v0x55cf0f899940_0;
S_0x55cf0f89e8f0 .scope module, "u_fetchstage" "fetch" 4 39, 17 1 0, S_0x55cf0f7a72d0;
 .timescale -9 -12;
    .port_info 0 /INPUT 1 "clk";
    .port_info 1 /INPUT 1 "rst";
    .port_info 2 /INPUT 1 "next_sel";
    .port_info 3 /INPUT 1 "valid";
    .port_info 4 /INPUT 1 "load";
    .port_info 5 /INPUT 1 "branch_reselt";
    .port_info 6 /INPUT 32 "next_address";
    .port_info 7 /INPUT 32 "address_in";
    .port_info 8 /INPUT 32 "instruction_fetch";
    .port_info 9 /OUTPUT 1 "we_re";
    .port_info 10 /OUTPUT 1 "request";
    .port_info 11 /OUTPUT 4 "mask";
    .port_info 12 /OUTPUT 32 "address_out";
    .port_info 13 /OUTPUT 32 "instruction";
    .port_info 14 /OUTPUT 32 "pre_address_pc";
L_0x7fcb29b56060 .functor BUFT 1, C4<00000000000000000000000000000000>, C4<0>, C4<0>, C4<0>;
v0x55cf0f89fb60_0 .net "address_in", 31 0, L_0x7fcb29b56060;  1 drivers
v0x55cf0f89fc60_0 .net "address_out", 31 0, v0x55cf0f89f0c0_0;  alias, 1 drivers
v0x55cf0f89fd20_0 .net "branch_reselt", 0 0, v0x55cf0f883fe0_0;  alias, 1 drivers
v0x55cf0f89fdc0_0 .net "clk", 0 0, v0x55cf0f8a9730_0;  alias, 1 drivers
v0x55cf0f89fe60_0 .var "instruction", 31 0;
v0x55cf0f89ff50_0 .net "instruction_fetch", 31 0, v0x55cf0f8a7640_0;  alias, 1 drivers
v0x55cf0f8a0010_0 .net "load", 0 0, v0x55cf0f856760_0;  alias, 1 drivers
v0x55cf0f8a0140_0 .var "mask", 3 0;
v0x55cf0f8a0220_0 .net "next_address", 31 0, v0x55cf0f89e250_0;  alias, 1 drivers
v0x55cf0f8a0370_0 .net "next_sel", 0 0, v0x55cf0f895470_0;  alias, 1 drivers
v0x55cf0f8a04a0_0 .net "pre_address_pc", 31 0, v0x55cf0f89f6c0_0;  alias, 1 drivers
v0x55cf0f8a0560_0 .var "request", 0 0;
v0x55cf0f8a0620_0 .net "rst", 0 0, v0x55cf0f8a9890_0;  alias, 1 drivers
v0x55cf0f8a06c0_0 .net "valid", 0 0, v0x55cf0f8a68f0_0;  alias, 1 drivers
v0x55cf0f8a0760_0 .var "we_re", 0 0;
E_0x55cf0f89d720 .event edge, v0x55cf0f89ff50_0;
E_0x55cf0f89ec60 .event edge, v0x55cf0f856760_0, v0x55cf0f89f380_0;
S_0x55cf0f89ecc0 .scope module, "u_pc0" "pc" 17 21, 18 1 0, S_0x55cf0f89e8f0;
 .timescale -9 -12;
    .port_info 0 /INPUT 1 "clk";
    .port_info 1 /INPUT 1 "rst";
    .port_info 2 /INPUT 1 "load";
    .port_info 3 /INPUT 1 "next_sel";
    .port_info 4 /INPUT 1 "dmem_valid";
    .port_info 5 /INPUT 1 "branch_reselt";
    .port_info 6 /INPUT 32 "next_address";
    .port_info 7 /INPUT 32 "address_in";
    .port_info 8 /OUTPUT 32 "address_out";
    .port_info 9 /OUTPUT 32 "pre_address_pc";
L_0x7fcb29b56018 .functor BUFT 1, C4<00000000000000000000000000000000>, C4<0>, C4<0>, C4<0>;
v0x55cf0f89efc0_0 .net "address_in", 31 0, L_0x7fcb29b56018;  1 drivers
v0x55cf0f89f0c0_0 .var "address_out", 31 0;
v0x55cf0f89f1a0_0 .net "branch_reselt", 0 0, v0x55cf0f883fe0_0;  alias, 1 drivers
v0x55cf0f89f290_0 .net "clk", 0 0, v0x55cf0f8a9730_0;  alias, 1 drivers
v0x55cf0f89f380_0 .net "dmem_valid", 0 0, v0x55cf0f8a68f0_0;  alias, 1 drivers
v0x55cf0f89f470_0 .net "load", 0 0, v0x55cf0f856760_0;  alias, 1 drivers
v0x55cf0f89f510_0 .net "next_address", 31 0, v0x55cf0f89e250_0;  alias, 1 drivers
v0x55cf0f89f620_0 .net "next_sel", 0 0, v0x55cf0f895470_0;  alias, 1 drivers
v0x55cf0f89f6c0_0 .var "pre_address", 31 0;
v0x55cf0f89f830_0 .net "pre_address_pc", 31 0, v0x55cf0f89f6c0_0;  alias, 1 drivers
v0x55cf0f89f980_0 .net "rst", 0 0, v0x55cf0f8a9890_0;  alias, 1 drivers
S_0x55cf0f8a0a60 .scope module, "u_memorystage" "memory_stage" 4 89, 19 1 0, S_0x55cf0f7a72d0;
 .timescale -9 -12;
    .port_info 0 /INPUT 1 "rst";
    .port_info 1 /INPUT 1 "load";
    .port_info 2 /INPUT 1 "store";
    .port_info 3 /INPUT 1 "valid";
    .port_info 4 /INPUT 32 "op_b";
    .port_info 5 /INPUT 32 "alu_out_address";
    .port_info 6 /INPUT 32 "instruction";
    .port_info 7 /INPUT 32 "wrap_load_in";
    .port_info 8 /OUTPUT 1 "we_re";
    .port_info 9 /OUTPUT 1 "request";
    .port_info 10 /OUTPUT 4 "mask";
    .port_info 11 /OUTPUT 32 "store_data_out";
    .port_info 12 /OUTPUT 32 "wrap_load_out";
v0x55cf0f8a1a00_0 .net "alu_out_address", 31 0, v0x55cf0f89e250_0;  alias, 1 drivers
v0x55cf0f8a1b70_0 .net "instruction", 31 0, v0x55cf0f89fe60_0;  alias, 1 drivers
v0x55cf0f8a1c30_0 .net "load", 0 0, v0x55cf0f856760_0;  alias, 1 drivers
v0x55cf0f8a1cd0_0 .net "mask", 3 0, v0x55cf0f8a1510_0;  alias, 1 drivers
v0x55cf0f8a1d70_0 .net "op_b", 31 0, L_0x55cf0f8ba0a0;  alias, 1 drivers
v0x55cf0f8a1e10_0 .var "request", 0 0;
v0x55cf0f8a1ed0_0 .net "rst", 0 0, v0x55cf0f8a9890_0;  alias, 1 drivers
v0x55cf0f8a2000_0 .net "store", 0 0, v0x55cf0f894940_0;  alias, 1 drivers
v0x55cf0f8a2130_0 .net "store_data_out", 31 0, v0x55cf0f8a1320_0;  alias, 1 drivers
v0x55cf0f8a2280_0 .net "valid", 0 0, v0x55cf0f8a8270_0;  alias, 1 drivers
v0x55cf0f8a2320_0 .var "we_re", 0 0;
v0x55cf0f8a23e0_0 .net "wrap_load_in", 31 0, v0x55cf0f8a5dd0_0;  alias, 1 drivers
v0x55cf0f8a24a0_0 .net "wrap_load_out", 31 0, v0x55cf0f8a1770_0;  alias, 1 drivers
E_0x55cf0f8a0d30 .event edge, v0x55cf0f8a2280_0, v0x55cf0f856760_0, v0x55cf0f894940_0;
L_0x55cf0f8bb460 .part v0x55cf0f89e250_0, 0, 2;
L_0x55cf0f8bb610 .part v0x55cf0f89fe60_0, 12, 3;
S_0x55cf0f8a0db0 .scope module, "u_wrap_mem0" "wrappermem" 19 19, 20 1 0, S_0x55cf0f8a0a60;
 .timescale -9 -12;
    .port_info 0 /INPUT 32 "data_i";
    .port_info 1 /INPUT 2 "byteadd";
    .port_info 2 /INPUT 3 "fun3";
    .port_info 3 /INPUT 1 "mem_en";
    .port_info 4 /INPUT 1 "Load";
    .port_info 5 /INPUT 32 "wrap_load_in";
    .port_info 6 /OUTPUT 4 "masking";
    .port_info 7 /OUTPUT 32 "data_o";
    .port_info 8 /OUTPUT 32 "wrap_load_out";
v0x55cf0f8a10e0_0 .net "Load", 0 0, v0x55cf0f856760_0;  alias, 1 drivers
v0x55cf0f8a11a0_0 .net "byteadd", 1 0, L_0x55cf0f8bb460;  1 drivers
v0x55cf0f8a1280_0 .net "data_i", 31 0, L_0x55cf0f8ba0a0;  alias, 1 drivers
v0x55cf0f8a1320_0 .var "data_o", 31 0;
v0x55cf0f8a13e0_0 .net "fun3", 2 0, L_0x55cf0f8bb610;  1 drivers
v0x55cf0f8a1510_0 .var "masking", 3 0;
v0x55cf0f8a15f0_0 .net "mem_en", 0 0, v0x55cf0f894940_0;  alias, 1 drivers
v0x55cf0f8a1690_0 .net "wrap_load_in", 31 0, v0x55cf0f8a5dd0_0;  alias, 1 drivers
v0x55cf0f8a1770_0 .var "wrap_load_out", 31 0;
E_0x55cf0f8a1040/0 .event edge, v0x55cf0f894940_0, v0x55cf0f8a13e0_0, v0x55cf0f8a11a0_0, v0x55cf0f89c820_0;
E_0x55cf0f8a1040/1 .event edge, v0x55cf0f856760_0, v0x55cf0f8a1690_0;
E_0x55cf0f8a1040 .event/or E_0x55cf0f8a1040/0, E_0x55cf0f8a1040/1;
S_0x55cf0f8a26c0 .scope module, "u_wbstage" "write_back" 4 109, 21 1 0, S_0x55cf0f7a72d0;
 .timescale -9 -12;
    .port_info 0 /INPUT 2 "mem_to_reg";
    .port_info 1 /INPUT 32 "alu_out";
    .port_info 2 /INPUT 32 "data_mem_out";
    .port_info 3 /INPUT 32 "next_sel_address";
    .port_info 4 /OUTPUT 32 "rd_sel_mux_out";
v0x55cf0f8a3220_0 .net "alu_out", 31 0, v0x55cf0f89e250_0;  alias, 1 drivers
v0x55cf0f8a3300_0 .net "data_mem_out", 31 0, v0x55cf0f8a1770_0;  alias, 1 drivers
v0x55cf0f8a33c0_0 .net "mem_to_reg", 1 0, v0x55cf0f895390_0;  alias, 1 drivers
v0x55cf0f8a34f0_0 .net "next_sel_address", 31 0, v0x55cf0f89dbf0_0;  alias, 1 drivers
v0x55cf0f8a35b0_0 .net "rd_sel_mux_out", 31 0, v0x55cf0f8a2f00_0;  alias, 1 drivers
S_0x55cf0f8a2850 .scope module, "u_mux2" "mux2_4" 21 11, 22 1 0, S_0x55cf0f8a26c0;
 .timescale -9 -12;
    .port_info 0 /INPUT 32 "a";
    .port_info 1 /INPUT 32 "b";
    .port_info 2 /INPUT 32 "c";
    .port_info 3 /INPUT 32 "d";
    .port_info 4 /INPUT 2 "sel";
    .port_info 5 /OUTPUT 32 "out";
v0x55cf0f8a2b40_0 .net "a", 31 0, v0x55cf0f89e250_0;  alias, 1 drivers
v0x55cf0f8a2c20_0 .net "b", 31 0, v0x55cf0f8a1770_0;  alias, 1 drivers
v0x55cf0f8a2d30_0 .net "c", 31 0, v0x55cf0f89dbf0_0;  alias, 1 drivers
o0x7fcb29ba1e08 .functor BUFZ 32, C4<zzzzzzzzzzzzzzzzzzzzzzzzzzzzzzzz>; HiZ drive
v0x55cf0f8a2e20_0 .net "d", 31 0, o0x7fcb29ba1e08;  0 drivers
v0x55cf0f8a2f00_0 .var "out", 31 0;
v0x55cf0f8a3060_0 .net "sel", 1 0, v0x55cf0f895390_0;  alias, 1 drivers
E_0x55cf0f8a2ae0/0 .event edge, v0x55cf0f895390_0, v0x55cf0f89e250_0, v0x55cf0f8a1770_0, v0x55cf0f89dbf0_0;
E_0x55cf0f8a2ae0/1 .event edge, v0x55cf0f8a2e20_0;
E_0x55cf0f8a2ae0 .event/or E_0x55cf0f8a2ae0/0, E_0x55cf0f8a2ae0/1;
S_0x55cf0f8a5510 .scope module, "u_data_memory" "data_mem_top" 3 60, 23 1 0, S_0x55cf0f870c70;
 .timescale -9 -12;
    .port_info 0 /INPUT 1 "clk";
    .port_info 1 /INPUT 1 "rst";
    .port_info 2 /INPUT 1 "we_re";
    .port_info 3 /INPUT 1 "request";
    .port_info 4 /INPUT 1 "load";
    .port_info 5 /INPUT 4 "mask";
    .port_info 6 /INPUT 8 "address";
    .port_info 7 /INPUT 32 "data_in";
    .port_info 8 /OUTPUT 1 "valid";
    .port_info 9 /OUTPUT 32 "data_out";
P_0x55cf0f89e050 .param/l "INIT_MEM" 0 23 2, +C4<00000000000000000000000000000000>;
v0x55cf0f8a6320_0 .net "address", 7 0, L_0x55cf0f8bb790;  1 drivers
v0x55cf0f8a6400_0 .net "clk", 0 0, v0x55cf0f8a9730_0;  alias, 1 drivers
v0x55cf0f8a64a0_0 .net "data_in", 31 0, v0x55cf0f8a1320_0;  alias, 1 drivers
v0x55cf0f8a6540_0 .net "data_out", 31 0, v0x55cf0f8a5dd0_0;  alias, 1 drivers
v0x55cf0f8a6670_0 .net "load", 0 0, L_0x55cf0f8bb2e0;  alias, 1 drivers
v0x55cf0f8a6710_0 .net "mask", 3 0, L_0x55cf0f8bb720;  alias, 1 drivers
v0x55cf0f8a67b0_0 .net "request", 0 0, v0x55cf0f8a1e10_0;  alias, 1 drivers
v0x55cf0f8a6850_0 .net "rst", 0 0, v0x55cf0f8a9890_0;  alias, 1 drivers
v0x55cf0f8a68f0_0 .var "valid", 0 0;
v0x55cf0f8a6a20_0 .net "we_re", 0 0, v0x55cf0f8a2320_0;  alias, 1 drivers
S_0x55cf0f8a5810 .scope module, "u_memory" "memory" 23 28, 24 1 0, S_0x55cf0f8a5510;
 .timescale -9 -12;
    .port_info 0 /INPUT 1 "clk";
    .port_info 1 /INPUT 1 "we_re";
    .port_info 2 /INPUT 1 "request";
    .port_info 3 /INPUT 8 "address";
    .port_info 4 /INPUT 32 "data_in";
    .port_info 5 /INPUT 4 "mask";
    .port_info 6 /OUTPUT 32 "data_out";
P_0x55cf0f8a59a0 .param/l "INIT_MEM" 0 24 2, +C4<00000000000000000000000000000000>;
v0x55cf0f8a5b70_0 .net "address", 7 0, L_0x55cf0f8bb790;  alias, 1 drivers
v0x55cf0f8a5c70_0 .net "clk", 0 0, v0x55cf0f8a9730_0;  alias, 1 drivers
v0x55cf0f8a5d30_0 .net "data_in", 31 0, v0x55cf0f8a1320_0;  alias, 1 drivers
v0x55cf0f8a5dd0_0 .var "data_out", 31 0;
v0x55cf0f8a5e70_0 .net "mask", 3 0, L_0x55cf0f8bb720;  alias, 1 drivers
v0x55cf0f8a5f80 .array "mem", 255 0, 31 0;
v0x55cf0f8a6020_0 .net "request", 0 0, v0x55cf0f8a1e10_0;  alias, 1 drivers
v0x55cf0f8a6110_0 .net "we_re", 0 0, v0x55cf0f8a2320_0;  alias, 1 drivers
E_0x55cf0f8a5af0 .event posedge, v0x55cf0f89b240_0;
S_0x55cf0f8a6c60 .scope module, "u_instruction_memory" "instruc_mem_top" 3 26, 25 1 0, S_0x55cf0f870c70;
 .timescale -9 -12;
    .port_info 0 /INPUT 1 "clk";
    .port_info 1 /INPUT 1 "rst";
    .port_info 2 /INPUT 1 "we_re";
    .port_info 3 /INPUT 1 "request";
    .port_info 4 /INPUT 4 "mask";
    .port_info 5 /INPUT 8 "address";
    .port_info 6 /INPUT 32 "data_in";
    .port_info 7 /OUTPUT 1 "valid";
    .port_info 8 /OUTPUT 32 "data_out";
P_0x55cf0f8a6df0 .param/l "INIT_MEM" 0 25 2, +C4<00000000000000000000000000000001>;
v0x55cf0f8a7c70_0 .net "address", 7 0, L_0x55cf0f8a9930;  1 drivers
v0x55cf0f8a7d50_0 .net "clk", 0 0, v0x55cf0f8a9730_0;  alias, 1 drivers
v0x55cf0f8a7f00_0 .net "data_in", 31 0, v0x55cf0f8a97d0_0;  alias, 1 drivers
v0x55cf0f8a7fa0_0 .net "data_out", 31 0, v0x55cf0f8a7640_0;  alias, 1 drivers
v0x55cf0f8a8040_0 .net "mask", 3 0, v0x55cf0f8a0140_0;  alias, 1 drivers
v0x55cf0f8a8130_0 .net "request", 0 0, v0x55cf0f8a0560_0;  alias, 1 drivers
v0x55cf0f8a81d0_0 .net "rst", 0 0, v0x55cf0f8a9890_0;  alias, 1 drivers
v0x55cf0f8a8270_0 .var "valid", 0 0;
v0x55cf0f8a8360_0 .net "we_re", 0 0, v0x55cf0f8a0760_0;  alias, 1 drivers
S_0x55cf0f8a7050 .scope module, "u_memory" "memory" 25 27, 24 1 0, S_0x55cf0f8a6c60;
 .timescale -9 -12;
    .port_info 0 /INPUT 1 "clk";
    .port_info 1 /INPUT 1 "we_re";
    .port_info 2 /INPUT 1 "request";
    .port_info 3 /INPUT 8 "address";
    .port_info 4 /INPUT 32 "data_in";
    .port_info 5 /INPUT 4 "mask";
    .port_info 6 /OUTPUT 32 "data_out";
P_0x55cf0f8a7230 .param/l "INIT_MEM" 0 24 2, +C4<00000000000000000000000000000001>;
v0x55cf0f8a73b0_0 .net "address", 7 0, L_0x55cf0f8a9930;  alias, 1 drivers
v0x55cf0f8a74b0_0 .net "clk", 0 0, v0x55cf0f8a9730_0;  alias, 1 drivers
v0x55cf0f8a7570_0 .net "data_in", 31 0, v0x55cf0f8a97d0_0;  alias, 1 drivers
v0x55cf0f8a7640_0 .var "data_out", 31 0;
v0x55cf0f8a7750_0 .net "mask", 3 0, v0x55cf0f8a0140_0;  alias, 1 drivers
v0x55cf0f8a78b0 .array "mem", 255 0, 31 0;
v0x55cf0f8a7970_0 .net "request", 0 0, v0x55cf0f8a0560_0;  alias, 1 drivers
v0x55cf0f8a7a60_0 .net "we_re", 0 0, v0x55cf0f8a0760_0;  alias, 1 drivers
    .scope S_0x55cf0f8a7050;
T_0 ;
    %vpi_call 24 18 "$readmemh", "tb/instr.mem", v0x55cf0f8a78b0 {0 0 0};
    %end;
    .thread T_0;
    .scope S_0x55cf0f8a7050;
T_1 ;
    %wait E_0x55cf0f8a5af0;
    %load/vec4 v0x55cf0f8a7970_0;
    %load/vec4 v0x55cf0f8a7a60_0;
    %and;
    %flag_set/vec4 8;
    %jmp/0xz  T_1.0, 8;
    %load/vec4 v0x55cf0f8a7750_0;
    %parti/s 1, 0, 2;
    %flag_set/vec4 8;
    %jmp/0xz  T_1.2, 8;
    %load/vec4 v0x55cf0f8a7570_0;
    %parti/s 8, 0, 2;
    %load/vec4 v0x55cf0f8a73b0_0;
    %pad/u 10;
    %ix/vec4 3;
    %ix/load 4, 0, 0; Constant delay
    %assign/vec4/a/d v0x55cf0f8a78b0, 0, 4;
T_1.2 ;
    %load/vec4 v0x55cf0f8a7750_0;
    %parti/s 1, 1, 2;
    %flag_set/vec4 8;
    %jmp/0xz  T_1.4, 8;
    %load/vec4 v0x55cf0f8a7570_0;
    %parti/s 8, 8, 5;
    %load/vec4 v0x55cf0f8a73b0_0;
    %pad/u 10;
    %ix/vec4 3;
    %ix/load 4, 8, 0; part off
    %ix/load 5, 0, 0; Constant delay
    %assign/vec4/a/d v0x55cf0f8a78b0, 4, 5;
T_1.4 ;
    %load/vec4 v0x55cf0f8a7750_0;
    %parti/s 1, 2, 3;
    %flag_set/vec4 8;
    %jmp/0xz  T_1.6, 8;
    %load/vec4 v0x55cf0f8a7570_0;
    %parti/s 8, 16, 6;
    %load/vec4 v0x55cf0f8a73b0_0;
    %pad/u 10;
    %ix/vec4 3;
    %ix/load 4, 16, 0; part off
    %ix/load 5, 0, 0; Constant delay
    %assign/vec4/a/d v0x55cf0f8a78b0, 4, 5;
T_1.6 ;
    %load/vec4 v0x55cf0f8a7750_0;
    %parti/s 1, 3, 3;
    %flag_set/vec4 8;
    %jmp/0xz  T_1.8, 8;
    %load/vec4 v0x55cf0f8a7570_0;
    %parti/s 8, 24, 6;
    %load/vec4 v0x55cf0f8a73b0_0;
    %pad/u 10;
    %ix/vec4 3;
    %ix/load 4, 24, 0; part off
    %ix/load 5, 0, 0; Constant delay
    %assign/vec4/a/d v0x55cf0f8a78b0, 4, 5;
T_1.8 ;
    %jmp T_1.1;
T_1.0 ;
    %load/vec4 v0x55cf0f8a7970_0;
    %load/vec4 v0x55cf0f8a7a60_0;
    %nor/r;
    %and;
    %flag_set/vec4 8;
    %jmp/0xz  T_1.10, 8;
    %load/vec4 v0x55cf0f8a73b0_0;
    %pad/u 10;
    %ix/vec4 4;
    %load/vec4a v0x55cf0f8a78b0, 4;
    %assign/vec4 v0x55cf0f8a7640_0, 0;
T_1.10 ;
T_1.1 ;
    %jmp T_1;
    .thread T_1;
    .scope S_0x55cf0f8a6c60;
T_2 ;
    %wait E_0x55cf0f899e90;
    %load/vec4 v0x55cf0f8a81d0_0;
    %nor/r;
    %flag_set/vec4 8;
    %jmp/0xz  T_2.0, 8;
    %pushi/vec4 0, 0, 1;
    %assign/vec4 v0x55cf0f8a8270_0, 0;
    %jmp T_2.1;
T_2.0 ;
    %load/vec4 v0x55cf0f8a8130_0;
    %assign/vec4 v0x55cf0f8a8270_0, 0;
T_2.1 ;
    %jmp T_2;
    .thread T_2;
    .scope S_0x55cf0f89ecc0;
T_3 ;
    %wait E_0x55cf0f899e90;
    %load/vec4 v0x55cf0f89f980_0;
    %nor/r;
    %flag_set/vec4 8;
    %jmp/0xz  T_3.0, 8;
    %pushi/vec4 0, 0, 32;
    %assign/vec4 v0x55cf0f89f0c0_0, 0;
    %jmp T_3.1;
T_3.0 ;
    %load/vec4 v0x55cf0f89f620_0;
    %load/vec4 v0x55cf0f89f1a0_0;
    %or;
    %flag_set/vec4 8;
    %jmp/0xz  T_3.2, 8;
    %load/vec4 v0x55cf0f89f510_0;
    %assign/vec4 v0x55cf0f89f0c0_0, 0;
    %jmp T_3.3;
T_3.2 ;
    %load/vec4 v0x55cf0f89f470_0;
    %load/vec4 v0x55cf0f89f380_0;
    %nor/r;
    %and;
    %flag_set/vec4 8;
    %jmp/0xz  T_3.4, 8;
    %load/vec4 v0x55cf0f89f0c0_0;
    %assign/vec4 v0x55cf0f89f0c0_0, 0;
    %jmp T_3.5;
T_3.4 ;
    %load/vec4 v0x55cf0f89f0c0_0;
    %addi 4, 0, 32;
    %assign/vec4 v0x55cf0f89f0c0_0, 0;
T_3.5 ;
T_3.3 ;
T_3.1 ;
    %load/vec4 v0x55cf0f89f0c0_0;
    %assign/vec4 v0x55cf0f89f6c0_0, 0;
    %jmp T_3;
    .thread T_3;
    .scope S_0x55cf0f89e8f0;
T_4 ;
    %wait E_0x55cf0f89ec60;
    %load/vec4 v0x55cf0f8a0010_0;
    %load/vec4 v0x55cf0f8a06c0_0;
    %nor/r;
    %and;
    %flag_set/vec4 8;
    %jmp/0xz  T_4.0, 8;
    %pushi/vec4 15, 0, 4;
    %store/vec4 v0x55cf0f8a0140_0, 0, 4;
    %pushi/vec4 0, 0, 1;
    %store/vec4 v0x55cf0f8a0760_0, 0, 1;
    %pushi/vec4 0, 0, 1;
    %store/vec4 v0x55cf0f8a0560_0, 0, 1;
    %jmp T_4.1;
T_4.0 ;
    %pushi/vec4 15, 0, 4;
    %store/vec4 v0x55cf0f8a0140_0, 0, 4;
    %pushi/vec4 0, 0, 1;
    %store/vec4 v0x55cf0f8a0760_0, 0, 1;
    %pushi/vec4 1, 0, 1;
    %store/vec4 v0x55cf0f8a0560_0, 0, 1;
T_4.1 ;
    %jmp T_4;
    .thread T_4, $push;
    .scope S_0x55cf0f89e8f0;
T_5 ;
    %wait E_0x55cf0f89d720;
    %load/vec4 v0x55cf0f89ff50_0;
    %store/vec4 v0x55cf0f89fe60_0, 0, 32;
    %jmp T_5;
    .thread T_5, $push;
    .scope S_0x55cf0f895bb0;
T_6 ;
    %wait E_0x55cf0f78ef50;
    %pushi/vec4 0, 0, 1;
    %store/vec4 v0x55cf0f896420_0, 0, 1;
    %pushi/vec4 0, 0, 1;
    %store/vec4 v0x55cf0f895fe0_0, 0, 1;
    %pushi/vec4 0, 0, 1;
    %store/vec4 v0x55cf0f8964f0_0, 0, 1;
    %pushi/vec4 0, 0, 1;
    %store/vec4 v0x55cf0f896210_0, 0, 1;
    %pushi/vec4 0, 0, 1;
    %store/vec4 v0x55cf0f895f40_0, 0, 1;
    %pushi/vec4 0, 0, 1;
    %store/vec4 v0x55cf0f895e80_0, 0, 1;
    %pushi/vec4 0, 0, 1;
    %store/vec4 v0x55cf0f896080_0, 0, 1;
    %pushi/vec4 0, 0, 1;
    %store/vec4 v0x55cf0f896120_0, 0, 1;
    %pushi/vec4 0, 0, 1;
    %store/vec4 v0x55cf0f8962b0_0, 0, 1;
    %load/vec4 v0x55cf0f896380_0;
    %dup/vec4;
    %pushi/vec4 51, 0, 7;
    %cmp/u;
    %jmp/1 T_6.0, 6;
    %dup/vec4;
    %pushi/vec4 19, 0, 7;
    %cmp/u;
    %jmp/1 T_6.1, 6;
    %dup/vec4;
    %pushi/vec4 35, 0, 7;
    %cmp/u;
    %jmp/1 T_6.2, 6;
    %dup/vec4;
    %pushi/vec4 3, 0, 7;
    %cmp/u;
    %jmp/1 T_6.3, 6;
    %dup/vec4;
    %pushi/vec4 99, 0, 7;
    %cmp/u;
    %jmp/1 T_6.4, 6;
    %dup/vec4;
    %pushi/vec4 23, 0, 7;
    %cmp/u;
    %jmp/1 T_6.5, 6;
    %dup/vec4;
    %pushi/vec4 111, 0, 7;
    %cmp/u;
    %jmp/1 T_6.6, 6;
    %dup/vec4;
    %pushi/vec4 103, 0, 7;
    %cmp/u;
    %jmp/1 T_6.7, 6;
    %dup/vec4;
    %pushi/vec4 55, 0, 7;
    %cmp/u;
    %jmp/1 T_6.8, 6;
    %pushi/vec4 0, 0, 1;
    %store/vec4 v0x55cf0f896420_0, 0, 1;
    %pushi/vec4 0, 0, 1;
    %store/vec4 v0x55cf0f895fe0_0, 0, 1;
    %pushi/vec4 0, 0, 1;
    %store/vec4 v0x55cf0f8964f0_0, 0, 1;
    %pushi/vec4 0, 0, 1;
    %store/vec4 v0x55cf0f896210_0, 0, 1;
    %pushi/vec4 0, 0, 1;
    %store/vec4 v0x55cf0f895f40_0, 0, 1;
    %pushi/vec4 0, 0, 1;
    %store/vec4 v0x55cf0f895e80_0, 0, 1;
    %pushi/vec4 0, 0, 1;
    %store/vec4 v0x55cf0f896080_0, 0, 1;
    %pushi/vec4 0, 0, 1;
    %store/vec4 v0x55cf0f896120_0, 0, 1;
    %pushi/vec4 0, 0, 1;
    %store/vec4 v0x55cf0f8962b0_0, 0, 1;
    %jmp T_6.10;
T_6.0 ;
    %pushi/vec4 1, 0, 1;
    %store/vec4 v0x55cf0f896420_0, 0, 1;
    %jmp T_6.10;
T_6.1 ;
    %pushi/vec4 1, 0, 1;
    %store/vec4 v0x55cf0f895fe0_0, 0, 1;
    %jmp T_6.10;
T_6.2 ;
    %pushi/vec4 1, 0, 1;
    %store/vec4 v0x55cf0f8964f0_0, 0, 1;
    %jmp T_6.10;
T_6.3 ;
    %pushi/vec4 1, 0, 1;
    %store/vec4 v0x55cf0f896210_0, 0, 1;
    %jmp T_6.10;
T_6.4 ;
    %pushi/vec4 1, 0, 1;
    %store/vec4 v0x55cf0f895f40_0, 0, 1;
    %jmp T_6.10;
T_6.5 ;
    %pushi/vec4 1, 0, 1;
    %store/vec4 v0x55cf0f895e80_0, 0, 1;
    %jmp T_6.10;
T_6.6 ;
    %pushi/vec4 1, 0, 1;
    %store/vec4 v0x55cf0f896080_0, 0, 1;
    %jmp T_6.10;
T_6.7 ;
    %pushi/vec4 1, 0, 1;
    %store/vec4 v0x55cf0f896120_0, 0, 1;
    %jmp T_6.10;
T_6.8 ;
    %pushi/vec4 1, 0, 1;
    %store/vec4 v0x55cf0f8962b0_0, 0, 1;
    %jmp T_6.10;
T_6.10 ;
    %pop/vec4 1;
    %jmp T_6;
    .thread T_6, $push;
    .scope S_0x55cf0f8944a0;
T_7 ;
    %wait E_0x55cf0f7a6ad0;
    %load/vec4 v0x55cf0f8956b0_0;
    %load/vec4 v0x55cf0f894e30_0;
    %or;
    %load/vec4 v0x55cf0f895150_0;
    %or;
    %load/vec4 v0x55cf0f894fd0_0;
    %or;
    %store/vec4 v0x55cf0f895770_0, 0, 1;
    %load/vec4 v0x55cf0f894bd0_0;
    %load/vec4 v0x55cf0f894fd0_0;
    %or;
    %load/vec4 v0x55cf0f894ac0_0;
    %or;
    %store/vec4 v0x55cf0f895530_0, 0, 1;
    %load/vec4 v0x55cf0f894e30_0;
    %load/vec4 v0x55cf0f895150_0;
    %or;
    %load/vec4 v0x55cf0f895830_0;
    %or;
    %load/vec4 v0x55cf0f894bd0_0;
    %or;
    %load/vec4 v0x55cf0f894fd0_0;
    %or;
    %load/vec4 v0x55cf0f895090_0;
    %or;
    %load/vec4 v0x55cf0f895210_0;
    %or;
    %load/vec4 v0x55cf0f894ac0_0;
    %or;
    %store/vec4 v0x55cf0f8955f0_0, 0, 1;
    %load/vec4 v0x55cf0f895150_0;
    %store/vec4 v0x55cf0f856760_0, 0, 1;
    %load/vec4 v0x55cf0f895830_0;
    %store/vec4 v0x55cf0f894940_0, 0, 1;
    %load/vec4 v0x55cf0f895150_0;
    %pad/u 2;
    %store/vec4 v0x55cf0f895390_0, 0, 2;
    %load/vec4 v0x55cf0f894bd0_0;
    %store/vec4 v0x55cf0f856660_0, 0, 1;
    %load/vec4 v0x55cf0f894fd0_0;
    %load/vec4 v0x55cf0f895090_0;
    %or;
    %store/vec4 v0x55cf0f895470_0, 0, 1;
    %load/vec4 v0x55cf0f895830_0;
    %store/vec4 v0x55cf0f8952d0_0, 0, 1;
    %load/vec4 v0x55cf0f8956b0_0;
    %flag_set/vec4 8;
    %jmp/0xz  T_7.0, 8;
    %pushi/vec4 0, 0, 2;
    %store/vec4 v0x55cf0f895390_0, 0, 2;
    %load/vec4 v0x55cf0f894c90_0;
    %pushi/vec4 0, 0, 3;
    %cmp/e;
    %flag_get/vec4 4;
    %load/vec4 v0x55cf0f894d70_0;
    %pad/u 32;
    %pushi/vec4 0, 0, 32;
    %cmp/e;
    %flag_get/vec4 4;
    %and;
    %flag_set/vec4 8;
    %jmp/0xz  T_7.2, 8;
    %pushi/vec4 0, 0, 4;
    %store/vec4 v0x55cf0f8949e0_0, 0, 4;
    %jmp T_7.3;
T_7.2 ;
    %load/vec4 v0x55cf0f894c90_0;
    %pushi/vec4 0, 0, 3;
    %cmp/e;
    %flag_get/vec4 4;
    %load/vec4 v0x55cf0f894d70_0;
    %pad/u 32;
    %pushi/vec4 1, 0, 32;
    %cmp/e;
    %flag_get/vec4 4;
    %and;
    %flag_set/vec4 8;
    %jmp/0xz  T_7.4, 8;
    %pushi/vec4 1, 0, 4;
    %store/vec4 v0x55cf0f8949e0_0, 0, 4;
    %jmp T_7.5;
T_7.4 ;
    %load/vec4 v0x55cf0f894c90_0;
    %pushi/vec4 1, 0, 3;
    %cmp/e;
    %flag_get/vec4 4;
    %load/vec4 v0x55cf0f894d70_0;
    %pad/u 32;
    %pushi/vec4 0, 0, 32;
    %cmp/e;
    %flag_get/vec4 4;
    %and;
    %flag_set/vec4 8;
    %jmp/0xz  T_7.6, 8;
    %pushi/vec4 2, 0, 4;
    %store/vec4 v0x55cf0f8949e0_0, 0, 4;
    %jmp T_7.7;
T_7.6 ;
    %load/vec4 v0x55cf0f894c90_0;
    %pushi/vec4 2, 0, 3;
    %cmp/e;
    %flag_get/vec4 4;
    %load/vec4 v0x55cf0f894d70_0;
    %pad/u 32;
    %pushi/vec4 0, 0, 32;
    %cmp/e;
    %flag_get/vec4 4;
    %and;
    %flag_set/vec4 8;
    %jmp/0xz  T_7.8, 8;
    %pushi/vec4 3, 0, 4;
    %store/vec4 v0x55cf0f8949e0_0, 0, 4;
    %jmp T_7.9;
T_7.8 ;
    %load/vec4 v0x55cf0f894c90_0;
    %pushi/vec4 3, 0, 3;
    %cmp/e;
    %flag_get/vec4 4;
    %load/vec4 v0x55cf0f894d70_0;
    %pad/u 32;
    %pushi/vec4 0, 0, 32;
    %cmp/e;
    %flag_get/vec4 4;
    %and;
    %flag_set/vec4 8;
    %jmp/0xz  T_7.10, 8;
    %pushi/vec4 4, 0, 4;
    %store/vec4 v0x55cf0f8949e0_0, 0, 4;
    %jmp T_7.11;
T_7.10 ;
    %load/vec4 v0x55cf0f894c90_0;
    %pushi/vec4 4, 0, 3;
    %cmp/e;
    %flag_get/vec4 4;
    %load/vec4 v0x55cf0f894d70_0;
    %pad/u 32;
    %pushi/vec4 0, 0, 32;
    %cmp/e;
    %flag_get/vec4 4;
    %and;
    %flag_set/vec4 8;
    %jmp/0xz  T_7.12, 8;
    %pushi/vec4 5, 0, 4;
    %store/vec4 v0x55cf0f8949e0_0, 0, 4;
    %jmp T_7.13;
T_7.12 ;
    %load/vec4 v0x55cf0f894c90_0;
    %pushi/vec4 5, 0, 3;
    %cmp/e;
    %flag_get/vec4 4;
    %load/vec4 v0x55cf0f894d70_0;
    %pad/u 32;
    %pushi/vec4 0, 0, 32;
    %cmp/e;
    %flag_get/vec4 4;
    %and;
    %flag_set/vec4 8;
    %jmp/0xz  T_7.14, 8;
    %pushi/vec4 6, 0, 4;
    %store/vec4 v0x55cf0f8949e0_0, 0, 4;
    %jmp T_7.15;
T_7.14 ;
    %load/vec4 v0x55cf0f894c90_0;
    %pushi/vec4 5, 0, 3;
    %cmp/e;
    %flag_get/vec4 4;
    %load/vec4 v0x55cf0f894d70_0;
    %pad/u 32;
    %pushi/vec4 1, 0, 32;
    %cmp/e;
    %flag_get/vec4 4;
    %and;
    %flag_set/vec4 8;
    %jmp/0xz  T_7.16, 8;
    %pushi/vec4 7, 0, 4;
    %store/vec4 v0x55cf0f8949e0_0, 0, 4;
    %jmp T_7.17;
T_7.16 ;
    %load/vec4 v0x55cf0f894c90_0;
    %pushi/vec4 6, 0, 3;
    %cmp/e;
    %flag_get/vec4 4;
    %load/vec4 v0x55cf0f894d70_0;
    %pad/u 32;
    %pushi/vec4 0, 0, 32;
    %cmp/e;
    %flag_get/vec4 4;
    %and;
    %flag_set/vec4 8;
    %jmp/0xz  T_7.18, 8;
    %pushi/vec4 8, 0, 4;
    %store/vec4 v0x55cf0f8949e0_0, 0, 4;
    %jmp T_7.19;
T_7.18 ;
    %load/vec4 v0x55cf0f894c90_0;
    %pushi/vec4 7, 0, 3;
    %cmp/e;
    %flag_get/vec4 4;
    %load/vec4 v0x55cf0f894d70_0;
    %pad/u 32;
    %pushi/vec4 0, 0, 32;
    %cmp/e;
    %flag_get/vec4 4;
    %and;
    %flag_set/vec4 8;
    %jmp/0xz  T_7.20, 8;
    %pushi/vec4 9, 0, 4;
    %store/vec4 v0x55cf0f8949e0_0, 0, 4;
T_7.20 ;
T_7.19 ;
T_7.17 ;
T_7.15 ;
T_7.13 ;
T_7.11 ;
T_7.9 ;
T_7.7 ;
T_7.5 ;
T_7.3 ;
    %jmp T_7.1;
T_7.0 ;
    %load/vec4 v0x55cf0f894e30_0;
    %flag_set/vec4 8;
    %jmp/0xz  T_7.22, 8;
    %pushi/vec4 0, 0, 3;
    %store/vec4 v0x55cf0f894ef0_0, 0, 3;
    %pushi/vec4 0, 0, 2;
    %store/vec4 v0x55cf0f895390_0, 0, 2;
    %load/vec4 v0x55cf0f894c90_0;
    %pushi/vec4 0, 0, 3;
    %cmp/e;
    %flag_get/vec4 4;
    %load/vec4 v0x55cf0f894d70_0;
    %pad/u 32;
    %pushi/vec4 0, 0, 32;
    %cmp/e;
    %flag_get/vec4 4;
    %and;
    %flag_set/vec4 8;
    %jmp/0xz  T_7.24, 8;
    %pushi/vec4 0, 0, 4;
    %store/vec4 v0x55cf0f8949e0_0, 0, 4;
    %jmp T_7.25;
T_7.24 ;
    %load/vec4 v0x55cf0f894c90_0;
    %pushi/vec4 1, 0, 3;
    %cmp/e;
    %flag_get/vec4 4;
    %load/vec4 v0x55cf0f894d70_0;
    %pad/u 32;
    %pushi/vec4 0, 0, 32;
    %cmp/e;
    %flag_get/vec4 4;
    %and;
    %flag_set/vec4 8;
    %jmp/0xz  T_7.26, 8;
    %pushi/vec4 2, 0, 4;
    %store/vec4 v0x55cf0f8949e0_0, 0, 4;
    %jmp T_7.27;
T_7.26 ;
    %load/vec4 v0x55cf0f894c90_0;
    %pushi/vec4 2, 0, 3;
    %cmp/e;
    %flag_get/vec4 4;
    %load/vec4 v0x55cf0f894d70_0;
    %pad/u 32;
    %pushi/vec4 0, 0, 32;
    %cmp/e;
    %flag_get/vec4 4;
    %and;
    %flag_set/vec4 8;
    %jmp/0xz  T_7.28, 8;
    %pushi/vec4 3, 0, 4;
    %store/vec4 v0x55cf0f8949e0_0, 0, 4;
    %jmp T_7.29;
T_7.28 ;
    %load/vec4 v0x55cf0f894c90_0;
    %pushi/vec4 3, 0, 3;
    %cmp/e;
    %flag_get/vec4 4;
    %load/vec4 v0x55cf0f894d70_0;
    %pad/u 32;
    %pushi/vec4 0, 0, 32;
    %cmp/e;
    %flag_get/vec4 4;
    %and;
    %flag_set/vec4 8;
    %jmp/0xz  T_7.30, 8;
    %pushi/vec4 4, 0, 4;
    %store/vec4 v0x55cf0f8949e0_0, 0, 4;
    %jmp T_7.31;
T_7.30 ;
    %load/vec4 v0x55cf0f894c90_0;
    %pushi/vec4 4, 0, 3;
    %cmp/e;
    %flag_get/vec4 4;
    %load/vec4 v0x55cf0f894d70_0;
    %pad/u 32;
    %pushi/vec4 0, 0, 32;
    %cmp/e;
    %flag_get/vec4 4;
    %and;
    %flag_set/vec4 8;
    %jmp/0xz  T_7.32, 8;
    %pushi/vec4 5, 0, 4;
    %store/vec4 v0x55cf0f8949e0_0, 0, 4;
    %jmp T_7.33;
T_7.32 ;
    %load/vec4 v0x55cf0f894c90_0;
    %pushi/vec4 5, 0, 3;
    %cmp/e;
    %flag_get/vec4 4;
    %load/vec4 v0x55cf0f894d70_0;
    %pad/u 32;
    %pushi/vec4 0, 0, 32;
    %cmp/e;
    %flag_get/vec4 4;
    %and;
    %flag_set/vec4 8;
    %jmp/0xz  T_7.34, 8;
    %pushi/vec4 6, 0, 4;
    %store/vec4 v0x55cf0f8949e0_0, 0, 4;
    %jmp T_7.35;
T_7.34 ;
    %load/vec4 v0x55cf0f894c90_0;
    %pushi/vec4 5, 0, 3;
    %cmp/e;
    %flag_get/vec4 4;
    %load/vec4 v0x55cf0f894d70_0;
    %pad/u 32;
    %pushi/vec4 1, 0, 32;
    %cmp/e;
    %flag_get/vec4 4;
    %and;
    %flag_set/vec4 8;
    %jmp/0xz  T_7.36, 8;
    %pushi/vec4 7, 0, 4;
    %store/vec4 v0x55cf0f8949e0_0, 0, 4;
    %jmp T_7.37;
T_7.36 ;
    %load/vec4 v0x55cf0f894c90_0;
    %pushi/vec4 6, 0, 3;
    %cmp/e;
    %flag_get/vec4 4;
    %load/vec4 v0x55cf0f894d70_0;
    %pad/u 32;
    %pushi/vec4 0, 0, 32;
    %cmp/e;
    %flag_get/vec4 4;
    %and;
    %flag_set/vec4 8;
    %jmp/0xz  T_7.38, 8;
    %pushi/vec4 8, 0, 4;
    %store/vec4 v0x55cf0f8949e0_0, 0, 4;
    %jmp T_7.39;
T_7.38 ;
    %load/vec4 v0x55cf0f894c90_0;
    %pushi/vec4 7, 0, 3;
    %cmp/e;
    %flag_get/vec4 4;
    %load/vec4 v0x55cf0f894d70_0;
    %pad/u 32;
    %pushi/vec4 0, 0, 32;
    %cmp/e;
    %flag_get/vec4 4;
    %and;
    %flag_set/vec4 8;
    %jmp/0xz  T_7.40, 8;
    %pushi/vec4 9, 0, 4;
    %store/vec4 v0x55cf0f8949e0_0, 0, 4;
T_7.40 ;
T_7.39 ;
T_7.37 ;
T_7.35 ;
T_7.33 ;
T_7.31 ;
T_7.29 ;
T_7.27 ;
T_7.25 ;
    %jmp T_7.23;
T_7.22 ;
    %load/vec4 v0x55cf0f895830_0;
    %flag_set/vec4 8;
    %jmp/0xz  T_7.42, 8;
    %pushi/vec4 1, 0, 3;
    %store/vec4 v0x55cf0f894ef0_0, 0, 3;
    %pushi/vec4 0, 0, 2;
    %store/vec4 v0x55cf0f895390_0, 0, 2;
    %load/vec4 v0x55cf0f894c90_0;
    %cmpi/e 0, 0, 3;
    %jmp/0xz  T_7.44, 4;
    %pushi/vec4 0, 0, 4;
    %store/vec4 v0x55cf0f8949e0_0, 0, 4;
    %jmp T_7.45;
T_7.44 ;
    %load/vec4 v0x55cf0f894c90_0;
    %cmpi/e 1, 0, 3;
    %jmp/0xz  T_7.46, 4;
    %pushi/vec4 0, 0, 4;
    %store/vec4 v0x55cf0f8949e0_0, 0, 4;
    %jmp T_7.47;
T_7.46 ;
    %load/vec4 v0x55cf0f894c90_0;
    %cmpi/e 2, 0, 3;
    %jmp/0xz  T_7.48, 4;
    %pushi/vec4 0, 0, 4;
    %store/vec4 v0x55cf0f8949e0_0, 0, 4;
T_7.48 ;
T_7.47 ;
T_7.45 ;
    %jmp T_7.43;
T_7.42 ;
    %load/vec4 v0x55cf0f895150_0;
    %flag_set/vec4 8;
    %jmp/0xz  T_7.50, 8;
    %pushi/vec4 0, 0, 3;
    %store/vec4 v0x55cf0f894ef0_0, 0, 3;
    %pushi/vec4 1, 0, 2;
    %store/vec4 v0x55cf0f895390_0, 0, 2;
    %load/vec4 v0x55cf0f894c90_0;
    %cmpi/e 0, 0, 3;
    %jmp/0xz  T_7.52, 4;
    %pushi/vec4 0, 0, 4;
    %store/vec4 v0x55cf0f8949e0_0, 0, 4;
    %jmp T_7.53;
T_7.52 ;
    %load/vec4 v0x55cf0f894c90_0;
    %cmpi/e 1, 0, 3;
    %jmp/0xz  T_7.54, 4;
    %pushi/vec4 0, 0, 4;
    %store/vec4 v0x55cf0f8949e0_0, 0, 4;
    %jmp T_7.55;
T_7.54 ;
    %load/vec4 v0x55cf0f894c90_0;
    %cmpi/e 2, 0, 3;
    %jmp/0xz  T_7.56, 4;
    %pushi/vec4 0, 0, 4;
    %store/vec4 v0x55cf0f8949e0_0, 0, 4;
    %jmp T_7.57;
T_7.56 ;
    %load/vec4 v0x55cf0f894c90_0;
    %cmpi/e 4, 0, 3;
    %jmp/0xz  T_7.58, 4;
    %pushi/vec4 0, 0, 4;
    %store/vec4 v0x55cf0f8949e0_0, 0, 4;
    %jmp T_7.59;
T_7.58 ;
    %load/vec4 v0x55cf0f894c90_0;
    %cmpi/e 5, 0, 3;
    %jmp/0xz  T_7.60, 4;
    %pushi/vec4 0, 0, 4;
    %store/vec4 v0x55cf0f8949e0_0, 0, 4;
    %jmp T_7.61;
T_7.60 ;
    %load/vec4 v0x55cf0f894c90_0;
    %cmpi/e 6, 0, 3;
    %jmp/0xz  T_7.62, 4;
    %pushi/vec4 0, 0, 4;
    %store/vec4 v0x55cf0f8949e0_0, 0, 4;
T_7.62 ;
T_7.61 ;
T_7.59 ;
T_7.57 ;
T_7.55 ;
T_7.53 ;
    %jmp T_7.51;
T_7.50 ;
    %load/vec4 v0x55cf0f894bd0_0;
    %flag_set/vec4 8;
    %jmp/0xz  T_7.64, 8;
    %pushi/vec4 0, 0, 4;
    %store/vec4 v0x55cf0f8949e0_0, 0, 4;
    %pushi/vec4 0, 0, 2;
    %store/vec4 v0x55cf0f895390_0, 0, 2;
    %pushi/vec4 2, 0, 3;
    %store/vec4 v0x55cf0f894ef0_0, 0, 3;
    %jmp T_7.65;
T_7.64 ;
    %load/vec4 v0x55cf0f894fd0_0;
    %flag_set/vec4 8;
    %jmp/0xz  T_7.66, 8;
    %pushi/vec4 0, 0, 4;
    %store/vec4 v0x55cf0f8949e0_0, 0, 4;
    %pushi/vec4 2, 0, 2;
    %store/vec4 v0x55cf0f895390_0, 0, 2;
    %pushi/vec4 3, 0, 3;
    %store/vec4 v0x55cf0f894ef0_0, 0, 3;
T_7.66 ;
T_7.65 ;
T_7.51 ;
T_7.43 ;
T_7.23 ;
T_7.1 ;
    %load/vec4 v0x55cf0f895090_0;
    %flag_set/vec4 8;
    %jmp/0xz  T_7.68, 8;
    %pushi/vec4 0, 0, 2;
    %store/vec4 v0x55cf0f895390_0, 0, 2;
    %pushi/vec4 0, 0, 4;
    %store/vec4 v0x55cf0f8949e0_0, 0, 4;
    %pushi/vec4 0, 0, 3;
    %store/vec4 v0x55cf0f894ef0_0, 0, 3;
    %jmp T_7.69;
T_7.68 ;
    %load/vec4 v0x55cf0f895210_0;
    %flag_set/vec4 8;
    %jmp/0xz  T_7.70, 8;
    %pushi/vec4 0, 0, 2;
    %store/vec4 v0x55cf0f895390_0, 0, 2;
    %pushi/vec4 4, 0, 3;
    %store/vec4 v0x55cf0f894ef0_0, 0, 3;
    %pushi/vec4 15, 0, 4;
    %store/vec4 v0x55cf0f8949e0_0, 0, 4;
    %jmp T_7.71;
T_7.70 ;
    %load/vec4 v0x55cf0f894ac0_0;
    %flag_set/vec4 8;
    %jmp/0xz  T_7.72, 8;
    %pushi/vec4 0, 0, 2;
    %store/vec4 v0x55cf0f895390_0, 0, 2;
    %pushi/vec4 0, 0, 4;
    %store/vec4 v0x55cf0f8949e0_0, 0, 4;
    %pushi/vec4 4, 0, 3;
    %store/vec4 v0x55cf0f894ef0_0, 0, 3;
T_7.72 ;
T_7.71 ;
T_7.69 ;
    %jmp T_7;
    .thread T_7, $push;
    .scope S_0x55cf0f897930;
T_8 ;
    %wait E_0x55cf0f8854f0;
    %load/vec4 v0x55cf0f897cd0_0;
    %parti/s 1, 31, 6;
    %replicate 20;
    %load/vec4 v0x55cf0f897cd0_0;
    %parti/s 12, 20, 6;
    %concat/vec4; draw_concat_vec4
    %store/vec4 v0x55cf0f897bd0_0, 0, 32;
    %load/vec4 v0x55cf0f897cd0_0;
    %parti/s 1, 31, 6;
    %replicate 20;
    %load/vec4 v0x55cf0f897cd0_0;
    %parti/s 7, 25, 6;
    %concat/vec4; draw_concat_vec4
    %load/vec4 v0x55cf0f897cd0_0;
    %parti/s 5, 7, 4;
    %concat/vec4; draw_concat_vec4
    %store/vec4 v0x55cf0f897db0_0, 0, 32;
    %load/vec4 v0x55cf0f897cd0_0;
    %parti/s 1, 31, 6;
    %replicate 19;
    %load/vec4 v0x55cf0f897cd0_0;
    %parti/s 1, 31, 6;
    %concat/vec4; draw_concat_vec4
    %load/vec4 v0x55cf0f897cd0_0;
    %parti/s 1, 7, 4;
    %concat/vec4; draw_concat_vec4
    %load/vec4 v0x55cf0f897cd0_0;
    %parti/s 6, 25, 6;
    %concat/vec4; draw_concat_vec4
    %load/vec4 v0x55cf0f897cd0_0;
    %parti/s 4, 8, 5;
    %concat/vec4; draw_concat_vec4
    %concati/vec4 0, 0, 1;
    %store/vec4 v0x55cf0f897ea0_0, 0, 32;
    %load/vec4 v0x55cf0f897cd0_0;
    %parti/s 1, 31, 6;
    %replicate 11;
    %load/vec4 v0x55cf0f897cd0_0;
    %parti/s 1, 31, 6;
    %concat/vec4; draw_concat_vec4
    %load/vec4 v0x55cf0f897cd0_0;
    %parti/s 8, 12, 5;
    %concat/vec4; draw_concat_vec4
    %load/vec4 v0x55cf0f897cd0_0;
    %parti/s 1, 20, 6;
    %concat/vec4; draw_concat_vec4
    %load/vec4 v0x55cf0f897cd0_0;
    %parti/s 10, 21, 6;
    %concat/vec4; draw_concat_vec4
    %concati/vec4 0, 0, 1;
    %store/vec4 v0x55cf0f8980b0_0, 0, 32;
    %load/vec4 v0x55cf0f897cd0_0;
    %parti/s 20, 12, 5;
    %concati/vec4 0, 0, 12;
    %store/vec4 v0x55cf0f897f80_0, 0, 32;
    %jmp T_8;
    .thread T_8, $push;
    .scope S_0x55cf0f898250;
T_9 ;
    %wait E_0x55cf0f8852d0;
    %load/vec4 v0x55cf0f898d50_0;
    %dup/vec4;
    %pushi/vec4 0, 0, 3;
    %cmp/u;
    %jmp/1 T_9.0, 6;
    %dup/vec4;
    %pushi/vec4 1, 0, 3;
    %cmp/u;
    %jmp/1 T_9.1, 6;
    %dup/vec4;
    %pushi/vec4 2, 0, 3;
    %cmp/u;
    %jmp/1 T_9.2, 6;
    %dup/vec4;
    %pushi/vec4 3, 0, 3;
    %cmp/u;
    %jmp/1 T_9.3, 6;
    %dup/vec4;
    %pushi/vec4 4, 0, 3;
    %cmp/u;
    %jmp/1 T_9.4, 6;
    %dup/vec4;
    %pushi/vec4 5, 0, 3;
    %cmp/u;
    %jmp/1 T_9.5, 6;
    %dup/vec4;
    %pushi/vec4 6, 0, 3;
    %cmp/u;
    %jmp/1 T_9.6, 6;
    %dup/vec4;
    %pushi/vec4 7, 0, 3;
    %cmp/u;
    %jmp/1 T_9.7, 6;
    %jmp T_9.8;
T_9.0 ;
    %load/vec4 v0x55cf0f8985a0_0;
    %store/vec4 v0x55cf0f898c70_0, 0, 32;
    %jmp T_9.8;
T_9.1 ;
    %load/vec4 v0x55cf0f898680_0;
    %store/vec4 v0x55cf0f898c70_0, 0, 32;
    %jmp T_9.8;
T_9.2 ;
    %load/vec4 v0x55cf0f898750_0;
    %store/vec4 v0x55cf0f898c70_0, 0, 32;
    %jmp T_9.8;
T_9.3 ;
    %load/vec4 v0x55cf0f898850_0;
    %store/vec4 v0x55cf0f898c70_0, 0, 32;
    %jmp T_9.8;
T_9.4 ;
    %load/vec4 v0x55cf0f898920_0;
    %store/vec4 v0x55cf0f898c70_0, 0, 32;
    %jmp T_9.8;
T_9.5 ;
    %load/vec4 v0x55cf0f898a10_0;
    %store/vec4 v0x55cf0f898c70_0, 0, 32;
    %jmp T_9.8;
T_9.6 ;
    %load/vec4 v0x55cf0f898ab0_0;
    %store/vec4 v0x55cf0f898c70_0, 0, 32;
    %jmp T_9.8;
T_9.7 ;
    %load/vec4 v0x55cf0f898b90_0;
    %store/vec4 v0x55cf0f898c70_0, 0, 32;
    %jmp T_9.8;
T_9.8 ;
    %pop/vec4 1;
    %jmp T_9;
    .thread T_9, $push;
    .scope S_0x55cf0f899b80;
T_10 ;
    %wait E_0x55cf0f899e90;
    %load/vec4 v0x55cf0f89bae0_0;
    %nor/r;
    %flag_set/vec4 8;
    %jmp/0xz  T_10.0, 8;
    %pushi/vec4 0, 0, 32;
    %store/vec4 v0x55cf0f89b480_0, 0, 32;
T_10.2 ;
    %load/vec4 v0x55cf0f89b480_0;
    %cmpi/s 32, 0, 32;
    %jmp/0xz T_10.3, 5;
    %pushi/vec4 0, 0, 32;
    %load/vec4 v0x55cf0f89b480_0;
    %subi 1, 0, 32;
    %ix/vec4/s 3;
    %ix/load 4, 0, 0; Constant delay
    %assign/vec4/a/d v0x55cf0f89b860, 0, 4;
    ; show_stmt_assign_vector: Get l-value for compressed += operand
    %load/vec4 v0x55cf0f89b480_0;
    %pushi/vec4 1, 0, 32;
    %add;
    %store/vec4 v0x55cf0f89b480_0, 0, 32;
    %jmp T_10.2;
T_10.3 ;
    %jmp T_10.1;
T_10.0 ;
    %load/vec4 v0x55cf0f89b3e0_0;
    %flag_set/vec4 8;
    %jmp/0xz  T_10.4, 8;
    %load/vec4 v0x55cf0f89b300_0;
    %load/vec4 v0x55cf0f89b780_0;
    %pad/u 7;
    %subi 1, 0, 7;
    %ix/vec4 3;
    %ix/load 4, 0, 0; Constant delay
    %assign/vec4/a/d v0x55cf0f89b860, 0, 4;
T_10.4 ;
T_10.1 ;
    %jmp T_10;
    .thread T_10;
    .scope S_0x55cf0f7ae9c0;
T_11 ;
    %wait E_0x55cf0f7a6750;
    %load/vec4 v0x55cf0f854e90_0;
    %pad/u 32;
    %cmpi/e 1, 0, 32;
    %jmp/0xz  T_11.0, 4;
    %load/vec4 v0x55cf0f854f60_0;
    %dup/vec4;
    %pushi/vec4 0, 0, 3;
    %cmp/u;
    %jmp/1 T_11.2, 6;
    %dup/vec4;
    %pushi/vec4 1, 0, 3;
    %cmp/u;
    %jmp/1 T_11.3, 6;
    %dup/vec4;
    %pushi/vec4 4, 0, 3;
    %cmp/u;
    %jmp/1 T_11.4, 6;
    %dup/vec4;
    %pushi/vec4 5, 0, 3;
    %cmp/u;
    %jmp/1 T_11.5, 6;
    %dup/vec4;
    %pushi/vec4 6, 0, 3;
    %cmp/u;
    %jmp/1 T_11.6, 6;
    %dup/vec4;
    %pushi/vec4 7, 0, 3;
    %cmp/u;
    %jmp/1 T_11.7, 6;
    %jmp T_11.8;
T_11.2 ;
    %load/vec4 v0x55cf0f8547d0_0;
    %load/vec4 v0x55cf0f883f40_0;
    %cmp/e;
    %flag_mov 8, 4;
    %jmp/0 T_11.9, 8;
    %pushi/vec4 1, 0, 2;
    %jmp/1 T_11.10, 8;
T_11.9 ; End of true expr.
    %pushi/vec4 0, 0, 2;
    %jmp/0 T_11.10, 8;
 ; End of false expr.
    %blend;
T_11.10;
    %pad/s 1;
    %store/vec4 v0x55cf0f883fe0_0, 0, 1;
    %jmp T_11.8;
T_11.3 ;
    %load/vec4 v0x55cf0f8547d0_0;
    %load/vec4 v0x55cf0f883f40_0;
    %cmp/ne;
    %flag_mov 8, 4;
    %jmp/0 T_11.11, 8;
    %pushi/vec4 1, 0, 2;
    %jmp/1 T_11.12, 8;
T_11.11 ; End of true expr.
    %pushi/vec4 0, 0, 2;
    %jmp/0 T_11.12, 8;
 ; End of false expr.
    %blend;
T_11.12;
    %pad/s 1;
    %store/vec4 v0x55cf0f883fe0_0, 0, 1;
    %jmp T_11.8;
T_11.4 ;
    %load/vec4 v0x55cf0f8547d0_0;
    %load/vec4 v0x55cf0f883f40_0;
    %cmp/s;
    %flag_mov 8, 5;
    %jmp/0 T_11.13, 8;
    %pushi/vec4 1, 0, 2;
    %jmp/1 T_11.14, 8;
T_11.13 ; End of true expr.
    %pushi/vec4 0, 0, 2;
    %jmp/0 T_11.14, 8;
 ; End of false expr.
    %blend;
T_11.14;
    %pad/s 1;
    %store/vec4 v0x55cf0f883fe0_0, 0, 1;
    %jmp T_11.8;
T_11.5 ;
    %load/vec4 v0x55cf0f883f40_0;
    %load/vec4 v0x55cf0f8547d0_0;
    %cmp/s;
    %flag_or 5, 4;
    %flag_mov 8, 5;
    %jmp/0 T_11.15, 8;
    %pushi/vec4 1, 0, 2;
    %jmp/1 T_11.16, 8;
T_11.15 ; End of true expr.
    %pushi/vec4 0, 0, 2;
    %jmp/0 T_11.16, 8;
 ; End of false expr.
    %blend;
T_11.16;
    %pad/s 1;
    %store/vec4 v0x55cf0f883fe0_0, 0, 1;
    %jmp T_11.8;
T_11.6 ;
    %load/vec4 v0x55cf0f8547d0_0;
    %load/vec4 v0x55cf0f883f40_0;
    %cmp/u;
    %flag_mov 8, 5;
    %jmp/0 T_11.17, 8;
    %pushi/vec4 1, 0, 2;
    %jmp/1 T_11.18, 8;
T_11.17 ; End of true expr.
    %pushi/vec4 0, 0, 2;
    %jmp/0 T_11.18, 8;
 ; End of false expr.
    %blend;
T_11.18;
    %pad/s 1;
    %store/vec4 v0x55cf0f883fe0_0, 0, 1;
    %jmp T_11.8;
T_11.7 ;
    %load/vec4 v0x55cf0f883f40_0;
    %load/vec4 v0x55cf0f8547d0_0;
    %cmp/u;
    %flag_or 5, 4;
    %flag_mov 8, 5;
    %jmp/0 T_11.19, 8;
    %pushi/vec4 1, 0, 2;
    %jmp/1 T_11.20, 8;
T_11.19 ; End of true expr.
    %pushi/vec4 0, 0, 2;
    %jmp/0 T_11.20, 8;
 ; End of false expr.
    %blend;
T_11.20;
    %pad/s 1;
    %store/vec4 v0x55cf0f883fe0_0, 0, 1;
    %jmp T_11.8;
T_11.8 ;
    %pop/vec4 1;
    %jmp T_11.1;
T_11.0 ;
    %pushi/vec4 0, 0, 1;
    %store/vec4 v0x55cf0f883fe0_0, 0, 1;
T_11.1 ;
    %jmp T_11;
    .thread T_11, $push;
    .scope S_0x55cf0f89dd30;
T_12 ;
    %wait E_0x55cf0f89df10;
    %load/vec4 v0x55cf0f89e1b0_0;
    %cmpi/e 0, 0, 4;
    %jmp/0xz  T_12.0, 4;
    %load/vec4 v0x55cf0f89df70_0;
    %load/vec4 v0x55cf0f89e0a0_0;
    %add;
    %store/vec4 v0x55cf0f89e250_0, 0, 32;
    %jmp T_12.1;
T_12.0 ;
    %load/vec4 v0x55cf0f89e1b0_0;
    %cmpi/e 1, 0, 4;
    %jmp/0xz  T_12.2, 4;
    %load/vec4 v0x55cf0f89df70_0;
    %load/vec4 v0x55cf0f89e0a0_0;
    %sub;
    %store/vec4 v0x55cf0f89e250_0, 0, 32;
    %jmp T_12.3;
T_12.2 ;
    %load/vec4 v0x55cf0f89e1b0_0;
    %cmpi/e 2, 0, 4;
    %jmp/0xz  T_12.4, 4;
    %load/vec4 v0x55cf0f89df70_0;
    %ix/getv 4, v0x55cf0f89e0a0_0;
    %shiftl 4;
    %store/vec4 v0x55cf0f89e250_0, 0, 32;
    %jmp T_12.5;
T_12.4 ;
    %load/vec4 v0x55cf0f89e1b0_0;
    %cmpi/e 3, 0, 4;
    %jmp/0xz  T_12.6, 4;
    %load/vec4 v0x55cf0f89df70_0;
    %load/vec4 v0x55cf0f89e0a0_0;
    %cmp/s;
    %flag_get/vec4 5;
    %pad/u 32;
    %store/vec4 v0x55cf0f89e250_0, 0, 32;
    %jmp T_12.7;
T_12.6 ;
    %load/vec4 v0x55cf0f89e1b0_0;
    %cmpi/e 4, 0, 4;
    %jmp/0xz  T_12.8, 4;
    %load/vec4 v0x55cf0f89df70_0;
    %load/vec4 v0x55cf0f89e0a0_0;
    %cmp/u;
    %flag_get/vec4 5;
    %pad/u 32;
    %store/vec4 v0x55cf0f89e250_0, 0, 32;
    %jmp T_12.9;
T_12.8 ;
    %load/vec4 v0x55cf0f89e1b0_0;
    %cmpi/e 5, 0, 4;
    %jmp/0xz  T_12.10, 4;
    %load/vec4 v0x55cf0f89df70_0;
    %load/vec4 v0x55cf0f89e0a0_0;
    %xor;
    %store/vec4 v0x55cf0f89e250_0, 0, 32;
    %jmp T_12.11;
T_12.10 ;
    %load/vec4 v0x55cf0f89e1b0_0;
    %cmpi/e 6, 0, 4;
    %jmp/0xz  T_12.12, 4;
    %load/vec4 v0x55cf0f89df70_0;
    %ix/getv 4, v0x55cf0f89e0a0_0;
    %shiftr 4;
    %store/vec4 v0x55cf0f89e250_0, 0, 32;
    %jmp T_12.13;
T_12.12 ;
    %load/vec4 v0x55cf0f89e1b0_0;
    %cmpi/e 7, 0, 4;
    %jmp/0xz  T_12.14, 4;
    %load/vec4 v0x55cf0f89df70_0;
    %ix/getv 4, v0x55cf0f89e0a0_0;
    %shiftr 4;
    %store/vec4 v0x55cf0f89e250_0, 0, 32;
    %jmp T_12.15;
T_12.14 ;
    %load/vec4 v0x55cf0f89e1b0_0;
    %cmpi/e 8, 0, 4;
    %jmp/0xz  T_12.16, 4;
    %load/vec4 v0x55cf0f89df70_0;
    %load/vec4 v0x55cf0f89e0a0_0;
    %or;
    %store/vec4 v0x55cf0f89e250_0, 0, 32;
    %jmp T_12.17;
T_12.16 ;
    %load/vec4 v0x55cf0f89e1b0_0;
    %cmpi/e 9, 0, 4;
    %jmp/0xz  T_12.18, 4;
    %load/vec4 v0x55cf0f89df70_0;
    %load/vec4 v0x55cf0f89e0a0_0;
    %and;
    %store/vec4 v0x55cf0f89e250_0, 0, 32;
    %jmp T_12.19;
T_12.18 ;
    %load/vec4 v0x55cf0f89e1b0_0;
    %cmpi/e 15, 0, 4;
    %jmp/0xz  T_12.20, 4;
    %load/vec4 v0x55cf0f89e0a0_0;
    %store/vec4 v0x55cf0f89e250_0, 0, 32;
    %jmp T_12.21;
T_12.20 ;
    %pushi/vec4 0, 0, 32;
    %store/vec4 v0x55cf0f89e250_0, 0, 32;
T_12.21 ;
T_12.19 ;
T_12.17 ;
T_12.15 ;
T_12.13 ;
T_12.11 ;
T_12.9 ;
T_12.7 ;
T_12.5 ;
T_12.3 ;
T_12.1 ;
    %jmp T_12;
    .thread T_12, $push;
    .scope S_0x55cf0f89d800;
T_13 ;
    %wait E_0x55cf0f89da40;
    %load/vec4 v0x55cf0f89dac0_0;
    %addi 4, 0, 32;
    %store/vec4 v0x55cf0f89dbf0_0, 0, 32;
    %jmp T_13;
    .thread T_13, $push;
    .scope S_0x55cf0f8a0db0;
T_14 ;
    %wait E_0x55cf0f8a1040;
    %load/vec4 v0x55cf0f8a15f0_0;
    %flag_set/vec4 8;
    %jmp/0xz  T_14.0, 8;
    %pushi/vec4 0, 0, 4;
    %store/vec4 v0x55cf0f8a1510_0, 0, 4;
    %load/vec4 v0x55cf0f8a13e0_0;
    %cmpi/e 0, 0, 3;
    %jmp/0xz  T_14.2, 4;
    %load/vec4 v0x55cf0f8a11a0_0;
    %pad/u 4;
    %dup/vec4;
    %pushi/vec4 0, 0, 4;
    %cmp/u;
    %jmp/1 T_14.4, 6;
    %dup/vec4;
    %pushi/vec4 1, 0, 4;
    %cmp/u;
    %jmp/1 T_14.5, 6;
    %dup/vec4;
    %pushi/vec4 10, 0, 4;
    %cmp/u;
    %jmp/1 T_14.6, 6;
    %dup/vec4;
    %pushi/vec4 11, 0, 4;
    %cmp/u;
    %jmp/1 T_14.7, 6;
    %jmp T_14.8;
T_14.4 ;
    %pushi/vec4 1, 0, 4;
    %store/vec4 v0x55cf0f8a1510_0, 0, 4;
    %load/vec4 v0x55cf0f8a1280_0;
    %store/vec4 v0x55cf0f8a1320_0, 0, 32;
    %jmp T_14.8;
T_14.5 ;
    %pushi/vec4 2, 0, 4;
    %store/vec4 v0x55cf0f8a1510_0, 0, 4;
    %load/vec4 v0x55cf0f8a1280_0;
    %parti/s 16, 16, 6;
    %load/vec4 v0x55cf0f8a1280_0;
    %parti/s 8, 0, 2;
    %concat/vec4; draw_concat_vec4
    %load/vec4 v0x55cf0f8a1280_0;
    %parti/s 8, 0, 2;
    %concat/vec4; draw_concat_vec4
    %store/vec4 v0x55cf0f8a1320_0, 0, 32;
    %jmp T_14.8;
T_14.6 ;
    %pushi/vec4 4, 0, 4;
    %store/vec4 v0x55cf0f8a1510_0, 0, 4;
    %load/vec4 v0x55cf0f8a1280_0;
    %parti/s 8, 24, 6;
    %load/vec4 v0x55cf0f8a1280_0;
    %parti/s 8, 0, 2;
    %concat/vec4; draw_concat_vec4
    %load/vec4 v0x55cf0f8a1280_0;
    %parti/s 16, 0, 2;
    %concat/vec4; draw_concat_vec4
    %store/vec4 v0x55cf0f8a1320_0, 0, 32;
    %jmp T_14.8;
T_14.7 ;
    %pushi/vec4 8, 0, 4;
    %store/vec4 v0x55cf0f8a1510_0, 0, 4;
    %load/vec4 v0x55cf0f8a1280_0;
    %parti/s 8, 0, 2;
    %load/vec4 v0x55cf0f8a1280_0;
    %parti/s 24, 0, 2;
    %concat/vec4; draw_concat_vec4
    %store/vec4 v0x55cf0f8a1320_0, 0, 32;
    %jmp T_14.8;
T_14.8 ;
    %pop/vec4 1;
T_14.2 ;
    %load/vec4 v0x55cf0f8a13e0_0;
    %cmpi/e 1, 0, 3;
    %jmp/0xz  T_14.9, 4;
    %load/vec4 v0x55cf0f8a11a0_0;
    %pad/u 4;
    %dup/vec4;
    %pushi/vec4 0, 0, 4;
    %cmp/u;
    %jmp/1 T_14.11, 6;
    %dup/vec4;
    %pushi/vec4 1, 0, 4;
    %cmp/u;
    %jmp/1 T_14.12, 6;
    %dup/vec4;
    %pushi/vec4 10, 0, 4;
    %cmp/u;
    %jmp/1 T_14.13, 6;
    %jmp T_14.14;
T_14.11 ;
    %pushi/vec4 3, 0, 4;
    %store/vec4 v0x55cf0f8a1510_0, 0, 4;
    %load/vec4 v0x55cf0f8a1280_0;
    %store/vec4 v0x55cf0f8a1320_0, 0, 32;
    %jmp T_14.14;
T_14.12 ;
    %pushi/vec4 6, 0, 4;
    %store/vec4 v0x55cf0f8a1510_0, 0, 4;
    %load/vec4 v0x55cf0f8a1280_0;
    %parti/s 8, 24, 6;
    %load/vec4 v0x55cf0f8a1280_0;
    %parti/s 16, 0, 2;
    %concat/vec4; draw_concat_vec4
    %load/vec4 v0x55cf0f8a1280_0;
    %parti/s 8, 0, 2;
    %concat/vec4; draw_concat_vec4
    %store/vec4 v0x55cf0f8a1320_0, 0, 32;
    %jmp T_14.14;
T_14.13 ;
    %pushi/vec4 12, 0, 4;
    %store/vec4 v0x55cf0f8a1510_0, 0, 4;
    %load/vec4 v0x55cf0f8a1280_0;
    %parti/s 16, 0, 2;
    %load/vec4 v0x55cf0f8a1280_0;
    %parti/s 16, 0, 2;
    %concat/vec4; draw_concat_vec4
    %store/vec4 v0x55cf0f8a1320_0, 0, 32;
    %jmp T_14.14;
T_14.14 ;
    %pop/vec4 1;
T_14.9 ;
    %load/vec4 v0x55cf0f8a13e0_0;
    %cmpi/e 2, 0, 3;
    %jmp/0xz  T_14.15, 4;
    %pushi/vec4 15, 0, 4;
    %store/vec4 v0x55cf0f8a1510_0, 0, 4;
    %load/vec4 v0x55cf0f8a1280_0;
    %store/vec4 v0x55cf0f8a1320_0, 0, 32;
T_14.15 ;
T_14.0 ;
    %load/vec4 v0x55cf0f8a10e0_0;
    %flag_set/vec4 8;
    %jmp/0xz  T_14.17, 8;
    %load/vec4 v0x55cf0f8a13e0_0;
    %cmpi/e 0, 0, 3;
    %jmp/0xz  T_14.19, 4;
    %load/vec4 v0x55cf0f8a11a0_0;
    %pad/u 4;
    %dup/vec4;
    %pushi/vec4 0, 0, 4;
    %cmp/u;
    %jmp/1 T_14.21, 6;
    %dup/vec4;
    %pushi/vec4 1, 0, 4;
    %cmp/u;
    %jmp/1 T_14.22, 6;
    %dup/vec4;
    %pushi/vec4 10, 0, 4;
    %cmp/u;
    %jmp/1 T_14.23, 6;
    %dup/vec4;
    %pushi/vec4 11, 0, 4;
    %cmp/u;
    %jmp/1 T_14.24, 6;
    %jmp T_14.25;
T_14.21 ;
    %load/vec4 v0x55cf0f8a1690_0;
    %parti/s 1, 7, 4;
    %replicate 24;
    %load/vec4 v0x55cf0f8a1690_0;
    %parti/s 8, 0, 2;
    %concat/vec4; draw_concat_vec4
    %store/vec4 v0x55cf0f8a1770_0, 0, 32;
    %jmp T_14.25;
T_14.22 ;
    %load/vec4 v0x55cf0f8a1690_0;
    %parti/s 1, 15, 5;
    %replicate 24;
    %load/vec4 v0x55cf0f8a1690_0;
    %parti/s 8, 8, 5;
    %concat/vec4; draw_concat_vec4
    %store/vec4 v0x55cf0f8a1770_0, 0, 32;
    %jmp T_14.25;
T_14.23 ;
    %load/vec4 v0x55cf0f8a1690_0;
    %parti/s 1, 23, 6;
    %replicate 24;
    %load/vec4 v0x55cf0f8a1690_0;
    %parti/s 8, 16, 6;
    %concat/vec4; draw_concat_vec4
    %store/vec4 v0x55cf0f8a1770_0, 0, 32;
    %jmp T_14.25;
T_14.24 ;
    %load/vec4 v0x55cf0f8a1690_0;
    %parti/s 1, 31, 6;
    %replicate 24;
    %load/vec4 v0x55cf0f8a1690_0;
    %parti/s 8, 24, 6;
    %concat/vec4; draw_concat_vec4
    %store/vec4 v0x55cf0f8a1770_0, 0, 32;
    %jmp T_14.25;
T_14.25 ;
    %pop/vec4 1;
T_14.19 ;
    %load/vec4 v0x55cf0f8a13e0_0;
    %cmpi/e 1, 0, 3;
    %jmp/0xz  T_14.26, 4;
    %load/vec4 v0x55cf0f8a11a0_0;
    %pad/u 4;
    %dup/vec4;
    %pushi/vec4 0, 0, 4;
    %cmp/u;
    %jmp/1 T_14.28, 6;
    %dup/vec4;
    %pushi/vec4 1, 0, 4;
    %cmp/u;
    %jmp/1 T_14.29, 6;
    %dup/vec4;
    %pushi/vec4 10, 0, 4;
    %cmp/u;
    %jmp/1 T_14.30, 6;
    %jmp T_14.31;
T_14.28 ;
    %load/vec4 v0x55cf0f8a1690_0;
    %parti/s 1, 15, 5;
    %replicate 16;
    %load/vec4 v0x55cf0f8a1690_0;
    %parti/s 16, 0, 2;
    %concat/vec4; draw_concat_vec4
    %store/vec4 v0x55cf0f8a1770_0, 0, 32;
    %jmp T_14.31;
T_14.29 ;
    %load/vec4 v0x55cf0f8a1690_0;
    %parti/s 1, 23, 6;
    %replicate 16;
    %load/vec4 v0x55cf0f8a1690_0;
    %parti/s 16, 8, 5;
    %concat/vec4; draw_concat_vec4
    %store/vec4 v0x55cf0f8a1770_0, 0, 32;
    %jmp T_14.31;
T_14.30 ;
    %load/vec4 v0x55cf0f8a1690_0;
    %parti/s 1, 31, 6;
    %replicate 16;
    %load/vec4 v0x55cf0f8a1690_0;
    %parti/s 16, 16, 6;
    %concat/vec4; draw_concat_vec4
    %store/vec4 v0x55cf0f8a1770_0, 0, 32;
    %jmp T_14.31;
T_14.31 ;
    %pop/vec4 1;
T_14.26 ;
    %load/vec4 v0x55cf0f8a13e0_0;
    %cmpi/e 2, 0, 3;
    %jmp/0xz  T_14.32, 4;
    %load/vec4 v0x55cf0f8a1690_0;
    %store/vec4 v0x55cf0f8a1770_0, 0, 32;
T_14.32 ;
    %load/vec4 v0x55cf0f8a13e0_0;
    %cmpi/e 4, 0, 3;
    %jmp/0xz  T_14.34, 4;
    %load/vec4 v0x55cf0f8a11a0_0;
    %pad/u 4;
    %dup/vec4;
    %pushi/vec4 0, 0, 4;
    %cmp/u;
    %jmp/1 T_14.36, 6;
    %dup/vec4;
    %pushi/vec4 1, 0, 4;
    %cmp/u;
    %jmp/1 T_14.37, 6;
    %dup/vec4;
    %pushi/vec4 10, 0, 4;
    %cmp/u;
    %jmp/1 T_14.38, 6;
    %dup/vec4;
    %pushi/vec4 11, 0, 4;
    %cmp/u;
    %jmp/1 T_14.39, 6;
    %jmp T_14.40;
T_14.36 ;
    %pushi/vec4 0, 0, 24;
    %load/vec4 v0x55cf0f8a1690_0;
    %parti/s 8, 0, 2;
    %concat/vec4; draw_concat_vec4
    %store/vec4 v0x55cf0f8a1770_0, 0, 32;
    %jmp T_14.40;
T_14.37 ;
    %pushi/vec4 0, 0, 24;
    %load/vec4 v0x55cf0f8a1690_0;
    %parti/s 8, 8, 5;
    %concat/vec4; draw_concat_vec4
    %store/vec4 v0x55cf0f8a1770_0, 0, 32;
    %jmp T_14.40;
T_14.38 ;
    %pushi/vec4 0, 0, 24;
    %load/vec4 v0x55cf0f8a1690_0;
    %parti/s 8, 16, 6;
    %concat/vec4; draw_concat_vec4
    %store/vec4 v0x55cf0f8a1770_0, 0, 32;
    %jmp T_14.40;
T_14.39 ;
    %pushi/vec4 0, 0, 24;
    %load/vec4 v0x55cf0f8a1690_0;
    %parti/s 8, 24, 6;
    %concat/vec4; draw_concat_vec4
    %store/vec4 v0x55cf0f8a1770_0, 0, 32;
    %jmp T_14.40;
T_14.40 ;
    %pop/vec4 1;
T_14.34 ;
    %load/vec4 v0x55cf0f8a13e0_0;
    %cmpi/e 5, 0, 3;
    %jmp/0xz  T_14.41, 4;
    %load/vec4 v0x55cf0f8a11a0_0;
    %pad/u 4;
    %dup/vec4;
    %pushi/vec4 0, 0, 4;
    %cmp/u;
    %jmp/1 T_14.43, 6;
    %dup/vec4;
    %pushi/vec4 1, 0, 4;
    %cmp/u;
    %jmp/1 T_14.44, 6;
    %dup/vec4;
    %pushi/vec4 10, 0, 4;
    %cmp/u;
    %jmp/1 T_14.45, 6;
    %jmp T_14.46;
T_14.43 ;
    %pushi/vec4 0, 0, 16;
    %load/vec4 v0x55cf0f8a1690_0;
    %parti/s 16, 0, 2;
    %concat/vec4; draw_concat_vec4
    %store/vec4 v0x55cf0f8a1770_0, 0, 32;
    %jmp T_14.46;
T_14.44 ;
    %pushi/vec4 0, 0, 16;
    %load/vec4 v0x55cf0f8a1690_0;
    %parti/s 16, 8, 5;
    %concat/vec4; draw_concat_vec4
    %store/vec4 v0x55cf0f8a1770_0, 0, 32;
    %jmp T_14.46;
T_14.45 ;
    %pushi/vec4 0, 0, 16;
    %load/vec4 v0x55cf0f8a1690_0;
    %parti/s 16, 16, 6;
    %concat/vec4; draw_concat_vec4
    %store/vec4 v0x55cf0f8a1770_0, 0, 32;
    %jmp T_14.46;
T_14.46 ;
    %pop/vec4 1;
T_14.41 ;
    %load/vec4 v0x55cf0f8a13e0_0;
    %cmpi/e 6, 0, 3;
    %jmp/0xz  T_14.47, 4;
    %load/vec4 v0x55cf0f8a1690_0;
    %store/vec4 v0x55cf0f8a1770_0, 0, 32;
T_14.47 ;
T_14.17 ;
    %jmp T_14;
    .thread T_14, $push;
    .scope S_0x55cf0f8a0a60;
T_15 ;
    %wait E_0x55cf0f8a0d30;
    %load/vec4 v0x55cf0f8a2280_0;
    %nor/r;
    %flag_set/vec4 8;
    %jmp/0xz  T_15.0, 8;
    %pushi/vec4 0, 0, 1;
    %store/vec4 v0x55cf0f8a1e10_0, 0, 1;
    %pushi/vec4 0, 0, 1;
    %store/vec4 v0x55cf0f8a2320_0, 0, 1;
    %jmp T_15.1;
T_15.0 ;
    %load/vec4 v0x55cf0f8a1c30_0;
    %load/vec4 v0x55cf0f8a2000_0;
    %or;
    %store/vec4 v0x55cf0f8a1e10_0, 0, 1;
    %load/vec4 v0x55cf0f8a2000_0;
    %store/vec4 v0x55cf0f8a2320_0, 0, 1;
T_15.1 ;
    %jmp T_15;
    .thread T_15, $push;
    .scope S_0x55cf0f8a2850;
T_16 ;
    %wait E_0x55cf0f8a2ae0;
    %load/vec4 v0x55cf0f8a3060_0;
    %dup/vec4;
    %pushi/vec4 0, 0, 2;
    %cmp/u;
    %jmp/1 T_16.0, 6;
    %dup/vec4;
    %pushi/vec4 1, 0, 2;
    %cmp/u;
    %jmp/1 T_16.1, 6;
    %dup/vec4;
    %pushi/vec4 2, 0, 2;
    %cmp/u;
    %jmp/1 T_16.2, 6;
    %dup/vec4;
    %pushi/vec4 3, 0, 2;
    %cmp/u;
    %jmp/1 T_16.3, 6;
    %jmp T_16.4;
T_16.0 ;
    %load/vec4 v0x55cf0f8a2b40_0;
    %store/vec4 v0x55cf0f8a2f00_0, 0, 32;
    %jmp T_16.4;
T_16.1 ;
    %load/vec4 v0x55cf0f8a2c20_0;
    %store/vec4 v0x55cf0f8a2f00_0, 0, 32;
    %jmp T_16.4;
T_16.2 ;
    %load/vec4 v0x55cf0f8a2d30_0;
    %store/vec4 v0x55cf0f8a2f00_0, 0, 32;
    %jmp T_16.4;
T_16.3 ;
    %load/vec4 v0x55cf0f8a2e20_0;
    %store/vec4 v0x55cf0f8a2f00_0, 0, 32;
    %jmp T_16.4;
T_16.4 ;
    %pop/vec4 1;
    %jmp T_16;
    .thread T_16, $push;
    .scope S_0x55cf0f8a5810;
T_17 ;
    %end;
    .thread T_17;
    .scope S_0x55cf0f8a5810;
T_18 ;
    %wait E_0x55cf0f8a5af0;
    %load/vec4 v0x55cf0f8a6020_0;
    %load/vec4 v0x55cf0f8a6110_0;
    %and;
    %flag_set/vec4 8;
    %jmp/0xz  T_18.0, 8;
    %load/vec4 v0x55cf0f8a5e70_0;
    %parti/s 1, 0, 2;
    %flag_set/vec4 8;
    %jmp/0xz  T_18.2, 8;
    %load/vec4 v0x55cf0f8a5d30_0;
    %parti/s 8, 0, 2;
    %load/vec4 v0x55cf0f8a5b70_0;
    %pad/u 10;
    %ix/vec4 3;
    %ix/load 4, 0, 0; Constant delay
    %assign/vec4/a/d v0x55cf0f8a5f80, 0, 4;
T_18.2 ;
    %load/vec4 v0x55cf0f8a5e70_0;
    %parti/s 1, 1, 2;
    %flag_set/vec4 8;
    %jmp/0xz  T_18.4, 8;
    %load/vec4 v0x55cf0f8a5d30_0;
    %parti/s 8, 8, 5;
    %load/vec4 v0x55cf0f8a5b70_0;
    %pad/u 10;
    %ix/vec4 3;
    %ix/load 4, 8, 0; part off
    %ix/load 5, 0, 0; Constant delay
    %assign/vec4/a/d v0x55cf0f8a5f80, 4, 5;
T_18.4 ;
    %load/vec4 v0x55cf0f8a5e70_0;
    %parti/s 1, 2, 3;
    %flag_set/vec4 8;
    %jmp/0xz  T_18.6, 8;
    %load/vec4 v0x55cf0f8a5d30_0;
    %parti/s 8, 16, 6;
    %load/vec4 v0x55cf0f8a5b70_0;
    %pad/u 10;
    %ix/vec4 3;
    %ix/load 4, 16, 0; part off
    %ix/load 5, 0, 0; Constant delay
    %assign/vec4/a/d v0x55cf0f8a5f80, 4, 5;
T_18.6 ;
    %load/vec4 v0x55cf0f8a5e70_0;
    %parti/s 1, 3, 3;
    %flag_set/vec4 8;
    %jmp/0xz  T_18.8, 8;
    %load/vec4 v0x55cf0f8a5d30_0;
    %parti/s 8, 24, 6;
    %load/vec4 v0x55cf0f8a5b70_0;
    %pad/u 10;
    %ix/vec4 3;
    %ix/load 4, 24, 0; part off
    %ix/load 5, 0, 0; Constant delay
    %assign/vec4/a/d v0x55cf0f8a5f80, 4, 5;
T_18.8 ;
    %jmp T_18.1;
T_18.0 ;
    %load/vec4 v0x55cf0f8a6020_0;
    %load/vec4 v0x55cf0f8a6110_0;
    %nor/r;
    %and;
    %flag_set/vec4 8;
    %jmp/0xz  T_18.10, 8;
    %load/vec4 v0x55cf0f8a5b70_0;
    %pad/u 10;
    %ix/vec4 4;
    %load/vec4a v0x55cf0f8a5f80, 4;
    %assign/vec4 v0x55cf0f8a5dd0_0, 0;
T_18.10 ;
T_18.1 ;
    %jmp T_18;
    .thread T_18;
    .scope S_0x55cf0f8a5510;
T_19 ;
    %wait E_0x55cf0f899e90;
    %load/vec4 v0x55cf0f8a6850_0;
    %nor/r;
    %flag_set/vec4 8;
    %jmp/0xz  T_19.0, 8;
    %pushi/vec4 0, 0, 1;
    %assign/vec4 v0x55cf0f8a68f0_0, 0;
    %jmp T_19.1;
T_19.0 ;
    %load/vec4 v0x55cf0f8a6670_0;
    %assign/vec4 v0x55cf0f8a68f0_0, 0;
T_19.1 ;
    %jmp T_19;
    .thread T_19;
    .scope S_0x55cf0f855790;
T_20 ;
    %pushi/vec4 0, 0, 1;
    %store/vec4 v0x55cf0f8a9730_0, 0, 1;
    %pushi/vec4 1, 0, 1;
    %store/vec4 v0x55cf0f8a9890_0, 0, 1;
    %delay 10000, 0;
    %pushi/vec4 0, 0, 1;
    %store/vec4 v0x55cf0f8a9890_0, 0, 1;
    %delay 10000, 0;
    %pushi/vec4 1, 0, 1;
    %store/vec4 v0x55cf0f8a9890_0, 0, 1;
    %delay 120000, 0;
    %delay 80000, 0;
    %vpi_call 2 27 "$finish" {0 0 0};
    %end;
    .thread T_20;
    .scope S_0x55cf0f855790;
T_21 ;
    %vpi_call 2 30 "$dumpfile", "temp/microprocessor.vcd" {0 0 0};
    %vpi_call 2 31 "$dumpvars", 32'sb00000000000000000000000000000000, S_0x55cf0f855790 {0 0 0};
    %end;
    .thread T_21;
    .scope S_0x55cf0f855790;
T_22 ;
    %delay 5000, 0;
    %load/vec4 v0x55cf0f8a9730_0;
    %inv;
    %store/vec4 v0x55cf0f8a9730_0, 0, 1;
    %jmp T_22;
    .thread T_22;
# The file index is used to find the file name in the following table.
:file_names 26;
    "N/A";
    "<interactive>";
    "/home/zeeshan/projects/RV32I_Single_Cycle/Verilog_Codes/tb/Microprocessor_tb.v";
    "/home/zeeshan/projects/RV32I_Single_Cycle/Verilog_Codes/src/Microprocessor.v";
    "/home/zeeshan/projects/RV32I_Single_Cycle/Verilog_Codes/src/Core.v";
    "/home/zeeshan/projects/RV32I_Single_Cycle/Verilog_Codes/src/Decode.v";
    "/home/zeeshan/projects/RV32I_Single_Cycle/Verilog_Codes/src/branch.v";
    "/home/zeeshan/projects/RV32I_Single_Cycle/Verilog_Codes/src/control_unit.v";
    "/home/zeeshan/projects/RV32I_Single_Cycle/Verilog_Codes/src/control_decoder.v";
    "/home/zeeshan/projects/RV32I_Single_Cycle/Verilog_Codes/src/type_decoder.v";
    "/home/zeeshan/projects/RV32I_Single_Cycle/Verilog_Codes/src/immediate_gen.v";
    "/home/zeeshan/projects/RV32I_Single_Cycle/Verilog_Codes/src/mux3_8.v";
    "/home/zeeshan/projects/RV32I_Single_Cycle/Verilog_Codes/src/mux1_2.v";
    "/home/zeeshan/projects/RV32I_Single_Cycle/Verilog_Codes/src/register_file.v";
    "/home/zeeshan/projects/RV32I_Single_Cycle/Verilog_Codes/src/Execute.v";
    "/home/zeeshan/projects/RV32I_Single_Cycle/Verilog_Codes/src/adder.v";
    "/home/zeeshan/projects/RV32I_Single_Cycle/Verilog_Codes/src/alu.v";
    "/home/zeeshan/projects/RV32I_Single_Cycle/Verilog_Codes/src/Fetch.v";
    "/home/zeeshan/projects/RV32I_Single_Cycle/Verilog_Codes/src/program_counter.v";
    "/home/zeeshan/projects/RV32I_Single_Cycle/Verilog_Codes/src/Memory.v";
    "/home/zeeshan/projects/RV32I_Single_Cycle/Verilog_Codes/src/wrapper_memory.v";
    "/home/zeeshan/projects/RV32I_Single_Cycle/Verilog_Codes/src/Write_back.v";
    "/home/zeeshan/projects/RV32I_Single_Cycle/Verilog_Codes/src/mux2_4.v";
    "/home/zeeshan/projects/RV32I_Single_Cycle/Verilog_Codes/src/data_memory_top.v";
    "/home/zeeshan/projects/RV32I_Single_Cycle/Verilog_Codes/src/memory.v";
    "/home/zeeshan/projects/RV32I_Single_Cycle/Verilog_Codes/src/instruc_mem_top.v";
