#! /usr/bin/vvp
:ivl_version "11.0 (stable)";
:ivl_delay_selection "TYPICAL";
:vpi_time_precision - 12;
:vpi_module "/usr/lib/x86_64-linux-gnu/ivl/system.vpi";
:vpi_module "/usr/lib/x86_64-linux-gnu/ivl/vhdl_sys.vpi";
:vpi_module "/usr/lib/x86_64-linux-gnu/ivl/vhdl_textio.vpi";
:vpi_module "/usr/lib/x86_64-linux-gnu/ivl/v2005_math.vpi";
:vpi_module "/usr/lib/x86_64-linux-gnu/ivl/va_math.vpi";
S_0x55a6f816ba80 .scope module, "microprocessor_tb" "microprocessor_tb" 2 2;
 .timescale -9 -12;
v0x55a6f82a4a40_0 .var "clk", 0 0;
v0x55a6f82a4ae0_0 .var "instruction", 31 0;
v0x55a6f82a4ba0_0 .var "rst", 0 0;
S_0x55a6f82681e0 .scope module, "u_microprocessor0" "microprocessor" 2 9, 3 1 0, S_0x55a6f816ba80;
 .timescale -9 -12;
    .port_info 0 /INPUT 1 "clk";
    .port_info 1 /INPUT 1 "rst";
    .port_info 2 /INPUT 32 "instruction";
v0x55a6f82a3830_0 .net "alu_out_address", 31 0, L_0x55a6f82b78b0;  1 drivers
v0x55a6f82a3910_0 .net "clk", 0 0, v0x55a6f82a4a40_0;  1 drivers
v0x55a6f82a39b0_0 .net "data_mem_request", 0 0, v0x55a6f829c530_0;  1 drivers
v0x55a6f82a3ae0_0 .net "data_mem_valid", 0 0, v0x55a6f82a1ce0_0;  1 drivers
v0x55a6f82a3b80_0 .net "data_mem_we_re", 0 0, v0x55a6f829c9b0_0;  1 drivers
v0x55a6f82a3cb0_0 .net "instruc_mask_singal", 3 0, v0x55a6f829a790_0;  1 drivers
v0x55a6f82a3de0_0 .net "instruc_mem_valid", 0 0, v0x55a6f82a3580_0;  1 drivers
v0x55a6f82a3e80_0 .net "instruction", 31 0, v0x55a6f82a4ae0_0;  1 drivers
v0x55a6f82a3f20_0 .net "instruction_data", 31 0, v0x55a6f82a2a60_0;  1 drivers
v0x55a6f82a4100_0 .net "instruction_mem_request", 0 0, v0x55a6f829ab70_0;  1 drivers
v0x55a6f82a4230_0 .net "instruction_mem_we_re", 0 0, v0x55a6f829ae00_0;  1 drivers
v0x55a6f82a4360_0 .net "load_data_out", 31 0, v0x55a6f82a1250_0;  1 drivers
v0x55a6f82a4420_0 .net "load_signal", 0 0, L_0x55a6f82b7480;  1 drivers
v0x55a6f82a44c0_0 .net "mask", 3 0, L_0x55a6f82b7920;  1 drivers
v0x55a6f82a4580_0 .net "pc_address", 31 0, v0x55a6f8299740_0;  1 drivers
v0x55a6f82a4640_0 .net "rst", 0 0, v0x55a6f82a4ba0_0;  1 drivers
v0x55a6f82a47f0_0 .net "store_data", 31 0, v0x55a6f829ba50_0;  1 drivers
L_0x55a6f82a4c40 .part v0x55a6f8299740_0, 2, 8;
L_0x55a6f82b7990 .part L_0x55a6f82b78b0, 2, 8;
S_0x55a6f826bfc0 .scope module, "u_core" "core" 3 39, 4 1 0, S_0x55a6f82681e0;
 .timescale -9 -12;
    .port_info 0 /INPUT 1 "clk";
    .port_info 1 /INPUT 1 "rst";
    .port_info 2 /INPUT 1 "data_mem_valid";
    .port_info 3 /INPUT 1 "instruc_mem_valid";
    .port_info 4 /INPUT 32 "instruction";
    .port_info 5 /INPUT 32 "load_data_in";
    .port_info 6 /OUTPUT 1 "load_signal";
    .port_info 7 /OUTPUT 1 "instruction_mem_we_re";
    .port_info 8 /OUTPUT 1 "instruction_mem_request";
    .port_info 9 /OUTPUT 1 "data_mem_we_re";
    .port_info 10 /OUTPUT 1 "data_mem_request";
    .port_info 11 /OUTPUT 4 "mask_singal";
    .port_info 12 /OUTPUT 4 "instruc_mask_singal";
    .port_info 13 /OUTPUT 32 "store_data_out";
    .port_info 14 /OUTPUT 32 "alu_out_address";
    .port_info 15 /OUTPUT 32 "pc_address";
L_0x55a6f82b7480 .functor BUFZ 1, v0x55a6f828d910_0, C4<0>, C4<0>, C4<0>;
L_0x55a6f82b78b0 .functor BUFZ 32, v0x55a6f8297800_0, C4<00000000000000000000000000000000>, C4<00000000000000000000000000000000>, C4<00000000000000000000000000000000>;
L_0x55a6f82b7920 .functor BUFZ 4, v0x55a6f829bc40_0, C4<0000>, C4<0000>, C4<0000>;
v0x55a6f829de90_0 .net "alu_control_decode", 3 0, v0x55a6f828da80_0;  1 drivers
v0x55a6f829e000_0 .net "alu_control_execute", 3 0, L_0x55a6f82b6d80;  1 drivers
v0x55a6f829e0c0_0 .net "alu_out_address", 31 0, L_0x55a6f82b78b0;  alias, 1 drivers
v0x55a6f829e180_0 .net "alu_res_out_execute", 31 0, v0x55a6f8297800_0;  1 drivers
v0x55a6f829e240_0 .net "branch_result_decode", 0 0, v0x55a6f828cec0_0;  1 drivers
v0x55a6f829e370_0 .net "branch_result_execute", 0 0, L_0x55a6f82b6b40;  1 drivers
v0x55a6f829e410_0 .net "clk", 0 0, v0x55a6f82a4a40_0;  alias, 1 drivers
v0x55a6f829e4b0_0 .net "data_mem_request", 0 0, v0x55a6f829c530_0;  alias, 1 drivers
v0x55a6f829e550_0 .net "data_mem_valid", 0 0, v0x55a6f82a1ce0_0;  alias, 1 drivers
v0x55a6f829e680_0 .net "data_mem_we_re", 0 0, v0x55a6f829c9b0_0;  alias, 1 drivers
v0x55a6f829e720_0 .net "instruc_mask_singal", 3 0, v0x55a6f829a790_0;  alias, 1 drivers
v0x55a6f829e7c0_0 .net "instruc_mem_valid", 0 0, v0x55a6f82a3580_0;  alias, 1 drivers
v0x55a6f829e860_0 .net "instruction", 31 0, v0x55a6f82a2a60_0;  alias, 1 drivers
v0x55a6f829e900_0 .net "instruction_decode", 31 0, v0x55a6f82985c0_0;  1 drivers
v0x55a6f829ea30_0 .net "instruction_execute", 31 0, v0x55a6f828a500_0;  1 drivers
v0x55a6f829ead0_0 .net "instruction_fetch", 31 0, v0x55a6f829a4c0_0;  1 drivers
v0x55a6f829eb70_0 .net "instruction_mem_request", 0 0, v0x55a6f829ab70_0;  alias, 1 drivers
v0x55a6f829ed20_0 .net "instruction_mem_we_re", 0 0, v0x55a6f829ae00_0;  alias, 1 drivers
v0x55a6f829edc0_0 .net "jalr_decode", 0 0, v0x55a6f828e160_0;  1 drivers
v0x55a6f829ee60_0 .net "load_data_in", 31 0, v0x55a6f82a1250_0;  alias, 1 drivers
v0x55a6f829ef00_0 .net "load_decode", 0 0, v0x55a6f828d910_0;  1 drivers
v0x55a6f829efa0_0 .net "load_execute", 0 0, L_0x55a6f82b67a0;  1 drivers
v0x55a6f829f040_0 .net "load_signal", 0 0, L_0x55a6f82b7480;  alias, 1 drivers
v0x55a6f829f0e0_0 .net "mask", 3 0, v0x55a6f829bc40_0;  1 drivers
v0x55a6f829f1a0_0 .net "mask_singal", 3 0, L_0x55a6f82b7920;  alias, 1 drivers
v0x55a6f829f280_0 .net "mem_to_reg_decode", 1 0, v0x55a6f828e460_0;  1 drivers
v0x55a6f829f340_0 .net "mem_to_reg_execute", 1 0, L_0x55a6f82b6c40;  1 drivers
v0x55a6f829f400_0 .net "next_sel_address_execute", 31 0, v0x55a6f8297280_0;  1 drivers
v0x55a6f829f550_0 .net "next_sel_decode", 0 0, v0x55a6f828e520_0;  1 drivers
v0x55a6f829f5f0_0 .net "next_sel_execute", 0 0, L_0x55a6f82b69a0;  1 drivers
v0x55a6f829f690_0 .net "op_b_decode", 31 0, L_0x55a6f82b5540;  1 drivers
v0x55a6f829f750_0 .net "op_b_execute", 31 0, L_0x55a6f82b70b0;  1 drivers
v0x55a6f829f810_0 .net "opa_mux_out_decode", 31 0, L_0x55a6f82b6380;  1 drivers
v0x55a6f829fae0_0 .net "opa_mux_out_execute", 31 0, L_0x55a6f82b6e80;  1 drivers
v0x55a6f829fba0_0 .net "opb_mux_out_decode", 31 0, L_0x55a6f82b6540;  1 drivers
v0x55a6f829fc60_0 .net "opb_mux_out_execute", 31 0, L_0x55a6f82b6f80;  1 drivers
v0x55a6f829fd20_0 .net "pc_address", 31 0, v0x55a6f8299740_0;  alias, 1 drivers
v0x55a6f829fde0_0 .net "pre_pc_addr_decode", 31 0, v0x55a6f8298b90_0;  1 drivers
v0x55a6f829ff30_0 .net "pre_pc_addr_execute", 31 0, L_0x55a6f82b72e0;  1 drivers
v0x55a6f829fff0_0 .net "pre_pc_addr_fetch", 31 0, L_0x55a6f827edd0;  1 drivers
v0x55a6f82a00b0_0 .net "rd_wb_data", 31 0, v0x55a6f829d690_0;  1 drivers
o0x7f746086d618 .functor BUFZ 1, C4<z>; HiZ drive
v0x55a6f82a0200_0 .net "reg_write_decode", 0 0, o0x7f746086d618;  0 drivers
v0x55a6f82a02a0_0 .net "reg_write_execute", 0 0, L_0x55a6f82b6aa0;  1 drivers
v0x55a6f82a0340_0 .net "rst", 0 0, v0x55a6f82a4ba0_0;  alias, 1 drivers
v0x55a6f82a03e0_0 .net "store_data_out", 31 0, v0x55a6f829ba50_0;  alias, 1 drivers
v0x55a6f82a0480_0 .net "store_decode", 0 0, v0x55a6f828d9b0_0;  1 drivers
v0x55a6f82a05b0_0 .net "store_execute", 0 0, L_0x55a6f82b68a0;  1 drivers
v0x55a6f82a0650_0 .net "wrap_load_out", 31 0, v0x55a6f829be80_0;  1 drivers
S_0x55a6f824d4f0 .scope module, "u_decodepipeline" "decode_pipe" 4 96, 5 1 0, S_0x55a6f826bfc0;
 .timescale -9 -12;
    .port_info 0 /INPUT 1 "clk";
    .port_info 1 /INPUT 1 "load_in";
    .port_info 2 /INPUT 1 "store_in";
    .port_info 3 /INPUT 1 "next_sel_in";
    .port_info 4 /INPUT 1 "branch_result_in";
    .port_info 5 /INPUT 1 "reg_write_in";
    .port_info 6 /INPUT 5 "rs1_in";
    .port_info 7 /INPUT 5 "rs2_in";
    .port_info 8 /INPUT 4 "alu_control_in";
    .port_info 9 /INPUT 2 "mem_to_reg_in";
    .port_info 10 /INPUT 32 "opa_mux_in";
    .port_info 11 /INPUT 32 "opb_mux_in";
    .port_info 12 /INPUT 32 "opb_data_in";
    .port_info 13 /INPUT 32 "pre_address_in";
    .port_info 14 /INPUT 32 "instruction_in";
    .port_info 15 /OUTPUT 1 "load";
    .port_info 16 /OUTPUT 1 "store";
    .port_info 17 /OUTPUT 1 "next_sel";
    .port_info 18 /OUTPUT 1 "branch_result";
    .port_info 19 /OUTPUT 1 "reg_write_out";
    .port_info 20 /OUTPUT 5 "rs1_out";
    .port_info 21 /OUTPUT 5 "rs2_out";
    .port_info 22 /OUTPUT 4 "alu_control";
    .port_info 23 /OUTPUT 2 "mem_to_reg";
    .port_info 24 /OUTPUT 32 "opa_mux_out";
    .port_info 25 /OUTPUT 32 "opb_mux_out";
    .port_info 26 /OUTPUT 32 "opb_data_out";
    .port_info 27 /OUTPUT 32 "pre_address_out";
    .port_info 28 /OUTPUT 32 "instruction_out";
L_0x55a6f82b67a0 .functor BUFZ 1, v0x55a6f828a7a0_0, C4<0>, C4<0>, C4<0>;
L_0x55a6f82b68a0 .functor BUFZ 1, v0x55a6f828c110_0, C4<0>, C4<0>, C4<0>;
L_0x55a6f82b69a0 .functor BUFZ 1, v0x55a6f828ae00_0, C4<0>, C4<0>, C4<0>;
L_0x55a6f82b6aa0 .functor BUFZ 1, v0x55a6f828b940_0, C4<0>, C4<0>, C4<0>;
L_0x55a6f82b6b40 .functor BUFZ 1, v0x55a6f827eef0_0, C4<0>, C4<0>, C4<0>;
L_0x55a6f82b6c40 .functor BUFZ 2, v0x55a6f828a9e0_0, C4<00>, C4<00>, C4<00>;
L_0x55a6f82b6d80 .functor BUFZ 4, v0x55a6f8249200_0, C4<0000>, C4<0000>, C4<0000>;
L_0x55a6f82b6e80 .functor BUFZ 32, v0x55a6f828aec0_0, C4<00000000000000000000000000000000>, C4<00000000000000000000000000000000>, C4<00000000000000000000000000000000>;
L_0x55a6f82b6f80 .functor BUFZ 32, v0x55a6f828b400_0, C4<00000000000000000000000000000000>, C4<00000000000000000000000000000000>, C4<00000000000000000000000000000000>;
L_0x55a6f82b70b0 .functor BUFZ 32, v0x55a6f828b160_0, C4<00000000000000000000000000000000>, C4<00000000000000000000000000000000>, C4<00000000000000000000000000000000>;
L_0x55a6f82b72e0 .functor BUFZ 32, v0x55a6f828b6a0_0, C4<00000000000000000000000000000000>, C4<00000000000000000000000000000000>, C4<00000000000000000000000000000000>;
v0x55a6f8249200_0 .var "alu_con", 3 0;
v0x55a6f827f580_0 .net "alu_control", 3 0, L_0x55a6f82b6d80;  alias, 1 drivers
v0x55a6f827f620_0 .net "alu_control_in", 3 0, v0x55a6f828da80_0;  alias, 1 drivers
v0x55a6f827eef0_0 .var "branch_res", 0 0;
v0x55a6f824b3e0_0 .net "branch_result", 0 0, L_0x55a6f82b6b40;  alias, 1 drivers
v0x55a6f824b4e0_0 .net "branch_result_in", 0 0, v0x55a6f828cec0_0;  alias, 1 drivers
v0x55a6f824efd0_0 .net "clk", 0 0, v0x55a6f82a4a40_0;  alias, 1 drivers
v0x55a6f828a500_0 .var "instruction", 31 0;
v0x55a6f828a5e0_0 .net "instruction_in", 31 0, v0x55a6f82985c0_0;  alias, 1 drivers
v0x55a6f828a6c0_0 .net "instruction_out", 31 0, v0x55a6f828a500_0;  alias, 1 drivers
v0x55a6f828a7a0_0 .var "l", 0 0;
v0x55a6f828a860_0 .net "load", 0 0, L_0x55a6f82b67a0;  alias, 1 drivers
v0x55a6f828a920_0 .net "load_in", 0 0, v0x55a6f828d910_0;  alias, 1 drivers
v0x55a6f828a9e0_0 .var "mem_reg", 1 0;
v0x55a6f828aac0_0 .net "mem_to_reg", 1 0, L_0x55a6f82b6c40;  alias, 1 drivers
v0x55a6f828aba0_0 .net "mem_to_reg_in", 1 0, v0x55a6f828e460_0;  alias, 1 drivers
v0x55a6f828ac80_0 .net "next_sel", 0 0, L_0x55a6f82b69a0;  alias, 1 drivers
v0x55a6f828ad40_0 .net "next_sel_in", 0 0, v0x55a6f828e520_0;  alias, 1 drivers
v0x55a6f828ae00_0 .var "nextsel", 0 0;
v0x55a6f828aec0_0 .var "opa_mux", 31 0;
v0x55a6f828afa0_0 .net "opa_mux_in", 31 0, L_0x55a6f82b6380;  alias, 1 drivers
v0x55a6f828b080_0 .net "opa_mux_out", 31 0, L_0x55a6f82b6e80;  alias, 1 drivers
v0x55a6f828b160_0 .var "opb_data", 31 0;
v0x55a6f828b240_0 .net "opb_data_in", 31 0, L_0x55a6f82b5540;  alias, 1 drivers
v0x55a6f828b320_0 .net "opb_data_out", 31 0, L_0x55a6f82b70b0;  alias, 1 drivers
v0x55a6f828b400_0 .var "opb_mux", 31 0;
v0x55a6f828b4e0_0 .net "opb_mux_in", 31 0, L_0x55a6f82b6540;  alias, 1 drivers
v0x55a6f828b5c0_0 .net "opb_mux_out", 31 0, L_0x55a6f82b6f80;  alias, 1 drivers
v0x55a6f828b6a0_0 .var "pre_address", 31 0;
v0x55a6f828b780_0 .net "pre_address_in", 31 0, v0x55a6f8298b90_0;  alias, 1 drivers
v0x55a6f828b860_0 .net "pre_address_out", 31 0, L_0x55a6f82b72e0;  alias, 1 drivers
v0x55a6f828b940_0 .var "reg_write", 0 0;
v0x55a6f828ba00_0 .net "reg_write_in", 0 0, o0x7f746086d618;  alias, 0 drivers
v0x55a6f828bcd0_0 .net "reg_write_out", 0 0, L_0x55a6f82b6aa0;  alias, 1 drivers
o0x7f746086d678 .functor BUFZ 5, C4<zzzzz>; HiZ drive
v0x55a6f828bd90_0 .net "rs1_in", 4 0, o0x7f746086d678;  0 drivers
o0x7f746086d6a8 .functor BUFZ 5, C4<zzzzz>; HiZ drive
v0x55a6f828be70_0 .net "rs1_out", 4 0, o0x7f746086d6a8;  0 drivers
o0x7f746086d6d8 .functor BUFZ 5, C4<zzzzz>; HiZ drive
v0x55a6f828bf50_0 .net "rs2_in", 4 0, o0x7f746086d6d8;  0 drivers
o0x7f746086d708 .functor BUFZ 5, C4<zzzzz>; HiZ drive
v0x55a6f828c030_0 .net "rs2_out", 4 0, o0x7f746086d708;  0 drivers
v0x55a6f828c110_0 .var "s", 0 0;
v0x55a6f828c1d0_0 .net "store", 0 0, L_0x55a6f82b68a0;  alias, 1 drivers
v0x55a6f828c290_0 .net "store_in", 0 0, v0x55a6f828d9b0_0;  alias, 1 drivers
E_0x55a6f8176750 .event posedge, v0x55a6f824efd0_0;
S_0x55a6f824a1d0 .scope module, "u_decodestage" "decode" 4 75, 6 1 0, S_0x55a6f826bfc0;
 .timescale -9 -12;
    .port_info 0 /INPUT 1 "clk";
    .port_info 1 /INPUT 1 "rst";
    .port_info 2 /INPUT 32 "instruction";
    .port_info 3 /INPUT 32 "pc_address";
    .port_info 4 /INPUT 32 "rd_wb_data";
    .port_info 5 /INPUT 1 "valid";
    .port_info 6 /INPUT 32 "instruction_rd";
    .port_info 7 /OUTPUT 1 "load";
    .port_info 8 /OUTPUT 1 "store";
    .port_info 9 /OUTPUT 1 "jalr";
    .port_info 10 /OUTPUT 1 "next_sel";
    .port_info 11 /OUTPUT 1 "branch_result";
    .port_info 12 /OUTPUT 4 "alu_control";
    .port_info 13 /OUTPUT 2 "mem_to_reg";
    .port_info 14 /OUTPUT 32 "opa_mux_out";
    .port_info 15 /OUTPUT 32 "opb_mux_out";
    .port_info 16 /OUTPUT 32 "opb_data";
L_0x55a6f82b5540 .functor BUFZ 32, L_0x55a6f82b5e60, C4<00000000000000000000000000000000>, C4<00000000000000000000000000000000>, C4<00000000000000000000000000000000>;
v0x55a6f8295060_0 .net "alu_control", 3 0, v0x55a6f828da80_0;  alias, 1 drivers
v0x55a6f8295140_0 .net "branch", 0 0, v0x55a6f828d850_0;  1 drivers
v0x55a6f8295200_0 .net "branch_result", 0 0, v0x55a6f828cec0_0;  alias, 1 drivers
v0x55a6f82952a0_0 .net "clk", 0 0, v0x55a6f82a4a40_0;  alias, 1 drivers
v0x55a6f8295390_0 .net "i_immo", 31 0, v0x55a6f82910b0_0;  1 drivers
v0x55a6f82954d0_0 .net "imm_mux_out", 31 0, v0x55a6f82920c0_0;  1 drivers
v0x55a6f82955c0_0 .net "imm_sel", 2 0, v0x55a6f828df00_0;  1 drivers
v0x55a6f8295680_0 .net "instruction", 31 0, v0x55a6f82985c0_0;  alias, 1 drivers
v0x55a6f8295790_0 .net "instruction_rd", 31 0, v0x55a6f828a500_0;  alias, 1 drivers
v0x55a6f8295850_0 .net "jalr", 0 0, v0x55a6f828e160_0;  alias, 1 drivers
v0x55a6f82958f0_0 .net "load", 0 0, v0x55a6f828d910_0;  alias, 1 drivers
v0x55a6f8295990_0 .net "mem_to_reg", 1 0, v0x55a6f828e460_0;  alias, 1 drivers
v0x55a6f8295a30_0 .net "next_sel", 0 0, v0x55a6f828e520_0;  alias, 1 drivers
v0x55a6f8295ad0_0 .net "op_a", 31 0, L_0x55a6f82b56a0;  1 drivers
v0x55a6f8295b90_0 .net "op_b", 31 0, L_0x55a6f82b5e60;  1 drivers
v0x55a6f8295c50_0 .net "opa_mux_out", 31 0, L_0x55a6f82b6380;  alias, 1 drivers
v0x55a6f8295d60_0 .net "opb_data", 31 0, L_0x55a6f82b5540;  alias, 1 drivers
v0x55a6f8295f30_0 .net "opb_mux_out", 31 0, L_0x55a6f82b6540;  alias, 1 drivers
v0x55a6f8296020_0 .net "operand_a", 0 0, v0x55a6f828e5f0_0;  1 drivers
v0x55a6f82960c0_0 .net "operand_b", 0 0, v0x55a6f828e690_0;  1 drivers
v0x55a6f8296160_0 .net "pc_address", 31 0, v0x55a6f8298b90_0;  alias, 1 drivers
v0x55a6f8296270_0 .net "rd_wb_data", 31 0, v0x55a6f829d690_0;  alias, 1 drivers
v0x55a6f8296330_0 .net "reg_write", 0 0, v0x55a6f828e7f0_0;  1 drivers
v0x55a6f82963d0_0 .net "rst", 0 0, v0x55a6f82a4ba0_0;  alias, 1 drivers
v0x55a6f8296470_0 .net "s_immo", 31 0, v0x55a6f8291270_0;  1 drivers
v0x55a6f8296560_0 .net "sb_immo", 31 0, v0x55a6f8291310_0;  1 drivers
v0x55a6f8296650_0 .net "store", 0 0, v0x55a6f828d9b0_0;  alias, 1 drivers
v0x55a6f82966f0_0 .net "u_immo", 31 0, v0x55a6f82913f0_0;  1 drivers
v0x55a6f8296800_0 .net "uj_immo", 31 0, v0x55a6f8291520_0;  1 drivers
v0x55a6f8296910_0 .net "valid", 0 0, v0x55a6f82a1ce0_0;  alias, 1 drivers
L_0x55a6f82b4d60 .part v0x55a6f82985c0_0, 0, 7;
L_0x55a6f82b4e00 .part v0x55a6f82985c0_0, 12, 3;
L_0x55a6f82b4ea0 .part v0x55a6f82985c0_0, 30, 1;
L_0x55a6f82b60a0 .part v0x55a6f82985c0_0, 15, 5;
L_0x55a6f82b6170 .part v0x55a6f82985c0_0, 20, 5;
L_0x55a6f82b6210 .part v0x55a6f828a500_0, 7, 5;
L_0x55a6f82b6700 .part v0x55a6f82985c0_0, 12, 3;
S_0x55a6f828c8b0 .scope module, "u_branch0" "branch" 6 106, 7 1 0, S_0x55a6f824a1d0;
 .timescale -9 -12;
    .port_info 0 /INPUT 32 "op_a";
    .port_info 1 /INPUT 32 "op_b";
    .port_info 2 /INPUT 3 "fun3";
    .port_info 3 /INPUT 1 "en";
    .port_info 4 /OUTPUT 1 "result";
v0x55a6f828cb60_0 .net "en", 0 0, v0x55a6f828d850_0;  alias, 1 drivers
v0x55a6f828cc40_0 .net "fun3", 2 0, L_0x55a6f82b6700;  1 drivers
v0x55a6f828cd20_0 .net "op_a", 31 0, L_0x55a6f82b56a0;  alias, 1 drivers
v0x55a6f828cde0_0 .net "op_b", 31 0, L_0x55a6f82b5e60;  alias, 1 drivers
v0x55a6f828cec0_0 .var "result", 0 0;
E_0x55a6f8176ad0 .event edge, v0x55a6f828cb60_0, v0x55a6f828cc40_0, v0x55a6f828cd20_0, v0x55a6f828cde0_0;
S_0x55a6f828d030 .scope module, "u_cu0" "controlunit" 6 32, 8 1 0, S_0x55a6f824a1d0;
 .timescale -9 -12;
    .port_info 0 /INPUT 7 "opcode";
    .port_info 1 /INPUT 3 "fun3";
    .port_info 2 /INPUT 1 "fun7";
    .port_info 3 /INPUT 1 "valid";
    .port_info 4 /OUTPUT 1 "reg_write";
    .port_info 5 /OUTPUT 3 "imm_sel";
    .port_info 6 /OUTPUT 1 "operand_b";
    .port_info 7 /OUTPUT 1 "operand_a";
    .port_info 8 /OUTPUT 2 "mem_to_reg";
    .port_info 9 /OUTPUT 1 "Load";
    .port_info 10 /OUTPUT 1 "jalr_out";
    .port_info 11 /OUTPUT 1 "Store";
    .port_info 12 /OUTPUT 1 "Branch";
    .port_info 13 /OUTPUT 1 "mem_en";
    .port_info 14 /OUTPUT 1 "next_sel";
    .port_info 15 /OUTPUT 4 "alu_control";
v0x55a6f828f7a0_0 .net "Branch", 0 0, v0x55a6f828d850_0;  alias, 1 drivers
v0x55a6f828f860_0 .net "Load", 0 0, v0x55a6f828d910_0;  alias, 1 drivers
v0x55a6f828f970_0 .net "Store", 0 0, v0x55a6f828d9b0_0;  alias, 1 drivers
v0x55a6f828fa60_0 .net "alu_control", 3 0, v0x55a6f828da80_0;  alias, 1 drivers
v0x55a6f828fb50_0 .net "auipc", 0 0, v0x55a6f828ee20_0;  1 drivers
v0x55a6f828fc90_0 .net "branch", 0 0, v0x55a6f828ef10_0;  1 drivers
v0x55a6f828fd80_0 .net "fun3", 2 0, L_0x55a6f82b4e00;  1 drivers
v0x55a6f828fe20_0 .net "fun7", 0 0, L_0x55a6f82b4ea0;  1 drivers
v0x55a6f828fec0_0 .net "i_type", 0 0, v0x55a6f828efe0_0;  1 drivers
v0x55a6f828ff60_0 .net "imm_sel", 2 0, v0x55a6f828df00_0;  alias, 1 drivers
v0x55a6f8290000_0 .net "jal", 0 0, v0x55a6f828f0e0_0;  1 drivers
v0x55a6f82900f0_0 .net "jalr", 0 0, v0x55a6f828f1b0_0;  1 drivers
v0x55a6f82901e0_0 .net "jalr_out", 0 0, v0x55a6f828e160_0;  alias, 1 drivers
v0x55a6f8290280_0 .net "load", 0 0, v0x55a6f828f2a0_0;  1 drivers
v0x55a6f8290370_0 .net "lui", 0 0, v0x55a6f828f370_0;  1 drivers
v0x55a6f8290460_0 .net "mem_en", 0 0, v0x55a6f828e3a0_0;  1 drivers
v0x55a6f8290500_0 .net "mem_to_reg", 1 0, v0x55a6f828e460_0;  alias, 1 drivers
v0x55a6f8290700_0 .net "next_sel", 0 0, v0x55a6f828e520_0;  alias, 1 drivers
v0x55a6f82907f0_0 .net "opcode", 6 0, L_0x55a6f82b4d60;  1 drivers
v0x55a6f8290890_0 .net "operand_a", 0 0, v0x55a6f828e5f0_0;  alias, 1 drivers
v0x55a6f8290930_0 .net "operand_b", 0 0, v0x55a6f828e690_0;  alias, 1 drivers
v0x55a6f82909d0_0 .net "r_type", 0 0, v0x55a6f828f4e0_0;  1 drivers
v0x55a6f8290ac0_0 .net "reg_write", 0 0, v0x55a6f828e7f0_0;  alias, 1 drivers
v0x55a6f8290b60_0 .net "store", 0 0, v0x55a6f828f5b0_0;  1 drivers
v0x55a6f8290c50_0 .net "valid", 0 0, v0x55a6f82a1ce0_0;  alias, 1 drivers
S_0x55a6f828d3c0 .scope module, "u_controldec0" "control_decoder" 8 45, 9 1 0, S_0x55a6f828d030;
 .timescale -9 -12;
    .port_info 0 /INPUT 3 "fun3";
    .port_info 1 /INPUT 1 "fun7";
    .port_info 2 /INPUT 1 "i_type";
    .port_info 3 /INPUT 1 "r_type";
    .port_info 4 /INPUT 1 "load";
    .port_info 5 /INPUT 1 "store";
    .port_info 6 /INPUT 1 "branch";
    .port_info 7 /INPUT 1 "jal";
    .port_info 8 /INPUT 1 "jalr";
    .port_info 9 /INPUT 1 "lui";
    .port_info 10 /INPUT 1 "auipc";
    .port_info 11 /OUTPUT 1 "Load";
    .port_info 12 /OUTPUT 1 "Store";
    .port_info 13 /OUTPUT 1 "jalr_out";
    .port_info 14 /OUTPUT 2 "mem_to_reg";
    .port_info 15 /OUTPUT 1 "reg_write";
    .port_info 16 /OUTPUT 1 "mem_en";
    .port_info 17 /OUTPUT 1 "operand_b";
    .port_info 18 /OUTPUT 1 "operand_a";
    .port_info 19 /OUTPUT 3 "imm_sel";
    .port_info 20 /OUTPUT 1 "Branch";
    .port_info 21 /OUTPUT 1 "next_sel";
    .port_info 22 /OUTPUT 4 "alu_control";
v0x55a6f828d850_0 .var "Branch", 0 0;
v0x55a6f828d910_0 .var "Load", 0 0;
v0x55a6f828d9b0_0 .var "Store", 0 0;
v0x55a6f828da80_0 .var "alu_control", 3 0;
v0x55a6f828db50_0 .net "auipc", 0 0, v0x55a6f828ee20_0;  alias, 1 drivers
v0x55a6f828dc40_0 .net "branch", 0 0, v0x55a6f828ef10_0;  alias, 1 drivers
v0x55a6f828dce0_0 .net "fun3", 2 0, L_0x55a6f82b4e00;  alias, 1 drivers
v0x55a6f828dd80_0 .net "fun7", 0 0, L_0x55a6f82b4ea0;  alias, 1 drivers
v0x55a6f828de40_0 .net "i_type", 0 0, v0x55a6f828efe0_0;  alias, 1 drivers
v0x55a6f828df00_0 .var "imm_sel", 2 0;
v0x55a6f828dfe0_0 .net "jal", 0 0, v0x55a6f828f0e0_0;  alias, 1 drivers
v0x55a6f828e0a0_0 .net "jalr", 0 0, v0x55a6f828f1b0_0;  alias, 1 drivers
v0x55a6f828e160_0 .var "jalr_out", 0 0;
v0x55a6f828e220_0 .net "load", 0 0, v0x55a6f828f2a0_0;  alias, 1 drivers
v0x55a6f828e2e0_0 .net "lui", 0 0, v0x55a6f828f370_0;  alias, 1 drivers
v0x55a6f828e3a0_0 .var "mem_en", 0 0;
v0x55a6f828e460_0 .var "mem_to_reg", 1 0;
v0x55a6f828e520_0 .var "next_sel", 0 0;
v0x55a6f828e5f0_0 .var "operand_a", 0 0;
v0x55a6f828e690_0 .var "operand_b", 0 0;
v0x55a6f828e730_0 .net "r_type", 0 0, v0x55a6f828f4e0_0;  alias, 1 drivers
v0x55a6f828e7f0_0 .var "reg_write", 0 0;
v0x55a6f828e8b0_0 .net "store", 0 0, v0x55a6f828f5b0_0;  alias, 1 drivers
E_0x55a6f815f090/0 .event edge, v0x55a6f828e730_0, v0x55a6f828de40_0, v0x55a6f828e220_0, v0x55a6f828dfe0_0;
E_0x55a6f815f090/1 .event edge, v0x55a6f828e0a0_0, v0x55a6f828e2e0_0, v0x55a6f828db50_0, v0x55a6f828dc40_0;
E_0x55a6f815f090/2 .event edge, v0x55a6f828e8b0_0, v0x55a6f828dce0_0, v0x55a6f828dd80_0;
E_0x55a6f815f090 .event/or E_0x55a6f815f090/0, E_0x55a6f815f090/1, E_0x55a6f815f090/2;
S_0x55a6f828ec50 .scope module, "u_typedec0" "type_decoder" 8 31, 10 1 0, S_0x55a6f828d030;
 .timescale -9 -12;
    .port_info 0 /INPUT 7 "opcode";
    .port_info 1 /OUTPUT 1 "r_type";
    .port_info 2 /OUTPUT 1 "i_type";
    .port_info 3 /OUTPUT 1 "load";
    .port_info 4 /OUTPUT 1 "store";
    .port_info 5 /OUTPUT 1 "branch";
    .port_info 6 /OUTPUT 1 "jal";
    .port_info 7 /OUTPUT 1 "jalr";
    .port_info 8 /OUTPUT 1 "lui";
    .port_info 9 /OUTPUT 1 "auipc";
    .port_info 10 /INPUT 1 "valid";
v0x55a6f828ee20_0 .var "auipc", 0 0;
v0x55a6f828ef10_0 .var "branch", 0 0;
v0x55a6f828efe0_0 .var "i_type", 0 0;
v0x55a6f828f0e0_0 .var "jal", 0 0;
v0x55a6f828f1b0_0 .var "jalr", 0 0;
v0x55a6f828f2a0_0 .var "load", 0 0;
v0x55a6f828f370_0 .var "lui", 0 0;
v0x55a6f828f440_0 .net "opcode", 6 0, L_0x55a6f82b4d60;  alias, 1 drivers
v0x55a6f828f4e0_0 .var "r_type", 0 0;
v0x55a6f828f5b0_0 .var "store", 0 0;
v0x55a6f828f680_0 .net "valid", 0 0, v0x55a6f82a1ce0_0;  alias, 1 drivers
E_0x55a6f8280910 .event edge, v0x55a6f828f440_0, v0x55a6f828f680_0;
S_0x55a6f8290e10 .scope module, "u_imm_gen0" "immediategen" 6 52, 11 1 0, S_0x55a6f824a1d0;
 .timescale -9 -12;
    .port_info 0 /INPUT 32 "instr";
    .port_info 1 /OUTPUT 32 "i_imme";
    .port_info 2 /OUTPUT 32 "s_imme";
    .port_info 3 /OUTPUT 32 "sb_imme";
    .port_info 4 /OUTPUT 32 "uj_imme";
    .port_info 5 /OUTPUT 32 "u_imme";
v0x55a6f82910b0_0 .var "i_imme", 31 0;
v0x55a6f82911b0_0 .net "instr", 31 0, v0x55a6f82985c0_0;  alias, 1 drivers
v0x55a6f8291270_0 .var "s_imme", 31 0;
v0x55a6f8291310_0 .var "sb_imme", 31 0;
v0x55a6f82913f0_0 .var "u_imme", 31 0;
v0x55a6f8291520_0 .var "uj_imme", 31 0;
E_0x55a6f8280b70 .event edge, v0x55a6f828a5e0_0;
S_0x55a6f8291700 .scope module, "u_mux0" "mux3_8" 6 62, 12 1 0, S_0x55a6f824a1d0;
 .timescale -9 -12;
    .port_info 0 /INPUT 32 "a";
    .port_info 1 /INPUT 32 "b";
    .port_info 2 /INPUT 32 "c";
    .port_info 3 /INPUT 32 "d";
    .port_info 4 /INPUT 32 "e";
    .port_info 5 /INPUT 32 "f";
    .port_info 6 /INPUT 32 "g";
    .port_info 7 /INPUT 32 "h";
    .port_info 8 /INPUT 3 "sel";
    .port_info 9 /OUTPUT 32 "out";
v0x55a6f8291a50_0 .net "a", 31 0, v0x55a6f82910b0_0;  alias, 1 drivers
v0x55a6f8291b30_0 .net "b", 31 0, v0x55a6f8291270_0;  alias, 1 drivers
v0x55a6f8291bd0_0 .net "c", 31 0, v0x55a6f8291310_0;  alias, 1 drivers
v0x55a6f8291ca0_0 .net "d", 31 0, v0x55a6f8291520_0;  alias, 1 drivers
v0x55a6f8291d70_0 .net "e", 31 0, v0x55a6f82913f0_0;  alias, 1 drivers
o0x7f746086ede8 .functor BUFZ 32, C4<zzzzzzzzzzzzzzzzzzzzzzzzzzzzzzzz>; HiZ drive
v0x55a6f8291e60_0 .net "f", 31 0, o0x7f746086ede8;  0 drivers
o0x7f746086ee18 .functor BUFZ 32, C4<zzzzzzzzzzzzzzzzzzzzzzzzzzzzzzzz>; HiZ drive
v0x55a6f8291f00_0 .net "g", 31 0, o0x7f746086ee18;  0 drivers
o0x7f746086ee48 .functor BUFZ 32, C4<zzzzzzzzzzzzzzzzzzzzzzzzzzzzzzzz>; HiZ drive
v0x55a6f8291fe0_0 .net "h", 31 0, o0x7f746086ee48;  0 drivers
v0x55a6f82920c0_0 .var "out", 31 0;
v0x55a6f82921a0_0 .net "sel", 2 0, v0x55a6f828df00_0;  alias, 1 drivers
E_0x55a6f8280b30/0 .event edge, v0x55a6f828df00_0, v0x55a6f82910b0_0, v0x55a6f8291270_0, v0x55a6f8291310_0;
E_0x55a6f8280b30/1 .event edge, v0x55a6f8291520_0, v0x55a6f82913f0_0, v0x55a6f8291e60_0, v0x55a6f8291f00_0;
E_0x55a6f8280b30/2 .event edge, v0x55a6f8291fe0_0;
E_0x55a6f8280b30 .event/or E_0x55a6f8280b30/0, E_0x55a6f8280b30/1, E_0x55a6f8280b30/2;
S_0x55a6f82923a0 .scope module, "u_mux1" "mux" 6 89, 13 1 0, S_0x55a6f824a1d0;
 .timescale -9 -12;
    .port_info 0 /INPUT 32 "a";
    .port_info 1 /INPUT 32 "b";
    .port_info 2 /INPUT 1 "sel";
    .port_info 3 /OUTPUT 32 "out";
v0x55a6f82925d0_0 .net "a", 31 0, L_0x55a6f82b56a0;  alias, 1 drivers
v0x55a6f82926b0_0 .net "b", 31 0, v0x55a6f8298b90_0;  alias, 1 drivers
v0x55a6f8292780_0 .net "out", 31 0, L_0x55a6f82b6380;  alias, 1 drivers
v0x55a6f8292880_0 .net "sel", 0 0, v0x55a6f828e5f0_0;  alias, 1 drivers
L_0x55a6f82b6380 .functor MUXZ 32, L_0x55a6f82b56a0, v0x55a6f8298b90_0, v0x55a6f828e5f0_0, C4<>;
S_0x55a6f82929b0 .scope module, "u_mux2" "mux" 6 98, 13 1 0, S_0x55a6f824a1d0;
 .timescale -9 -12;
    .port_info 0 /INPUT 32 "a";
    .port_info 1 /INPUT 32 "b";
    .port_info 2 /INPUT 1 "sel";
    .port_info 3 /OUTPUT 32 "out";
v0x55a6f8292b90_0 .net "a", 31 0, L_0x55a6f82b5e60;  alias, 1 drivers
v0x55a6f8292ca0_0 .net "b", 31 0, v0x55a6f82920c0_0;  alias, 1 drivers
v0x55a6f8292d70_0 .net "out", 31 0, L_0x55a6f82b6540;  alias, 1 drivers
v0x55a6f8292e70_0 .net "sel", 0 0, v0x55a6f828e690_0;  alias, 1 drivers
L_0x55a6f82b6540 .functor MUXZ 32, L_0x55a6f82b5e60, v0x55a6f82920c0_0, v0x55a6f828e690_0, C4<>;
S_0x55a6f8292fa0 .scope module, "u_regfile0" "registerfile" 6 73, 14 1 0, S_0x55a6f824a1d0;
 .timescale -9 -12;
    .port_info 0 /INPUT 1 "clk";
    .port_info 1 /INPUT 1 "rst";
    .port_info 2 /INPUT 1 "en";
    .port_info 3 /INPUT 5 "rs1";
    .port_info 4 /INPUT 5 "rs2";
    .port_info 5 /INPUT 5 "rd";
    .port_info 6 /INPUT 32 "data";
    .port_info 7 /OUTPUT 32 "op_a";
    .port_info 8 /OUTPUT 32 "op_b";
v0x55a6f8293330_0 .net *"_ivl_0", 31 0, L_0x55a6f82b5050;  1 drivers
v0x55a6f8293430_0 .net *"_ivl_10", 6 0, L_0x55a6f82b52b0;  1 drivers
L_0x7f74605b7138 .functor BUFT 1, C4<00>, C4<0>, C4<0>, C4<0>;
v0x55a6f8293510_0 .net *"_ivl_13", 1 0, L_0x7f74605b7138;  1 drivers
L_0x7f74605b7180 .functor BUFT 1, C4<0000001>, C4<0>, C4<0>, C4<0>;
v0x55a6f82935d0_0 .net/2u *"_ivl_14", 6 0, L_0x7f74605b7180;  1 drivers
v0x55a6f82936b0_0 .net *"_ivl_16", 6 0, L_0x55a6f82b54a0;  1 drivers
L_0x7f74605b71c8 .functor BUFT 1, C4<00000000000000000000000000000000>, C4<0>, C4<0>, C4<0>;
v0x55a6f82937e0_0 .net/2u *"_ivl_18", 31 0, L_0x7f74605b71c8;  1 drivers
v0x55a6f82938c0_0 .net *"_ivl_22", 31 0, L_0x55a6f82b5820;  1 drivers
L_0x7f74605b7210 .functor BUFT 1, C4<000000000000000000000000000>, C4<0>, C4<0>, C4<0>;
v0x55a6f82939a0_0 .net *"_ivl_25", 26 0, L_0x7f74605b7210;  1 drivers
L_0x7f74605b7258 .functor BUFT 1, C4<00000000000000000000000000000000>, C4<0>, C4<0>, C4<0>;
v0x55a6f8293a80_0 .net/2u *"_ivl_26", 31 0, L_0x7f74605b7258;  1 drivers
v0x55a6f8293b60_0 .net *"_ivl_28", 0 0, L_0x55a6f82b59a0;  1 drivers
L_0x7f74605b70a8 .functor BUFT 1, C4<000000000000000000000000000>, C4<0>, C4<0>, C4<0>;
v0x55a6f8293c20_0 .net *"_ivl_3", 26 0, L_0x7f74605b70a8;  1 drivers
v0x55a6f8293d00_0 .net *"_ivl_30", 31 0, L_0x55a6f82b5ae0;  1 drivers
v0x55a6f8293de0_0 .net *"_ivl_32", 6 0, L_0x55a6f82b5b80;  1 drivers
L_0x7f74605b72a0 .functor BUFT 1, C4<00>, C4<0>, C4<0>, C4<0>;
v0x55a6f8293ec0_0 .net *"_ivl_35", 1 0, L_0x7f74605b72a0;  1 drivers
L_0x7f74605b72e8 .functor BUFT 1, C4<0000001>, C4<0>, C4<0>, C4<0>;
v0x55a6f8293fa0_0 .net/2u *"_ivl_36", 6 0, L_0x7f74605b72e8;  1 drivers
v0x55a6f8294080_0 .net *"_ivl_38", 6 0, L_0x55a6f82b5cd0;  1 drivers
L_0x7f74605b70f0 .functor BUFT 1, C4<00000000000000000000000000000000>, C4<0>, C4<0>, C4<0>;
v0x55a6f8294160_0 .net/2u *"_ivl_4", 31 0, L_0x7f74605b70f0;  1 drivers
L_0x7f74605b7330 .functor BUFT 1, C4<00000000000000000000000000000000>, C4<0>, C4<0>, C4<0>;
v0x55a6f8294350_0 .net/2u *"_ivl_40", 31 0, L_0x7f74605b7330;  1 drivers
v0x55a6f8294430_0 .net *"_ivl_6", 0 0, L_0x55a6f82b5140;  1 drivers
v0x55a6f82944f0_0 .net *"_ivl_8", 31 0, L_0x55a6f82b5210;  1 drivers
v0x55a6f82945d0_0 .net "clk", 0 0, v0x55a6f82a4a40_0;  alias, 1 drivers
v0x55a6f8294670_0 .net "data", 31 0, v0x55a6f829d690_0;  alias, 1 drivers
v0x55a6f8294730_0 .net "en", 0 0, v0x55a6f828e7f0_0;  alias, 1 drivers
v0x55a6f82947d0_0 .var/i "i", 31 0;
v0x55a6f82948b0_0 .net "op_a", 31 0, L_0x55a6f82b56a0;  alias, 1 drivers
v0x55a6f82949c0_0 .net "op_b", 31 0, L_0x55a6f82b5e60;  alias, 1 drivers
v0x55a6f8294ad0_0 .net "rd", 4 0, L_0x55a6f82b6210;  1 drivers
v0x55a6f8294bb0 .array "register", 1 31, 31 0;
v0x55a6f8294c70_0 .net "rs1", 4 0, L_0x55a6f82b60a0;  1 drivers
v0x55a6f8294d50_0 .net "rs2", 4 0, L_0x55a6f82b6170;  1 drivers
v0x55a6f8294e30_0 .net "rst", 0 0, v0x55a6f82a4ba0_0;  alias, 1 drivers
E_0x55a6f82932b0/0 .event negedge, v0x55a6f8294e30_0;
E_0x55a6f82932b0/1 .event posedge, v0x55a6f824efd0_0;
E_0x55a6f82932b0 .event/or E_0x55a6f82932b0/0, E_0x55a6f82932b0/1;
L_0x55a6f82b5050 .concat [ 5 27 0 0], L_0x55a6f82b60a0, L_0x7f74605b70a8;
L_0x55a6f82b5140 .cmp/ne 32, L_0x55a6f82b5050, L_0x7f74605b70f0;
L_0x55a6f82b5210 .array/port v0x55a6f8294bb0, L_0x55a6f82b54a0;
L_0x55a6f82b52b0 .concat [ 5 2 0 0], L_0x55a6f82b60a0, L_0x7f74605b7138;
L_0x55a6f82b54a0 .arith/sub 7, L_0x55a6f82b52b0, L_0x7f74605b7180;
L_0x55a6f82b56a0 .functor MUXZ 32, L_0x7f74605b71c8, L_0x55a6f82b5210, L_0x55a6f82b5140, C4<>;
L_0x55a6f82b5820 .concat [ 5 27 0 0], L_0x55a6f82b6170, L_0x7f74605b7210;
L_0x55a6f82b59a0 .cmp/ne 32, L_0x55a6f82b5820, L_0x7f74605b7258;
L_0x55a6f82b5ae0 .array/port v0x55a6f8294bb0, L_0x55a6f82b5cd0;
L_0x55a6f82b5b80 .concat [ 5 2 0 0], L_0x55a6f82b6170, L_0x7f74605b72a0;
L_0x55a6f82b5cd0 .arith/sub 7, L_0x55a6f82b5b80, L_0x7f74605b72e8;
L_0x55a6f82b5e60 .functor MUXZ 32, L_0x7f74605b7330, L_0x55a6f82b5ae0, L_0x55a6f82b59a0, C4<>;
S_0x55a6f8296c20 .scope module, "u_executestage" "execute" 4 127, 15 1 0, S_0x55a6f826bfc0;
 .timescale -9 -12;
    .port_info 0 /INPUT 32 "a_i";
    .port_info 1 /INPUT 32 "b_i";
    .port_info 2 /INPUT 4 "alu_control";
    .port_info 3 /INPUT 32 "pc_address";
    .port_info 4 /OUTPUT 32 "alu_res_out";
    .port_info 5 /OUTPUT 32 "next_sel_address";
v0x55a6f8297920_0 .net "a_i", 31 0, L_0x55a6f82b6e80;  alias, 1 drivers
v0x55a6f8297a50_0 .net "alu_control", 3 0, L_0x55a6f82b6d80;  alias, 1 drivers
v0x55a6f8297b60_0 .net "alu_res_out", 31 0, v0x55a6f8297800_0;  alias, 1 drivers
v0x55a6f8297c00_0 .net "b_i", 31 0, L_0x55a6f82b6f80;  alias, 1 drivers
v0x55a6f8297cf0_0 .net "next_sel_address", 31 0, v0x55a6f8297280_0;  alias, 1 drivers
v0x55a6f8297e00_0 .net "pc_address", 31 0, L_0x55a6f82b72e0;  alias, 1 drivers
S_0x55a6f8296ee0 .scope module, "u_adder0" "adder" 15 20, 16 1 0, S_0x55a6f8296c20;
 .timescale -9 -12;
    .port_info 0 /INPUT 32 "a";
    .port_info 1 /OUTPUT 32 "adder_out";
v0x55a6f82971a0_0 .net "a", 31 0, L_0x55a6f82b72e0;  alias, 1 drivers
v0x55a6f8297280_0 .var "adder_out", 31 0;
E_0x55a6f8297120 .event edge, v0x55a6f828b860_0;
S_0x55a6f82973a0 .scope module, "u_alu0" "alu" 15 12, 17 1 0, S_0x55a6f8296c20;
 .timescale -9 -12;
    .port_info 0 /INPUT 32 "a_i";
    .port_info 1 /INPUT 32 "b_i";
    .port_info 2 /INPUT 4 "op_i";
    .port_info 3 /OUTPUT 32 "res_o";
v0x55a6f82975e0_0 .net "a_i", 31 0, L_0x55a6f82b6e80;  alias, 1 drivers
v0x55a6f82976c0_0 .net "b_i", 31 0, L_0x55a6f82b6f80;  alias, 1 drivers
v0x55a6f8297760_0 .net "op_i", 3 0, L_0x55a6f82b6d80;  alias, 1 drivers
v0x55a6f8297800_0 .var "res_o", 31 0;
E_0x55a6f8297580 .event edge, v0x55a6f827f580_0, v0x55a6f828b080_0, v0x55a6f828b5c0_0;
S_0x55a6f8297ff0 .scope module, "u_fetchpipeline" "fetch_pipe" 4 62, 18 1 0, S_0x55a6f826bfc0;
 .timescale -9 -12;
    .port_info 0 /INPUT 1 "clk";
    .port_info 1 /INPUT 32 "pre_address_pc";
    .port_info 2 /INPUT 32 "instruction_fetch";
    .port_info 3 /INPUT 1 "next_select";
    .port_info 4 /INPUT 1 "branch_result";
    .port_info 5 /INPUT 1 "jalr";
    .port_info 6 /INPUT 1 "load";
    .port_info 7 /OUTPUT 32 "pre_address_out";
    .port_info 8 /OUTPUT 32 "instruction";
v0x55a6f8298300_0 .net "branch_result", 0 0, v0x55a6f828cec0_0;  alias, 1 drivers
v0x55a6f82983c0_0 .net "clk", 0 0, v0x55a6f82a4a40_0;  alias, 1 drivers
v0x55a6f8298480_0 .var "flush_pipeline", 0 0;
v0x55a6f8298520_0 .var "flush_pipeline2", 0 0;
v0x55a6f82985c0_0 .var "instruc", 31 0;
v0x55a6f82986f0_0 .net "instruction", 31 0, v0x55a6f82985c0_0;  alias, 1 drivers
v0x55a6f82987b0_0 .net "instruction_fetch", 31 0, v0x55a6f829a4c0_0;  alias, 1 drivers
v0x55a6f8298890_0 .net "jalr", 0 0, v0x55a6f828e160_0;  alias, 1 drivers
v0x55a6f8298930_0 .net "load", 0 0, v0x55a6f828d910_0;  alias, 1 drivers
v0x55a6f8298a60_0 .net "next_select", 0 0, v0x55a6f828e520_0;  alias, 1 drivers
v0x55a6f8298b90_0 .var "pre_address", 31 0;
v0x55a6f8298c70_0 .net "pre_address_out", 31 0, v0x55a6f8298b90_0;  alias, 1 drivers
v0x55a6f8298d30_0 .net "pre_address_pc", 31 0, L_0x55a6f827edd0;  alias, 1 drivers
S_0x55a6f8298f30 .scope module, "u_fetchstage" "fetch" 4 42, 19 1 0, S_0x55a6f826bfc0;
 .timescale -9 -12;
    .port_info 0 /INPUT 1 "clk";
    .port_info 1 /INPUT 1 "rst";
    .port_info 2 /INPUT 1 "next_sel";
    .port_info 3 /INPUT 1 "valid";
    .port_info 4 /INPUT 1 "load";
    .port_info 5 /INPUT 1 "jalr";
    .port_info 6 /INPUT 1 "branch_reselt";
    .port_info 7 /INPUT 32 "next_address";
    .port_info 8 /INPUT 32 "address_in";
    .port_info 9 /INPUT 32 "instruction_fetch";
    .port_info 10 /OUTPUT 1 "we_re";
    .port_info 11 /OUTPUT 1 "request";
    .port_info 12 /OUTPUT 4 "mask";
    .port_info 13 /OUTPUT 32 "address_out";
    .port_info 14 /OUTPUT 32 "instruction";
    .port_info 15 /OUTPUT 32 "pre_address_pc";
L_0x7f74605b7060 .functor BUFT 1, C4<00000000000000000000000000000000>, C4<0>, C4<0>, C4<0>;
v0x55a6f829a170_0 .net "address_in", 31 0, L_0x7f74605b7060;  1 drivers
v0x55a6f829a270_0 .net "address_out", 31 0, v0x55a6f8299740_0;  alias, 1 drivers
v0x55a6f829a330_0 .net "branch_reselt", 0 0, L_0x55a6f82b6b40;  alias, 1 drivers
v0x55a6f829a420_0 .net "clk", 0 0, v0x55a6f82a4a40_0;  alias, 1 drivers
v0x55a6f829a4c0_0 .var "instruction", 31 0;
v0x55a6f829a5b0_0 .net "instruction_fetch", 31 0, v0x55a6f82a2a60_0;  alias, 1 drivers
v0x55a6f829a650_0 .net "jalr", 0 0, v0x55a6f828e160_0;  alias, 1 drivers
v0x55a6f829a6f0_0 .net "load", 0 0, v0x55a6f828d910_0;  alias, 1 drivers
v0x55a6f829a790_0 .var "mask", 3 0;
v0x55a6f829a900_0 .net "next_address", 31 0, v0x55a6f8297800_0;  alias, 1 drivers
v0x55a6f829a9c0_0 .net "next_sel", 0 0, L_0x55a6f82b69a0;  alias, 1 drivers
v0x55a6f829aa60_0 .net "pre_address_pc", 31 0, L_0x55a6f827edd0;  alias, 1 drivers
v0x55a6f829ab70_0 .var "request", 0 0;
v0x55a6f829ac30_0 .net "rst", 0 0, v0x55a6f82a4ba0_0;  alias, 1 drivers
v0x55a6f829acd0_0 .net "valid", 0 0, v0x55a6f82a1ce0_0;  alias, 1 drivers
v0x55a6f829ae00_0 .var "we_re", 0 0;
E_0x55a6f8296e00 .event edge, v0x55a6f829a5b0_0;
E_0x55a6f8299320 .event edge, v0x55a6f828a920_0, v0x55a6f828f680_0;
S_0x55a6f8299380 .scope module, "u_pc0" "pc" 19 22, 20 1 0, S_0x55a6f8298f30;
 .timescale -9 -12;
    .port_info 0 /INPUT 1 "clk";
    .port_info 1 /INPUT 1 "rst";
    .port_info 2 /INPUT 1 "load";
    .port_info 3 /INPUT 1 "jalr";
    .port_info 4 /INPUT 1 "next_sel";
    .port_info 5 /INPUT 1 "dmem_valid";
    .port_info 6 /INPUT 1 "branch_reselt";
    .port_info 7 /INPUT 32 "next_address";
    .port_info 8 /INPUT 32 "address_in";
    .port_info 9 /OUTPUT 32 "address_out";
    .port_info 10 /OUTPUT 32 "pre_address_pc";
L_0x55a6f827edd0 .functor BUFZ 32, v0x55a6f8299e30_0, C4<00000000000000000000000000000000>, C4<00000000000000000000000000000000>, C4<00000000000000000000000000000000>;
L_0x7f74605b7018 .functor BUFT 1, C4<00000000000000000000000000000000>, C4<0>, C4<0>, C4<0>;
v0x55a6f8299640_0 .net "address_in", 31 0, L_0x7f74605b7018;  1 drivers
v0x55a6f8299740_0 .var "address_out", 31 0;
v0x55a6f8299820_0 .net "branch_reselt", 0 0, L_0x55a6f82b6b40;  alias, 1 drivers
v0x55a6f82998c0_0 .net "clk", 0 0, v0x55a6f82a4a40_0;  alias, 1 drivers
v0x55a6f82999f0_0 .net "dmem_valid", 0 0, v0x55a6f82a1ce0_0;  alias, 1 drivers
v0x55a6f8299a90_0 .net "jalr", 0 0, v0x55a6f828e160_0;  alias, 1 drivers
v0x55a6f8299bc0_0 .net "load", 0 0, v0x55a6f828d910_0;  alias, 1 drivers
v0x55a6f8299c60_0 .net "next_address", 31 0, v0x55a6f8297800_0;  alias, 1 drivers
v0x55a6f8299d00_0 .net "next_sel", 0 0, L_0x55a6f82b69a0;  alias, 1 drivers
v0x55a6f8299e30_0 .var "pre_address", 31 0;
v0x55a6f8299ed0_0 .net "pre_address_pc", 31 0, L_0x55a6f827edd0;  alias, 1 drivers
v0x55a6f8299f90_0 .net "rst", 0 0, v0x55a6f82a4ba0_0;  alias, 1 drivers
S_0x55a6f829b110 .scope module, "u_memorystage" "memory_stage" 4 137, 21 1 0, S_0x55a6f826bfc0;
 .timescale -9 -12;
    .port_info 0 /INPUT 1 "rst";
    .port_info 1 /INPUT 1 "load";
    .port_info 2 /INPUT 1 "store";
    .port_info 3 /INPUT 1 "valid";
    .port_info 4 /INPUT 32 "op_b";
    .port_info 5 /INPUT 32 "alu_out_address";
    .port_info 6 /INPUT 32 "instruction";
    .port_info 7 /INPUT 32 "wrap_load_in";
    .port_info 8 /OUTPUT 1 "we_re";
    .port_info 9 /OUTPUT 1 "request";
    .port_info 10 /OUTPUT 4 "mask";
    .port_info 11 /OUTPUT 32 "store_data_out";
    .port_info 12 /OUTPUT 32 "wrap_load_out";
v0x55a6f829c080_0 .net "alu_out_address", 31 0, v0x55a6f8297800_0;  alias, 1 drivers
v0x55a6f829c1f0_0 .net "instruction", 31 0, v0x55a6f828a500_0;  alias, 1 drivers
v0x55a6f829c2b0_0 .net "load", 0 0, L_0x55a6f82b67a0;  alias, 1 drivers
v0x55a6f829c350_0 .net "mask", 3 0, v0x55a6f829bc40_0;  alias, 1 drivers
v0x55a6f829c3f0_0 .net "op_b", 31 0, L_0x55a6f82b70b0;  alias, 1 drivers
v0x55a6f829c530_0 .var "request", 0 0;
v0x55a6f829c5f0_0 .net "rst", 0 0, v0x55a6f82a4ba0_0;  alias, 1 drivers
v0x55a6f829c720_0 .net "store", 0 0, L_0x55a6f82b68a0;  alias, 1 drivers
v0x55a6f829c7c0_0 .net "store_data_out", 31 0, v0x55a6f829ba50_0;  alias, 1 drivers
v0x55a6f829c910_0 .net "valid", 0 0, v0x55a6f82a3580_0;  alias, 1 drivers
v0x55a6f829c9b0_0 .var "we_re", 0 0;
v0x55a6f829ca70_0 .net "wrap_load_in", 31 0, v0x55a6f82a1250_0;  alias, 1 drivers
v0x55a6f829cb30_0 .net "wrap_load_out", 31 0, v0x55a6f829be80_0;  alias, 1 drivers
E_0x55a6f829b3e0 .event edge, v0x55a6f829c910_0, v0x55a6f828a860_0, v0x55a6f828c1d0_0;
L_0x55a6f82b7600 .part v0x55a6f8297800_0, 0, 2;
L_0x55a6f82b77e0 .part v0x55a6f828a500_0, 12, 3;
S_0x55a6f829b460 .scope module, "u_wrap_mem0" "wrappermem" 21 19, 22 1 0, S_0x55a6f829b110;
 .timescale -9 -12;
    .port_info 0 /INPUT 32 "data_i";
    .port_info 1 /INPUT 2 "byteadd";
    .port_info 2 /INPUT 3 "fun3";
    .port_info 3 /INPUT 1 "mem_en";
    .port_info 4 /INPUT 1 "Load";
    .port_info 5 /INPUT 32 "wrap_load_in";
    .port_info 6 /OUTPUT 4 "masking";
    .port_info 7 /OUTPUT 32 "data_o";
    .port_info 8 /OUTPUT 32 "wrap_load_out";
v0x55a6f829b830_0 .net "Load", 0 0, L_0x55a6f82b67a0;  alias, 1 drivers
v0x55a6f829b8f0_0 .net "byteadd", 1 0, L_0x55a6f82b7600;  1 drivers
v0x55a6f829b9b0_0 .net "data_i", 31 0, L_0x55a6f82b70b0;  alias, 1 drivers
v0x55a6f829ba50_0 .var "data_o", 31 0;
v0x55a6f829bb10_0 .net "fun3", 2 0, L_0x55a6f82b77e0;  1 drivers
v0x55a6f829bc40_0 .var "masking", 3 0;
v0x55a6f829bd20_0 .net "mem_en", 0 0, L_0x55a6f82b68a0;  alias, 1 drivers
v0x55a6f829bdc0_0 .net "wrap_load_in", 31 0, v0x55a6f82a1250_0;  alias, 1 drivers
v0x55a6f829be80_0 .var "wrap_load_out", 31 0;
E_0x55a6f829b790/0 .event edge, v0x55a6f828c1d0_0, v0x55a6f829bb10_0, v0x55a6f829b8f0_0, v0x55a6f828b320_0;
E_0x55a6f829b790/1 .event edge, v0x55a6f828a860_0, v0x55a6f829bdc0_0;
E_0x55a6f829b790 .event/or E_0x55a6f829b790/0, E_0x55a6f829b790/1;
S_0x55a6f829cd50 .scope module, "u_wbstage" "write_back" 4 157, 23 1 0, S_0x55a6f826bfc0;
 .timescale -9 -12;
    .port_info 0 /INPUT 2 "mem_to_reg";
    .port_info 1 /INPUT 32 "alu_out";
    .port_info 2 /INPUT 32 "data_mem_out";
    .port_info 3 /INPUT 32 "next_sel_address";
    .port_info 4 /OUTPUT 32 "rd_sel_mux_out";
v0x55a6f829d990_0 .net "alu_out", 31 0, v0x55a6f8297800_0;  alias, 1 drivers
v0x55a6f829da70_0 .net "data_mem_out", 31 0, v0x55a6f829be80_0;  alias, 1 drivers
v0x55a6f829db30_0 .net "mem_to_reg", 1 0, L_0x55a6f82b6c40;  alias, 1 drivers
v0x55a6f829dc20_0 .net "next_sel_address", 31 0, v0x55a6f8297280_0;  alias, 1 drivers
v0x55a6f829dce0_0 .net "rd_sel_mux_out", 31 0, v0x55a6f829d690_0;  alias, 1 drivers
S_0x55a6f829cf60 .scope module, "u_mux2" "mux2_4" 23 11, 24 1 0, S_0x55a6f829cd50;
 .timescale -9 -12;
    .port_info 0 /INPUT 32 "a";
    .port_info 1 /INPUT 32 "b";
    .port_info 2 /INPUT 32 "c";
    .port_info 3 /INPUT 32 "d";
    .port_info 4 /INPUT 2 "sel";
    .port_info 5 /OUTPUT 32 "out";
v0x55a6f829d2d0_0 .net "a", 31 0, v0x55a6f8297800_0;  alias, 1 drivers
v0x55a6f829d3b0_0 .net "b", 31 0, v0x55a6f829be80_0;  alias, 1 drivers
v0x55a6f829d4c0_0 .net "c", 31 0, v0x55a6f8297280_0;  alias, 1 drivers
o0x7f7460870d98 .functor BUFZ 32, C4<zzzzzzzzzzzzzzzzzzzzzzzzzzzzzzzz>; HiZ drive
v0x55a6f829d5b0_0 .net "d", 31 0, o0x7f7460870d98;  0 drivers
v0x55a6f829d690_0 .var "out", 31 0;
v0x55a6f829d7f0_0 .net "sel", 1 0, L_0x55a6f82b6c40;  alias, 1 drivers
E_0x55a6f829d240/0 .event edge, v0x55a6f828aac0_0, v0x55a6f8297800_0, v0x55a6f829be80_0, v0x55a6f8297280_0;
E_0x55a6f829d240/1 .event edge, v0x55a6f829d5b0_0;
E_0x55a6f829d240 .event/or E_0x55a6f829d240/0, E_0x55a6f829d240/1;
S_0x55a6f82a0a10 .scope module, "u_data_memory" "data_mem_top" 3 60, 25 1 0, S_0x55a6f82681e0;
 .timescale -9 -12;
    .port_info 0 /INPUT 1 "clk";
    .port_info 1 /INPUT 1 "rst";
    .port_info 2 /INPUT 1 "we_re";
    .port_info 3 /INPUT 1 "request";
    .port_info 4 /INPUT 1 "load";
    .port_info 5 /INPUT 4 "mask";
    .port_info 6 /INPUT 8 "address";
    .port_info 7 /INPUT 32 "data_in";
    .port_info 8 /OUTPUT 1 "valid";
    .port_info 9 /OUTPUT 32 "data_out";
P_0x55a6f828fa10 .param/l "INIT_MEM" 0 25 2, +C4<00000000000000000000000000000000>;
v0x55a6f82a17a0_0 .net "address", 7 0, L_0x55a6f82b7990;  1 drivers
v0x55a6f82a1880_0 .net "clk", 0 0, v0x55a6f82a4a40_0;  alias, 1 drivers
v0x55a6f82a1920_0 .net "data_in", 31 0, v0x55a6f829ba50_0;  alias, 1 drivers
v0x55a6f82a19c0_0 .net "data_out", 31 0, v0x55a6f82a1250_0;  alias, 1 drivers
v0x55a6f82a1a60_0 .net "load", 0 0, L_0x55a6f82b7480;  alias, 1 drivers
v0x55a6f82a1b00_0 .net "mask", 3 0, L_0x55a6f82b7920;  alias, 1 drivers
v0x55a6f82a1ba0_0 .net "request", 0 0, v0x55a6f829c530_0;  alias, 1 drivers
v0x55a6f82a1c40_0 .net "rst", 0 0, v0x55a6f82a4ba0_0;  alias, 1 drivers
v0x55a6f82a1ce0_0 .var "valid", 0 0;
v0x55a6f82a1e10_0 .net "we_re", 0 0, v0x55a6f829c9b0_0;  alias, 1 drivers
S_0x55a6f82a0d10 .scope module, "u_memory" "memory" 25 28, 26 1 0, S_0x55a6f82a0a10;
 .timescale -9 -12;
    .port_info 0 /INPUT 1 "clk";
    .port_info 1 /INPUT 1 "we_re";
    .port_info 2 /INPUT 1 "request";
    .port_info 3 /INPUT 8 "address";
    .port_info 4 /INPUT 32 "data_in";
    .port_info 5 /INPUT 4 "mask";
    .port_info 6 /OUTPUT 32 "data_out";
P_0x55a6f82a0ea0 .param/l "INIT_MEM" 0 26 2, +C4<00000000000000000000000000000000>;
v0x55a6f82a0ff0_0 .net "address", 7 0, L_0x55a6f82b7990;  alias, 1 drivers
v0x55a6f82a10f0_0 .net "clk", 0 0, v0x55a6f82a4a40_0;  alias, 1 drivers
v0x55a6f82a11b0_0 .net "data_in", 31 0, v0x55a6f829ba50_0;  alias, 1 drivers
v0x55a6f82a1250_0 .var "data_out", 31 0;
v0x55a6f82a12f0_0 .net "mask", 3 0, L_0x55a6f82b7920;  alias, 1 drivers
v0x55a6f82a1400 .array "mem", 255 0, 31 0;
v0x55a6f82a14a0_0 .net "request", 0 0, v0x55a6f829c530_0;  alias, 1 drivers
v0x55a6f82a1590_0 .net "we_re", 0 0, v0x55a6f829c9b0_0;  alias, 1 drivers
S_0x55a6f82a2050 .scope module, "u_instruction_memory" "instruc_mem_top" 3 26, 27 1 0, S_0x55a6f82681e0;
 .timescale -9 -12;
    .port_info 0 /INPUT 1 "clk";
    .port_info 1 /INPUT 1 "rst";
    .port_info 2 /INPUT 1 "we_re";
    .port_info 3 /INPUT 1 "request";
    .port_info 4 /INPUT 4 "mask";
    .port_info 5 /INPUT 8 "address";
    .port_info 6 /INPUT 32 "data_in";
    .port_info 7 /OUTPUT 1 "valid";
    .port_info 8 /OUTPUT 32 "data_out";
P_0x55a6f82a21e0 .param/l "INIT_MEM" 0 27 2, +C4<00000000000000000000000000000001>;
v0x55a6f82a3090_0 .net "address", 7 0, L_0x55a6f82a4c40;  1 drivers
v0x55a6f82a3170_0 .net "clk", 0 0, v0x55a6f82a4a40_0;  alias, 1 drivers
v0x55a6f82a3210_0 .net "data_in", 31 0, v0x55a6f82a4ae0_0;  alias, 1 drivers
v0x55a6f82a32b0_0 .net "data_out", 31 0, v0x55a6f82a2a60_0;  alias, 1 drivers
v0x55a6f82a3350_0 .net "mask", 3 0, v0x55a6f829a790_0;  alias, 1 drivers
v0x55a6f82a3440_0 .net "request", 0 0, v0x55a6f829ab70_0;  alias, 1 drivers
v0x55a6f82a34e0_0 .net "rst", 0 0, v0x55a6f82a4ba0_0;  alias, 1 drivers
v0x55a6f82a3580_0 .var "valid", 0 0;
v0x55a6f82a3670_0 .net "we_re", 0 0, v0x55a6f829ae00_0;  alias, 1 drivers
S_0x55a6f82a2470 .scope module, "u_memory" "memory" 27 27, 26 1 0, S_0x55a6f82a2050;
 .timescale -9 -12;
    .port_info 0 /INPUT 1 "clk";
    .port_info 1 /INPUT 1 "we_re";
    .port_info 2 /INPUT 1 "request";
    .port_info 3 /INPUT 8 "address";
    .port_info 4 /INPUT 32 "data_in";
    .port_info 5 /INPUT 4 "mask";
    .port_info 6 /OUTPUT 32 "data_out";
P_0x55a6f82a2650 .param/l "INIT_MEM" 0 26 2, +C4<00000000000000000000000000000001>;
v0x55a6f82a27d0_0 .net "address", 7 0, L_0x55a6f82a4c40;  alias, 1 drivers
v0x55a6f82a28d0_0 .net "clk", 0 0, v0x55a6f82a4a40_0;  alias, 1 drivers
v0x55a6f82a2990_0 .net "data_in", 31 0, v0x55a6f82a4ae0_0;  alias, 1 drivers
v0x55a6f82a2a60_0 .var "data_out", 31 0;
v0x55a6f82a2b70_0 .net "mask", 3 0, v0x55a6f829a790_0;  alias, 1 drivers
v0x55a6f82a2cd0 .array "mem", 255 0, 31 0;
v0x55a6f82a2d90_0 .net "request", 0 0, v0x55a6f829ab70_0;  alias, 1 drivers
v0x55a6f82a2e80_0 .net "we_re", 0 0, v0x55a6f829ae00_0;  alias, 1 drivers
    .scope S_0x55a6f82a2470;
T_0 ;
    %vpi_call 26 18 "$readmemh", "tb/instr.mem", v0x55a6f82a2cd0 {0 0 0};
    %end;
    .thread T_0;
    .scope S_0x55a6f82a2470;
T_1 ;
    %wait E_0x55a6f8176750;
    %load/vec4 v0x55a6f82a2d90_0;
    %load/vec4 v0x55a6f82a2e80_0;
    %and;
    %flag_set/vec4 8;
    %jmp/0xz  T_1.0, 8;
    %load/vec4 v0x55a6f82a2b70_0;
    %parti/s 1, 0, 2;
    %flag_set/vec4 8;
    %jmp/0xz  T_1.2, 8;
    %load/vec4 v0x55a6f82a2990_0;
    %parti/s 8, 0, 2;
    %load/vec4 v0x55a6f82a27d0_0;
    %pad/u 10;
    %ix/vec4 3;
    %ix/load 4, 0, 0; Constant delay
    %assign/vec4/a/d v0x55a6f82a2cd0, 0, 4;
T_1.2 ;
    %load/vec4 v0x55a6f82a2b70_0;
    %parti/s 1, 1, 2;
    %flag_set/vec4 8;
    %jmp/0xz  T_1.4, 8;
    %load/vec4 v0x55a6f82a2990_0;
    %parti/s 8, 8, 5;
    %load/vec4 v0x55a6f82a27d0_0;
    %pad/u 10;
    %ix/vec4 3;
    %ix/load 4, 8, 0; part off
    %ix/load 5, 0, 0; Constant delay
    %assign/vec4/a/d v0x55a6f82a2cd0, 4, 5;
T_1.4 ;
    %load/vec4 v0x55a6f82a2b70_0;
    %parti/s 1, 2, 3;
    %flag_set/vec4 8;
    %jmp/0xz  T_1.6, 8;
    %load/vec4 v0x55a6f82a2990_0;
    %parti/s 8, 16, 6;
    %load/vec4 v0x55a6f82a27d0_0;
    %pad/u 10;
    %ix/vec4 3;
    %ix/load 4, 16, 0; part off
    %ix/load 5, 0, 0; Constant delay
    %assign/vec4/a/d v0x55a6f82a2cd0, 4, 5;
T_1.6 ;
    %load/vec4 v0x55a6f82a2b70_0;
    %parti/s 1, 3, 3;
    %flag_set/vec4 8;
    %jmp/0xz  T_1.8, 8;
    %load/vec4 v0x55a6f82a2990_0;
    %parti/s 8, 24, 6;
    %load/vec4 v0x55a6f82a27d0_0;
    %pad/u 10;
    %ix/vec4 3;
    %ix/load 4, 24, 0; part off
    %ix/load 5, 0, 0; Constant delay
    %assign/vec4/a/d v0x55a6f82a2cd0, 4, 5;
T_1.8 ;
    %jmp T_1.1;
T_1.0 ;
    %load/vec4 v0x55a6f82a2d90_0;
    %load/vec4 v0x55a6f82a2e80_0;
    %nor/r;
    %and;
    %flag_set/vec4 8;
    %jmp/0xz  T_1.10, 8;
    %load/vec4 v0x55a6f82a27d0_0;
    %pad/u 10;
    %ix/vec4 4;
    %load/vec4a v0x55a6f82a2cd0, 4;
    %assign/vec4 v0x55a6f82a2a60_0, 0;
T_1.10 ;
T_1.1 ;
    %jmp T_1;
    .thread T_1;
    .scope S_0x55a6f82a2050;
T_2 ;
    %wait E_0x55a6f82932b0;
    %load/vec4 v0x55a6f82a34e0_0;
    %nor/r;
    %flag_set/vec4 8;
    %jmp/0xz  T_2.0, 8;
    %pushi/vec4 0, 0, 1;
    %assign/vec4 v0x55a6f82a3580_0, 0;
    %jmp T_2.1;
T_2.0 ;
    %load/vec4 v0x55a6f82a3440_0;
    %assign/vec4 v0x55a6f82a3580_0, 0;
T_2.1 ;
    %jmp T_2;
    .thread T_2;
    .scope S_0x55a6f8299380;
T_3 ;
    %wait E_0x55a6f82932b0;
    %load/vec4 v0x55a6f8299f90_0;
    %nor/r;
    %flag_set/vec4 8;
    %jmp/0xz  T_3.0, 8;
    %pushi/vec4 0, 0, 32;
    %assign/vec4 v0x55a6f8299740_0, 0;
    %jmp T_3.1;
T_3.0 ;
    %load/vec4 v0x55a6f8299d00_0;
    %load/vec4 v0x55a6f8299820_0;
    %or;
    %flag_set/vec4 8;
    %jmp/0xz  T_3.2, 8;
    %load/vec4 v0x55a6f8299c60_0;
    %assign/vec4 v0x55a6f8299740_0, 0;
    %jmp T_3.3;
T_3.2 ;
    %load/vec4 v0x55a6f8299a90_0;
    %flag_set/vec4 8;
    %jmp/0xz  T_3.4, 8;
    %load/vec4 v0x55a6f8299c60_0;
    %assign/vec4 v0x55a6f8299740_0, 0;
    %jmp T_3.5;
T_3.4 ;
    %load/vec4 v0x55a6f8299bc0_0;
    %load/vec4 v0x55a6f82999f0_0;
    %nor/r;
    %and;
    %flag_set/vec4 8;
    %jmp/0xz  T_3.6, 8;
    %load/vec4 v0x55a6f8299740_0;
    %assign/vec4 v0x55a6f8299740_0, 0;
    %load/vec4 v0x55a6f8299ed0_0;
    %assign/vec4 v0x55a6f8299e30_0, 0;
    %jmp T_3.7;
T_3.6 ;
    %load/vec4 v0x55a6f8299740_0;
    %assign/vec4 v0x55a6f8299e30_0, 0;
    %load/vec4 v0x55a6f8299740_0;
    %addi 4, 0, 32;
    %assign/vec4 v0x55a6f8299740_0, 0;
T_3.7 ;
T_3.5 ;
T_3.3 ;
T_3.1 ;
    %jmp T_3;
    .thread T_3;
    .scope S_0x55a6f8298f30;
T_4 ;
    %wait E_0x55a6f8299320;
    %load/vec4 v0x55a6f829a6f0_0;
    %load/vec4 v0x55a6f829acd0_0;
    %nor/r;
    %and;
    %flag_set/vec4 8;
    %jmp/0xz  T_4.0, 8;
    %pushi/vec4 15, 0, 4;
    %store/vec4 v0x55a6f829a790_0, 0, 4;
    %pushi/vec4 0, 0, 1;
    %store/vec4 v0x55a6f829ae00_0, 0, 1;
    %pushi/vec4 0, 0, 1;
    %store/vec4 v0x55a6f829ab70_0, 0, 1;
    %jmp T_4.1;
T_4.0 ;
    %pushi/vec4 15, 0, 4;
    %store/vec4 v0x55a6f829a790_0, 0, 4;
    %pushi/vec4 0, 0, 1;
    %store/vec4 v0x55a6f829ae00_0, 0, 1;
    %pushi/vec4 1, 0, 1;
    %store/vec4 v0x55a6f829ab70_0, 0, 1;
T_4.1 ;
    %jmp T_4;
    .thread T_4, $push;
    .scope S_0x55a6f8298f30;
T_5 ;
    %wait E_0x55a6f8296e00;
    %load/vec4 v0x55a6f829a5b0_0;
    %store/vec4 v0x55a6f829a4c0_0, 0, 32;
    %jmp T_5;
    .thread T_5, $push;
    .scope S_0x55a6f8297ff0;
T_6 ;
    %wait E_0x55a6f8176750;
    %load/vec4 v0x55a6f8298a60_0;
    %load/vec4 v0x55a6f8298300_0;
    %or;
    %load/vec4 v0x55a6f8298890_0;
    %or;
    %flag_set/vec4 8;
    %jmp/0xz  T_6.0, 8;
    %pushi/vec4 0, 0, 32;
    %assign/vec4 v0x55a6f8298b90_0, 0;
    %pushi/vec4 0, 0, 32;
    %assign/vec4 v0x55a6f82985c0_0, 0;
    %pushi/vec4 1, 0, 1;
    %assign/vec4 v0x55a6f8298480_0, 0;
    %jmp T_6.1;
T_6.0 ;
    %load/vec4 v0x55a6f8298480_0;
    %flag_set/vec4 8;
    %jmp/0xz  T_6.2, 8;
    %pushi/vec4 0, 0, 32;
    %assign/vec4 v0x55a6f8298b90_0, 0;
    %pushi/vec4 0, 0, 32;
    %assign/vec4 v0x55a6f82985c0_0, 0;
    %pushi/vec4 0, 0, 1;
    %assign/vec4 v0x55a6f8298480_0, 0;
    %pushi/vec4 1, 0, 1;
    %assign/vec4 v0x55a6f8298520_0, 0;
    %jmp T_6.3;
T_6.2 ;
    %load/vec4 v0x55a6f8298520_0;
    %flag_set/vec4 8;
    %jmp/0xz  T_6.4, 8;
    %pushi/vec4 0, 0, 32;
    %assign/vec4 v0x55a6f8298b90_0, 0;
    %pushi/vec4 0, 0, 32;
    %assign/vec4 v0x55a6f82985c0_0, 0;
    %pushi/vec4 0, 0, 1;
    %assign/vec4 v0x55a6f8298520_0, 0;
    %jmp T_6.5;
T_6.4 ;
    %load/vec4 v0x55a6f8298930_0;
    %flag_set/vec4 8;
    %jmp/0xz  T_6.6, 8;
    %load/vec4 v0x55a6f8298c70_0;
    %assign/vec4 v0x55a6f8298b90_0, 0;
    %load/vec4 v0x55a6f82986f0_0;
    %assign/vec4 v0x55a6f82985c0_0, 0;
    %jmp T_6.7;
T_6.6 ;
    %load/vec4 v0x55a6f8298d30_0;
    %assign/vec4 v0x55a6f8298b90_0, 0;
    %load/vec4 v0x55a6f82987b0_0;
    %assign/vec4 v0x55a6f82985c0_0, 0;
T_6.7 ;
T_6.5 ;
T_6.3 ;
T_6.1 ;
    %jmp T_6;
    .thread T_6;
    .scope S_0x55a6f828ec50;
T_7 ;
    %wait E_0x55a6f8280910;
    %pushi/vec4 0, 0, 1;
    %store/vec4 v0x55a6f828f4e0_0, 0, 1;
    %pushi/vec4 0, 0, 1;
    %store/vec4 v0x55a6f828efe0_0, 0, 1;
    %pushi/vec4 0, 0, 1;
    %store/vec4 v0x55a6f828f5b0_0, 0, 1;
    %pushi/vec4 0, 0, 1;
    %store/vec4 v0x55a6f828f2a0_0, 0, 1;
    %pushi/vec4 0, 0, 1;
    %store/vec4 v0x55a6f828ef10_0, 0, 1;
    %pushi/vec4 0, 0, 1;
    %store/vec4 v0x55a6f828ee20_0, 0, 1;
    %pushi/vec4 0, 0, 1;
    %store/vec4 v0x55a6f828f0e0_0, 0, 1;
    %pushi/vec4 0, 0, 1;
    %store/vec4 v0x55a6f828f1b0_0, 0, 1;
    %pushi/vec4 0, 0, 1;
    %store/vec4 v0x55a6f828f370_0, 0, 1;
    %load/vec4 v0x55a6f828f440_0;
    %dup/vec4;
    %pushi/vec4 51, 0, 7;
    %cmp/u;
    %jmp/1 T_7.0, 6;
    %dup/vec4;
    %pushi/vec4 19, 0, 7;
    %cmp/u;
    %jmp/1 T_7.1, 6;
    %dup/vec4;
    %pushi/vec4 35, 0, 7;
    %cmp/u;
    %jmp/1 T_7.2, 6;
    %dup/vec4;
    %pushi/vec4 3, 0, 7;
    %cmp/u;
    %jmp/1 T_7.3, 6;
    %dup/vec4;
    %pushi/vec4 99, 0, 7;
    %cmp/u;
    %jmp/1 T_7.4, 6;
    %dup/vec4;
    %pushi/vec4 23, 0, 7;
    %cmp/u;
    %jmp/1 T_7.5, 6;
    %dup/vec4;
    %pushi/vec4 111, 0, 7;
    %cmp/u;
    %jmp/1 T_7.6, 6;
    %dup/vec4;
    %pushi/vec4 103, 0, 7;
    %cmp/u;
    %jmp/1 T_7.7, 6;
    %dup/vec4;
    %pushi/vec4 55, 0, 7;
    %cmp/u;
    %jmp/1 T_7.8, 6;
    %pushi/vec4 0, 0, 1;
    %store/vec4 v0x55a6f828f4e0_0, 0, 1;
    %pushi/vec4 0, 0, 1;
    %store/vec4 v0x55a6f828efe0_0, 0, 1;
    %pushi/vec4 0, 0, 1;
    %store/vec4 v0x55a6f828f5b0_0, 0, 1;
    %pushi/vec4 0, 0, 1;
    %store/vec4 v0x55a6f828f2a0_0, 0, 1;
    %pushi/vec4 0, 0, 1;
    %store/vec4 v0x55a6f828ef10_0, 0, 1;
    %pushi/vec4 0, 0, 1;
    %store/vec4 v0x55a6f828ee20_0, 0, 1;
    %pushi/vec4 0, 0, 1;
    %store/vec4 v0x55a6f828f0e0_0, 0, 1;
    %pushi/vec4 0, 0, 1;
    %store/vec4 v0x55a6f828f1b0_0, 0, 1;
    %pushi/vec4 0, 0, 1;
    %store/vec4 v0x55a6f828f370_0, 0, 1;
    %jmp T_7.10;
T_7.0 ;
    %pushi/vec4 1, 0, 1;
    %store/vec4 v0x55a6f828f4e0_0, 0, 1;
    %jmp T_7.10;
T_7.1 ;
    %pushi/vec4 1, 0, 1;
    %store/vec4 v0x55a6f828efe0_0, 0, 1;
    %jmp T_7.10;
T_7.2 ;
    %pushi/vec4 1, 0, 1;
    %store/vec4 v0x55a6f828f5b0_0, 0, 1;
    %jmp T_7.10;
T_7.3 ;
    %load/vec4 v0x55a6f828f680_0;
    %flag_set/vec4 8;
    %jmp/0xz  T_7.11, 8;
    %pushi/vec4 0, 0, 1;
    %store/vec4 v0x55a6f828f2a0_0, 0, 1;
    %jmp T_7.12;
T_7.11 ;
    %pushi/vec4 1, 0, 1;
    %store/vec4 v0x55a6f828f2a0_0, 0, 1;
T_7.12 ;
    %jmp T_7.10;
T_7.4 ;
    %pushi/vec4 1, 0, 1;
    %store/vec4 v0x55a6f828ef10_0, 0, 1;
    %jmp T_7.10;
T_7.5 ;
    %pushi/vec4 1, 0, 1;
    %store/vec4 v0x55a6f828ee20_0, 0, 1;
    %jmp T_7.10;
T_7.6 ;
    %pushi/vec4 1, 0, 1;
    %store/vec4 v0x55a6f828f0e0_0, 0, 1;
    %jmp T_7.10;
T_7.7 ;
    %pushi/vec4 1, 0, 1;
    %store/vec4 v0x55a6f828f1b0_0, 0, 1;
    %jmp T_7.10;
T_7.8 ;
    %pushi/vec4 1, 0, 1;
    %store/vec4 v0x55a6f828f370_0, 0, 1;
    %jmp T_7.10;
T_7.10 ;
    %pop/vec4 1;
    %jmp T_7;
    .thread T_7, $push;
    .scope S_0x55a6f828d3c0;
T_8 ;
    %wait E_0x55a6f815f090;
    %load/vec4 v0x55a6f828e730_0;
    %load/vec4 v0x55a6f828de40_0;
    %or;
    %load/vec4 v0x55a6f828e220_0;
    %or;
    %load/vec4 v0x55a6f828dfe0_0;
    %or;
    %load/vec4 v0x55a6f828e0a0_0;
    %or;
    %load/vec4 v0x55a6f828e2e0_0;
    %or;
    %load/vec4 v0x55a6f828db50_0;
    %or;
    %store/vec4 v0x55a6f828e7f0_0, 0, 1;
    %load/vec4 v0x55a6f828dc40_0;
    %load/vec4 v0x55a6f828dfe0_0;
    %or;
    %load/vec4 v0x55a6f828db50_0;
    %or;
    %store/vec4 v0x55a6f828e5f0_0, 0, 1;
    %load/vec4 v0x55a6f828de40_0;
    %load/vec4 v0x55a6f828e220_0;
    %or;
    %load/vec4 v0x55a6f828e8b0_0;
    %or;
    %load/vec4 v0x55a6f828dc40_0;
    %or;
    %load/vec4 v0x55a6f828dfe0_0;
    %or;
    %load/vec4 v0x55a6f828e0a0_0;
    %or;
    %load/vec4 v0x55a6f828e2e0_0;
    %or;
    %load/vec4 v0x55a6f828db50_0;
    %or;
    %store/vec4 v0x55a6f828e690_0, 0, 1;
    %load/vec4 v0x55a6f828e220_0;
    %store/vec4 v0x55a6f828d910_0, 0, 1;
    %load/vec4 v0x55a6f828e8b0_0;
    %store/vec4 v0x55a6f828d9b0_0, 0, 1;
    %load/vec4 v0x55a6f828dc40_0;
    %store/vec4 v0x55a6f828d850_0, 0, 1;
    %load/vec4 v0x55a6f828dfe0_0;
    %store/vec4 v0x55a6f828e520_0, 0, 1;
    %load/vec4 v0x55a6f828e0a0_0;
    %store/vec4 v0x55a6f828e160_0, 0, 1;
    %load/vec4 v0x55a6f828e8b0_0;
    %store/vec4 v0x55a6f828e3a0_0, 0, 1;
    %load/vec4 v0x55a6f828e730_0;
    %flag_set/vec4 8;
    %jmp/0xz  T_8.0, 8;
    %pushi/vec4 0, 0, 2;
    %store/vec4 v0x55a6f828e460_0, 0, 2;
    %load/vec4 v0x55a6f828dce0_0;
    %pushi/vec4 0, 0, 3;
    %cmp/e;
    %flag_get/vec4 4;
    %load/vec4 v0x55a6f828dd80_0;
    %pad/u 32;
    %pushi/vec4 0, 0, 32;
    %cmp/e;
    %flag_get/vec4 4;
    %and;
    %flag_set/vec4 8;
    %jmp/0xz  T_8.2, 8;
    %pushi/vec4 0, 0, 4;
    %store/vec4 v0x55a6f828da80_0, 0, 4;
    %jmp T_8.3;
T_8.2 ;
    %load/vec4 v0x55a6f828dce0_0;
    %pushi/vec4 0, 0, 3;
    %cmp/e;
    %flag_get/vec4 4;
    %load/vec4 v0x55a6f828dd80_0;
    %pad/u 32;
    %pushi/vec4 1, 0, 32;
    %cmp/e;
    %flag_get/vec4 4;
    %and;
    %flag_set/vec4 8;
    %jmp/0xz  T_8.4, 8;
    %pushi/vec4 1, 0, 4;
    %store/vec4 v0x55a6f828da80_0, 0, 4;
    %jmp T_8.5;
T_8.4 ;
    %load/vec4 v0x55a6f828dce0_0;
    %pushi/vec4 1, 0, 3;
    %cmp/e;
    %flag_get/vec4 4;
    %load/vec4 v0x55a6f828dd80_0;
    %pad/u 32;
    %pushi/vec4 0, 0, 32;
    %cmp/e;
    %flag_get/vec4 4;
    %and;
    %flag_set/vec4 8;
    %jmp/0xz  T_8.6, 8;
    %pushi/vec4 2, 0, 4;
    %store/vec4 v0x55a6f828da80_0, 0, 4;
    %jmp T_8.7;
T_8.6 ;
    %load/vec4 v0x55a6f828dce0_0;
    %pushi/vec4 2, 0, 3;
    %cmp/e;
    %flag_get/vec4 4;
    %load/vec4 v0x55a6f828dd80_0;
    %pad/u 32;
    %pushi/vec4 0, 0, 32;
    %cmp/e;
    %flag_get/vec4 4;
    %and;
    %flag_set/vec4 8;
    %jmp/0xz  T_8.8, 8;
    %pushi/vec4 3, 0, 4;
    %store/vec4 v0x55a6f828da80_0, 0, 4;
    %jmp T_8.9;
T_8.8 ;
    %load/vec4 v0x55a6f828dce0_0;
    %pushi/vec4 3, 0, 3;
    %cmp/e;
    %flag_get/vec4 4;
    %load/vec4 v0x55a6f828dd80_0;
    %pad/u 32;
    %pushi/vec4 0, 0, 32;
    %cmp/e;
    %flag_get/vec4 4;
    %and;
    %flag_set/vec4 8;
    %jmp/0xz  T_8.10, 8;
    %pushi/vec4 4, 0, 4;
    %store/vec4 v0x55a6f828da80_0, 0, 4;
    %jmp T_8.11;
T_8.10 ;
    %load/vec4 v0x55a6f828dce0_0;
    %pushi/vec4 4, 0, 3;
    %cmp/e;
    %flag_get/vec4 4;
    %load/vec4 v0x55a6f828dd80_0;
    %pad/u 32;
    %pushi/vec4 0, 0, 32;
    %cmp/e;
    %flag_get/vec4 4;
    %and;
    %flag_set/vec4 8;
    %jmp/0xz  T_8.12, 8;
    %pushi/vec4 5, 0, 4;
    %store/vec4 v0x55a6f828da80_0, 0, 4;
    %jmp T_8.13;
T_8.12 ;
    %load/vec4 v0x55a6f828dce0_0;
    %pushi/vec4 5, 0, 3;
    %cmp/e;
    %flag_get/vec4 4;
    %load/vec4 v0x55a6f828dd80_0;
    %pad/u 32;
    %pushi/vec4 0, 0, 32;
    %cmp/e;
    %flag_get/vec4 4;
    %and;
    %flag_set/vec4 8;
    %jmp/0xz  T_8.14, 8;
    %pushi/vec4 6, 0, 4;
    %store/vec4 v0x55a6f828da80_0, 0, 4;
    %jmp T_8.15;
T_8.14 ;
    %load/vec4 v0x55a6f828dce0_0;
    %pushi/vec4 5, 0, 3;
    %cmp/e;
    %flag_get/vec4 4;
    %load/vec4 v0x55a6f828dd80_0;
    %pad/u 32;
    %pushi/vec4 1, 0, 32;
    %cmp/e;
    %flag_get/vec4 4;
    %and;
    %flag_set/vec4 8;
    %jmp/0xz  T_8.16, 8;
    %pushi/vec4 7, 0, 4;
    %store/vec4 v0x55a6f828da80_0, 0, 4;
    %jmp T_8.17;
T_8.16 ;
    %load/vec4 v0x55a6f828dce0_0;
    %pushi/vec4 6, 0, 3;
    %cmp/e;
    %flag_get/vec4 4;
    %load/vec4 v0x55a6f828dd80_0;
    %pad/u 32;
    %pushi/vec4 0, 0, 32;
    %cmp/e;
    %flag_get/vec4 4;
    %and;
    %flag_set/vec4 8;
    %jmp/0xz  T_8.18, 8;
    %pushi/vec4 8, 0, 4;
    %store/vec4 v0x55a6f828da80_0, 0, 4;
    %jmp T_8.19;
T_8.18 ;
    %load/vec4 v0x55a6f828dce0_0;
    %pushi/vec4 7, 0, 3;
    %cmp/e;
    %flag_get/vec4 4;
    %load/vec4 v0x55a6f828dd80_0;
    %pad/u 32;
    %pushi/vec4 0, 0, 32;
    %cmp/e;
    %flag_get/vec4 4;
    %and;
    %flag_set/vec4 8;
    %jmp/0xz  T_8.20, 8;
    %pushi/vec4 9, 0, 4;
    %store/vec4 v0x55a6f828da80_0, 0, 4;
T_8.20 ;
T_8.19 ;
T_8.17 ;
T_8.15 ;
T_8.13 ;
T_8.11 ;
T_8.9 ;
T_8.7 ;
T_8.5 ;
T_8.3 ;
    %jmp T_8.1;
T_8.0 ;
    %load/vec4 v0x55a6f828de40_0;
    %flag_set/vec4 8;
    %jmp/0xz  T_8.22, 8;
    %pushi/vec4 0, 0, 3;
    %store/vec4 v0x55a6f828df00_0, 0, 3;
    %pushi/vec4 0, 0, 2;
    %store/vec4 v0x55a6f828e460_0, 0, 2;
    %load/vec4 v0x55a6f828dce0_0;
    %pushi/vec4 0, 0, 3;
    %cmp/e;
    %flag_get/vec4 4;
    %load/vec4 v0x55a6f828dd80_0;
    %pad/u 32;
    %pushi/vec4 0, 0, 32;
    %cmp/e;
    %flag_get/vec4 4;
    %and;
    %flag_set/vec4 8;
    %jmp/0xz  T_8.24, 8;
    %pushi/vec4 0, 0, 4;
    %store/vec4 v0x55a6f828da80_0, 0, 4;
    %jmp T_8.25;
T_8.24 ;
    %load/vec4 v0x55a6f828dce0_0;
    %pushi/vec4 1, 0, 3;
    %cmp/e;
    %flag_get/vec4 4;
    %load/vec4 v0x55a6f828dd80_0;
    %pad/u 32;
    %pushi/vec4 0, 0, 32;
    %cmp/e;
    %flag_get/vec4 4;
    %and;
    %flag_set/vec4 8;
    %jmp/0xz  T_8.26, 8;
    %pushi/vec4 2, 0, 4;
    %store/vec4 v0x55a6f828da80_0, 0, 4;
    %jmp T_8.27;
T_8.26 ;
    %load/vec4 v0x55a6f828dce0_0;
    %pushi/vec4 2, 0, 3;
    %cmp/e;
    %flag_get/vec4 4;
    %load/vec4 v0x55a6f828dd80_0;
    %pad/u 32;
    %pushi/vec4 0, 0, 32;
    %cmp/e;
    %flag_get/vec4 4;
    %and;
    %flag_set/vec4 8;
    %jmp/0xz  T_8.28, 8;
    %pushi/vec4 3, 0, 4;
    %store/vec4 v0x55a6f828da80_0, 0, 4;
    %jmp T_8.29;
T_8.28 ;
    %load/vec4 v0x55a6f828dce0_0;
    %pushi/vec4 3, 0, 3;
    %cmp/e;
    %flag_get/vec4 4;
    %load/vec4 v0x55a6f828dd80_0;
    %pad/u 32;
    %pushi/vec4 0, 0, 32;
    %cmp/e;
    %flag_get/vec4 4;
    %and;
    %flag_set/vec4 8;
    %jmp/0xz  T_8.30, 8;
    %pushi/vec4 4, 0, 4;
    %store/vec4 v0x55a6f828da80_0, 0, 4;
    %jmp T_8.31;
T_8.30 ;
    %load/vec4 v0x55a6f828dce0_0;
    %pushi/vec4 4, 0, 3;
    %cmp/e;
    %flag_get/vec4 4;
    %load/vec4 v0x55a6f828dd80_0;
    %pad/u 32;
    %pushi/vec4 0, 0, 32;
    %cmp/e;
    %flag_get/vec4 4;
    %and;
    %flag_set/vec4 8;
    %jmp/0xz  T_8.32, 8;
    %pushi/vec4 5, 0, 4;
    %store/vec4 v0x55a6f828da80_0, 0, 4;
    %jmp T_8.33;
T_8.32 ;
    %load/vec4 v0x55a6f828dce0_0;
    %pushi/vec4 5, 0, 3;
    %cmp/e;
    %flag_get/vec4 4;
    %load/vec4 v0x55a6f828dd80_0;
    %pad/u 32;
    %pushi/vec4 0, 0, 32;
    %cmp/e;
    %flag_get/vec4 4;
    %and;
    %flag_set/vec4 8;
    %jmp/0xz  T_8.34, 8;
    %pushi/vec4 6, 0, 4;
    %store/vec4 v0x55a6f828da80_0, 0, 4;
    %jmp T_8.35;
T_8.34 ;
    %load/vec4 v0x55a6f828dce0_0;
    %pushi/vec4 5, 0, 3;
    %cmp/e;
    %flag_get/vec4 4;
    %load/vec4 v0x55a6f828dd80_0;
    %pad/u 32;
    %pushi/vec4 1, 0, 32;
    %cmp/e;
    %flag_get/vec4 4;
    %and;
    %flag_set/vec4 8;
    %jmp/0xz  T_8.36, 8;
    %pushi/vec4 7, 0, 4;
    %store/vec4 v0x55a6f828da80_0, 0, 4;
    %jmp T_8.37;
T_8.36 ;
    %load/vec4 v0x55a6f828dce0_0;
    %pushi/vec4 6, 0, 3;
    %cmp/e;
    %flag_get/vec4 4;
    %load/vec4 v0x55a6f828dd80_0;
    %pad/u 32;
    %pushi/vec4 0, 0, 32;
    %cmp/e;
    %flag_get/vec4 4;
    %and;
    %flag_set/vec4 8;
    %jmp/0xz  T_8.38, 8;
    %pushi/vec4 8, 0, 4;
    %store/vec4 v0x55a6f828da80_0, 0, 4;
    %jmp T_8.39;
T_8.38 ;
    %load/vec4 v0x55a6f828dce0_0;
    %pushi/vec4 7, 0, 3;
    %cmp/e;
    %flag_get/vec4 4;
    %load/vec4 v0x55a6f828dd80_0;
    %pad/u 32;
    %pushi/vec4 0, 0, 32;
    %cmp/e;
    %flag_get/vec4 4;
    %and;
    %flag_set/vec4 8;
    %jmp/0xz  T_8.40, 8;
    %pushi/vec4 9, 0, 4;
    %store/vec4 v0x55a6f828da80_0, 0, 4;
T_8.40 ;
T_8.39 ;
T_8.37 ;
T_8.35 ;
T_8.33 ;
T_8.31 ;
T_8.29 ;
T_8.27 ;
T_8.25 ;
    %jmp T_8.23;
T_8.22 ;
    %load/vec4 v0x55a6f828e8b0_0;
    %flag_set/vec4 8;
    %jmp/0xz  T_8.42, 8;
    %pushi/vec4 1, 0, 3;
    %store/vec4 v0x55a6f828df00_0, 0, 3;
    %pushi/vec4 0, 0, 2;
    %store/vec4 v0x55a6f828e460_0, 0, 2;
    %load/vec4 v0x55a6f828dce0_0;
    %cmpi/e 0, 0, 3;
    %jmp/0xz  T_8.44, 4;
    %pushi/vec4 0, 0, 4;
    %store/vec4 v0x55a6f828da80_0, 0, 4;
    %jmp T_8.45;
T_8.44 ;
    %load/vec4 v0x55a6f828dce0_0;
    %cmpi/e 1, 0, 3;
    %jmp/0xz  T_8.46, 4;
    %pushi/vec4 0, 0, 4;
    %store/vec4 v0x55a6f828da80_0, 0, 4;
    %jmp T_8.47;
T_8.46 ;
    %load/vec4 v0x55a6f828dce0_0;
    %cmpi/e 2, 0, 3;
    %jmp/0xz  T_8.48, 4;
    %pushi/vec4 0, 0, 4;
    %store/vec4 v0x55a6f828da80_0, 0, 4;
T_8.48 ;
T_8.47 ;
T_8.45 ;
    %jmp T_8.43;
T_8.42 ;
    %load/vec4 v0x55a6f828e220_0;
    %flag_set/vec4 8;
    %jmp/0xz  T_8.50, 8;
    %pushi/vec4 0, 0, 3;
    %store/vec4 v0x55a6f828df00_0, 0, 3;
    %pushi/vec4 1, 0, 2;
    %store/vec4 v0x55a6f828e460_0, 0, 2;
    %load/vec4 v0x55a6f828dce0_0;
    %cmpi/e 0, 0, 3;
    %jmp/0xz  T_8.52, 4;
    %pushi/vec4 0, 0, 4;
    %store/vec4 v0x55a6f828da80_0, 0, 4;
    %jmp T_8.53;
T_8.52 ;
    %load/vec4 v0x55a6f828dce0_0;
    %cmpi/e 1, 0, 3;
    %jmp/0xz  T_8.54, 4;
    %pushi/vec4 0, 0, 4;
    %store/vec4 v0x55a6f828da80_0, 0, 4;
    %jmp T_8.55;
T_8.54 ;
    %load/vec4 v0x55a6f828dce0_0;
    %cmpi/e 2, 0, 3;
    %jmp/0xz  T_8.56, 4;
    %pushi/vec4 0, 0, 4;
    %store/vec4 v0x55a6f828da80_0, 0, 4;
    %jmp T_8.57;
T_8.56 ;
    %load/vec4 v0x55a6f828dce0_0;
    %cmpi/e 4, 0, 3;
    %jmp/0xz  T_8.58, 4;
    %pushi/vec4 0, 0, 4;
    %store/vec4 v0x55a6f828da80_0, 0, 4;
    %jmp T_8.59;
T_8.58 ;
    %load/vec4 v0x55a6f828dce0_0;
    %cmpi/e 5, 0, 3;
    %jmp/0xz  T_8.60, 4;
    %pushi/vec4 0, 0, 4;
    %store/vec4 v0x55a6f828da80_0, 0, 4;
    %jmp T_8.61;
T_8.60 ;
    %load/vec4 v0x55a6f828dce0_0;
    %cmpi/e 6, 0, 3;
    %jmp/0xz  T_8.62, 4;
    %pushi/vec4 0, 0, 4;
    %store/vec4 v0x55a6f828da80_0, 0, 4;
T_8.62 ;
T_8.61 ;
T_8.59 ;
T_8.57 ;
T_8.55 ;
T_8.53 ;
    %jmp T_8.51;
T_8.50 ;
    %load/vec4 v0x55a6f828dc40_0;
    %flag_set/vec4 8;
    %jmp/0xz  T_8.64, 8;
    %pushi/vec4 0, 0, 4;
    %store/vec4 v0x55a6f828da80_0, 0, 4;
    %pushi/vec4 0, 0, 2;
    %store/vec4 v0x55a6f828e460_0, 0, 2;
    %pushi/vec4 2, 0, 3;
    %store/vec4 v0x55a6f828df00_0, 0, 3;
    %jmp T_8.65;
T_8.64 ;
    %load/vec4 v0x55a6f828dfe0_0;
    %flag_set/vec4 8;
    %jmp/0xz  T_8.66, 8;
    %pushi/vec4 0, 0, 4;
    %store/vec4 v0x55a6f828da80_0, 0, 4;
    %pushi/vec4 2, 0, 2;
    %store/vec4 v0x55a6f828e460_0, 0, 2;
    %pushi/vec4 3, 0, 3;
    %store/vec4 v0x55a6f828df00_0, 0, 3;
T_8.66 ;
T_8.65 ;
T_8.51 ;
T_8.43 ;
T_8.23 ;
T_8.1 ;
    %load/vec4 v0x55a6f828e0a0_0;
    %flag_set/vec4 8;
    %jmp/0xz  T_8.68, 8;
    %pushi/vec4 0, 0, 2;
    %store/vec4 v0x55a6f828e460_0, 0, 2;
    %pushi/vec4 0, 0, 4;
    %store/vec4 v0x55a6f828da80_0, 0, 4;
    %pushi/vec4 0, 0, 3;
    %store/vec4 v0x55a6f828df00_0, 0, 3;
    %jmp T_8.69;
T_8.68 ;
    %load/vec4 v0x55a6f828e2e0_0;
    %flag_set/vec4 8;
    %jmp/0xz  T_8.70, 8;
    %pushi/vec4 0, 0, 2;
    %store/vec4 v0x55a6f828e460_0, 0, 2;
    %pushi/vec4 4, 0, 3;
    %store/vec4 v0x55a6f828df00_0, 0, 3;
    %pushi/vec4 15, 0, 4;
    %store/vec4 v0x55a6f828da80_0, 0, 4;
    %jmp T_8.71;
T_8.70 ;
    %load/vec4 v0x55a6f828db50_0;
    %flag_set/vec4 8;
    %jmp/0xz  T_8.72, 8;
    %pushi/vec4 0, 0, 2;
    %store/vec4 v0x55a6f828e460_0, 0, 2;
    %pushi/vec4 0, 0, 4;
    %store/vec4 v0x55a6f828da80_0, 0, 4;
    %pushi/vec4 4, 0, 3;
    %store/vec4 v0x55a6f828df00_0, 0, 3;
T_8.72 ;
T_8.71 ;
T_8.69 ;
    %jmp T_8;
    .thread T_8, $push;
    .scope S_0x55a6f8290e10;
T_9 ;
    %wait E_0x55a6f8280b70;
    %load/vec4 v0x55a6f82911b0_0;
    %parti/s 1, 31, 6;
    %replicate 20;
    %load/vec4 v0x55a6f82911b0_0;
    %parti/s 12, 20, 6;
    %concat/vec4; draw_concat_vec4
    %store/vec4 v0x55a6f82910b0_0, 0, 32;
    %load/vec4 v0x55a6f82911b0_0;
    %parti/s 1, 31, 6;
    %replicate 20;
    %load/vec4 v0x55a6f82911b0_0;
    %parti/s 7, 25, 6;
    %concat/vec4; draw_concat_vec4
    %load/vec4 v0x55a6f82911b0_0;
    %parti/s 5, 7, 4;
    %concat/vec4; draw_concat_vec4
    %store/vec4 v0x55a6f8291270_0, 0, 32;
    %load/vec4 v0x55a6f82911b0_0;
    %parti/s 1, 31, 6;
    %replicate 19;
    %load/vec4 v0x55a6f82911b0_0;
    %parti/s 1, 31, 6;
    %concat/vec4; draw_concat_vec4
    %load/vec4 v0x55a6f82911b0_0;
    %parti/s 1, 7, 4;
    %concat/vec4; draw_concat_vec4
    %load/vec4 v0x55a6f82911b0_0;
    %parti/s 6, 25, 6;
    %concat/vec4; draw_concat_vec4
    %load/vec4 v0x55a6f82911b0_0;
    %parti/s 4, 8, 5;
    %concat/vec4; draw_concat_vec4
    %concati/vec4 0, 0, 1;
    %store/vec4 v0x55a6f8291310_0, 0, 32;
    %load/vec4 v0x55a6f82911b0_0;
    %parti/s 1, 31, 6;
    %replicate 11;
    %load/vec4 v0x55a6f82911b0_0;
    %parti/s 1, 31, 6;
    %concat/vec4; draw_concat_vec4
    %load/vec4 v0x55a6f82911b0_0;
    %parti/s 8, 12, 5;
    %concat/vec4; draw_concat_vec4
    %load/vec4 v0x55a6f82911b0_0;
    %parti/s 1, 20, 6;
    %concat/vec4; draw_concat_vec4
    %load/vec4 v0x55a6f82911b0_0;
    %parti/s 10, 21, 6;
    %concat/vec4; draw_concat_vec4
    %concati/vec4 0, 0, 1;
    %store/vec4 v0x55a6f8291520_0, 0, 32;
    %load/vec4 v0x55a6f82911b0_0;
    %parti/s 20, 12, 5;
    %concati/vec4 0, 0, 12;
    %store/vec4 v0x55a6f82913f0_0, 0, 32;
    %jmp T_9;
    .thread T_9, $push;
    .scope S_0x55a6f8291700;
T_10 ;
    %wait E_0x55a6f8280b30;
    %load/vec4 v0x55a6f82921a0_0;
    %dup/vec4;
    %pushi/vec4 0, 0, 3;
    %cmp/u;
    %jmp/1 T_10.0, 6;
    %dup/vec4;
    %pushi/vec4 1, 0, 3;
    %cmp/u;
    %jmp/1 T_10.1, 6;
    %dup/vec4;
    %pushi/vec4 2, 0, 3;
    %cmp/u;
    %jmp/1 T_10.2, 6;
    %dup/vec4;
    %pushi/vec4 3, 0, 3;
    %cmp/u;
    %jmp/1 T_10.3, 6;
    %dup/vec4;
    %pushi/vec4 4, 0, 3;
    %cmp/u;
    %jmp/1 T_10.4, 6;
    %dup/vec4;
    %pushi/vec4 5, 0, 3;
    %cmp/u;
    %jmp/1 T_10.5, 6;
    %dup/vec4;
    %pushi/vec4 6, 0, 3;
    %cmp/u;
    %jmp/1 T_10.6, 6;
    %dup/vec4;
    %pushi/vec4 7, 0, 3;
    %cmp/u;
    %jmp/1 T_10.7, 6;
    %jmp T_10.8;
T_10.0 ;
    %load/vec4 v0x55a6f8291a50_0;
    %store/vec4 v0x55a6f82920c0_0, 0, 32;
    %jmp T_10.8;
T_10.1 ;
    %load/vec4 v0x55a6f8291b30_0;
    %store/vec4 v0x55a6f82920c0_0, 0, 32;
    %jmp T_10.8;
T_10.2 ;
    %load/vec4 v0x55a6f8291bd0_0;
    %store/vec4 v0x55a6f82920c0_0, 0, 32;
    %jmp T_10.8;
T_10.3 ;
    %load/vec4 v0x55a6f8291ca0_0;
    %store/vec4 v0x55a6f82920c0_0, 0, 32;
    %jmp T_10.8;
T_10.4 ;
    %load/vec4 v0x55a6f8291d70_0;
    %store/vec4 v0x55a6f82920c0_0, 0, 32;
    %jmp T_10.8;
T_10.5 ;
    %load/vec4 v0x55a6f8291e60_0;
    %store/vec4 v0x55a6f82920c0_0, 0, 32;
    %jmp T_10.8;
T_10.6 ;
    %load/vec4 v0x55a6f8291f00_0;
    %store/vec4 v0x55a6f82920c0_0, 0, 32;
    %jmp T_10.8;
T_10.7 ;
    %load/vec4 v0x55a6f8291fe0_0;
    %store/vec4 v0x55a6f82920c0_0, 0, 32;
    %jmp T_10.8;
T_10.8 ;
    %pop/vec4 1;
    %jmp T_10;
    .thread T_10, $push;
    .scope S_0x55a6f8292fa0;
T_11 ;
    %wait E_0x55a6f82932b0;
    %load/vec4 v0x55a6f8294e30_0;
    %nor/r;
    %flag_set/vec4 8;
    %jmp/0xz  T_11.0, 8;
    %pushi/vec4 0, 0, 32;
    %store/vec4 v0x55a6f82947d0_0, 0, 32;
T_11.2 ;
    %load/vec4 v0x55a6f82947d0_0;
    %cmpi/s 32, 0, 32;
    %jmp/0xz T_11.3, 5;
    %pushi/vec4 0, 0, 32;
    %load/vec4 v0x55a6f82947d0_0;
    %subi 1, 0, 32;
    %ix/vec4/s 3;
    %ix/load 4, 0, 0; Constant delay
    %assign/vec4/a/d v0x55a6f8294bb0, 0, 4;
    ; show_stmt_assign_vector: Get l-value for compressed += operand
    %load/vec4 v0x55a6f82947d0_0;
    %pushi/vec4 1, 0, 32;
    %add;
    %store/vec4 v0x55a6f82947d0_0, 0, 32;
    %jmp T_11.2;
T_11.3 ;
    %jmp T_11.1;
T_11.0 ;
    %load/vec4 v0x55a6f8294730_0;
    %flag_set/vec4 8;
    %jmp/0xz  T_11.4, 8;
    %load/vec4 v0x55a6f8294670_0;
    %load/vec4 v0x55a6f8294ad0_0;
    %pad/u 7;
    %subi 1, 0, 7;
    %ix/vec4 3;
    %ix/load 4, 0, 0; Constant delay
    %assign/vec4/a/d v0x55a6f8294bb0, 0, 4;
T_11.4 ;
T_11.1 ;
    %jmp T_11;
    .thread T_11;
    .scope S_0x55a6f828c8b0;
T_12 ;
    %wait E_0x55a6f8176ad0;
    %load/vec4 v0x55a6f828cb60_0;
    %pad/u 32;
    %cmpi/e 1, 0, 32;
    %jmp/0xz  T_12.0, 4;
    %load/vec4 v0x55a6f828cc40_0;
    %dup/vec4;
    %pushi/vec4 0, 0, 3;
    %cmp/u;
    %jmp/1 T_12.2, 6;
    %dup/vec4;
    %pushi/vec4 1, 0, 3;
    %cmp/u;
    %jmp/1 T_12.3, 6;
    %dup/vec4;
    %pushi/vec4 4, 0, 3;
    %cmp/u;
    %jmp/1 T_12.4, 6;
    %dup/vec4;
    %pushi/vec4 5, 0, 3;
    %cmp/u;
    %jmp/1 T_12.5, 6;
    %dup/vec4;
    %pushi/vec4 6, 0, 3;
    %cmp/u;
    %jmp/1 T_12.6, 6;
    %dup/vec4;
    %pushi/vec4 7, 0, 3;
    %cmp/u;
    %jmp/1 T_12.7, 6;
    %jmp T_12.8;
T_12.2 ;
    %load/vec4 v0x55a6f828cd20_0;
    %load/vec4 v0x55a6f828cde0_0;
    %cmp/e;
    %flag_mov 8, 4;
    %jmp/0 T_12.9, 8;
    %pushi/vec4 1, 0, 2;
    %jmp/1 T_12.10, 8;
T_12.9 ; End of true expr.
    %pushi/vec4 0, 0, 2;
    %jmp/0 T_12.10, 8;
 ; End of false expr.
    %blend;
T_12.10;
    %pad/s 1;
    %store/vec4 v0x55a6f828cec0_0, 0, 1;
    %jmp T_12.8;
T_12.3 ;
    %load/vec4 v0x55a6f828cd20_0;
    %load/vec4 v0x55a6f828cde0_0;
    %cmp/ne;
    %flag_mov 8, 4;
    %jmp/0 T_12.11, 8;
    %pushi/vec4 1, 0, 2;
    %jmp/1 T_12.12, 8;
T_12.11 ; End of true expr.
    %pushi/vec4 0, 0, 2;
    %jmp/0 T_12.12, 8;
 ; End of false expr.
    %blend;
T_12.12;
    %pad/s 1;
    %store/vec4 v0x55a6f828cec0_0, 0, 1;
    %jmp T_12.8;
T_12.4 ;
    %load/vec4 v0x55a6f828cd20_0;
    %load/vec4 v0x55a6f828cde0_0;
    %cmp/s;
    %flag_mov 8, 5;
    %jmp/0 T_12.13, 8;
    %pushi/vec4 1, 0, 2;
    %jmp/1 T_12.14, 8;
T_12.13 ; End of true expr.
    %pushi/vec4 0, 0, 2;
    %jmp/0 T_12.14, 8;
 ; End of false expr.
    %blend;
T_12.14;
    %pad/s 1;
    %store/vec4 v0x55a6f828cec0_0, 0, 1;
    %jmp T_12.8;
T_12.5 ;
    %load/vec4 v0x55a6f828cde0_0;
    %load/vec4 v0x55a6f828cd20_0;
    %cmp/s;
    %flag_or 5, 4;
    %flag_mov 8, 5;
    %jmp/0 T_12.15, 8;
    %pushi/vec4 1, 0, 2;
    %jmp/1 T_12.16, 8;
T_12.15 ; End of true expr.
    %pushi/vec4 0, 0, 2;
    %jmp/0 T_12.16, 8;
 ; End of false expr.
    %blend;
T_12.16;
    %pad/s 1;
    %store/vec4 v0x55a6f828cec0_0, 0, 1;
    %jmp T_12.8;
T_12.6 ;
    %load/vec4 v0x55a6f828cd20_0;
    %load/vec4 v0x55a6f828cde0_0;
    %cmp/u;
    %flag_mov 8, 5;
    %jmp/0 T_12.17, 8;
    %pushi/vec4 1, 0, 2;
    %jmp/1 T_12.18, 8;
T_12.17 ; End of true expr.
    %pushi/vec4 0, 0, 2;
    %jmp/0 T_12.18, 8;
 ; End of false expr.
    %blend;
T_12.18;
    %pad/s 1;
    %store/vec4 v0x55a6f828cec0_0, 0, 1;
    %jmp T_12.8;
T_12.7 ;
    %load/vec4 v0x55a6f828cde0_0;
    %load/vec4 v0x55a6f828cd20_0;
    %cmp/u;
    %flag_or 5, 4;
    %flag_mov 8, 5;
    %jmp/0 T_12.19, 8;
    %pushi/vec4 1, 0, 2;
    %jmp/1 T_12.20, 8;
T_12.19 ; End of true expr.
    %pushi/vec4 0, 0, 2;
    %jmp/0 T_12.20, 8;
 ; End of false expr.
    %blend;
T_12.20;
    %pad/s 1;
    %store/vec4 v0x55a6f828cec0_0, 0, 1;
    %jmp T_12.8;
T_12.8 ;
    %pop/vec4 1;
    %jmp T_12.1;
T_12.0 ;
    %pushi/vec4 0, 0, 1;
    %store/vec4 v0x55a6f828cec0_0, 0, 1;
T_12.1 ;
    %jmp T_12;
    .thread T_12, $push;
    .scope S_0x55a6f824d4f0;
T_13 ;
    %wait E_0x55a6f8176750;
    %load/vec4 v0x55a6f828a920_0;
    %assign/vec4 v0x55a6f828a7a0_0, 0;
    %load/vec4 v0x55a6f828c290_0;
    %assign/vec4 v0x55a6f828c110_0, 0;
    %load/vec4 v0x55a6f828ad40_0;
    %assign/vec4 v0x55a6f828ae00_0, 0;
    %load/vec4 v0x55a6f824b4e0_0;
    %assign/vec4 v0x55a6f827eef0_0, 0;
    %load/vec4 v0x55a6f828aba0_0;
    %assign/vec4 v0x55a6f828a9e0_0, 0;
    %load/vec4 v0x55a6f827f620_0;
    %assign/vec4 v0x55a6f8249200_0, 0;
    %load/vec4 v0x55a6f828afa0_0;
    %assign/vec4 v0x55a6f828aec0_0, 0;
    %load/vec4 v0x55a6f828b4e0_0;
    %assign/vec4 v0x55a6f828b400_0, 0;
    %load/vec4 v0x55a6f828b240_0;
    %assign/vec4 v0x55a6f828b160_0, 0;
    %load/vec4 v0x55a6f828b780_0;
    %assign/vec4 v0x55a6f828b6a0_0, 0;
    %load/vec4 v0x55a6f828a5e0_0;
    %assign/vec4 v0x55a6f828a500_0, 0;
    %load/vec4 v0x55a6f828ba00_0;
    %assign/vec4 v0x55a6f828b940_0, 0;
    %jmp T_13;
    .thread T_13;
    .scope S_0x55a6f82973a0;
T_14 ;
    %wait E_0x55a6f8297580;
    %load/vec4 v0x55a6f8297760_0;
    %cmpi/e 0, 0, 4;
    %jmp/0xz  T_14.0, 4;
    %load/vec4 v0x55a6f82975e0_0;
    %load/vec4 v0x55a6f82976c0_0;
    %add;
    %store/vec4 v0x55a6f8297800_0, 0, 32;
    %jmp T_14.1;
T_14.0 ;
    %load/vec4 v0x55a6f8297760_0;
    %cmpi/e 1, 0, 4;
    %jmp/0xz  T_14.2, 4;
    %load/vec4 v0x55a6f82975e0_0;
    %load/vec4 v0x55a6f82976c0_0;
    %sub;
    %store/vec4 v0x55a6f8297800_0, 0, 32;
    %jmp T_14.3;
T_14.2 ;
    %load/vec4 v0x55a6f8297760_0;
    %cmpi/e 2, 0, 4;
    %jmp/0xz  T_14.4, 4;
    %load/vec4 v0x55a6f82975e0_0;
    %ix/getv 4, v0x55a6f82976c0_0;
    %shiftl 4;
    %store/vec4 v0x55a6f8297800_0, 0, 32;
    %jmp T_14.5;
T_14.4 ;
    %load/vec4 v0x55a6f8297760_0;
    %cmpi/e 3, 0, 4;
    %jmp/0xz  T_14.6, 4;
    %load/vec4 v0x55a6f82975e0_0;
    %load/vec4 v0x55a6f82976c0_0;
    %cmp/s;
    %flag_get/vec4 5;
    %pad/u 32;
    %store/vec4 v0x55a6f8297800_0, 0, 32;
    %jmp T_14.7;
T_14.6 ;
    %load/vec4 v0x55a6f8297760_0;
    %cmpi/e 4, 0, 4;
    %jmp/0xz  T_14.8, 4;
    %load/vec4 v0x55a6f82975e0_0;
    %load/vec4 v0x55a6f82976c0_0;
    %cmp/u;
    %flag_get/vec4 5;
    %pad/u 32;
    %store/vec4 v0x55a6f8297800_0, 0, 32;
    %jmp T_14.9;
T_14.8 ;
    %load/vec4 v0x55a6f8297760_0;
    %cmpi/e 5, 0, 4;
    %jmp/0xz  T_14.10, 4;
    %load/vec4 v0x55a6f82975e0_0;
    %load/vec4 v0x55a6f82976c0_0;
    %xor;
    %store/vec4 v0x55a6f8297800_0, 0, 32;
    %jmp T_14.11;
T_14.10 ;
    %load/vec4 v0x55a6f8297760_0;
    %cmpi/e 6, 0, 4;
    %jmp/0xz  T_14.12, 4;
    %load/vec4 v0x55a6f82975e0_0;
    %ix/getv 4, v0x55a6f82976c0_0;
    %shiftr 4;
    %store/vec4 v0x55a6f8297800_0, 0, 32;
    %jmp T_14.13;
T_14.12 ;
    %load/vec4 v0x55a6f8297760_0;
    %cmpi/e 7, 0, 4;
    %jmp/0xz  T_14.14, 4;
    %load/vec4 v0x55a6f82975e0_0;
    %ix/getv 4, v0x55a6f82976c0_0;
    %shiftr 4;
    %store/vec4 v0x55a6f8297800_0, 0, 32;
    %jmp T_14.15;
T_14.14 ;
    %load/vec4 v0x55a6f8297760_0;
    %cmpi/e 8, 0, 4;
    %jmp/0xz  T_14.16, 4;
    %load/vec4 v0x55a6f82975e0_0;
    %load/vec4 v0x55a6f82976c0_0;
    %or;
    %store/vec4 v0x55a6f8297800_0, 0, 32;
    %jmp T_14.17;
T_14.16 ;
    %load/vec4 v0x55a6f8297760_0;
    %cmpi/e 9, 0, 4;
    %jmp/0xz  T_14.18, 4;
    %load/vec4 v0x55a6f82975e0_0;
    %load/vec4 v0x55a6f82976c0_0;
    %and;
    %store/vec4 v0x55a6f8297800_0, 0, 32;
    %jmp T_14.19;
T_14.18 ;
    %load/vec4 v0x55a6f8297760_0;
    %cmpi/e 15, 0, 4;
    %jmp/0xz  T_14.20, 4;
    %load/vec4 v0x55a6f82976c0_0;
    %store/vec4 v0x55a6f8297800_0, 0, 32;
    %jmp T_14.21;
T_14.20 ;
    %pushi/vec4 0, 0, 32;
    %store/vec4 v0x55a6f8297800_0, 0, 32;
T_14.21 ;
T_14.19 ;
T_14.17 ;
T_14.15 ;
T_14.13 ;
T_14.11 ;
T_14.9 ;
T_14.7 ;
T_14.5 ;
T_14.3 ;
T_14.1 ;
    %jmp T_14;
    .thread T_14, $push;
    .scope S_0x55a6f8296ee0;
T_15 ;
    %wait E_0x55a6f8297120;
    %load/vec4 v0x55a6f82971a0_0;
    %addi 4, 0, 32;
    %store/vec4 v0x55a6f8297280_0, 0, 32;
    %jmp T_15;
    .thread T_15, $push;
    .scope S_0x55a6f829b460;
T_16 ;
    %wait E_0x55a6f829b790;
    %load/vec4 v0x55a6f829bd20_0;
    %flag_set/vec4 8;
    %jmp/0xz  T_16.0, 8;
    %pushi/vec4 0, 0, 4;
    %store/vec4 v0x55a6f829bc40_0, 0, 4;
    %load/vec4 v0x55a6f829bb10_0;
    %cmpi/e 0, 0, 3;
    %jmp/0xz  T_16.2, 4;
    %load/vec4 v0x55a6f829b8f0_0;
    %pad/u 4;
    %dup/vec4;
    %pushi/vec4 0, 0, 4;
    %cmp/u;
    %jmp/1 T_16.4, 6;
    %dup/vec4;
    %pushi/vec4 1, 0, 4;
    %cmp/u;
    %jmp/1 T_16.5, 6;
    %dup/vec4;
    %pushi/vec4 10, 0, 4;
    %cmp/u;
    %jmp/1 T_16.6, 6;
    %dup/vec4;
    %pushi/vec4 11, 0, 4;
    %cmp/u;
    %jmp/1 T_16.7, 6;
    %jmp T_16.8;
T_16.4 ;
    %pushi/vec4 1, 0, 4;
    %store/vec4 v0x55a6f829bc40_0, 0, 4;
    %load/vec4 v0x55a6f829b9b0_0;
    %store/vec4 v0x55a6f829ba50_0, 0, 32;
    %jmp T_16.8;
T_16.5 ;
    %pushi/vec4 2, 0, 4;
    %store/vec4 v0x55a6f829bc40_0, 0, 4;
    %load/vec4 v0x55a6f829b9b0_0;
    %parti/s 16, 16, 6;
    %load/vec4 v0x55a6f829b9b0_0;
    %parti/s 8, 0, 2;
    %concat/vec4; draw_concat_vec4
    %load/vec4 v0x55a6f829b9b0_0;
    %parti/s 8, 0, 2;
    %concat/vec4; draw_concat_vec4
    %store/vec4 v0x55a6f829ba50_0, 0, 32;
    %jmp T_16.8;
T_16.6 ;
    %pushi/vec4 4, 0, 4;
    %store/vec4 v0x55a6f829bc40_0, 0, 4;
    %load/vec4 v0x55a6f829b9b0_0;
    %parti/s 8, 24, 6;
    %load/vec4 v0x55a6f829b9b0_0;
    %parti/s 8, 0, 2;
    %concat/vec4; draw_concat_vec4
    %load/vec4 v0x55a6f829b9b0_0;
    %parti/s 16, 0, 2;
    %concat/vec4; draw_concat_vec4
    %store/vec4 v0x55a6f829ba50_0, 0, 32;
    %jmp T_16.8;
T_16.7 ;
    %pushi/vec4 8, 0, 4;
    %store/vec4 v0x55a6f829bc40_0, 0, 4;
    %load/vec4 v0x55a6f829b9b0_0;
    %parti/s 8, 0, 2;
    %load/vec4 v0x55a6f829b9b0_0;
    %parti/s 24, 0, 2;
    %concat/vec4; draw_concat_vec4
    %store/vec4 v0x55a6f829ba50_0, 0, 32;
    %jmp T_16.8;
T_16.8 ;
    %pop/vec4 1;
T_16.2 ;
    %load/vec4 v0x55a6f829bb10_0;
    %cmpi/e 1, 0, 3;
    %jmp/0xz  T_16.9, 4;
    %load/vec4 v0x55a6f829b8f0_0;
    %pad/u 4;
    %dup/vec4;
    %pushi/vec4 0, 0, 4;
    %cmp/u;
    %jmp/1 T_16.11, 6;
    %dup/vec4;
    %pushi/vec4 1, 0, 4;
    %cmp/u;
    %jmp/1 T_16.12, 6;
    %dup/vec4;
    %pushi/vec4 10, 0, 4;
    %cmp/u;
    %jmp/1 T_16.13, 6;
    %jmp T_16.14;
T_16.11 ;
    %pushi/vec4 3, 0, 4;
    %store/vec4 v0x55a6f829bc40_0, 0, 4;
    %load/vec4 v0x55a6f829b9b0_0;
    %store/vec4 v0x55a6f829ba50_0, 0, 32;
    %jmp T_16.14;
T_16.12 ;
    %pushi/vec4 6, 0, 4;
    %store/vec4 v0x55a6f829bc40_0, 0, 4;
    %load/vec4 v0x55a6f829b9b0_0;
    %parti/s 8, 24, 6;
    %load/vec4 v0x55a6f829b9b0_0;
    %parti/s 16, 0, 2;
    %concat/vec4; draw_concat_vec4
    %load/vec4 v0x55a6f829b9b0_0;
    %parti/s 8, 0, 2;
    %concat/vec4; draw_concat_vec4
    %store/vec4 v0x55a6f829ba50_0, 0, 32;
    %jmp T_16.14;
T_16.13 ;
    %pushi/vec4 12, 0, 4;
    %store/vec4 v0x55a6f829bc40_0, 0, 4;
    %load/vec4 v0x55a6f829b9b0_0;
    %parti/s 16, 0, 2;
    %load/vec4 v0x55a6f829b9b0_0;
    %parti/s 16, 0, 2;
    %concat/vec4; draw_concat_vec4
    %store/vec4 v0x55a6f829ba50_0, 0, 32;
    %jmp T_16.14;
T_16.14 ;
    %pop/vec4 1;
T_16.9 ;
    %load/vec4 v0x55a6f829bb10_0;
    %cmpi/e 2, 0, 3;
    %jmp/0xz  T_16.15, 4;
    %pushi/vec4 15, 0, 4;
    %store/vec4 v0x55a6f829bc40_0, 0, 4;
    %load/vec4 v0x55a6f829b9b0_0;
    %store/vec4 v0x55a6f829ba50_0, 0, 32;
T_16.15 ;
T_16.0 ;
    %load/vec4 v0x55a6f829b830_0;
    %flag_set/vec4 8;
    %jmp/0xz  T_16.17, 8;
    %load/vec4 v0x55a6f829bb10_0;
    %cmpi/e 0, 0, 3;
    %jmp/0xz  T_16.19, 4;
    %load/vec4 v0x55a6f829b8f0_0;
    %pad/u 4;
    %dup/vec4;
    %pushi/vec4 0, 0, 4;
    %cmp/u;
    %jmp/1 T_16.21, 6;
    %dup/vec4;
    %pushi/vec4 1, 0, 4;
    %cmp/u;
    %jmp/1 T_16.22, 6;
    %dup/vec4;
    %pushi/vec4 10, 0, 4;
    %cmp/u;
    %jmp/1 T_16.23, 6;
    %dup/vec4;
    %pushi/vec4 11, 0, 4;
    %cmp/u;
    %jmp/1 T_16.24, 6;
    %jmp T_16.25;
T_16.21 ;
    %load/vec4 v0x55a6f829bdc0_0;
    %parti/s 1, 7, 4;
    %replicate 24;
    %load/vec4 v0x55a6f829bdc0_0;
    %parti/s 8, 0, 2;
    %concat/vec4; draw_concat_vec4
    %store/vec4 v0x55a6f829be80_0, 0, 32;
    %jmp T_16.25;
T_16.22 ;
    %load/vec4 v0x55a6f829bdc0_0;
    %parti/s 1, 15, 5;
    %replicate 24;
    %load/vec4 v0x55a6f829bdc0_0;
    %parti/s 8, 8, 5;
    %concat/vec4; draw_concat_vec4
    %store/vec4 v0x55a6f829be80_0, 0, 32;
    %jmp T_16.25;
T_16.23 ;
    %load/vec4 v0x55a6f829bdc0_0;
    %parti/s 1, 23, 6;
    %replicate 24;
    %load/vec4 v0x55a6f829bdc0_0;
    %parti/s 8, 16, 6;
    %concat/vec4; draw_concat_vec4
    %store/vec4 v0x55a6f829be80_0, 0, 32;
    %jmp T_16.25;
T_16.24 ;
    %load/vec4 v0x55a6f829bdc0_0;
    %parti/s 1, 31, 6;
    %replicate 24;
    %load/vec4 v0x55a6f829bdc0_0;
    %parti/s 8, 24, 6;
    %concat/vec4; draw_concat_vec4
    %store/vec4 v0x55a6f829be80_0, 0, 32;
    %jmp T_16.25;
T_16.25 ;
    %pop/vec4 1;
T_16.19 ;
    %load/vec4 v0x55a6f829bb10_0;
    %cmpi/e 1, 0, 3;
    %jmp/0xz  T_16.26, 4;
    %load/vec4 v0x55a6f829b8f0_0;
    %pad/u 4;
    %dup/vec4;
    %pushi/vec4 0, 0, 4;
    %cmp/u;
    %jmp/1 T_16.28, 6;
    %dup/vec4;
    %pushi/vec4 1, 0, 4;
    %cmp/u;
    %jmp/1 T_16.29, 6;
    %dup/vec4;
    %pushi/vec4 10, 0, 4;
    %cmp/u;
    %jmp/1 T_16.30, 6;
    %jmp T_16.31;
T_16.28 ;
    %load/vec4 v0x55a6f829bdc0_0;
    %parti/s 1, 15, 5;
    %replicate 16;
    %load/vec4 v0x55a6f829bdc0_0;
    %parti/s 16, 0, 2;
    %concat/vec4; draw_concat_vec4
    %store/vec4 v0x55a6f829be80_0, 0, 32;
    %jmp T_16.31;
T_16.29 ;
    %load/vec4 v0x55a6f829bdc0_0;
    %parti/s 1, 23, 6;
    %replicate 16;
    %load/vec4 v0x55a6f829bdc0_0;
    %parti/s 16, 8, 5;
    %concat/vec4; draw_concat_vec4
    %store/vec4 v0x55a6f829be80_0, 0, 32;
    %jmp T_16.31;
T_16.30 ;
    %load/vec4 v0x55a6f829bdc0_0;
    %parti/s 1, 31, 6;
    %replicate 16;
    %load/vec4 v0x55a6f829bdc0_0;
    %parti/s 16, 16, 6;
    %concat/vec4; draw_concat_vec4
    %store/vec4 v0x55a6f829be80_0, 0, 32;
    %jmp T_16.31;
T_16.31 ;
    %pop/vec4 1;
T_16.26 ;
    %load/vec4 v0x55a6f829bb10_0;
    %cmpi/e 2, 0, 3;
    %jmp/0xz  T_16.32, 4;
    %load/vec4 v0x55a6f829bdc0_0;
    %store/vec4 v0x55a6f829be80_0, 0, 32;
T_16.32 ;
    %load/vec4 v0x55a6f829bb10_0;
    %cmpi/e 4, 0, 3;
    %jmp/0xz  T_16.34, 4;
    %load/vec4 v0x55a6f829b8f0_0;
    %pad/u 4;
    %dup/vec4;
    %pushi/vec4 0, 0, 4;
    %cmp/u;
    %jmp/1 T_16.36, 6;
    %dup/vec4;
    %pushi/vec4 1, 0, 4;
    %cmp/u;
    %jmp/1 T_16.37, 6;
    %dup/vec4;
    %pushi/vec4 10, 0, 4;
    %cmp/u;
    %jmp/1 T_16.38, 6;
    %dup/vec4;
    %pushi/vec4 11, 0, 4;
    %cmp/u;
    %jmp/1 T_16.39, 6;
    %jmp T_16.40;
T_16.36 ;
    %pushi/vec4 0, 0, 24;
    %load/vec4 v0x55a6f829bdc0_0;
    %parti/s 8, 0, 2;
    %concat/vec4; draw_concat_vec4
    %store/vec4 v0x55a6f829be80_0, 0, 32;
    %jmp T_16.40;
T_16.37 ;
    %pushi/vec4 0, 0, 24;
    %load/vec4 v0x55a6f829bdc0_0;
    %parti/s 8, 8, 5;
    %concat/vec4; draw_concat_vec4
    %store/vec4 v0x55a6f829be80_0, 0, 32;
    %jmp T_16.40;
T_16.38 ;
    %pushi/vec4 0, 0, 24;
    %load/vec4 v0x55a6f829bdc0_0;
    %parti/s 8, 16, 6;
    %concat/vec4; draw_concat_vec4
    %store/vec4 v0x55a6f829be80_0, 0, 32;
    %jmp T_16.40;
T_16.39 ;
    %pushi/vec4 0, 0, 24;
    %load/vec4 v0x55a6f829bdc0_0;
    %parti/s 8, 24, 6;
    %concat/vec4; draw_concat_vec4
    %store/vec4 v0x55a6f829be80_0, 0, 32;
    %jmp T_16.40;
T_16.40 ;
    %pop/vec4 1;
T_16.34 ;
    %load/vec4 v0x55a6f829bb10_0;
    %cmpi/e 5, 0, 3;
    %jmp/0xz  T_16.41, 4;
    %load/vec4 v0x55a6f829b8f0_0;
    %pad/u 4;
    %dup/vec4;
    %pushi/vec4 0, 0, 4;
    %cmp/u;
    %jmp/1 T_16.43, 6;
    %dup/vec4;
    %pushi/vec4 1, 0, 4;
    %cmp/u;
    %jmp/1 T_16.44, 6;
    %dup/vec4;
    %pushi/vec4 10, 0, 4;
    %cmp/u;
    %jmp/1 T_16.45, 6;
    %jmp T_16.46;
T_16.43 ;
    %pushi/vec4 0, 0, 16;
    %load/vec4 v0x55a6f829bdc0_0;
    %parti/s 16, 0, 2;
    %concat/vec4; draw_concat_vec4
    %store/vec4 v0x55a6f829be80_0, 0, 32;
    %jmp T_16.46;
T_16.44 ;
    %pushi/vec4 0, 0, 16;
    %load/vec4 v0x55a6f829bdc0_0;
    %parti/s 16, 8, 5;
    %concat/vec4; draw_concat_vec4
    %store/vec4 v0x55a6f829be80_0, 0, 32;
    %jmp T_16.46;
T_16.45 ;
    %pushi/vec4 0, 0, 16;
    %load/vec4 v0x55a6f829bdc0_0;
    %parti/s 16, 16, 6;
    %concat/vec4; draw_concat_vec4
    %store/vec4 v0x55a6f829be80_0, 0, 32;
    %jmp T_16.46;
T_16.46 ;
    %pop/vec4 1;
T_16.41 ;
    %load/vec4 v0x55a6f829bb10_0;
    %cmpi/e 6, 0, 3;
    %jmp/0xz  T_16.47, 4;
    %load/vec4 v0x55a6f829bdc0_0;
    %store/vec4 v0x55a6f829be80_0, 0, 32;
T_16.47 ;
T_16.17 ;
    %jmp T_16;
    .thread T_16, $push;
    .scope S_0x55a6f829b110;
T_17 ;
    %wait E_0x55a6f829b3e0;
    %load/vec4 v0x55a6f829c910_0;
    %nor/r;
    %flag_set/vec4 8;
    %jmp/0xz  T_17.0, 8;
    %pushi/vec4 0, 0, 1;
    %store/vec4 v0x55a6f829c530_0, 0, 1;
    %pushi/vec4 0, 0, 1;
    %store/vec4 v0x55a6f829c9b0_0, 0, 1;
    %jmp T_17.1;
T_17.0 ;
    %load/vec4 v0x55a6f829c2b0_0;
    %load/vec4 v0x55a6f829c720_0;
    %or;
    %store/vec4 v0x55a6f829c530_0, 0, 1;
    %load/vec4 v0x55a6f829c720_0;
    %store/vec4 v0x55a6f829c9b0_0, 0, 1;
T_17.1 ;
    %jmp T_17;
    .thread T_17, $push;
    .scope S_0x55a6f829cf60;
T_18 ;
    %wait E_0x55a6f829d240;
    %load/vec4 v0x55a6f829d7f0_0;
    %dup/vec4;
    %pushi/vec4 0, 0, 2;
    %cmp/u;
    %jmp/1 T_18.0, 6;
    %dup/vec4;
    %pushi/vec4 1, 0, 2;
    %cmp/u;
    %jmp/1 T_18.1, 6;
    %dup/vec4;
    %pushi/vec4 2, 0, 2;
    %cmp/u;
    %jmp/1 T_18.2, 6;
    %dup/vec4;
    %pushi/vec4 3, 0, 2;
    %cmp/u;
    %jmp/1 T_18.3, 6;
    %jmp T_18.4;
T_18.0 ;
    %load/vec4 v0x55a6f829d2d0_0;
    %store/vec4 v0x55a6f829d690_0, 0, 32;
    %jmp T_18.4;
T_18.1 ;
    %load/vec4 v0x55a6f829d3b0_0;
    %store/vec4 v0x55a6f829d690_0, 0, 32;
    %jmp T_18.4;
T_18.2 ;
    %load/vec4 v0x55a6f829d4c0_0;
    %store/vec4 v0x55a6f829d690_0, 0, 32;
    %jmp T_18.4;
T_18.3 ;
    %load/vec4 v0x55a6f829d5b0_0;
    %store/vec4 v0x55a6f829d690_0, 0, 32;
    %jmp T_18.4;
T_18.4 ;
    %pop/vec4 1;
    %jmp T_18;
    .thread T_18, $push;
    .scope S_0x55a6f82a0d10;
T_19 ;
    %end;
    .thread T_19;
    .scope S_0x55a6f82a0d10;
T_20 ;
    %wait E_0x55a6f8176750;
    %load/vec4 v0x55a6f82a14a0_0;
    %load/vec4 v0x55a6f82a1590_0;
    %and;
    %flag_set/vec4 8;
    %jmp/0xz  T_20.0, 8;
    %load/vec4 v0x55a6f82a12f0_0;
    %parti/s 1, 0, 2;
    %flag_set/vec4 8;
    %jmp/0xz  T_20.2, 8;
    %load/vec4 v0x55a6f82a11b0_0;
    %parti/s 8, 0, 2;
    %load/vec4 v0x55a6f82a0ff0_0;
    %pad/u 10;
    %ix/vec4 3;
    %ix/load 4, 0, 0; Constant delay
    %assign/vec4/a/d v0x55a6f82a1400, 0, 4;
T_20.2 ;
    %load/vec4 v0x55a6f82a12f0_0;
    %parti/s 1, 1, 2;
    %flag_set/vec4 8;
    %jmp/0xz  T_20.4, 8;
    %load/vec4 v0x55a6f82a11b0_0;
    %parti/s 8, 8, 5;
    %load/vec4 v0x55a6f82a0ff0_0;
    %pad/u 10;
    %ix/vec4 3;
    %ix/load 4, 8, 0; part off
    %ix/load 5, 0, 0; Constant delay
    %assign/vec4/a/d v0x55a6f82a1400, 4, 5;
T_20.4 ;
    %load/vec4 v0x55a6f82a12f0_0;
    %parti/s 1, 2, 3;
    %flag_set/vec4 8;
    %jmp/0xz  T_20.6, 8;
    %load/vec4 v0x55a6f82a11b0_0;
    %parti/s 8, 16, 6;
    %load/vec4 v0x55a6f82a0ff0_0;
    %pad/u 10;
    %ix/vec4 3;
    %ix/load 4, 16, 0; part off
    %ix/load 5, 0, 0; Constant delay
    %assign/vec4/a/d v0x55a6f82a1400, 4, 5;
T_20.6 ;
    %load/vec4 v0x55a6f82a12f0_0;
    %parti/s 1, 3, 3;
    %flag_set/vec4 8;
    %jmp/0xz  T_20.8, 8;
    %load/vec4 v0x55a6f82a11b0_0;
    %parti/s 8, 24, 6;
    %load/vec4 v0x55a6f82a0ff0_0;
    %pad/u 10;
    %ix/vec4 3;
    %ix/load 4, 24, 0; part off
    %ix/load 5, 0, 0; Constant delay
    %assign/vec4/a/d v0x55a6f82a1400, 4, 5;
T_20.8 ;
    %jmp T_20.1;
T_20.0 ;
    %load/vec4 v0x55a6f82a14a0_0;
    %load/vec4 v0x55a6f82a1590_0;
    %nor/r;
    %and;
    %flag_set/vec4 8;
    %jmp/0xz  T_20.10, 8;
    %load/vec4 v0x55a6f82a0ff0_0;
    %pad/u 10;
    %ix/vec4 4;
    %load/vec4a v0x55a6f82a1400, 4;
    %assign/vec4 v0x55a6f82a1250_0, 0;
T_20.10 ;
T_20.1 ;
    %jmp T_20;
    .thread T_20;
    .scope S_0x55a6f82a0a10;
T_21 ;
    %wait E_0x55a6f82932b0;
    %load/vec4 v0x55a6f82a1c40_0;
    %nor/r;
    %flag_set/vec4 8;
    %jmp/0xz  T_21.0, 8;
    %pushi/vec4 0, 0, 1;
    %assign/vec4 v0x55a6f82a1ce0_0, 0;
    %jmp T_21.1;
T_21.0 ;
    %load/vec4 v0x55a6f82a1a60_0;
    %assign/vec4 v0x55a6f82a1ce0_0, 0;
T_21.1 ;
    %jmp T_21;
    .thread T_21;
    .scope S_0x55a6f816ba80;
T_22 ;
    %pushi/vec4 0, 0, 1;
    %store/vec4 v0x55a6f82a4a40_0, 0, 1;
    %pushi/vec4 1, 0, 1;
    %store/vec4 v0x55a6f82a4ba0_0, 0, 1;
    %delay 10000, 0;
    %pushi/vec4 0, 0, 1;
    %store/vec4 v0x55a6f82a4ba0_0, 0, 1;
    %delay 10000, 0;
    %pushi/vec4 1, 0, 1;
    %store/vec4 v0x55a6f82a4ba0_0, 0, 1;
    %delay 120000, 0;
    %delay 140000, 0;
    %vpi_call 2 27 "$finish" {0 0 0};
    %end;
    .thread T_22;
    .scope S_0x55a6f816ba80;
T_23 ;
    %vpi_call 2 30 "$dumpfile", "temp/microprocessor.vcd" {0 0 0};
    %vpi_call 2 31 "$dumpvars", 32'sb00000000000000000000000000000000, S_0x55a6f816ba80 {0 0 0};
    %end;
    .thread T_23;
    .scope S_0x55a6f816ba80;
T_24 ;
    %delay 5000, 0;
    %load/vec4 v0x55a6f82a4a40_0;
    %inv;
    %store/vec4 v0x55a6f82a4a40_0, 0, 1;
    %jmp T_24;
    .thread T_24;
# The file index is used to find the file name in the following table.
:file_names 28;
    "N/A";
    "<interactive>";
    "/home/zeeshan/projects/2-stage-pipeline-processor/tb/Microprocessor_tb.v";
    "/home/zeeshan/projects/2-stage-pipeline-processor/src/Microprocessor.v";
    "/home/zeeshan/projects/2-stage-pipeline-processor/src/Core.v";
    "/home/zeeshan/projects/2-stage-pipeline-processor/src/decode_pipe.v";
    "/home/zeeshan/projects/2-stage-pipeline-processor/src/Decode.v";
    "/home/zeeshan/projects/2-stage-pipeline-processor/src/branch.v";
    "/home/zeeshan/projects/2-stage-pipeline-processor/src/control_unit.v";
    "/home/zeeshan/projects/2-stage-pipeline-processor/src/control_decoder.v";
    "/home/zeeshan/projects/2-stage-pipeline-processor/src/type_decoder.v";
    "/home/zeeshan/projects/2-stage-pipeline-processor/src/immediate_gen.v";
    "/home/zeeshan/projects/2-stage-pipeline-processor/src/mux3_8.v";
    "/home/zeeshan/projects/2-stage-pipeline-processor/src/mux1_2.v";
    "/home/zeeshan/projects/2-stage-pipeline-processor/src/register_file.v";
    "/home/zeeshan/projects/2-stage-pipeline-processor/src/Execute.v";
    "/home/zeeshan/projects/2-stage-pipeline-processor/src/adder.v";
    "/home/zeeshan/projects/2-stage-pipeline-processor/src/alu.v";
    "/home/zeeshan/projects/2-stage-pipeline-processor/src/fetch_pipe.v";
    "/home/zeeshan/projects/2-stage-pipeline-processor/src/Fetch.v";
    "/home/zeeshan/projects/2-stage-pipeline-processor/src/program_counter.v";
    "/home/zeeshan/projects/2-stage-pipeline-processor/src/Memory.v";
    "/home/zeeshan/projects/2-stage-pipeline-processor/src/wrapper_memory.v";
    "/home/zeeshan/projects/2-stage-pipeline-processor/src/Write_back.v";
    "/home/zeeshan/projects/2-stage-pipeline-processor/src/mux2_4.v";
    "/home/zeeshan/projects/2-stage-pipeline-processor/src/data_memory_top.v";
    "/home/zeeshan/projects/2-stage-pipeline-processor/src/memory.v";
    "/home/zeeshan/projects/2-stage-pipeline-processor/src/instruc_mem_top.v";
