#! /usr/bin/vvp
:ivl_version "11.0 (stable)";
:ivl_delay_selection "TYPICAL";
:vpi_time_precision - 12;
:vpi_module "/usr/lib/x86_64-linux-gnu/ivl/system.vpi";
:vpi_module "/usr/lib/x86_64-linux-gnu/ivl/vhdl_sys.vpi";
:vpi_module "/usr/lib/x86_64-linux-gnu/ivl/vhdl_textio.vpi";
:vpi_module "/usr/lib/x86_64-linux-gnu/ivl/v2005_math.vpi";
:vpi_module "/usr/lib/x86_64-linux-gnu/ivl/va_math.vpi";
S_0x55609e586320 .scope module, "microprocessor_tb" "microprocessor_tb" 2 2;
 .timescale -9 -12;
v0x55609e6a06e0_0 .var "clk", 0 0;
v0x55609e6a0780_0 .var "instruction", 31 0;
v0x55609e6a0840_0 .var "rst", 0 0;
S_0x55609e64deb0 .scope module, "u_microprocessor0" "microprocessor" 2 9, 3 1 0, S_0x55609e586320;
 .timescale -9 -12;
    .port_info 0 /INPUT 1 "clk";
    .port_info 1 /INPUT 1 "rst";
    .port_info 2 /INPUT 32 "instruction";
v0x55609e69f560_0 .net "alu_out_address", 31 0, L_0x55609e6b2650;  1 drivers
v0x55609e69f640_0 .net "clk", 0 0, v0x55609e6a06e0_0;  1 drivers
v0x55609e69f6e0_0 .net "data_mem_request", 0 0, v0x55609e698c70_0;  1 drivers
v0x55609e69f780_0 .net "data_mem_valid", 0 0, v0x55609e69da40_0;  1 drivers
v0x55609e69f820_0 .net "data_mem_we_re", 0 0, v0x55609e699180_0;  1 drivers
v0x55609e69f950_0 .net "instruc_mask_singal", 3 0, v0x55609e696f30_0;  1 drivers
v0x55609e69fa80_0 .net "instruc_mem_valid", 0 0, v0x55609e69f2b0_0;  1 drivers
v0x55609e69fb20_0 .net "instruction", 31 0, v0x55609e6a0780_0;  1 drivers
v0x55609e69fbc0_0 .net "instruction_data", 31 0, v0x55609e69e790_0;  1 drivers
v0x55609e69fda0_0 .net "instruction_mem_request", 0 0, v0x55609e6972c0_0;  1 drivers
v0x55609e69fed0_0 .net "instruction_mem_we_re", 0 0, v0x55609e697550_0;  1 drivers
v0x55609e6a0000_0 .net "load_data_out", 31 0, v0x55609e69cf20_0;  1 drivers
v0x55609e6a00c0_0 .net "load_signal", 0 0, L_0x55609e6b2390;  1 drivers
v0x55609e6a0160_0 .net "mask", 3 0, L_0x55609e6b26c0;  1 drivers
v0x55609e6a0220_0 .net "pc_address", 31 0, v0x55609e695f10_0;  1 drivers
v0x55609e6a02e0_0 .net "rst", 0 0, v0x55609e6a0840_0;  1 drivers
v0x55609e6a0490_0 .net "store_data", 31 0, v0x55609e698180_0;  1 drivers
L_0x55609e6a08e0 .part v0x55609e695f10_0, 2, 8;
L_0x55609e6b2730 .part L_0x55609e6b2650, 2, 8;
S_0x55609e64ac00 .scope module, "u_core" "core" 3 39, 4 1 0, S_0x55609e64deb0;
 .timescale -9 -12;
    .port_info 0 /INPUT 1 "clk";
    .port_info 1 /INPUT 1 "rst";
    .port_info 2 /INPUT 1 "data_mem_valid";
    .port_info 3 /INPUT 1 "instruc_mem_valid";
    .port_info 4 /INPUT 32 "instruction";
    .port_info 5 /INPUT 32 "load_data_in";
    .port_info 6 /OUTPUT 1 "load_signal";
    .port_info 7 /OUTPUT 1 "instruction_mem_we_re";
    .port_info 8 /OUTPUT 1 "instruction_mem_request";
    .port_info 9 /OUTPUT 1 "data_mem_we_re";
    .port_info 10 /OUTPUT 1 "data_mem_request";
    .port_info 11 /OUTPUT 4 "mask_singal";
    .port_info 12 /OUTPUT 4 "instruc_mask_singal";
    .port_info 13 /OUTPUT 32 "store_data_out";
    .port_info 14 /OUTPUT 32 "alu_out_address";
    .port_info 15 /OUTPUT 32 "pc_address";
L_0x55609e6b2390 .functor BUFZ 1, v0x55609e64bbd0_0, C4<0>, C4<0>, C4<0>;
L_0x55609e6b2650 .functor BUFZ 32, v0x55609e694280_0, C4<00000000000000000000000000000000>, C4<00000000000000000000000000000000>, C4<00000000000000000000000000000000>;
L_0x55609e6b26c0 .functor BUFZ 4, v0x55609e698370_0, C4<0000>, C4<0000>, C4<0000>;
v0x55609e69a520_0 .net "alu_control", 3 0, v0x55609e68a740_0;  1 drivers
v0x55609e69a600_0 .net "alu_out_address", 31 0, L_0x55609e6b2650;  alias, 1 drivers
v0x55609e69a6e0_0 .net "alu_res_out", 31 0, v0x55609e694280_0;  1 drivers
v0x55609e69a780_0 .net "branch_result", 0 0, v0x55609e67acd0_0;  1 drivers
v0x55609e69a820_0 .net "clk", 0 0, v0x55609e6a06e0_0;  alias, 1 drivers
v0x55609e69a910_0 .net "data_mem_request", 0 0, v0x55609e698c70_0;  alias, 1 drivers
v0x55609e69a9b0_0 .net "data_mem_valid", 0 0, v0x55609e69da40_0;  alias, 1 drivers
v0x55609e69aa50_0 .net "data_mem_we_re", 0 0, v0x55609e699180_0;  alias, 1 drivers
v0x55609e69aaf0_0 .net "instruc_mask_singal", 3 0, v0x55609e696f30_0;  alias, 1 drivers
v0x55609e69ac20_0 .net "instruc_mem_valid", 0 0, v0x55609e69f2b0_0;  alias, 1 drivers
v0x55609e69acc0_0 .net "instruction", 31 0, v0x55609e69e790_0;  alias, 1 drivers
v0x55609e69ad60_0 .net "instruction_decode", 31 0, v0x55609e694f00_0;  1 drivers
v0x55609e69ae90_0 .net "instruction_fetch", 31 0, v0x55609e696d30_0;  1 drivers
v0x55609e69af30_0 .net "instruction_mem_request", 0 0, v0x55609e6972c0_0;  alias, 1 drivers
v0x55609e69afd0_0 .net "instruction_mem_we_re", 0 0, v0x55609e697550_0;  alias, 1 drivers
v0x55609e69b0a0_0 .net "load", 0 0, v0x55609e64bbd0_0;  1 drivers
v0x55609e69b250_0 .net "load_data_in", 31 0, v0x55609e69cf20_0;  alias, 1 drivers
v0x55609e69b400_0 .net "load_signal", 0 0, L_0x55609e6b2390;  alias, 1 drivers
v0x55609e69b4a0_0 .net "mask", 3 0, v0x55609e698370_0;  1 drivers
v0x55609e69b590_0 .net "mask_singal", 3 0, L_0x55609e6b26c0;  alias, 1 drivers
v0x55609e69b670_0 .net "mem_to_reg", 1 0, v0x55609e68b0f0_0;  1 drivers
v0x55609e69b730_0 .net "next_sel", 0 0, v0x55609e68b1d0_0;  1 drivers
v0x55609e69b7d0_0 .net "next_sel_address", 31 0, v0x55609e693c20_0;  1 drivers
v0x55609e69b890_0 .net "op_b", 31 0, L_0x55609e6b1250;  1 drivers
v0x55609e69b950_0 .net "opa_mux_out", 31 0, L_0x55609e6b2090;  1 drivers
v0x55609e69ba10_0 .net "opb_mux_out", 31 0, L_0x55609e6b21c0;  1 drivers
v0x55609e69bb60_0 .net "pc_address", 31 0, v0x55609e695f10_0;  alias, 1 drivers
v0x55609e69bc20_0 .net "pre_pc_addr_decode", 31 0, v0x55609e6952e0_0;  1 drivers
v0x55609e69bce0_0 .net "pre_pc_addr_fetch", 31 0, L_0x55609e67abb0;  1 drivers
v0x55609e69bda0_0 .net "rd_wb_data", 31 0, v0x55609e699d10_0;  1 drivers
v0x55609e69bef0_0 .net "rst", 0 0, v0x55609e6a0840_0;  alias, 1 drivers
v0x55609e69bf90_0 .net "store", 0 0, v0x55609e68a6a0_0;  1 drivers
v0x55609e69c030_0 .net "store_data_out", 31 0, v0x55609e698180_0;  alias, 1 drivers
v0x55609e69c300_0 .net "wrap_load_out", 31 0, v0x55609e6985d0_0;  1 drivers
S_0x55609e5922f0 .scope module, "u_decodestage" "decode" 4 72, 5 1 0, S_0x55609e64ac00;
 .timescale -9 -12;
    .port_info 0 /INPUT 1 "clk";
    .port_info 1 /INPUT 1 "rst";
    .port_info 2 /INPUT 32 "instruction";
    .port_info 3 /INPUT 32 "pc_address";
    .port_info 4 /INPUT 32 "rd_wb_data";
    .port_info 5 /INPUT 1 "valid";
    .port_info 6 /OUTPUT 1 "load";
    .port_info 7 /OUTPUT 1 "store";
    .port_info 8 /OUTPUT 1 "next_sel";
    .port_info 9 /OUTPUT 1 "branch_result";
    .port_info 10 /OUTPUT 4 "alu_control";
    .port_info 11 /OUTPUT 2 "mem_to_reg";
    .port_info 12 /OUTPUT 32 "opa_mux_out";
    .port_info 13 /OUTPUT 32 "opb_mux_out";
    .port_info 14 /OUTPUT 32 "opb_data";
L_0x55609e6b1250 .functor BUFZ 32, L_0x55609e6b1b70, C4<00000000000000000000000000000000>, C4<00000000000000000000000000000000>, C4<00000000000000000000000000000000>;
v0x55609e691c30_0 .net "alu_control", 3 0, v0x55609e68a740_0;  alias, 1 drivers
v0x55609e691d10_0 .net "branch", 0 0, v0x55609e64bad0_0;  1 drivers
v0x55609e691dd0_0 .net "branch_result", 0 0, v0x55609e67acd0_0;  alias, 1 drivers
v0x55609e691e70_0 .net "clk", 0 0, v0x55609e6a06e0_0;  alias, 1 drivers
v0x55609e691f10_0 .net "i_immo", 31 0, v0x55609e68daf0_0;  1 drivers
v0x55609e692050_0 .net "imm_mux_out", 31 0, v0x55609e68eb90_0;  1 drivers
v0x55609e692140_0 .net "imm_sel", 2 0, v0x55609e68ac50_0;  1 drivers
v0x55609e6921e0_0 .net "instruction", 31 0, v0x55609e694f00_0;  alias, 1 drivers
v0x55609e692280_0 .net "load", 0 0, v0x55609e64bbd0_0;  alias, 1 drivers
v0x55609e692320_0 .net "mem_to_reg", 1 0, v0x55609e68b0f0_0;  alias, 1 drivers
v0x55609e692410_0 .net "next_sel", 0 0, v0x55609e68b1d0_0;  alias, 1 drivers
v0x55609e692500_0 .net "op_a", 31 0, L_0x55609e6b13b0;  1 drivers
v0x55609e6925c0_0 .net "op_b", 31 0, L_0x55609e6b1b70;  1 drivers
v0x55609e692680_0 .net "opa_mux_out", 31 0, L_0x55609e6b2090;  alias, 1 drivers
v0x55609e692740_0 .net "opb_data", 31 0, L_0x55609e6b1250;  alias, 1 drivers
v0x55609e692800_0 .net "opb_mux_out", 31 0, L_0x55609e6b21c0;  alias, 1 drivers
v0x55609e6928c0_0 .net "operand_a", 0 0, v0x55609e68b290_0;  1 drivers
v0x55609e692a70_0 .net "operand_b", 0 0, v0x55609e68b350_0;  1 drivers
v0x55609e692b10_0 .net "pc_address", 31 0, v0x55609e6952e0_0;  alias, 1 drivers
v0x55609e692bb0_0 .net "rd_wb_data", 31 0, v0x55609e699d10_0;  alias, 1 drivers
v0x55609e692c50_0 .net "reg_write", 0 0, v0x55609e68b4d0_0;  1 drivers
v0x55609e692cf0_0 .net "rst", 0 0, v0x55609e6a0840_0;  alias, 1 drivers
v0x55609e692d90_0 .net "s_immo", 31 0, v0x55609e68dcd0_0;  1 drivers
v0x55609e692e80_0 .net "sb_immo", 31 0, v0x55609e68ddc0_0;  1 drivers
v0x55609e692f70_0 .net "store", 0 0, v0x55609e68a6a0_0;  alias, 1 drivers
v0x55609e693060_0 .net "u_immo", 31 0, v0x55609e68dea0_0;  1 drivers
v0x55609e693170_0 .net "uj_immo", 31 0, v0x55609e68dfd0_0;  1 drivers
v0x55609e693280_0 .net "valid", 0 0, v0x55609e69da40_0;  alias, 1 drivers
L_0x55609e6b0a70 .part v0x55609e694f00_0, 0, 7;
L_0x55609e6b0b10 .part v0x55609e694f00_0, 12, 3;
L_0x55609e6b0bb0 .part v0x55609e694f00_0, 30, 1;
L_0x55609e6b1db0 .part v0x55609e694f00_0, 15, 5;
L_0x55609e6b1e80 .part v0x55609e694f00_0, 20, 5;
L_0x55609e6b1f20 .part v0x55609e694f00_0, 7, 5;
L_0x55609e6b22f0 .part v0x55609e694f00_0, 12, 3;
S_0x55609e592480 .scope module, "u_branch0" "branch" 5 103, 6 1 0, S_0x55609e5922f0;
 .timescale -9 -12;
    .port_info 0 /INPUT 32 "op_a";
    .port_info 1 /INPUT 32 "op_b";
    .port_info 2 /INPUT 3 "fun3";
    .port_info 3 /INPUT 1 "en";
    .port_info 4 /OUTPUT 1 "result";
v0x55609e64a3d0_0 .net "en", 0 0, v0x55609e64bad0_0;  alias, 1 drivers
v0x55609e649c40_0 .net "fun3", 2 0, L_0x55609e6b22f0;  1 drivers
v0x55609e67b360_0 .net "op_a", 31 0, L_0x55609e6b13b0;  alias, 1 drivers
v0x55609e67b400_0 .net "op_b", 31 0, L_0x55609e6b1b70;  alias, 1 drivers
v0x55609e67acd0_0 .var "result", 0 0;
E_0x55609e591710 .event edge, v0x55609e64a3d0_0, v0x55609e649c40_0, v0x55609e67b360_0, v0x55609e67b400_0;
S_0x55609e68a000 .scope module, "u_cu0" "controlunit" 5 30, 7 1 0, S_0x55609e5922f0;
 .timescale -9 -12;
    .port_info 0 /INPUT 7 "opcode";
    .port_info 1 /INPUT 3 "fun3";
    .port_info 2 /INPUT 1 "fun7";
    .port_info 3 /INPUT 1 "valid";
    .port_info 4 /OUTPUT 1 "reg_write";
    .port_info 5 /OUTPUT 3 "imm_sel";
    .port_info 6 /OUTPUT 1 "operand_b";
    .port_info 7 /OUTPUT 1 "operand_a";
    .port_info 8 /OUTPUT 2 "mem_to_reg";
    .port_info 9 /OUTPUT 1 "Load";
    .port_info 10 /OUTPUT 1 "Store";
    .port_info 11 /OUTPUT 1 "Branch";
    .port_info 12 /OUTPUT 1 "mem_en";
    .port_info 13 /OUTPUT 1 "next_sel";
    .port_info 14 /OUTPUT 4 "alu_control";
v0x55609e68c340_0 .net "Branch", 0 0, v0x55609e64bad0_0;  alias, 1 drivers
v0x55609e68c400_0 .net "Load", 0 0, v0x55609e64bbd0_0;  alias, 1 drivers
v0x55609e68c4c0_0 .net "Store", 0 0, v0x55609e68a6a0_0;  alias, 1 drivers
v0x55609e68c5c0_0 .net "alu_control", 3 0, v0x55609e68a740_0;  alias, 1 drivers
v0x55609e68c690_0 .net "auipc", 0 0, v0x55609e68bae0_0;  1 drivers
v0x55609e68c7d0_0 .net "branch", 0 0, v0x55609e68bba0_0;  1 drivers
v0x55609e68c8c0_0 .net "fun3", 2 0, L_0x55609e6b0b10;  1 drivers
v0x55609e68c960_0 .net "fun7", 0 0, L_0x55609e6b0bb0;  1 drivers
v0x55609e68ca00_0 .net "i_type", 0 0, v0x55609e68bc40_0;  1 drivers
v0x55609e68caa0_0 .net "imm_sel", 2 0, v0x55609e68ac50_0;  alias, 1 drivers
v0x55609e68cb40_0 .net "jal", 0 0, v0x55609e68bce0_0;  1 drivers
v0x55609e68cc30_0 .net "jalr", 0 0, v0x55609e68bd80_0;  1 drivers
v0x55609e68cd20_0 .net "load", 0 0, v0x55609e68be70_0;  1 drivers
v0x55609e68ce10_0 .net "lui", 0 0, v0x55609e68bf10_0;  1 drivers
v0x55609e68cf00_0 .net "mem_en", 0 0, v0x55609e68b030_0;  1 drivers
v0x55609e68cfa0_0 .net "mem_to_reg", 1 0, v0x55609e68b0f0_0;  alias, 1 drivers
v0x55609e68d040_0 .net "next_sel", 0 0, v0x55609e68b1d0_0;  alias, 1 drivers
v0x55609e68d1f0_0 .net "opcode", 6 0, L_0x55609e6b0a70;  1 drivers
v0x55609e68d290_0 .net "operand_a", 0 0, v0x55609e68b290_0;  alias, 1 drivers
v0x55609e68d330_0 .net "operand_b", 0 0, v0x55609e68b350_0;  alias, 1 drivers
v0x55609e68d400_0 .net "r_type", 0 0, v0x55609e68c080_0;  1 drivers
v0x55609e68d4f0_0 .net "reg_write", 0 0, v0x55609e68b4d0_0;  alias, 1 drivers
v0x55609e68d590_0 .net "store", 0 0, v0x55609e68c150_0;  1 drivers
v0x55609e68d680_0 .net "valid", 0 0, v0x55609e69da40_0;  alias, 1 drivers
S_0x55609e68a200 .scope module, "u_controldec0" "control_decoder" 7 44, 8 1 0, S_0x55609e68a000;
 .timescale -9 -12;
    .port_info 0 /INPUT 3 "fun3";
    .port_info 1 /INPUT 1 "fun7";
    .port_info 2 /INPUT 1 "i_type";
    .port_info 3 /INPUT 1 "r_type";
    .port_info 4 /INPUT 1 "load";
    .port_info 5 /INPUT 1 "store";
    .port_info 6 /INPUT 1 "branch";
    .port_info 7 /INPUT 1 "jal";
    .port_info 8 /INPUT 1 "jalr";
    .port_info 9 /INPUT 1 "lui";
    .port_info 10 /INPUT 1 "auipc";
    .port_info 11 /OUTPUT 1 "Load";
    .port_info 12 /OUTPUT 1 "Store";
    .port_info 13 /OUTPUT 2 "mem_to_reg";
    .port_info 14 /OUTPUT 1 "reg_write";
    .port_info 15 /OUTPUT 1 "mem_en";
    .port_info 16 /OUTPUT 1 "operand_b";
    .port_info 17 /OUTPUT 1 "operand_a";
    .port_info 18 /OUTPUT 3 "imm_sel";
    .port_info 19 /OUTPUT 1 "Branch";
    .port_info 20 /OUTPUT 1 "next_sel";
    .port_info 21 /OUTPUT 4 "alu_control";
v0x55609e64bad0_0 .var "Branch", 0 0;
v0x55609e64bbd0_0 .var "Load", 0 0;
v0x55609e68a6a0_0 .var "Store", 0 0;
v0x55609e68a740_0 .var "alu_control", 3 0;
v0x55609e68a820_0 .net "auipc", 0 0, v0x55609e68bae0_0;  alias, 1 drivers
v0x55609e68a930_0 .net "branch", 0 0, v0x55609e68bba0_0;  alias, 1 drivers
v0x55609e68a9f0_0 .net "fun3", 2 0, L_0x55609e6b0b10;  alias, 1 drivers
v0x55609e68aad0_0 .net "fun7", 0 0, L_0x55609e6b0bb0;  alias, 1 drivers
v0x55609e68ab90_0 .net "i_type", 0 0, v0x55609e68bc40_0;  alias, 1 drivers
v0x55609e68ac50_0 .var "imm_sel", 2 0;
v0x55609e68ad30_0 .net "jal", 0 0, v0x55609e68bce0_0;  alias, 1 drivers
v0x55609e68adf0_0 .net "jalr", 0 0, v0x55609e68bd80_0;  alias, 1 drivers
v0x55609e68aeb0_0 .net "load", 0 0, v0x55609e68be70_0;  alias, 1 drivers
v0x55609e68af70_0 .net "lui", 0 0, v0x55609e68bf10_0;  alias, 1 drivers
v0x55609e68b030_0 .var "mem_en", 0 0;
v0x55609e68b0f0_0 .var "mem_to_reg", 1 0;
v0x55609e68b1d0_0 .var "next_sel", 0 0;
v0x55609e68b290_0 .var "operand_a", 0 0;
v0x55609e68b350_0 .var "operand_b", 0 0;
v0x55609e68b410_0 .net "r_type", 0 0, v0x55609e68c080_0;  alias, 1 drivers
v0x55609e68b4d0_0 .var "reg_write", 0 0;
v0x55609e68b590_0 .net "store", 0 0, v0x55609e68c150_0;  alias, 1 drivers
E_0x55609e591a90/0 .event edge, v0x55609e68b410_0, v0x55609e68ab90_0, v0x55609e68aeb0_0, v0x55609e68ad30_0;
E_0x55609e591a90/1 .event edge, v0x55609e68adf0_0, v0x55609e68af70_0, v0x55609e68a820_0, v0x55609e68a930_0;
E_0x55609e591a90/2 .event edge, v0x55609e68b590_0, v0x55609e68a9f0_0, v0x55609e68aad0_0;
E_0x55609e591a90 .event/or E_0x55609e591a90/0, E_0x55609e591a90/1, E_0x55609e591a90/2;
S_0x55609e68b910 .scope module, "u_typedec0" "type_decoder" 7 30, 9 1 0, S_0x55609e68a000;
 .timescale -9 -12;
    .port_info 0 /INPUT 7 "opcode";
    .port_info 1 /OUTPUT 1 "r_type";
    .port_info 2 /OUTPUT 1 "i_type";
    .port_info 3 /OUTPUT 1 "load";
    .port_info 4 /OUTPUT 1 "store";
    .port_info 5 /OUTPUT 1 "branch";
    .port_info 6 /OUTPUT 1 "jal";
    .port_info 7 /OUTPUT 1 "jalr";
    .port_info 8 /OUTPUT 1 "lui";
    .port_info 9 /OUTPUT 1 "auipc";
    .port_info 10 /INPUT 1 "valid";
v0x55609e68bae0_0 .var "auipc", 0 0;
v0x55609e68bba0_0 .var "branch", 0 0;
v0x55609e68bc40_0 .var "i_type", 0 0;
v0x55609e68bce0_0 .var "jal", 0 0;
v0x55609e68bd80_0 .var "jalr", 0 0;
v0x55609e68be70_0 .var "load", 0 0;
v0x55609e68bf10_0 .var "lui", 0 0;
v0x55609e68bfe0_0 .net "opcode", 6 0, L_0x55609e6b0a70;  alias, 1 drivers
v0x55609e68c080_0 .var "r_type", 0 0;
v0x55609e68c150_0 .var "store", 0 0;
v0x55609e68c220_0 .net "valid", 0 0, v0x55609e69da40_0;  alias, 1 drivers
E_0x55609e579ff0 .event edge, v0x55609e68bfe0_0, v0x55609e68c220_0;
S_0x55609e68d820 .scope module, "u_imm_gen0" "immediategen" 5 49, 10 1 0, S_0x55609e5922f0;
 .timescale -9 -12;
    .port_info 0 /INPUT 32 "instr";
    .port_info 1 /OUTPUT 32 "i_imme";
    .port_info 2 /OUTPUT 32 "s_imme";
    .port_info 3 /OUTPUT 32 "sb_imme";
    .port_info 4 /OUTPUT 32 "uj_imme";
    .port_info 5 /OUTPUT 32 "u_imme";
v0x55609e68daf0_0 .var "i_imme", 31 0;
v0x55609e68dbf0_0 .net "instr", 31 0, v0x55609e694f00_0;  alias, 1 drivers
v0x55609e68dcd0_0 .var "s_imme", 31 0;
v0x55609e68ddc0_0 .var "sb_imme", 31 0;
v0x55609e68dea0_0 .var "u_imme", 31 0;
v0x55609e68dfd0_0 .var "uj_imme", 31 0;
E_0x55609e67c910 .event edge, v0x55609e68dbf0_0;
S_0x55609e68e170 .scope module, "u_mux0" "mux3_8" 5 59, 11 1 0, S_0x55609e5922f0;
 .timescale -9 -12;
    .port_info 0 /INPUT 32 "a";
    .port_info 1 /INPUT 32 "b";
    .port_info 2 /INPUT 32 "c";
    .port_info 3 /INPUT 32 "d";
    .port_info 4 /INPUT 32 "e";
    .port_info 5 /INPUT 32 "f";
    .port_info 6 /INPUT 32 "g";
    .port_info 7 /INPUT 32 "h";
    .port_info 8 /INPUT 3 "sel";
    .port_info 9 /OUTPUT 32 "out";
v0x55609e68e4c0_0 .net "a", 31 0, v0x55609e68daf0_0;  alias, 1 drivers
v0x55609e68e5a0_0 .net "b", 31 0, v0x55609e68dcd0_0;  alias, 1 drivers
v0x55609e68e670_0 .net "c", 31 0, v0x55609e68ddc0_0;  alias, 1 drivers
v0x55609e68e770_0 .net "d", 31 0, v0x55609e68dfd0_0;  alias, 1 drivers
v0x55609e68e840_0 .net "e", 31 0, v0x55609e68dea0_0;  alias, 1 drivers
o0x7fa9c748d188 .functor BUFZ 32, C4<zzzzzzzzzzzzzzzzzzzzzzzzzzzzzzzz>; HiZ drive
v0x55609e68e930_0 .net "f", 31 0, o0x7fa9c748d188;  0 drivers
o0x7fa9c748d1b8 .functor BUFZ 32, C4<zzzzzzzzzzzzzzzzzzzzzzzzzzzzzzzz>; HiZ drive
v0x55609e68e9d0_0 .net "g", 31 0, o0x7fa9c748d1b8;  0 drivers
o0x7fa9c748d1e8 .functor BUFZ 32, C4<zzzzzzzzzzzzzzzzzzzzzzzzzzzzzzzz>; HiZ drive
v0x55609e68eab0_0 .net "h", 31 0, o0x7fa9c748d1e8;  0 drivers
v0x55609e68eb90_0 .var "out", 31 0;
v0x55609e68ec70_0 .net "sel", 2 0, v0x55609e68ac50_0;  alias, 1 drivers
E_0x55609e67c6f0/0 .event edge, v0x55609e68ac50_0, v0x55609e68daf0_0, v0x55609e68dcd0_0, v0x55609e68ddc0_0;
E_0x55609e67c6f0/1 .event edge, v0x55609e68dfd0_0, v0x55609e68dea0_0, v0x55609e68e930_0, v0x55609e68e9d0_0;
E_0x55609e67c6f0/2 .event edge, v0x55609e68eab0_0;
E_0x55609e67c6f0 .event/or E_0x55609e67c6f0/0, E_0x55609e67c6f0/1, E_0x55609e67c6f0/2;
S_0x55609e68ee70 .scope module, "u_mux1" "mux" 5 86, 12 1 0, S_0x55609e5922f0;
 .timescale -9 -12;
    .port_info 0 /INPUT 32 "a";
    .port_info 1 /INPUT 32 "b";
    .port_info 2 /INPUT 1 "sel";
    .port_info 3 /OUTPUT 32 "out";
v0x55609e68f0a0_0 .net "a", 31 0, L_0x55609e6b13b0;  alias, 1 drivers
v0x55609e68f180_0 .net "b", 31 0, v0x55609e6952e0_0;  alias, 1 drivers
v0x55609e68f240_0 .net "out", 31 0, L_0x55609e6b2090;  alias, 1 drivers
v0x55609e68f330_0 .net "sel", 0 0, v0x55609e68b290_0;  alias, 1 drivers
L_0x55609e6b2090 .functor MUXZ 32, L_0x55609e6b13b0, v0x55609e6952e0_0, v0x55609e68b290_0, C4<>;
S_0x55609e68f4a0 .scope module, "u_mux2" "mux" 5 95, 12 1 0, S_0x55609e5922f0;
 .timescale -9 -12;
    .port_info 0 /INPUT 32 "a";
    .port_info 1 /INPUT 32 "b";
    .port_info 2 /INPUT 1 "sel";
    .port_info 3 /OUTPUT 32 "out";
v0x55609e68f680_0 .net "a", 31 0, L_0x55609e6b1b70;  alias, 1 drivers
v0x55609e68f790_0 .net "b", 31 0, v0x55609e68eb90_0;  alias, 1 drivers
v0x55609e68f860_0 .net "out", 31 0, L_0x55609e6b21c0;  alias, 1 drivers
v0x55609e68f930_0 .net "sel", 0 0, v0x55609e68b350_0;  alias, 1 drivers
L_0x55609e6b21c0 .functor MUXZ 32, L_0x55609e6b1b70, v0x55609e68eb90_0, v0x55609e68b350_0, C4<>;
S_0x55609e68faa0 .scope module, "u_regfile0" "registerfile" 5 70, 13 1 0, S_0x55609e5922f0;
 .timescale -9 -12;
    .port_info 0 /INPUT 1 "clk";
    .port_info 1 /INPUT 1 "rst";
    .port_info 2 /INPUT 1 "en";
    .port_info 3 /INPUT 5 "rs1";
    .port_info 4 /INPUT 5 "rs2";
    .port_info 5 /INPUT 5 "rd";
    .port_info 6 /INPUT 32 "data";
    .port_info 7 /OUTPUT 32 "op_a";
    .port_info 8 /OUTPUT 32 "op_b";
v0x55609e68fe30_0 .net *"_ivl_0", 31 0, L_0x55609e6b0d60;  1 drivers
v0x55609e68ff30_0 .net *"_ivl_10", 6 0, L_0x55609e6b0fc0;  1 drivers
L_0x7fa9c7443138 .functor BUFT 1, C4<00>, C4<0>, C4<0>, C4<0>;
v0x55609e690010_0 .net *"_ivl_13", 1 0, L_0x7fa9c7443138;  1 drivers
L_0x7fa9c7443180 .functor BUFT 1, C4<0000001>, C4<0>, C4<0>, C4<0>;
v0x55609e6900d0_0 .net/2u *"_ivl_14", 6 0, L_0x7fa9c7443180;  1 drivers
v0x55609e6901b0_0 .net *"_ivl_16", 6 0, L_0x55609e6b11b0;  1 drivers
L_0x7fa9c74431c8 .functor BUFT 1, C4<00000000000000000000000000000000>, C4<0>, C4<0>, C4<0>;
v0x55609e6902e0_0 .net/2u *"_ivl_18", 31 0, L_0x7fa9c74431c8;  1 drivers
v0x55609e6903c0_0 .net *"_ivl_22", 31 0, L_0x55609e6b1530;  1 drivers
L_0x7fa9c7443210 .functor BUFT 1, C4<000000000000000000000000000>, C4<0>, C4<0>, C4<0>;
v0x55609e6904a0_0 .net *"_ivl_25", 26 0, L_0x7fa9c7443210;  1 drivers
L_0x7fa9c7443258 .functor BUFT 1, C4<00000000000000000000000000000000>, C4<0>, C4<0>, C4<0>;
v0x55609e690580_0 .net/2u *"_ivl_26", 31 0, L_0x7fa9c7443258;  1 drivers
v0x55609e6906f0_0 .net *"_ivl_28", 0 0, L_0x55609e6b16b0;  1 drivers
L_0x7fa9c74430a8 .functor BUFT 1, C4<000000000000000000000000000>, C4<0>, C4<0>, C4<0>;
v0x55609e6907b0_0 .net *"_ivl_3", 26 0, L_0x7fa9c74430a8;  1 drivers
v0x55609e690890_0 .net *"_ivl_30", 31 0, L_0x55609e6b17f0;  1 drivers
v0x55609e690970_0 .net *"_ivl_32", 6 0, L_0x55609e6b1890;  1 drivers
L_0x7fa9c74432a0 .functor BUFT 1, C4<00>, C4<0>, C4<0>, C4<0>;
v0x55609e690a50_0 .net *"_ivl_35", 1 0, L_0x7fa9c74432a0;  1 drivers
L_0x7fa9c74432e8 .functor BUFT 1, C4<0000001>, C4<0>, C4<0>, C4<0>;
v0x55609e690b30_0 .net/2u *"_ivl_36", 6 0, L_0x7fa9c74432e8;  1 drivers
v0x55609e690c10_0 .net *"_ivl_38", 6 0, L_0x55609e6b19e0;  1 drivers
L_0x7fa9c74430f0 .functor BUFT 1, C4<00000000000000000000000000000000>, C4<0>, C4<0>, C4<0>;
v0x55609e690cf0_0 .net/2u *"_ivl_4", 31 0, L_0x7fa9c74430f0;  1 drivers
L_0x7fa9c7443330 .functor BUFT 1, C4<00000000000000000000000000000000>, C4<0>, C4<0>, C4<0>;
v0x55609e690ee0_0 .net/2u *"_ivl_40", 31 0, L_0x7fa9c7443330;  1 drivers
v0x55609e690fc0_0 .net *"_ivl_6", 0 0, L_0x55609e6b0e50;  1 drivers
v0x55609e691080_0 .net *"_ivl_8", 31 0, L_0x55609e6b0f20;  1 drivers
v0x55609e691160_0 .net "clk", 0 0, v0x55609e6a06e0_0;  alias, 1 drivers
v0x55609e691220_0 .net "data", 31 0, v0x55609e699d10_0;  alias, 1 drivers
v0x55609e691300_0 .net "en", 0 0, v0x55609e68b4d0_0;  alias, 1 drivers
v0x55609e6913a0_0 .var/i "i", 31 0;
v0x55609e691480_0 .net "op_a", 31 0, L_0x55609e6b13b0;  alias, 1 drivers
v0x55609e691590_0 .net "op_b", 31 0, L_0x55609e6b1b70;  alias, 1 drivers
v0x55609e6916a0_0 .net "rd", 4 0, L_0x55609e6b1f20;  1 drivers
v0x55609e691780 .array "register", 1 31, 31 0;
v0x55609e691840_0 .net "rs1", 4 0, L_0x55609e6b1db0;  1 drivers
v0x55609e691920_0 .net "rs2", 4 0, L_0x55609e6b1e80;  1 drivers
v0x55609e691a00_0 .net "rst", 0 0, v0x55609e6a0840_0;  alias, 1 drivers
E_0x55609e68fdb0/0 .event negedge, v0x55609e691a00_0;
E_0x55609e68fdb0/1 .event posedge, v0x55609e691160_0;
E_0x55609e68fdb0 .event/or E_0x55609e68fdb0/0, E_0x55609e68fdb0/1;
L_0x55609e6b0d60 .concat [ 5 27 0 0], L_0x55609e6b1db0, L_0x7fa9c74430a8;
L_0x55609e6b0e50 .cmp/ne 32, L_0x55609e6b0d60, L_0x7fa9c74430f0;
L_0x55609e6b0f20 .array/port v0x55609e691780, L_0x55609e6b11b0;
L_0x55609e6b0fc0 .concat [ 5 2 0 0], L_0x55609e6b1db0, L_0x7fa9c7443138;
L_0x55609e6b11b0 .arith/sub 7, L_0x55609e6b0fc0, L_0x7fa9c7443180;
L_0x55609e6b13b0 .functor MUXZ 32, L_0x7fa9c74431c8, L_0x55609e6b0f20, L_0x55609e6b0e50, C4<>;
L_0x55609e6b1530 .concat [ 5 27 0 0], L_0x55609e6b1e80, L_0x7fa9c7443210;
L_0x55609e6b16b0 .cmp/ne 32, L_0x55609e6b1530, L_0x7fa9c7443258;
L_0x55609e6b17f0 .array/port v0x55609e691780, L_0x55609e6b19e0;
L_0x55609e6b1890 .concat [ 5 2 0 0], L_0x55609e6b1e80, L_0x7fa9c74432a0;
L_0x55609e6b19e0 .arith/sub 7, L_0x55609e6b1890, L_0x7fa9c74432e8;
L_0x55609e6b1b70 .functor MUXZ 32, L_0x7fa9c7443330, L_0x55609e6b17f0, L_0x55609e6b16b0, C4<>;
S_0x55609e693550 .scope module, "u_executestage" "execute" 4 93, 14 1 0, S_0x55609e64ac00;
 .timescale -9 -12;
    .port_info 0 /INPUT 32 "a_i";
    .port_info 1 /INPUT 32 "b_i";
    .port_info 2 /INPUT 4 "alu_control";
    .port_info 3 /INPUT 32 "pc_address";
    .port_info 4 /OUTPUT 32 "alu_res_out";
    .port_info 5 /OUTPUT 32 "next_sel_address";
v0x55609e6943e0_0 .net "a_i", 31 0, L_0x55609e6b2090;  alias, 1 drivers
v0x55609e6944c0_0 .net "alu_control", 3 0, v0x55609e68a740_0;  alias, 1 drivers
v0x55609e694580_0 .net "alu_res_out", 31 0, v0x55609e694280_0;  alias, 1 drivers
v0x55609e694620_0 .net "b_i", 31 0, L_0x55609e6b21c0;  alias, 1 drivers
v0x55609e6946c0_0 .net "next_sel_address", 31 0, v0x55609e693c20_0;  alias, 1 drivers
v0x55609e694780_0 .net "pc_address", 31 0, v0x55609e6952e0_0;  alias, 1 drivers
S_0x55609e693830 .scope module, "u_adder0" "adder" 14 20, 15 1 0, S_0x55609e693550;
 .timescale -9 -12;
    .port_info 0 /INPUT 32 "a";
    .port_info 1 /OUTPUT 32 "adder_out";
v0x55609e693af0_0 .net "a", 31 0, v0x55609e6952e0_0;  alias, 1 drivers
v0x55609e693c20_0 .var "adder_out", 31 0;
E_0x55609e693a70 .event edge, v0x55609e68f180_0;
S_0x55609e693d60 .scope module, "u_alu0" "alu" 14 12, 16 1 0, S_0x55609e693550;
 .timescale -9 -12;
    .port_info 0 /INPUT 32 "a_i";
    .port_info 1 /INPUT 32 "b_i";
    .port_info 2 /INPUT 4 "op_i";
    .port_info 3 /OUTPUT 32 "res_o";
v0x55609e693fa0_0 .net "a_i", 31 0, L_0x55609e6b2090;  alias, 1 drivers
v0x55609e6940d0_0 .net "b_i", 31 0, L_0x55609e6b21c0;  alias, 1 drivers
v0x55609e6941e0_0 .net "op_i", 3 0, v0x55609e68a740_0;  alias, 1 drivers
v0x55609e694280_0 .var "res_o", 31 0;
E_0x55609e693f40 .event edge, v0x55609e68a740_0, v0x55609e68f240_0, v0x55609e68f860_0;
S_0x55609e694920 .scope module, "u_fetchpipeline" "fetch_pipe" 4 60, 17 1 0, S_0x55609e64ac00;
 .timescale -9 -12;
    .port_info 0 /INPUT 1 "clk";
    .port_info 1 /INPUT 32 "pre_address_pc";
    .port_info 2 /INPUT 32 "instruction_fetch";
    .port_info 3 /INPUT 1 "next_select";
    .port_info 4 /INPUT 1 "branch_result";
    .port_info 5 /INPUT 1 "load";
    .port_info 6 /OUTPUT 32 "pre_address_out";
    .port_info 7 /OUTPUT 32 "instruction";
v0x55609e694c40_0 .net "branch_result", 0 0, v0x55609e67acd0_0;  alias, 1 drivers
v0x55609e694d50_0 .net "clk", 0 0, v0x55609e6a06e0_0;  alias, 1 drivers
v0x55609e694e60_0 .var "flush_pipeline", 0 0;
v0x55609e694f00_0 .var "instruc", 31 0;
v0x55609e694fc0_0 .net "instruction", 31 0, v0x55609e694f00_0;  alias, 1 drivers
v0x55609e695100_0 .net "instruction_fetch", 31 0, v0x55609e696d30_0;  alias, 1 drivers
v0x55609e6951a0_0 .net "load", 0 0, v0x55609e64bbd0_0;  alias, 1 drivers
v0x55609e695240_0 .net "next_select", 0 0, v0x55609e68b1d0_0;  alias, 1 drivers
v0x55609e6952e0_0 .var "pre_address", 31 0;
v0x55609e695450_0 .net "pre_address_out", 31 0, v0x55609e6952e0_0;  alias, 1 drivers
v0x55609e6955a0_0 .net "pre_address_pc", 31 0, L_0x55609e67abb0;  alias, 1 drivers
E_0x55609e693750 .event posedge, v0x55609e691160_0;
S_0x55609e695780 .scope module, "u_fetchstage" "fetch" 4 41, 18 1 0, S_0x55609e64ac00;
 .timescale -9 -12;
    .port_info 0 /INPUT 1 "clk";
    .port_info 1 /INPUT 1 "rst";
    .port_info 2 /INPUT 1 "next_sel";
    .port_info 3 /INPUT 1 "valid";
    .port_info 4 /INPUT 1 "load";
    .port_info 5 /INPUT 1 "branch_reselt";
    .port_info 6 /INPUT 32 "next_address";
    .port_info 7 /INPUT 32 "address_in";
    .port_info 8 /INPUT 32 "instruction_fetch";
    .port_info 9 /OUTPUT 1 "we_re";
    .port_info 10 /OUTPUT 1 "request";
    .port_info 11 /OUTPUT 4 "mask";
    .port_info 12 /OUTPUT 32 "address_out";
    .port_info 13 /OUTPUT 32 "instruction";
    .port_info 14 /OUTPUT 32 "pre_address_pc";
L_0x7fa9c7443060 .functor BUFT 1, C4<00000000000000000000000000000000>, C4<0>, C4<0>, C4<0>;
v0x55609e696910_0 .net "address_in", 31 0, L_0x7fa9c7443060;  1 drivers
v0x55609e696a10_0 .net "address_out", 31 0, v0x55609e695f10_0;  alias, 1 drivers
v0x55609e696ad0_0 .net "branch_reselt", 0 0, v0x55609e67acd0_0;  alias, 1 drivers
v0x55609e696c00_0 .net "clk", 0 0, v0x55609e6a06e0_0;  alias, 1 drivers
v0x55609e696d30_0 .var "instruction", 31 0;
v0x55609e696dd0_0 .net "instruction_fetch", 31 0, v0x55609e69e790_0;  alias, 1 drivers
v0x55609e696e90_0 .net "load", 0 0, v0x55609e64bbd0_0;  alias, 1 drivers
v0x55609e696f30_0 .var "mask", 3 0;
v0x55609e697010_0 .net "next_address", 31 0, v0x55609e694280_0;  alias, 1 drivers
v0x55609e697160_0 .net "next_sel", 0 0, v0x55609e68b1d0_0;  alias, 1 drivers
v0x55609e697200_0 .net "pre_address_pc", 31 0, L_0x55609e67abb0;  alias, 1 drivers
v0x55609e6972c0_0 .var "request", 0 0;
v0x55609e697380_0 .net "rst", 0 0, v0x55609e6a0840_0;  alias, 1 drivers
v0x55609e697420_0 .net "valid", 0 0, v0x55609e69da40_0;  alias, 1 drivers
v0x55609e697550_0 .var "we_re", 0 0;
E_0x55609e695a80 .event edge, v0x55609e696dd0_0;
E_0x55609e695b00 .event edge, v0x55609e64bbd0_0, v0x55609e68c220_0;
S_0x55609e695b60 .scope module, "u_pc0" "pc" 18 21, 19 1 0, S_0x55609e695780;
 .timescale -9 -12;
    .port_info 0 /INPUT 1 "clk";
    .port_info 1 /INPUT 1 "rst";
    .port_info 2 /INPUT 1 "load";
    .port_info 3 /INPUT 1 "next_sel";
    .port_info 4 /INPUT 1 "dmem_valid";
    .port_info 5 /INPUT 1 "branch_reselt";
    .port_info 6 /INPUT 32 "next_address";
    .port_info 7 /INPUT 32 "address_in";
    .port_info 8 /OUTPUT 32 "address_out";
    .port_info 9 /OUTPUT 32 "pre_address_pc";
L_0x55609e67abb0 .functor BUFZ 32, v0x55609e696520_0, C4<00000000000000000000000000000000>, C4<00000000000000000000000000000000>, C4<00000000000000000000000000000000>;
L_0x7fa9c7443018 .functor BUFT 1, C4<00000000000000000000000000000000>, C4<0>, C4<0>, C4<0>;
v0x55609e695e10_0 .net "address_in", 31 0, L_0x7fa9c7443018;  1 drivers
v0x55609e695f10_0 .var "address_out", 31 0;
v0x55609e695ff0_0 .net "branch_reselt", 0 0, v0x55609e67acd0_0;  alias, 1 drivers
v0x55609e696090_0 .net "clk", 0 0, v0x55609e6a06e0_0;  alias, 1 drivers
v0x55609e696130_0 .net "dmem_valid", 0 0, v0x55609e69da40_0;  alias, 1 drivers
v0x55609e696220_0 .net "load", 0 0, v0x55609e64bbd0_0;  alias, 1 drivers
v0x55609e696350_0 .net "next_address", 31 0, v0x55609e694280_0;  alias, 1 drivers
v0x55609e6963f0_0 .net "next_sel", 0 0, v0x55609e68b1d0_0;  alias, 1 drivers
v0x55609e696520_0 .var "pre_address", 31 0;
v0x55609e696690_0 .net "pre_address_pc", 31 0, L_0x55609e67abb0;  alias, 1 drivers
v0x55609e696750_0 .net "rst", 0 0, v0x55609e6a0840_0;  alias, 1 drivers
S_0x55609e697870 .scope module, "u_memorystage" "memory_stage" 4 103, 20 1 0, S_0x55609e64ac00;
 .timescale -9 -12;
    .port_info 0 /INPUT 1 "rst";
    .port_info 1 /INPUT 1 "load";
    .port_info 2 /INPUT 1 "store";
    .port_info 3 /INPUT 1 "valid";
    .port_info 4 /INPUT 32 "op_b";
    .port_info 5 /INPUT 32 "alu_out_address";
    .port_info 6 /INPUT 32 "instruction";
    .port_info 7 /INPUT 32 "wrap_load_in";
    .port_info 8 /OUTPUT 1 "we_re";
    .port_info 9 /OUTPUT 1 "request";
    .port_info 10 /OUTPUT 4 "mask";
    .port_info 11 /OUTPUT 32 "store_data_out";
    .port_info 12 /OUTPUT 32 "wrap_load_out";
v0x55609e698860_0 .net "alu_out_address", 31 0, v0x55609e694280_0;  alias, 1 drivers
v0x55609e6989d0_0 .net "instruction", 31 0, v0x55609e694f00_0;  alias, 1 drivers
v0x55609e698a90_0 .net "load", 0 0, v0x55609e64bbd0_0;  alias, 1 drivers
v0x55609e698b30_0 .net "mask", 3 0, v0x55609e698370_0;  alias, 1 drivers
v0x55609e698bd0_0 .net "op_b", 31 0, L_0x55609e6b1250;  alias, 1 drivers
v0x55609e698c70_0 .var "request", 0 0;
v0x55609e698d30_0 .net "rst", 0 0, v0x55609e6a0840_0;  alias, 1 drivers
v0x55609e698e60_0 .net "store", 0 0, v0x55609e68a6a0_0;  alias, 1 drivers
v0x55609e698f90_0 .net "store_data_out", 31 0, v0x55609e698180_0;  alias, 1 drivers
v0x55609e6990e0_0 .net "valid", 0 0, v0x55609e69f2b0_0;  alias, 1 drivers
v0x55609e699180_0 .var "we_re", 0 0;
v0x55609e699240_0 .net "wrap_load_in", 31 0, v0x55609e69cf20_0;  alias, 1 drivers
v0x55609e699300_0 .net "wrap_load_out", 31 0, v0x55609e6985d0_0;  alias, 1 drivers
E_0x55609e697b40 .event edge, v0x55609e6990e0_0, v0x55609e64bbd0_0, v0x55609e68a6a0_0;
L_0x55609e6b2400 .part v0x55609e694280_0, 0, 2;
L_0x55609e6b25b0 .part v0x55609e694f00_0, 12, 3;
S_0x55609e697bc0 .scope module, "u_wrap_mem0" "wrappermem" 20 19, 21 1 0, S_0x55609e697870;
 .timescale -9 -12;
    .port_info 0 /INPUT 32 "data_i";
    .port_info 1 /INPUT 2 "byteadd";
    .port_info 2 /INPUT 3 "fun3";
    .port_info 3 /INPUT 1 "mem_en";
    .port_info 4 /INPUT 1 "Load";
    .port_info 5 /INPUT 32 "wrap_load_in";
    .port_info 6 /OUTPUT 4 "masking";
    .port_info 7 /OUTPUT 32 "data_o";
    .port_info 8 /OUTPUT 32 "wrap_load_out";
v0x55609e697f40_0 .net "Load", 0 0, v0x55609e64bbd0_0;  alias, 1 drivers
v0x55609e698000_0 .net "byteadd", 1 0, L_0x55609e6b2400;  1 drivers
v0x55609e6980e0_0 .net "data_i", 31 0, L_0x55609e6b1250;  alias, 1 drivers
v0x55609e698180_0 .var "data_o", 31 0;
v0x55609e698240_0 .net "fun3", 2 0, L_0x55609e6b25b0;  1 drivers
v0x55609e698370_0 .var "masking", 3 0;
v0x55609e698450_0 .net "mem_en", 0 0, v0x55609e68a6a0_0;  alias, 1 drivers
v0x55609e6984f0_0 .net "wrap_load_in", 31 0, v0x55609e69cf20_0;  alias, 1 drivers
v0x55609e6985d0_0 .var "wrap_load_out", 31 0;
E_0x55609e697ea0/0 .event edge, v0x55609e68a6a0_0, v0x55609e698240_0, v0x55609e698000_0, v0x55609e692740_0;
E_0x55609e697ea0/1 .event edge, v0x55609e64bbd0_0, v0x55609e6984f0_0;
E_0x55609e697ea0 .event/or E_0x55609e697ea0/0, E_0x55609e697ea0/1;
S_0x55609e699520 .scope module, "u_wbstage" "write_back" 4 123, 22 1 0, S_0x55609e64ac00;
 .timescale -9 -12;
    .port_info 0 /INPUT 2 "mem_to_reg";
    .port_info 1 /INPUT 32 "alu_out";
    .port_info 2 /INPUT 32 "data_mem_out";
    .port_info 3 /INPUT 32 "next_sel_address";
    .port_info 4 /OUTPUT 32 "rd_sel_mux_out";
v0x55609e69a030_0 .net "alu_out", 31 0, v0x55609e694280_0;  alias, 1 drivers
v0x55609e69a110_0 .net "data_mem_out", 31 0, v0x55609e6985d0_0;  alias, 1 drivers
v0x55609e69a1d0_0 .net "mem_to_reg", 1 0, v0x55609e68b0f0_0;  alias, 1 drivers
v0x55609e69a300_0 .net "next_sel_address", 31 0, v0x55609e693c20_0;  alias, 1 drivers
v0x55609e69a3c0_0 .net "rd_sel_mux_out", 31 0, v0x55609e699d10_0;  alias, 1 drivers
S_0x55609e6996b0 .scope module, "u_mux2" "mux2_4" 22 11, 23 1 0, S_0x55609e699520;
 .timescale -9 -12;
    .port_info 0 /INPUT 32 "a";
    .port_info 1 /INPUT 32 "b";
    .port_info 2 /INPUT 32 "c";
    .port_info 3 /INPUT 32 "d";
    .port_info 4 /INPUT 2 "sel";
    .port_info 5 /OUTPUT 32 "out";
v0x55609e6999a0_0 .net "a", 31 0, v0x55609e694280_0;  alias, 1 drivers
v0x55609e699a80_0 .net "b", 31 0, v0x55609e6985d0_0;  alias, 1 drivers
v0x55609e699b40_0 .net "c", 31 0, v0x55609e693c20_0;  alias, 1 drivers
o0x7fa9c748f108 .functor BUFZ 32, C4<zzzzzzzzzzzzzzzzzzzzzzzzzzzzzzzz>; HiZ drive
v0x55609e699c30_0 .net "d", 31 0, o0x7fa9c748f108;  0 drivers
v0x55609e699d10_0 .var "out", 31 0;
v0x55609e699e70_0 .net "sel", 1 0, v0x55609e68b0f0_0;  alias, 1 drivers
E_0x55609e699940/0 .event edge, v0x55609e68b0f0_0, v0x55609e694280_0, v0x55609e6985d0_0, v0x55609e693c20_0;
E_0x55609e699940/1 .event edge, v0x55609e699c30_0;
E_0x55609e699940 .event/or E_0x55609e699940/0, E_0x55609e699940/1;
S_0x55609e69c6e0 .scope module, "u_data_memory" "data_mem_top" 3 60, 24 1 0, S_0x55609e64deb0;
 .timescale -9 -12;
    .port_info 0 /INPUT 1 "clk";
    .port_info 1 /INPUT 1 "rst";
    .port_info 2 /INPUT 1 "we_re";
    .port_info 3 /INPUT 1 "request";
    .port_info 4 /INPUT 1 "load";
    .port_info 5 /INPUT 4 "mask";
    .port_info 6 /INPUT 8 "address";
    .port_info 7 /INPUT 32 "data_in";
    .port_info 8 /OUTPUT 1 "valid";
    .port_info 9 /OUTPUT 32 "data_out";
P_0x55609e694080 .param/l "INIT_MEM" 0 24 2, +C4<00000000000000000000000000000000>;
v0x55609e69d470_0 .net "address", 7 0, L_0x55609e6b2730;  1 drivers
v0x55609e69d550_0 .net "clk", 0 0, v0x55609e6a06e0_0;  alias, 1 drivers
v0x55609e69d5f0_0 .net "data_in", 31 0, v0x55609e698180_0;  alias, 1 drivers
v0x55609e69d690_0 .net "data_out", 31 0, v0x55609e69cf20_0;  alias, 1 drivers
v0x55609e69d7c0_0 .net "load", 0 0, L_0x55609e6b2390;  alias, 1 drivers
v0x55609e69d860_0 .net "mask", 3 0, L_0x55609e6b26c0;  alias, 1 drivers
v0x55609e69d900_0 .net "request", 0 0, v0x55609e698c70_0;  alias, 1 drivers
v0x55609e69d9a0_0 .net "rst", 0 0, v0x55609e6a0840_0;  alias, 1 drivers
v0x55609e69da40_0 .var "valid", 0 0;
v0x55609e69db70_0 .net "we_re", 0 0, v0x55609e699180_0;  alias, 1 drivers
S_0x55609e69c9e0 .scope module, "u_memory" "memory" 24 28, 25 1 0, S_0x55609e69c6e0;
 .timescale -9 -12;
    .port_info 0 /INPUT 1 "clk";
    .port_info 1 /INPUT 1 "we_re";
    .port_info 2 /INPUT 1 "request";
    .port_info 3 /INPUT 8 "address";
    .port_info 4 /INPUT 32 "data_in";
    .port_info 5 /INPUT 4 "mask";
    .port_info 6 /OUTPUT 32 "data_out";
P_0x55609e69cb70 .param/l "INIT_MEM" 0 25 2, +C4<00000000000000000000000000000000>;
v0x55609e69ccc0_0 .net "address", 7 0, L_0x55609e6b2730;  alias, 1 drivers
v0x55609e69cdc0_0 .net "clk", 0 0, v0x55609e6a06e0_0;  alias, 1 drivers
v0x55609e69ce80_0 .net "data_in", 31 0, v0x55609e698180_0;  alias, 1 drivers
v0x55609e69cf20_0 .var "data_out", 31 0;
v0x55609e69cfc0_0 .net "mask", 3 0, L_0x55609e6b26c0;  alias, 1 drivers
v0x55609e69d0d0 .array "mem", 255 0, 31 0;
v0x55609e69d170_0 .net "request", 0 0, v0x55609e698c70_0;  alias, 1 drivers
v0x55609e69d260_0 .net "we_re", 0 0, v0x55609e699180_0;  alias, 1 drivers
S_0x55609e69ddb0 .scope module, "u_instruction_memory" "instruc_mem_top" 3 26, 26 1 0, S_0x55609e64deb0;
 .timescale -9 -12;
    .port_info 0 /INPUT 1 "clk";
    .port_info 1 /INPUT 1 "rst";
    .port_info 2 /INPUT 1 "we_re";
    .port_info 3 /INPUT 1 "request";
    .port_info 4 /INPUT 4 "mask";
    .port_info 5 /INPUT 8 "address";
    .port_info 6 /INPUT 32 "data_in";
    .port_info 7 /OUTPUT 1 "valid";
    .port_info 8 /OUTPUT 32 "data_out";
P_0x55609e69df40 .param/l "INIT_MEM" 0 26 2, +C4<00000000000000000000000000000001>;
v0x55609e69edc0_0 .net "address", 7 0, L_0x55609e6a08e0;  1 drivers
v0x55609e69eea0_0 .net "clk", 0 0, v0x55609e6a06e0_0;  alias, 1 drivers
v0x55609e69ef40_0 .net "data_in", 31 0, v0x55609e6a0780_0;  alias, 1 drivers
v0x55609e69efe0_0 .net "data_out", 31 0, v0x55609e69e790_0;  alias, 1 drivers
v0x55609e69f080_0 .net "mask", 3 0, v0x55609e696f30_0;  alias, 1 drivers
v0x55609e69f170_0 .net "request", 0 0, v0x55609e6972c0_0;  alias, 1 drivers
v0x55609e69f210_0 .net "rst", 0 0, v0x55609e6a0840_0;  alias, 1 drivers
v0x55609e69f2b0_0 .var "valid", 0 0;
v0x55609e69f3a0_0 .net "we_re", 0 0, v0x55609e697550_0;  alias, 1 drivers
S_0x55609e69e1a0 .scope module, "u_memory" "memory" 26 27, 25 1 0, S_0x55609e69ddb0;
 .timescale -9 -12;
    .port_info 0 /INPUT 1 "clk";
    .port_info 1 /INPUT 1 "we_re";
    .port_info 2 /INPUT 1 "request";
    .port_info 3 /INPUT 8 "address";
    .port_info 4 /INPUT 32 "data_in";
    .port_info 5 /INPUT 4 "mask";
    .port_info 6 /OUTPUT 32 "data_out";
P_0x55609e69e380 .param/l "INIT_MEM" 0 25 2, +C4<00000000000000000000000000000001>;
v0x55609e69e500_0 .net "address", 7 0, L_0x55609e6a08e0;  alias, 1 drivers
v0x55609e69e600_0 .net "clk", 0 0, v0x55609e6a06e0_0;  alias, 1 drivers
v0x55609e69e6c0_0 .net "data_in", 31 0, v0x55609e6a0780_0;  alias, 1 drivers
v0x55609e69e790_0 .var "data_out", 31 0;
v0x55609e69e8a0_0 .net "mask", 3 0, v0x55609e696f30_0;  alias, 1 drivers
v0x55609e69ea00 .array "mem", 255 0, 31 0;
v0x55609e69eac0_0 .net "request", 0 0, v0x55609e6972c0_0;  alias, 1 drivers
v0x55609e69ebb0_0 .net "we_re", 0 0, v0x55609e697550_0;  alias, 1 drivers
    .scope S_0x55609e69e1a0;
T_0 ;
    %vpi_call 25 18 "$readmemh", "tb/instr.mem", v0x55609e69ea00 {0 0 0};
    %end;
    .thread T_0;
    .scope S_0x55609e69e1a0;
T_1 ;
    %wait E_0x55609e693750;
    %load/vec4 v0x55609e69eac0_0;
    %load/vec4 v0x55609e69ebb0_0;
    %and;
    %flag_set/vec4 8;
    %jmp/0xz  T_1.0, 8;
    %load/vec4 v0x55609e69e8a0_0;
    %parti/s 1, 0, 2;
    %flag_set/vec4 8;
    %jmp/0xz  T_1.2, 8;
    %load/vec4 v0x55609e69e6c0_0;
    %parti/s 8, 0, 2;
    %load/vec4 v0x55609e69e500_0;
    %pad/u 10;
    %ix/vec4 3;
    %ix/load 4, 0, 0; Constant delay
    %assign/vec4/a/d v0x55609e69ea00, 0, 4;
T_1.2 ;
    %load/vec4 v0x55609e69e8a0_0;
    %parti/s 1, 1, 2;
    %flag_set/vec4 8;
    %jmp/0xz  T_1.4, 8;
    %load/vec4 v0x55609e69e6c0_0;
    %parti/s 8, 8, 5;
    %load/vec4 v0x55609e69e500_0;
    %pad/u 10;
    %ix/vec4 3;
    %ix/load 4, 8, 0; part off
    %ix/load 5, 0, 0; Constant delay
    %assign/vec4/a/d v0x55609e69ea00, 4, 5;
T_1.4 ;
    %load/vec4 v0x55609e69e8a0_0;
    %parti/s 1, 2, 3;
    %flag_set/vec4 8;
    %jmp/0xz  T_1.6, 8;
    %load/vec4 v0x55609e69e6c0_0;
    %parti/s 8, 16, 6;
    %load/vec4 v0x55609e69e500_0;
    %pad/u 10;
    %ix/vec4 3;
    %ix/load 4, 16, 0; part off
    %ix/load 5, 0, 0; Constant delay
    %assign/vec4/a/d v0x55609e69ea00, 4, 5;
T_1.6 ;
    %load/vec4 v0x55609e69e8a0_0;
    %parti/s 1, 3, 3;
    %flag_set/vec4 8;
    %jmp/0xz  T_1.8, 8;
    %load/vec4 v0x55609e69e6c0_0;
    %parti/s 8, 24, 6;
    %load/vec4 v0x55609e69e500_0;
    %pad/u 10;
    %ix/vec4 3;
    %ix/load 4, 24, 0; part off
    %ix/load 5, 0, 0; Constant delay
    %assign/vec4/a/d v0x55609e69ea00, 4, 5;
T_1.8 ;
    %jmp T_1.1;
T_1.0 ;
    %load/vec4 v0x55609e69eac0_0;
    %load/vec4 v0x55609e69ebb0_0;
    %nor/r;
    %and;
    %flag_set/vec4 8;
    %jmp/0xz  T_1.10, 8;
    %load/vec4 v0x55609e69e500_0;
    %pad/u 10;
    %ix/vec4 4;
    %load/vec4a v0x55609e69ea00, 4;
    %assign/vec4 v0x55609e69e790_0, 0;
T_1.10 ;
T_1.1 ;
    %jmp T_1;
    .thread T_1;
    .scope S_0x55609e69ddb0;
T_2 ;
    %wait E_0x55609e68fdb0;
    %load/vec4 v0x55609e69f210_0;
    %nor/r;
    %flag_set/vec4 8;
    %jmp/0xz  T_2.0, 8;
    %pushi/vec4 0, 0, 1;
    %assign/vec4 v0x55609e69f2b0_0, 0;
    %jmp T_2.1;
T_2.0 ;
    %load/vec4 v0x55609e69f170_0;
    %assign/vec4 v0x55609e69f2b0_0, 0;
T_2.1 ;
    %jmp T_2;
    .thread T_2;
    .scope S_0x55609e695b60;
T_3 ;
    %wait E_0x55609e68fdb0;
    %load/vec4 v0x55609e696750_0;
    %nor/r;
    %flag_set/vec4 8;
    %jmp/0xz  T_3.0, 8;
    %pushi/vec4 0, 0, 32;
    %assign/vec4 v0x55609e695f10_0, 0;
    %jmp T_3.1;
T_3.0 ;
    %load/vec4 v0x55609e6963f0_0;
    %load/vec4 v0x55609e695ff0_0;
    %or;
    %flag_set/vec4 8;
    %jmp/0xz  T_3.2, 8;
    %load/vec4 v0x55609e696350_0;
    %assign/vec4 v0x55609e695f10_0, 0;
    %jmp T_3.3;
T_3.2 ;
    %load/vec4 v0x55609e696220_0;
    %load/vec4 v0x55609e696130_0;
    %nor/r;
    %and;
    %flag_set/vec4 8;
    %jmp/0xz  T_3.4, 8;
    %load/vec4 v0x55609e695f10_0;
    %assign/vec4 v0x55609e695f10_0, 0;
    %jmp T_3.5;
T_3.4 ;
    %load/vec4 v0x55609e695f10_0;
    %addi 4, 0, 32;
    %assign/vec4 v0x55609e695f10_0, 0;
T_3.5 ;
T_3.3 ;
T_3.1 ;
    %load/vec4 v0x55609e695f10_0;
    %assign/vec4 v0x55609e696520_0, 0;
    %jmp T_3;
    .thread T_3;
    .scope S_0x55609e695780;
T_4 ;
    %wait E_0x55609e695b00;
    %load/vec4 v0x55609e696e90_0;
    %load/vec4 v0x55609e697420_0;
    %nor/r;
    %and;
    %flag_set/vec4 8;
    %jmp/0xz  T_4.0, 8;
    %pushi/vec4 15, 0, 4;
    %store/vec4 v0x55609e696f30_0, 0, 4;
    %pushi/vec4 0, 0, 1;
    %store/vec4 v0x55609e697550_0, 0, 1;
    %pushi/vec4 0, 0, 1;
    %store/vec4 v0x55609e6972c0_0, 0, 1;
    %jmp T_4.1;
T_4.0 ;
    %pushi/vec4 15, 0, 4;
    %store/vec4 v0x55609e696f30_0, 0, 4;
    %pushi/vec4 0, 0, 1;
    %store/vec4 v0x55609e697550_0, 0, 1;
    %pushi/vec4 1, 0, 1;
    %store/vec4 v0x55609e6972c0_0, 0, 1;
T_4.1 ;
    %jmp T_4;
    .thread T_4, $push;
    .scope S_0x55609e695780;
T_5 ;
    %wait E_0x55609e695a80;
    %load/vec4 v0x55609e696dd0_0;
    %store/vec4 v0x55609e696d30_0, 0, 32;
    %jmp T_5;
    .thread T_5, $push;
    .scope S_0x55609e694920;
T_6 ;
    %wait E_0x55609e693750;
    %load/vec4 v0x55609e695240_0;
    %load/vec4 v0x55609e694c40_0;
    %or;
    %flag_set/vec4 8;
    %jmp/0xz  T_6.0, 8;
    %pushi/vec4 0, 0, 32;
    %assign/vec4 v0x55609e6952e0_0, 0;
    %pushi/vec4 0, 0, 32;
    %assign/vec4 v0x55609e694f00_0, 0;
    %pushi/vec4 1, 0, 1;
    %assign/vec4 v0x55609e694e60_0, 0;
    %jmp T_6.1;
T_6.0 ;
    %load/vec4 v0x55609e694e60_0;
    %flag_set/vec4 8;
    %jmp/0xz  T_6.2, 8;
    %pushi/vec4 0, 0, 32;
    %assign/vec4 v0x55609e6952e0_0, 0;
    %pushi/vec4 0, 0, 32;
    %assign/vec4 v0x55609e694f00_0, 0;
    %pushi/vec4 0, 0, 1;
    %assign/vec4 v0x55609e694e60_0, 0;
    %jmp T_6.3;
T_6.2 ;
    %load/vec4 v0x55609e6951a0_0;
    %flag_set/vec4 8;
    %jmp/0xz  T_6.4, 8;
    %load/vec4 v0x55609e695450_0;
    %assign/vec4 v0x55609e6952e0_0, 0;
    %load/vec4 v0x55609e694fc0_0;
    %assign/vec4 v0x55609e694f00_0, 0;
    %jmp T_6.5;
T_6.4 ;
    %load/vec4 v0x55609e6955a0_0;
    %assign/vec4 v0x55609e6952e0_0, 0;
    %load/vec4 v0x55609e695100_0;
    %assign/vec4 v0x55609e694f00_0, 0;
T_6.5 ;
T_6.3 ;
T_6.1 ;
    %jmp T_6;
    .thread T_6;
    .scope S_0x55609e68b910;
T_7 ;
    %wait E_0x55609e579ff0;
    %pushi/vec4 0, 0, 1;
    %store/vec4 v0x55609e68c080_0, 0, 1;
    %pushi/vec4 0, 0, 1;
    %store/vec4 v0x55609e68bc40_0, 0, 1;
    %pushi/vec4 0, 0, 1;
    %store/vec4 v0x55609e68c150_0, 0, 1;
    %pushi/vec4 0, 0, 1;
    %store/vec4 v0x55609e68be70_0, 0, 1;
    %pushi/vec4 0, 0, 1;
    %store/vec4 v0x55609e68bba0_0, 0, 1;
    %pushi/vec4 0, 0, 1;
    %store/vec4 v0x55609e68bae0_0, 0, 1;
    %pushi/vec4 0, 0, 1;
    %store/vec4 v0x55609e68bce0_0, 0, 1;
    %pushi/vec4 0, 0, 1;
    %store/vec4 v0x55609e68bd80_0, 0, 1;
    %pushi/vec4 0, 0, 1;
    %store/vec4 v0x55609e68bf10_0, 0, 1;
    %load/vec4 v0x55609e68bfe0_0;
    %dup/vec4;
    %pushi/vec4 51, 0, 7;
    %cmp/u;
    %jmp/1 T_7.0, 6;
    %dup/vec4;
    %pushi/vec4 19, 0, 7;
    %cmp/u;
    %jmp/1 T_7.1, 6;
    %dup/vec4;
    %pushi/vec4 35, 0, 7;
    %cmp/u;
    %jmp/1 T_7.2, 6;
    %dup/vec4;
    %pushi/vec4 3, 0, 7;
    %cmp/u;
    %jmp/1 T_7.3, 6;
    %dup/vec4;
    %pushi/vec4 99, 0, 7;
    %cmp/u;
    %jmp/1 T_7.4, 6;
    %dup/vec4;
    %pushi/vec4 23, 0, 7;
    %cmp/u;
    %jmp/1 T_7.5, 6;
    %dup/vec4;
    %pushi/vec4 111, 0, 7;
    %cmp/u;
    %jmp/1 T_7.6, 6;
    %dup/vec4;
    %pushi/vec4 103, 0, 7;
    %cmp/u;
    %jmp/1 T_7.7, 6;
    %dup/vec4;
    %pushi/vec4 55, 0, 7;
    %cmp/u;
    %jmp/1 T_7.8, 6;
    %pushi/vec4 0, 0, 1;
    %store/vec4 v0x55609e68c080_0, 0, 1;
    %pushi/vec4 0, 0, 1;
    %store/vec4 v0x55609e68bc40_0, 0, 1;
    %pushi/vec4 0, 0, 1;
    %store/vec4 v0x55609e68c150_0, 0, 1;
    %pushi/vec4 0, 0, 1;
    %store/vec4 v0x55609e68be70_0, 0, 1;
    %pushi/vec4 0, 0, 1;
    %store/vec4 v0x55609e68bba0_0, 0, 1;
    %pushi/vec4 0, 0, 1;
    %store/vec4 v0x55609e68bae0_0, 0, 1;
    %pushi/vec4 0, 0, 1;
    %store/vec4 v0x55609e68bce0_0, 0, 1;
    %pushi/vec4 0, 0, 1;
    %store/vec4 v0x55609e68bd80_0, 0, 1;
    %pushi/vec4 0, 0, 1;
    %store/vec4 v0x55609e68bf10_0, 0, 1;
    %jmp T_7.10;
T_7.0 ;
    %pushi/vec4 1, 0, 1;
    %store/vec4 v0x55609e68c080_0, 0, 1;
    %jmp T_7.10;
T_7.1 ;
    %pushi/vec4 1, 0, 1;
    %store/vec4 v0x55609e68bc40_0, 0, 1;
    %jmp T_7.10;
T_7.2 ;
    %pushi/vec4 1, 0, 1;
    %store/vec4 v0x55609e68c150_0, 0, 1;
    %jmp T_7.10;
T_7.3 ;
    %load/vec4 v0x55609e68c220_0;
    %flag_set/vec4 8;
    %jmp/0xz  T_7.11, 8;
    %pushi/vec4 0, 0, 1;
    %store/vec4 v0x55609e68be70_0, 0, 1;
    %jmp T_7.12;
T_7.11 ;
    %pushi/vec4 1, 0, 1;
    %store/vec4 v0x55609e68be70_0, 0, 1;
T_7.12 ;
    %jmp T_7.10;
T_7.4 ;
    %pushi/vec4 1, 0, 1;
    %store/vec4 v0x55609e68bba0_0, 0, 1;
    %jmp T_7.10;
T_7.5 ;
    %pushi/vec4 1, 0, 1;
    %store/vec4 v0x55609e68bae0_0, 0, 1;
    %jmp T_7.10;
T_7.6 ;
    %pushi/vec4 1, 0, 1;
    %store/vec4 v0x55609e68bce0_0, 0, 1;
    %jmp T_7.10;
T_7.7 ;
    %pushi/vec4 1, 0, 1;
    %store/vec4 v0x55609e68bd80_0, 0, 1;
    %jmp T_7.10;
T_7.8 ;
    %pushi/vec4 1, 0, 1;
    %store/vec4 v0x55609e68bf10_0, 0, 1;
    %jmp T_7.10;
T_7.10 ;
    %pop/vec4 1;
    %jmp T_7;
    .thread T_7, $push;
    .scope S_0x55609e68a200;
T_8 ;
    %wait E_0x55609e591a90;
    %load/vec4 v0x55609e68b410_0;
    %load/vec4 v0x55609e68ab90_0;
    %or;
    %load/vec4 v0x55609e68aeb0_0;
    %or;
    %load/vec4 v0x55609e68ad30_0;
    %or;
    %load/vec4 v0x55609e68adf0_0;
    %or;
    %load/vec4 v0x55609e68af70_0;
    %or;
    %load/vec4 v0x55609e68a820_0;
    %or;
    %store/vec4 v0x55609e68b4d0_0, 0, 1;
    %load/vec4 v0x55609e68a930_0;
    %load/vec4 v0x55609e68ad30_0;
    %or;
    %load/vec4 v0x55609e68a820_0;
    %or;
    %store/vec4 v0x55609e68b290_0, 0, 1;
    %load/vec4 v0x55609e68ab90_0;
    %load/vec4 v0x55609e68aeb0_0;
    %or;
    %load/vec4 v0x55609e68b590_0;
    %or;
    %load/vec4 v0x55609e68a930_0;
    %or;
    %load/vec4 v0x55609e68ad30_0;
    %or;
    %load/vec4 v0x55609e68adf0_0;
    %or;
    %load/vec4 v0x55609e68af70_0;
    %or;
    %load/vec4 v0x55609e68a820_0;
    %or;
    %store/vec4 v0x55609e68b350_0, 0, 1;
    %load/vec4 v0x55609e68aeb0_0;
    %store/vec4 v0x55609e64bbd0_0, 0, 1;
    %load/vec4 v0x55609e68b590_0;
    %store/vec4 v0x55609e68a6a0_0, 0, 1;
    %load/vec4 v0x55609e68aeb0_0;
    %pad/u 2;
    %store/vec4 v0x55609e68b0f0_0, 0, 2;
    %load/vec4 v0x55609e68a930_0;
    %store/vec4 v0x55609e64bad0_0, 0, 1;
    %load/vec4 v0x55609e68ad30_0;
    %load/vec4 v0x55609e68adf0_0;
    %or;
    %store/vec4 v0x55609e68b1d0_0, 0, 1;
    %load/vec4 v0x55609e68b590_0;
    %store/vec4 v0x55609e68b030_0, 0, 1;
    %load/vec4 v0x55609e68b410_0;
    %flag_set/vec4 8;
    %jmp/0xz  T_8.0, 8;
    %pushi/vec4 0, 0, 2;
    %store/vec4 v0x55609e68b0f0_0, 0, 2;
    %load/vec4 v0x55609e68a9f0_0;
    %pushi/vec4 0, 0, 3;
    %cmp/e;
    %flag_get/vec4 4;
    %load/vec4 v0x55609e68aad0_0;
    %pad/u 32;
    %pushi/vec4 0, 0, 32;
    %cmp/e;
    %flag_get/vec4 4;
    %and;
    %flag_set/vec4 8;
    %jmp/0xz  T_8.2, 8;
    %pushi/vec4 0, 0, 4;
    %store/vec4 v0x55609e68a740_0, 0, 4;
    %jmp T_8.3;
T_8.2 ;
    %load/vec4 v0x55609e68a9f0_0;
    %pushi/vec4 0, 0, 3;
    %cmp/e;
    %flag_get/vec4 4;
    %load/vec4 v0x55609e68aad0_0;
    %pad/u 32;
    %pushi/vec4 1, 0, 32;
    %cmp/e;
    %flag_get/vec4 4;
    %and;
    %flag_set/vec4 8;
    %jmp/0xz  T_8.4, 8;
    %pushi/vec4 1, 0, 4;
    %store/vec4 v0x55609e68a740_0, 0, 4;
    %jmp T_8.5;
T_8.4 ;
    %load/vec4 v0x55609e68a9f0_0;
    %pushi/vec4 1, 0, 3;
    %cmp/e;
    %flag_get/vec4 4;
    %load/vec4 v0x55609e68aad0_0;
    %pad/u 32;
    %pushi/vec4 0, 0, 32;
    %cmp/e;
    %flag_get/vec4 4;
    %and;
    %flag_set/vec4 8;
    %jmp/0xz  T_8.6, 8;
    %pushi/vec4 2, 0, 4;
    %store/vec4 v0x55609e68a740_0, 0, 4;
    %jmp T_8.7;
T_8.6 ;
    %load/vec4 v0x55609e68a9f0_0;
    %pushi/vec4 2, 0, 3;
    %cmp/e;
    %flag_get/vec4 4;
    %load/vec4 v0x55609e68aad0_0;
    %pad/u 32;
    %pushi/vec4 0, 0, 32;
    %cmp/e;
    %flag_get/vec4 4;
    %and;
    %flag_set/vec4 8;
    %jmp/0xz  T_8.8, 8;
    %pushi/vec4 3, 0, 4;
    %store/vec4 v0x55609e68a740_0, 0, 4;
    %jmp T_8.9;
T_8.8 ;
    %load/vec4 v0x55609e68a9f0_0;
    %pushi/vec4 3, 0, 3;
    %cmp/e;
    %flag_get/vec4 4;
    %load/vec4 v0x55609e68aad0_0;
    %pad/u 32;
    %pushi/vec4 0, 0, 32;
    %cmp/e;
    %flag_get/vec4 4;
    %and;
    %flag_set/vec4 8;
    %jmp/0xz  T_8.10, 8;
    %pushi/vec4 4, 0, 4;
    %store/vec4 v0x55609e68a740_0, 0, 4;
    %jmp T_8.11;
T_8.10 ;
    %load/vec4 v0x55609e68a9f0_0;
    %pushi/vec4 4, 0, 3;
    %cmp/e;
    %flag_get/vec4 4;
    %load/vec4 v0x55609e68aad0_0;
    %pad/u 32;
    %pushi/vec4 0, 0, 32;
    %cmp/e;
    %flag_get/vec4 4;
    %and;
    %flag_set/vec4 8;
    %jmp/0xz  T_8.12, 8;
    %pushi/vec4 5, 0, 4;
    %store/vec4 v0x55609e68a740_0, 0, 4;
    %jmp T_8.13;
T_8.12 ;
    %load/vec4 v0x55609e68a9f0_0;
    %pushi/vec4 5, 0, 3;
    %cmp/e;
    %flag_get/vec4 4;
    %load/vec4 v0x55609e68aad0_0;
    %pad/u 32;
    %pushi/vec4 0, 0, 32;
    %cmp/e;
    %flag_get/vec4 4;
    %and;
    %flag_set/vec4 8;
    %jmp/0xz  T_8.14, 8;
    %pushi/vec4 6, 0, 4;
    %store/vec4 v0x55609e68a740_0, 0, 4;
    %jmp T_8.15;
T_8.14 ;
    %load/vec4 v0x55609e68a9f0_0;
    %pushi/vec4 5, 0, 3;
    %cmp/e;
    %flag_get/vec4 4;
    %load/vec4 v0x55609e68aad0_0;
    %pad/u 32;
    %pushi/vec4 1, 0, 32;
    %cmp/e;
    %flag_get/vec4 4;
    %and;
    %flag_set/vec4 8;
    %jmp/0xz  T_8.16, 8;
    %pushi/vec4 7, 0, 4;
    %store/vec4 v0x55609e68a740_0, 0, 4;
    %jmp T_8.17;
T_8.16 ;
    %load/vec4 v0x55609e68a9f0_0;
    %pushi/vec4 6, 0, 3;
    %cmp/e;
    %flag_get/vec4 4;
    %load/vec4 v0x55609e68aad0_0;
    %pad/u 32;
    %pushi/vec4 0, 0, 32;
    %cmp/e;
    %flag_get/vec4 4;
    %and;
    %flag_set/vec4 8;
    %jmp/0xz  T_8.18, 8;
    %pushi/vec4 8, 0, 4;
    %store/vec4 v0x55609e68a740_0, 0, 4;
    %jmp T_8.19;
T_8.18 ;
    %load/vec4 v0x55609e68a9f0_0;
    %pushi/vec4 7, 0, 3;
    %cmp/e;
    %flag_get/vec4 4;
    %load/vec4 v0x55609e68aad0_0;
    %pad/u 32;
    %pushi/vec4 0, 0, 32;
    %cmp/e;
    %flag_get/vec4 4;
    %and;
    %flag_set/vec4 8;
    %jmp/0xz  T_8.20, 8;
    %pushi/vec4 9, 0, 4;
    %store/vec4 v0x55609e68a740_0, 0, 4;
T_8.20 ;
T_8.19 ;
T_8.17 ;
T_8.15 ;
T_8.13 ;
T_8.11 ;
T_8.9 ;
T_8.7 ;
T_8.5 ;
T_8.3 ;
    %jmp T_8.1;
T_8.0 ;
    %load/vec4 v0x55609e68ab90_0;
    %flag_set/vec4 8;
    %jmp/0xz  T_8.22, 8;
    %pushi/vec4 0, 0, 3;
    %store/vec4 v0x55609e68ac50_0, 0, 3;
    %pushi/vec4 0, 0, 2;
    %store/vec4 v0x55609e68b0f0_0, 0, 2;
    %load/vec4 v0x55609e68a9f0_0;
    %pushi/vec4 0, 0, 3;
    %cmp/e;
    %flag_get/vec4 4;
    %load/vec4 v0x55609e68aad0_0;
    %pad/u 32;
    %pushi/vec4 0, 0, 32;
    %cmp/e;
    %flag_get/vec4 4;
    %and;
    %flag_set/vec4 8;
    %jmp/0xz  T_8.24, 8;
    %pushi/vec4 0, 0, 4;
    %store/vec4 v0x55609e68a740_0, 0, 4;
    %jmp T_8.25;
T_8.24 ;
    %load/vec4 v0x55609e68a9f0_0;
    %pushi/vec4 1, 0, 3;
    %cmp/e;
    %flag_get/vec4 4;
    %load/vec4 v0x55609e68aad0_0;
    %pad/u 32;
    %pushi/vec4 0, 0, 32;
    %cmp/e;
    %flag_get/vec4 4;
    %and;
    %flag_set/vec4 8;
    %jmp/0xz  T_8.26, 8;
    %pushi/vec4 2, 0, 4;
    %store/vec4 v0x55609e68a740_0, 0, 4;
    %jmp T_8.27;
T_8.26 ;
    %load/vec4 v0x55609e68a9f0_0;
    %pushi/vec4 2, 0, 3;
    %cmp/e;
    %flag_get/vec4 4;
    %load/vec4 v0x55609e68aad0_0;
    %pad/u 32;
    %pushi/vec4 0, 0, 32;
    %cmp/e;
    %flag_get/vec4 4;
    %and;
    %flag_set/vec4 8;
    %jmp/0xz  T_8.28, 8;
    %pushi/vec4 3, 0, 4;
    %store/vec4 v0x55609e68a740_0, 0, 4;
    %jmp T_8.29;
T_8.28 ;
    %load/vec4 v0x55609e68a9f0_0;
    %pushi/vec4 3, 0, 3;
    %cmp/e;
    %flag_get/vec4 4;
    %load/vec4 v0x55609e68aad0_0;
    %pad/u 32;
    %pushi/vec4 0, 0, 32;
    %cmp/e;
    %flag_get/vec4 4;
    %and;
    %flag_set/vec4 8;
    %jmp/0xz  T_8.30, 8;
    %pushi/vec4 4, 0, 4;
    %store/vec4 v0x55609e68a740_0, 0, 4;
    %jmp T_8.31;
T_8.30 ;
    %load/vec4 v0x55609e68a9f0_0;
    %pushi/vec4 4, 0, 3;
    %cmp/e;
    %flag_get/vec4 4;
    %load/vec4 v0x55609e68aad0_0;
    %pad/u 32;
    %pushi/vec4 0, 0, 32;
    %cmp/e;
    %flag_get/vec4 4;
    %and;
    %flag_set/vec4 8;
    %jmp/0xz  T_8.32, 8;
    %pushi/vec4 5, 0, 4;
    %store/vec4 v0x55609e68a740_0, 0, 4;
    %jmp T_8.33;
T_8.32 ;
    %load/vec4 v0x55609e68a9f0_0;
    %pushi/vec4 5, 0, 3;
    %cmp/e;
    %flag_get/vec4 4;
    %load/vec4 v0x55609e68aad0_0;
    %pad/u 32;
    %pushi/vec4 0, 0, 32;
    %cmp/e;
    %flag_get/vec4 4;
    %and;
    %flag_set/vec4 8;
    %jmp/0xz  T_8.34, 8;
    %pushi/vec4 6, 0, 4;
    %store/vec4 v0x55609e68a740_0, 0, 4;
    %jmp T_8.35;
T_8.34 ;
    %load/vec4 v0x55609e68a9f0_0;
    %pushi/vec4 5, 0, 3;
    %cmp/e;
    %flag_get/vec4 4;
    %load/vec4 v0x55609e68aad0_0;
    %pad/u 32;
    %pushi/vec4 1, 0, 32;
    %cmp/e;
    %flag_get/vec4 4;
    %and;
    %flag_set/vec4 8;
    %jmp/0xz  T_8.36, 8;
    %pushi/vec4 7, 0, 4;
    %store/vec4 v0x55609e68a740_0, 0, 4;
    %jmp T_8.37;
T_8.36 ;
    %load/vec4 v0x55609e68a9f0_0;
    %pushi/vec4 6, 0, 3;
    %cmp/e;
    %flag_get/vec4 4;
    %load/vec4 v0x55609e68aad0_0;
    %pad/u 32;
    %pushi/vec4 0, 0, 32;
    %cmp/e;
    %flag_get/vec4 4;
    %and;
    %flag_set/vec4 8;
    %jmp/0xz  T_8.38, 8;
    %pushi/vec4 8, 0, 4;
    %store/vec4 v0x55609e68a740_0, 0, 4;
    %jmp T_8.39;
T_8.38 ;
    %load/vec4 v0x55609e68a9f0_0;
    %pushi/vec4 7, 0, 3;
    %cmp/e;
    %flag_get/vec4 4;
    %load/vec4 v0x55609e68aad0_0;
    %pad/u 32;
    %pushi/vec4 0, 0, 32;
    %cmp/e;
    %flag_get/vec4 4;
    %and;
    %flag_set/vec4 8;
    %jmp/0xz  T_8.40, 8;
    %pushi/vec4 9, 0, 4;
    %store/vec4 v0x55609e68a740_0, 0, 4;
T_8.40 ;
T_8.39 ;
T_8.37 ;
T_8.35 ;
T_8.33 ;
T_8.31 ;
T_8.29 ;
T_8.27 ;
T_8.25 ;
    %jmp T_8.23;
T_8.22 ;
    %load/vec4 v0x55609e68b590_0;
    %flag_set/vec4 8;
    %jmp/0xz  T_8.42, 8;
    %pushi/vec4 1, 0, 3;
    %store/vec4 v0x55609e68ac50_0, 0, 3;
    %pushi/vec4 0, 0, 2;
    %store/vec4 v0x55609e68b0f0_0, 0, 2;
    %load/vec4 v0x55609e68a9f0_0;
    %cmpi/e 0, 0, 3;
    %jmp/0xz  T_8.44, 4;
    %pushi/vec4 0, 0, 4;
    %store/vec4 v0x55609e68a740_0, 0, 4;
    %jmp T_8.45;
T_8.44 ;
    %load/vec4 v0x55609e68a9f0_0;
    %cmpi/e 1, 0, 3;
    %jmp/0xz  T_8.46, 4;
    %pushi/vec4 0, 0, 4;
    %store/vec4 v0x55609e68a740_0, 0, 4;
    %jmp T_8.47;
T_8.46 ;
    %load/vec4 v0x55609e68a9f0_0;
    %cmpi/e 2, 0, 3;
    %jmp/0xz  T_8.48, 4;
    %pushi/vec4 0, 0, 4;
    %store/vec4 v0x55609e68a740_0, 0, 4;
T_8.48 ;
T_8.47 ;
T_8.45 ;
    %jmp T_8.43;
T_8.42 ;
    %load/vec4 v0x55609e68aeb0_0;
    %flag_set/vec4 8;
    %jmp/0xz  T_8.50, 8;
    %pushi/vec4 0, 0, 3;
    %store/vec4 v0x55609e68ac50_0, 0, 3;
    %pushi/vec4 1, 0, 2;
    %store/vec4 v0x55609e68b0f0_0, 0, 2;
    %load/vec4 v0x55609e68a9f0_0;
    %cmpi/e 0, 0, 3;
    %jmp/0xz  T_8.52, 4;
    %pushi/vec4 0, 0, 4;
    %store/vec4 v0x55609e68a740_0, 0, 4;
    %jmp T_8.53;
T_8.52 ;
    %load/vec4 v0x55609e68a9f0_0;
    %cmpi/e 1, 0, 3;
    %jmp/0xz  T_8.54, 4;
    %pushi/vec4 0, 0, 4;
    %store/vec4 v0x55609e68a740_0, 0, 4;
    %jmp T_8.55;
T_8.54 ;
    %load/vec4 v0x55609e68a9f0_0;
    %cmpi/e 2, 0, 3;
    %jmp/0xz  T_8.56, 4;
    %pushi/vec4 0, 0, 4;
    %store/vec4 v0x55609e68a740_0, 0, 4;
    %jmp T_8.57;
T_8.56 ;
    %load/vec4 v0x55609e68a9f0_0;
    %cmpi/e 4, 0, 3;
    %jmp/0xz  T_8.58, 4;
    %pushi/vec4 0, 0, 4;
    %store/vec4 v0x55609e68a740_0, 0, 4;
    %jmp T_8.59;
T_8.58 ;
    %load/vec4 v0x55609e68a9f0_0;
    %cmpi/e 5, 0, 3;
    %jmp/0xz  T_8.60, 4;
    %pushi/vec4 0, 0, 4;
    %store/vec4 v0x55609e68a740_0, 0, 4;
    %jmp T_8.61;
T_8.60 ;
    %load/vec4 v0x55609e68a9f0_0;
    %cmpi/e 6, 0, 3;
    %jmp/0xz  T_8.62, 4;
    %pushi/vec4 0, 0, 4;
    %store/vec4 v0x55609e68a740_0, 0, 4;
T_8.62 ;
T_8.61 ;
T_8.59 ;
T_8.57 ;
T_8.55 ;
T_8.53 ;
    %jmp T_8.51;
T_8.50 ;
    %load/vec4 v0x55609e68a930_0;
    %flag_set/vec4 8;
    %jmp/0xz  T_8.64, 8;
    %pushi/vec4 0, 0, 4;
    %store/vec4 v0x55609e68a740_0, 0, 4;
    %pushi/vec4 0, 0, 2;
    %store/vec4 v0x55609e68b0f0_0, 0, 2;
    %pushi/vec4 2, 0, 3;
    %store/vec4 v0x55609e68ac50_0, 0, 3;
    %jmp T_8.65;
T_8.64 ;
    %load/vec4 v0x55609e68ad30_0;
    %flag_set/vec4 8;
    %jmp/0xz  T_8.66, 8;
    %pushi/vec4 0, 0, 4;
    %store/vec4 v0x55609e68a740_0, 0, 4;
    %pushi/vec4 2, 0, 2;
    %store/vec4 v0x55609e68b0f0_0, 0, 2;
    %pushi/vec4 3, 0, 3;
    %store/vec4 v0x55609e68ac50_0, 0, 3;
T_8.66 ;
T_8.65 ;
T_8.51 ;
T_8.43 ;
T_8.23 ;
T_8.1 ;
    %load/vec4 v0x55609e68adf0_0;
    %flag_set/vec4 8;
    %jmp/0xz  T_8.68, 8;
    %pushi/vec4 0, 0, 2;
    %store/vec4 v0x55609e68b0f0_0, 0, 2;
    %pushi/vec4 0, 0, 4;
    %store/vec4 v0x55609e68a740_0, 0, 4;
    %pushi/vec4 0, 0, 3;
    %store/vec4 v0x55609e68ac50_0, 0, 3;
    %jmp T_8.69;
T_8.68 ;
    %load/vec4 v0x55609e68af70_0;
    %flag_set/vec4 8;
    %jmp/0xz  T_8.70, 8;
    %pushi/vec4 0, 0, 2;
    %store/vec4 v0x55609e68b0f0_0, 0, 2;
    %pushi/vec4 4, 0, 3;
    %store/vec4 v0x55609e68ac50_0, 0, 3;
    %pushi/vec4 15, 0, 4;
    %store/vec4 v0x55609e68a740_0, 0, 4;
    %jmp T_8.71;
T_8.70 ;
    %load/vec4 v0x55609e68a820_0;
    %flag_set/vec4 8;
    %jmp/0xz  T_8.72, 8;
    %pushi/vec4 0, 0, 2;
    %store/vec4 v0x55609e68b0f0_0, 0, 2;
    %pushi/vec4 0, 0, 4;
    %store/vec4 v0x55609e68a740_0, 0, 4;
    %pushi/vec4 4, 0, 3;
    %store/vec4 v0x55609e68ac50_0, 0, 3;
T_8.72 ;
T_8.71 ;
T_8.69 ;
    %jmp T_8;
    .thread T_8, $push;
    .scope S_0x55609e68d820;
T_9 ;
    %wait E_0x55609e67c910;
    %load/vec4 v0x55609e68dbf0_0;
    %parti/s 1, 31, 6;
    %replicate 20;
    %load/vec4 v0x55609e68dbf0_0;
    %parti/s 12, 20, 6;
    %concat/vec4; draw_concat_vec4
    %store/vec4 v0x55609e68daf0_0, 0, 32;
    %load/vec4 v0x55609e68dbf0_0;
    %parti/s 1, 31, 6;
    %replicate 20;
    %load/vec4 v0x55609e68dbf0_0;
    %parti/s 7, 25, 6;
    %concat/vec4; draw_concat_vec4
    %load/vec4 v0x55609e68dbf0_0;
    %parti/s 5, 7, 4;
    %concat/vec4; draw_concat_vec4
    %store/vec4 v0x55609e68dcd0_0, 0, 32;
    %load/vec4 v0x55609e68dbf0_0;
    %parti/s 1, 31, 6;
    %replicate 19;
    %load/vec4 v0x55609e68dbf0_0;
    %parti/s 1, 31, 6;
    %concat/vec4; draw_concat_vec4
    %load/vec4 v0x55609e68dbf0_0;
    %parti/s 1, 7, 4;
    %concat/vec4; draw_concat_vec4
    %load/vec4 v0x55609e68dbf0_0;
    %parti/s 6, 25, 6;
    %concat/vec4; draw_concat_vec4
    %load/vec4 v0x55609e68dbf0_0;
    %parti/s 4, 8, 5;
    %concat/vec4; draw_concat_vec4
    %concati/vec4 0, 0, 1;
    %store/vec4 v0x55609e68ddc0_0, 0, 32;
    %load/vec4 v0x55609e68dbf0_0;
    %parti/s 1, 31, 6;
    %replicate 11;
    %load/vec4 v0x55609e68dbf0_0;
    %parti/s 1, 31, 6;
    %concat/vec4; draw_concat_vec4
    %load/vec4 v0x55609e68dbf0_0;
    %parti/s 8, 12, 5;
    %concat/vec4; draw_concat_vec4
    %load/vec4 v0x55609e68dbf0_0;
    %parti/s 1, 20, 6;
    %concat/vec4; draw_concat_vec4
    %load/vec4 v0x55609e68dbf0_0;
    %parti/s 10, 21, 6;
    %concat/vec4; draw_concat_vec4
    %concati/vec4 0, 0, 1;
    %store/vec4 v0x55609e68dfd0_0, 0, 32;
    %load/vec4 v0x55609e68dbf0_0;
    %parti/s 20, 12, 5;
    %concati/vec4 0, 0, 12;
    %store/vec4 v0x55609e68dea0_0, 0, 32;
    %jmp T_9;
    .thread T_9, $push;
    .scope S_0x55609e68e170;
T_10 ;
    %wait E_0x55609e67c6f0;
    %load/vec4 v0x55609e68ec70_0;
    %dup/vec4;
    %pushi/vec4 0, 0, 3;
    %cmp/u;
    %jmp/1 T_10.0, 6;
    %dup/vec4;
    %pushi/vec4 1, 0, 3;
    %cmp/u;
    %jmp/1 T_10.1, 6;
    %dup/vec4;
    %pushi/vec4 2, 0, 3;
    %cmp/u;
    %jmp/1 T_10.2, 6;
    %dup/vec4;
    %pushi/vec4 3, 0, 3;
    %cmp/u;
    %jmp/1 T_10.3, 6;
    %dup/vec4;
    %pushi/vec4 4, 0, 3;
    %cmp/u;
    %jmp/1 T_10.4, 6;
    %dup/vec4;
    %pushi/vec4 5, 0, 3;
    %cmp/u;
    %jmp/1 T_10.5, 6;
    %dup/vec4;
    %pushi/vec4 6, 0, 3;
    %cmp/u;
    %jmp/1 T_10.6, 6;
    %dup/vec4;
    %pushi/vec4 7, 0, 3;
    %cmp/u;
    %jmp/1 T_10.7, 6;
    %jmp T_10.8;
T_10.0 ;
    %load/vec4 v0x55609e68e4c0_0;
    %store/vec4 v0x55609e68eb90_0, 0, 32;
    %jmp T_10.8;
T_10.1 ;
    %load/vec4 v0x55609e68e5a0_0;
    %store/vec4 v0x55609e68eb90_0, 0, 32;
    %jmp T_10.8;
T_10.2 ;
    %load/vec4 v0x55609e68e670_0;
    %store/vec4 v0x55609e68eb90_0, 0, 32;
    %jmp T_10.8;
T_10.3 ;
    %load/vec4 v0x55609e68e770_0;
    %store/vec4 v0x55609e68eb90_0, 0, 32;
    %jmp T_10.8;
T_10.4 ;
    %load/vec4 v0x55609e68e840_0;
    %store/vec4 v0x55609e68eb90_0, 0, 32;
    %jmp T_10.8;
T_10.5 ;
    %load/vec4 v0x55609e68e930_0;
    %store/vec4 v0x55609e68eb90_0, 0, 32;
    %jmp T_10.8;
T_10.6 ;
    %load/vec4 v0x55609e68e9d0_0;
    %store/vec4 v0x55609e68eb90_0, 0, 32;
    %jmp T_10.8;
T_10.7 ;
    %load/vec4 v0x55609e68eab0_0;
    %store/vec4 v0x55609e68eb90_0, 0, 32;
    %jmp T_10.8;
T_10.8 ;
    %pop/vec4 1;
    %jmp T_10;
    .thread T_10, $push;
    .scope S_0x55609e68faa0;
T_11 ;
    %wait E_0x55609e68fdb0;
    %load/vec4 v0x55609e691a00_0;
    %nor/r;
    %flag_set/vec4 8;
    %jmp/0xz  T_11.0, 8;
    %pushi/vec4 0, 0, 32;
    %store/vec4 v0x55609e6913a0_0, 0, 32;
T_11.2 ;
    %load/vec4 v0x55609e6913a0_0;
    %cmpi/s 32, 0, 32;
    %jmp/0xz T_11.3, 5;
    %pushi/vec4 0, 0, 32;
    %load/vec4 v0x55609e6913a0_0;
    %subi 1, 0, 32;
    %ix/vec4/s 3;
    %ix/load 4, 0, 0; Constant delay
    %assign/vec4/a/d v0x55609e691780, 0, 4;
    ; show_stmt_assign_vector: Get l-value for compressed += operand
    %load/vec4 v0x55609e6913a0_0;
    %pushi/vec4 1, 0, 32;
    %add;
    %store/vec4 v0x55609e6913a0_0, 0, 32;
    %jmp T_11.2;
T_11.3 ;
    %jmp T_11.1;
T_11.0 ;
    %load/vec4 v0x55609e691300_0;
    %flag_set/vec4 8;
    %jmp/0xz  T_11.4, 8;
    %load/vec4 v0x55609e691220_0;
    %load/vec4 v0x55609e6916a0_0;
    %pad/u 7;
    %subi 1, 0, 7;
    %ix/vec4 3;
    %ix/load 4, 0, 0; Constant delay
    %assign/vec4/a/d v0x55609e691780, 0, 4;
T_11.4 ;
T_11.1 ;
    %jmp T_11;
    .thread T_11;
    .scope S_0x55609e592480;
T_12 ;
    %wait E_0x55609e591710;
    %load/vec4 v0x55609e64a3d0_0;
    %pad/u 32;
    %cmpi/e 1, 0, 32;
    %jmp/0xz  T_12.0, 4;
    %load/vec4 v0x55609e649c40_0;
    %dup/vec4;
    %pushi/vec4 0, 0, 3;
    %cmp/u;
    %jmp/1 T_12.2, 6;
    %dup/vec4;
    %pushi/vec4 1, 0, 3;
    %cmp/u;
    %jmp/1 T_12.3, 6;
    %dup/vec4;
    %pushi/vec4 4, 0, 3;
    %cmp/u;
    %jmp/1 T_12.4, 6;
    %dup/vec4;
    %pushi/vec4 5, 0, 3;
    %cmp/u;
    %jmp/1 T_12.5, 6;
    %dup/vec4;
    %pushi/vec4 6, 0, 3;
    %cmp/u;
    %jmp/1 T_12.6, 6;
    %dup/vec4;
    %pushi/vec4 7, 0, 3;
    %cmp/u;
    %jmp/1 T_12.7, 6;
    %jmp T_12.8;
T_12.2 ;
    %load/vec4 v0x55609e67b360_0;
    %load/vec4 v0x55609e67b400_0;
    %cmp/e;
    %flag_mov 8, 4;
    %jmp/0 T_12.9, 8;
    %pushi/vec4 1, 0, 2;
    %jmp/1 T_12.10, 8;
T_12.9 ; End of true expr.
    %pushi/vec4 0, 0, 2;
    %jmp/0 T_12.10, 8;
 ; End of false expr.
    %blend;
T_12.10;
    %pad/s 1;
    %store/vec4 v0x55609e67acd0_0, 0, 1;
    %jmp T_12.8;
T_12.3 ;
    %load/vec4 v0x55609e67b360_0;
    %load/vec4 v0x55609e67b400_0;
    %cmp/ne;
    %flag_mov 8, 4;
    %jmp/0 T_12.11, 8;
    %pushi/vec4 1, 0, 2;
    %jmp/1 T_12.12, 8;
T_12.11 ; End of true expr.
    %pushi/vec4 0, 0, 2;
    %jmp/0 T_12.12, 8;
 ; End of false expr.
    %blend;
T_12.12;
    %pad/s 1;
    %store/vec4 v0x55609e67acd0_0, 0, 1;
    %jmp T_12.8;
T_12.4 ;
    %load/vec4 v0x55609e67b360_0;
    %load/vec4 v0x55609e67b400_0;
    %cmp/s;
    %flag_mov 8, 5;
    %jmp/0 T_12.13, 8;
    %pushi/vec4 1, 0, 2;
    %jmp/1 T_12.14, 8;
T_12.13 ; End of true expr.
    %pushi/vec4 0, 0, 2;
    %jmp/0 T_12.14, 8;
 ; End of false expr.
    %blend;
T_12.14;
    %pad/s 1;
    %store/vec4 v0x55609e67acd0_0, 0, 1;
    %jmp T_12.8;
T_12.5 ;
    %load/vec4 v0x55609e67b400_0;
    %load/vec4 v0x55609e67b360_0;
    %cmp/s;
    %flag_or 5, 4;
    %flag_mov 8, 5;
    %jmp/0 T_12.15, 8;
    %pushi/vec4 1, 0, 2;
    %jmp/1 T_12.16, 8;
T_12.15 ; End of true expr.
    %pushi/vec4 0, 0, 2;
    %jmp/0 T_12.16, 8;
 ; End of false expr.
    %blend;
T_12.16;
    %pad/s 1;
    %store/vec4 v0x55609e67acd0_0, 0, 1;
    %jmp T_12.8;
T_12.6 ;
    %load/vec4 v0x55609e67b360_0;
    %load/vec4 v0x55609e67b400_0;
    %cmp/u;
    %flag_mov 8, 5;
    %jmp/0 T_12.17, 8;
    %pushi/vec4 1, 0, 2;
    %jmp/1 T_12.18, 8;
T_12.17 ; End of true expr.
    %pushi/vec4 0, 0, 2;
    %jmp/0 T_12.18, 8;
 ; End of false expr.
    %blend;
T_12.18;
    %pad/s 1;
    %store/vec4 v0x55609e67acd0_0, 0, 1;
    %jmp T_12.8;
T_12.7 ;
    %load/vec4 v0x55609e67b400_0;
    %load/vec4 v0x55609e67b360_0;
    %cmp/u;
    %flag_or 5, 4;
    %flag_mov 8, 5;
    %jmp/0 T_12.19, 8;
    %pushi/vec4 1, 0, 2;
    %jmp/1 T_12.20, 8;
T_12.19 ; End of true expr.
    %pushi/vec4 0, 0, 2;
    %jmp/0 T_12.20, 8;
 ; End of false expr.
    %blend;
T_12.20;
    %pad/s 1;
    %store/vec4 v0x55609e67acd0_0, 0, 1;
    %jmp T_12.8;
T_12.8 ;
    %pop/vec4 1;
    %jmp T_12.1;
T_12.0 ;
    %pushi/vec4 0, 0, 1;
    %store/vec4 v0x55609e67acd0_0, 0, 1;
T_12.1 ;
    %jmp T_12;
    .thread T_12, $push;
    .scope S_0x55609e693d60;
T_13 ;
    %wait E_0x55609e693f40;
    %load/vec4 v0x55609e6941e0_0;
    %cmpi/e 0, 0, 4;
    %jmp/0xz  T_13.0, 4;
    %load/vec4 v0x55609e693fa0_0;
    %load/vec4 v0x55609e6940d0_0;
    %add;
    %store/vec4 v0x55609e694280_0, 0, 32;
    %jmp T_13.1;
T_13.0 ;
    %load/vec4 v0x55609e6941e0_0;
    %cmpi/e 1, 0, 4;
    %jmp/0xz  T_13.2, 4;
    %load/vec4 v0x55609e693fa0_0;
    %load/vec4 v0x55609e6940d0_0;
    %sub;
    %store/vec4 v0x55609e694280_0, 0, 32;
    %jmp T_13.3;
T_13.2 ;
    %load/vec4 v0x55609e6941e0_0;
    %cmpi/e 2, 0, 4;
    %jmp/0xz  T_13.4, 4;
    %load/vec4 v0x55609e693fa0_0;
    %ix/getv 4, v0x55609e6940d0_0;
    %shiftl 4;
    %store/vec4 v0x55609e694280_0, 0, 32;
    %jmp T_13.5;
T_13.4 ;
    %load/vec4 v0x55609e6941e0_0;
    %cmpi/e 3, 0, 4;
    %jmp/0xz  T_13.6, 4;
    %load/vec4 v0x55609e693fa0_0;
    %load/vec4 v0x55609e6940d0_0;
    %cmp/s;
    %flag_get/vec4 5;
    %pad/u 32;
    %store/vec4 v0x55609e694280_0, 0, 32;
    %jmp T_13.7;
T_13.6 ;
    %load/vec4 v0x55609e6941e0_0;
    %cmpi/e 4, 0, 4;
    %jmp/0xz  T_13.8, 4;
    %load/vec4 v0x55609e693fa0_0;
    %load/vec4 v0x55609e6940d0_0;
    %cmp/u;
    %flag_get/vec4 5;
    %pad/u 32;
    %store/vec4 v0x55609e694280_0, 0, 32;
    %jmp T_13.9;
T_13.8 ;
    %load/vec4 v0x55609e6941e0_0;
    %cmpi/e 5, 0, 4;
    %jmp/0xz  T_13.10, 4;
    %load/vec4 v0x55609e693fa0_0;
    %load/vec4 v0x55609e6940d0_0;
    %xor;
    %store/vec4 v0x55609e694280_0, 0, 32;
    %jmp T_13.11;
T_13.10 ;
    %load/vec4 v0x55609e6941e0_0;
    %cmpi/e 6, 0, 4;
    %jmp/0xz  T_13.12, 4;
    %load/vec4 v0x55609e693fa0_0;
    %ix/getv 4, v0x55609e6940d0_0;
    %shiftr 4;
    %store/vec4 v0x55609e694280_0, 0, 32;
    %jmp T_13.13;
T_13.12 ;
    %load/vec4 v0x55609e6941e0_0;
    %cmpi/e 7, 0, 4;
    %jmp/0xz  T_13.14, 4;
    %load/vec4 v0x55609e693fa0_0;
    %ix/getv 4, v0x55609e6940d0_0;
    %shiftr 4;
    %store/vec4 v0x55609e694280_0, 0, 32;
    %jmp T_13.15;
T_13.14 ;
    %load/vec4 v0x55609e6941e0_0;
    %cmpi/e 8, 0, 4;
    %jmp/0xz  T_13.16, 4;
    %load/vec4 v0x55609e693fa0_0;
    %load/vec4 v0x55609e6940d0_0;
    %or;
    %store/vec4 v0x55609e694280_0, 0, 32;
    %jmp T_13.17;
T_13.16 ;
    %load/vec4 v0x55609e6941e0_0;
    %cmpi/e 9, 0, 4;
    %jmp/0xz  T_13.18, 4;
    %load/vec4 v0x55609e693fa0_0;
    %load/vec4 v0x55609e6940d0_0;
    %and;
    %store/vec4 v0x55609e694280_0, 0, 32;
    %jmp T_13.19;
T_13.18 ;
    %load/vec4 v0x55609e6941e0_0;
    %cmpi/e 15, 0, 4;
    %jmp/0xz  T_13.20, 4;
    %load/vec4 v0x55609e6940d0_0;
    %store/vec4 v0x55609e694280_0, 0, 32;
    %jmp T_13.21;
T_13.20 ;
    %pushi/vec4 0, 0, 32;
    %store/vec4 v0x55609e694280_0, 0, 32;
T_13.21 ;
T_13.19 ;
T_13.17 ;
T_13.15 ;
T_13.13 ;
T_13.11 ;
T_13.9 ;
T_13.7 ;
T_13.5 ;
T_13.3 ;
T_13.1 ;
    %jmp T_13;
    .thread T_13, $push;
    .scope S_0x55609e693830;
T_14 ;
    %wait E_0x55609e693a70;
    %load/vec4 v0x55609e693af0_0;
    %addi 4, 0, 32;
    %store/vec4 v0x55609e693c20_0, 0, 32;
    %jmp T_14;
    .thread T_14, $push;
    .scope S_0x55609e697bc0;
T_15 ;
    %wait E_0x55609e697ea0;
    %load/vec4 v0x55609e698450_0;
    %flag_set/vec4 8;
    %jmp/0xz  T_15.0, 8;
    %pushi/vec4 0, 0, 4;
    %store/vec4 v0x55609e698370_0, 0, 4;
    %load/vec4 v0x55609e698240_0;
    %cmpi/e 0, 0, 3;
    %jmp/0xz  T_15.2, 4;
    %load/vec4 v0x55609e698000_0;
    %pad/u 4;
    %dup/vec4;
    %pushi/vec4 0, 0, 4;
    %cmp/u;
    %jmp/1 T_15.4, 6;
    %dup/vec4;
    %pushi/vec4 1, 0, 4;
    %cmp/u;
    %jmp/1 T_15.5, 6;
    %dup/vec4;
    %pushi/vec4 10, 0, 4;
    %cmp/u;
    %jmp/1 T_15.6, 6;
    %dup/vec4;
    %pushi/vec4 11, 0, 4;
    %cmp/u;
    %jmp/1 T_15.7, 6;
    %jmp T_15.8;
T_15.4 ;
    %pushi/vec4 1, 0, 4;
    %store/vec4 v0x55609e698370_0, 0, 4;
    %load/vec4 v0x55609e6980e0_0;
    %store/vec4 v0x55609e698180_0, 0, 32;
    %jmp T_15.8;
T_15.5 ;
    %pushi/vec4 2, 0, 4;
    %store/vec4 v0x55609e698370_0, 0, 4;
    %load/vec4 v0x55609e6980e0_0;
    %parti/s 16, 16, 6;
    %load/vec4 v0x55609e6980e0_0;
    %parti/s 8, 0, 2;
    %concat/vec4; draw_concat_vec4
    %load/vec4 v0x55609e6980e0_0;
    %parti/s 8, 0, 2;
    %concat/vec4; draw_concat_vec4
    %store/vec4 v0x55609e698180_0, 0, 32;
    %jmp T_15.8;
T_15.6 ;
    %pushi/vec4 4, 0, 4;
    %store/vec4 v0x55609e698370_0, 0, 4;
    %load/vec4 v0x55609e6980e0_0;
    %parti/s 8, 24, 6;
    %load/vec4 v0x55609e6980e0_0;
    %parti/s 8, 0, 2;
    %concat/vec4; draw_concat_vec4
    %load/vec4 v0x55609e6980e0_0;
    %parti/s 16, 0, 2;
    %concat/vec4; draw_concat_vec4
    %store/vec4 v0x55609e698180_0, 0, 32;
    %jmp T_15.8;
T_15.7 ;
    %pushi/vec4 8, 0, 4;
    %store/vec4 v0x55609e698370_0, 0, 4;
    %load/vec4 v0x55609e6980e0_0;
    %parti/s 8, 0, 2;
    %load/vec4 v0x55609e6980e0_0;
    %parti/s 24, 0, 2;
    %concat/vec4; draw_concat_vec4
    %store/vec4 v0x55609e698180_0, 0, 32;
    %jmp T_15.8;
T_15.8 ;
    %pop/vec4 1;
T_15.2 ;
    %load/vec4 v0x55609e698240_0;
    %cmpi/e 1, 0, 3;
    %jmp/0xz  T_15.9, 4;
    %load/vec4 v0x55609e698000_0;
    %pad/u 4;
    %dup/vec4;
    %pushi/vec4 0, 0, 4;
    %cmp/u;
    %jmp/1 T_15.11, 6;
    %dup/vec4;
    %pushi/vec4 1, 0, 4;
    %cmp/u;
    %jmp/1 T_15.12, 6;
    %dup/vec4;
    %pushi/vec4 10, 0, 4;
    %cmp/u;
    %jmp/1 T_15.13, 6;
    %jmp T_15.14;
T_15.11 ;
    %pushi/vec4 3, 0, 4;
    %store/vec4 v0x55609e698370_0, 0, 4;
    %load/vec4 v0x55609e6980e0_0;
    %store/vec4 v0x55609e698180_0, 0, 32;
    %jmp T_15.14;
T_15.12 ;
    %pushi/vec4 6, 0, 4;
    %store/vec4 v0x55609e698370_0, 0, 4;
    %load/vec4 v0x55609e6980e0_0;
    %parti/s 8, 24, 6;
    %load/vec4 v0x55609e6980e0_0;
    %parti/s 16, 0, 2;
    %concat/vec4; draw_concat_vec4
    %load/vec4 v0x55609e6980e0_0;
    %parti/s 8, 0, 2;
    %concat/vec4; draw_concat_vec4
    %store/vec4 v0x55609e698180_0, 0, 32;
    %jmp T_15.14;
T_15.13 ;
    %pushi/vec4 12, 0, 4;
    %store/vec4 v0x55609e698370_0, 0, 4;
    %load/vec4 v0x55609e6980e0_0;
    %parti/s 16, 0, 2;
    %load/vec4 v0x55609e6980e0_0;
    %parti/s 16, 0, 2;
    %concat/vec4; draw_concat_vec4
    %store/vec4 v0x55609e698180_0, 0, 32;
    %jmp T_15.14;
T_15.14 ;
    %pop/vec4 1;
T_15.9 ;
    %load/vec4 v0x55609e698240_0;
    %cmpi/e 2, 0, 3;
    %jmp/0xz  T_15.15, 4;
    %pushi/vec4 15, 0, 4;
    %store/vec4 v0x55609e698370_0, 0, 4;
    %load/vec4 v0x55609e6980e0_0;
    %store/vec4 v0x55609e698180_0, 0, 32;
T_15.15 ;
T_15.0 ;
    %load/vec4 v0x55609e697f40_0;
    %flag_set/vec4 8;
    %jmp/0xz  T_15.17, 8;
    %load/vec4 v0x55609e698240_0;
    %cmpi/e 0, 0, 3;
    %jmp/0xz  T_15.19, 4;
    %load/vec4 v0x55609e698000_0;
    %pad/u 4;
    %dup/vec4;
    %pushi/vec4 0, 0, 4;
    %cmp/u;
    %jmp/1 T_15.21, 6;
    %dup/vec4;
    %pushi/vec4 1, 0, 4;
    %cmp/u;
    %jmp/1 T_15.22, 6;
    %dup/vec4;
    %pushi/vec4 10, 0, 4;
    %cmp/u;
    %jmp/1 T_15.23, 6;
    %dup/vec4;
    %pushi/vec4 11, 0, 4;
    %cmp/u;
    %jmp/1 T_15.24, 6;
    %jmp T_15.25;
T_15.21 ;
    %load/vec4 v0x55609e6984f0_0;
    %parti/s 1, 7, 4;
    %replicate 24;
    %load/vec4 v0x55609e6984f0_0;
    %parti/s 8, 0, 2;
    %concat/vec4; draw_concat_vec4
    %store/vec4 v0x55609e6985d0_0, 0, 32;
    %jmp T_15.25;
T_15.22 ;
    %load/vec4 v0x55609e6984f0_0;
    %parti/s 1, 15, 5;
    %replicate 24;
    %load/vec4 v0x55609e6984f0_0;
    %parti/s 8, 8, 5;
    %concat/vec4; draw_concat_vec4
    %store/vec4 v0x55609e6985d0_0, 0, 32;
    %jmp T_15.25;
T_15.23 ;
    %load/vec4 v0x55609e6984f0_0;
    %parti/s 1, 23, 6;
    %replicate 24;
    %load/vec4 v0x55609e6984f0_0;
    %parti/s 8, 16, 6;
    %concat/vec4; draw_concat_vec4
    %store/vec4 v0x55609e6985d0_0, 0, 32;
    %jmp T_15.25;
T_15.24 ;
    %load/vec4 v0x55609e6984f0_0;
    %parti/s 1, 31, 6;
    %replicate 24;
    %load/vec4 v0x55609e6984f0_0;
    %parti/s 8, 24, 6;
    %concat/vec4; draw_concat_vec4
    %store/vec4 v0x55609e6985d0_0, 0, 32;
    %jmp T_15.25;
T_15.25 ;
    %pop/vec4 1;
T_15.19 ;
    %load/vec4 v0x55609e698240_0;
    %cmpi/e 1, 0, 3;
    %jmp/0xz  T_15.26, 4;
    %load/vec4 v0x55609e698000_0;
    %pad/u 4;
    %dup/vec4;
    %pushi/vec4 0, 0, 4;
    %cmp/u;
    %jmp/1 T_15.28, 6;
    %dup/vec4;
    %pushi/vec4 1, 0, 4;
    %cmp/u;
    %jmp/1 T_15.29, 6;
    %dup/vec4;
    %pushi/vec4 10, 0, 4;
    %cmp/u;
    %jmp/1 T_15.30, 6;
    %jmp T_15.31;
T_15.28 ;
    %load/vec4 v0x55609e6984f0_0;
    %parti/s 1, 15, 5;
    %replicate 16;
    %load/vec4 v0x55609e6984f0_0;
    %parti/s 16, 0, 2;
    %concat/vec4; draw_concat_vec4
    %store/vec4 v0x55609e6985d0_0, 0, 32;
    %jmp T_15.31;
T_15.29 ;
    %load/vec4 v0x55609e6984f0_0;
    %parti/s 1, 23, 6;
    %replicate 16;
    %load/vec4 v0x55609e6984f0_0;
    %parti/s 16, 8, 5;
    %concat/vec4; draw_concat_vec4
    %store/vec4 v0x55609e6985d0_0, 0, 32;
    %jmp T_15.31;
T_15.30 ;
    %load/vec4 v0x55609e6984f0_0;
    %parti/s 1, 31, 6;
    %replicate 16;
    %load/vec4 v0x55609e6984f0_0;
    %parti/s 16, 16, 6;
    %concat/vec4; draw_concat_vec4
    %store/vec4 v0x55609e6985d0_0, 0, 32;
    %jmp T_15.31;
T_15.31 ;
    %pop/vec4 1;
T_15.26 ;
    %load/vec4 v0x55609e698240_0;
    %cmpi/e 2, 0, 3;
    %jmp/0xz  T_15.32, 4;
    %load/vec4 v0x55609e6984f0_0;
    %store/vec4 v0x55609e6985d0_0, 0, 32;
T_15.32 ;
    %load/vec4 v0x55609e698240_0;
    %cmpi/e 4, 0, 3;
    %jmp/0xz  T_15.34, 4;
    %load/vec4 v0x55609e698000_0;
    %pad/u 4;
    %dup/vec4;
    %pushi/vec4 0, 0, 4;
    %cmp/u;
    %jmp/1 T_15.36, 6;
    %dup/vec4;
    %pushi/vec4 1, 0, 4;
    %cmp/u;
    %jmp/1 T_15.37, 6;
    %dup/vec4;
    %pushi/vec4 10, 0, 4;
    %cmp/u;
    %jmp/1 T_15.38, 6;
    %dup/vec4;
    %pushi/vec4 11, 0, 4;
    %cmp/u;
    %jmp/1 T_15.39, 6;
    %jmp T_15.40;
T_15.36 ;
    %pushi/vec4 0, 0, 24;
    %load/vec4 v0x55609e6984f0_0;
    %parti/s 8, 0, 2;
    %concat/vec4; draw_concat_vec4
    %store/vec4 v0x55609e6985d0_0, 0, 32;
    %jmp T_15.40;
T_15.37 ;
    %pushi/vec4 0, 0, 24;
    %load/vec4 v0x55609e6984f0_0;
    %parti/s 8, 8, 5;
    %concat/vec4; draw_concat_vec4
    %store/vec4 v0x55609e6985d0_0, 0, 32;
    %jmp T_15.40;
T_15.38 ;
    %pushi/vec4 0, 0, 24;
    %load/vec4 v0x55609e6984f0_0;
    %parti/s 8, 16, 6;
    %concat/vec4; draw_concat_vec4
    %store/vec4 v0x55609e6985d0_0, 0, 32;
    %jmp T_15.40;
T_15.39 ;
    %pushi/vec4 0, 0, 24;
    %load/vec4 v0x55609e6984f0_0;
    %parti/s 8, 24, 6;
    %concat/vec4; draw_concat_vec4
    %store/vec4 v0x55609e6985d0_0, 0, 32;
    %jmp T_15.40;
T_15.40 ;
    %pop/vec4 1;
T_15.34 ;
    %load/vec4 v0x55609e698240_0;
    %cmpi/e 5, 0, 3;
    %jmp/0xz  T_15.41, 4;
    %load/vec4 v0x55609e698000_0;
    %pad/u 4;
    %dup/vec4;
    %pushi/vec4 0, 0, 4;
    %cmp/u;
    %jmp/1 T_15.43, 6;
    %dup/vec4;
    %pushi/vec4 1, 0, 4;
    %cmp/u;
    %jmp/1 T_15.44, 6;
    %dup/vec4;
    %pushi/vec4 10, 0, 4;
    %cmp/u;
    %jmp/1 T_15.45, 6;
    %jmp T_15.46;
T_15.43 ;
    %pushi/vec4 0, 0, 16;
    %load/vec4 v0x55609e6984f0_0;
    %parti/s 16, 0, 2;
    %concat/vec4; draw_concat_vec4
    %store/vec4 v0x55609e6985d0_0, 0, 32;
    %jmp T_15.46;
T_15.44 ;
    %pushi/vec4 0, 0, 16;
    %load/vec4 v0x55609e6984f0_0;
    %parti/s 16, 8, 5;
    %concat/vec4; draw_concat_vec4
    %store/vec4 v0x55609e6985d0_0, 0, 32;
    %jmp T_15.46;
T_15.45 ;
    %pushi/vec4 0, 0, 16;
    %load/vec4 v0x55609e6984f0_0;
    %parti/s 16, 16, 6;
    %concat/vec4; draw_concat_vec4
    %store/vec4 v0x55609e6985d0_0, 0, 32;
    %jmp T_15.46;
T_15.46 ;
    %pop/vec4 1;
T_15.41 ;
    %load/vec4 v0x55609e698240_0;
    %cmpi/e 6, 0, 3;
    %jmp/0xz  T_15.47, 4;
    %load/vec4 v0x55609e6984f0_0;
    %store/vec4 v0x55609e6985d0_0, 0, 32;
T_15.47 ;
T_15.17 ;
    %jmp T_15;
    .thread T_15, $push;
    .scope S_0x55609e697870;
T_16 ;
    %wait E_0x55609e697b40;
    %load/vec4 v0x55609e6990e0_0;
    %nor/r;
    %flag_set/vec4 8;
    %jmp/0xz  T_16.0, 8;
    %pushi/vec4 0, 0, 1;
    %store/vec4 v0x55609e698c70_0, 0, 1;
    %pushi/vec4 0, 0, 1;
    %store/vec4 v0x55609e699180_0, 0, 1;
    %jmp T_16.1;
T_16.0 ;
    %load/vec4 v0x55609e698a90_0;
    %load/vec4 v0x55609e698e60_0;
    %or;
    %store/vec4 v0x55609e698c70_0, 0, 1;
    %load/vec4 v0x55609e698e60_0;
    %store/vec4 v0x55609e699180_0, 0, 1;
T_16.1 ;
    %jmp T_16;
    .thread T_16, $push;
    .scope S_0x55609e6996b0;
T_17 ;
    %wait E_0x55609e699940;
    %load/vec4 v0x55609e699e70_0;
    %dup/vec4;
    %pushi/vec4 0, 0, 2;
    %cmp/u;
    %jmp/1 T_17.0, 6;
    %dup/vec4;
    %pushi/vec4 1, 0, 2;
    %cmp/u;
    %jmp/1 T_17.1, 6;
    %dup/vec4;
    %pushi/vec4 2, 0, 2;
    %cmp/u;
    %jmp/1 T_17.2, 6;
    %dup/vec4;
    %pushi/vec4 3, 0, 2;
    %cmp/u;
    %jmp/1 T_17.3, 6;
    %jmp T_17.4;
T_17.0 ;
    %load/vec4 v0x55609e6999a0_0;
    %store/vec4 v0x55609e699d10_0, 0, 32;
    %jmp T_17.4;
T_17.1 ;
    %load/vec4 v0x55609e699a80_0;
    %store/vec4 v0x55609e699d10_0, 0, 32;
    %jmp T_17.4;
T_17.2 ;
    %load/vec4 v0x55609e699b40_0;
    %store/vec4 v0x55609e699d10_0, 0, 32;
    %jmp T_17.4;
T_17.3 ;
    %load/vec4 v0x55609e699c30_0;
    %store/vec4 v0x55609e699d10_0, 0, 32;
    %jmp T_17.4;
T_17.4 ;
    %pop/vec4 1;
    %jmp T_17;
    .thread T_17, $push;
    .scope S_0x55609e69c9e0;
T_18 ;
    %end;
    .thread T_18;
    .scope S_0x55609e69c9e0;
T_19 ;
    %wait E_0x55609e693750;
    %load/vec4 v0x55609e69d170_0;
    %load/vec4 v0x55609e69d260_0;
    %and;
    %flag_set/vec4 8;
    %jmp/0xz  T_19.0, 8;
    %load/vec4 v0x55609e69cfc0_0;
    %parti/s 1, 0, 2;
    %flag_set/vec4 8;
    %jmp/0xz  T_19.2, 8;
    %load/vec4 v0x55609e69ce80_0;
    %parti/s 8, 0, 2;
    %load/vec4 v0x55609e69ccc0_0;
    %pad/u 10;
    %ix/vec4 3;
    %ix/load 4, 0, 0; Constant delay
    %assign/vec4/a/d v0x55609e69d0d0, 0, 4;
T_19.2 ;
    %load/vec4 v0x55609e69cfc0_0;
    %parti/s 1, 1, 2;
    %flag_set/vec4 8;
    %jmp/0xz  T_19.4, 8;
    %load/vec4 v0x55609e69ce80_0;
    %parti/s 8, 8, 5;
    %load/vec4 v0x55609e69ccc0_0;
    %pad/u 10;
    %ix/vec4 3;
    %ix/load 4, 8, 0; part off
    %ix/load 5, 0, 0; Constant delay
    %assign/vec4/a/d v0x55609e69d0d0, 4, 5;
T_19.4 ;
    %load/vec4 v0x55609e69cfc0_0;
    %parti/s 1, 2, 3;
    %flag_set/vec4 8;
    %jmp/0xz  T_19.6, 8;
    %load/vec4 v0x55609e69ce80_0;
    %parti/s 8, 16, 6;
    %load/vec4 v0x55609e69ccc0_0;
    %pad/u 10;
    %ix/vec4 3;
    %ix/load 4, 16, 0; part off
    %ix/load 5, 0, 0; Constant delay
    %assign/vec4/a/d v0x55609e69d0d0, 4, 5;
T_19.6 ;
    %load/vec4 v0x55609e69cfc0_0;
    %parti/s 1, 3, 3;
    %flag_set/vec4 8;
    %jmp/0xz  T_19.8, 8;
    %load/vec4 v0x55609e69ce80_0;
    %parti/s 8, 24, 6;
    %load/vec4 v0x55609e69ccc0_0;
    %pad/u 10;
    %ix/vec4 3;
    %ix/load 4, 24, 0; part off
    %ix/load 5, 0, 0; Constant delay
    %assign/vec4/a/d v0x55609e69d0d0, 4, 5;
T_19.8 ;
    %jmp T_19.1;
T_19.0 ;
    %load/vec4 v0x55609e69d170_0;
    %load/vec4 v0x55609e69d260_0;
    %nor/r;
    %and;
    %flag_set/vec4 8;
    %jmp/0xz  T_19.10, 8;
    %load/vec4 v0x55609e69ccc0_0;
    %pad/u 10;
    %ix/vec4 4;
    %load/vec4a v0x55609e69d0d0, 4;
    %assign/vec4 v0x55609e69cf20_0, 0;
T_19.10 ;
T_19.1 ;
    %jmp T_19;
    .thread T_19;
    .scope S_0x55609e69c6e0;
T_20 ;
    %wait E_0x55609e68fdb0;
    %load/vec4 v0x55609e69d9a0_0;
    %nor/r;
    %flag_set/vec4 8;
    %jmp/0xz  T_20.0, 8;
    %pushi/vec4 0, 0, 1;
    %assign/vec4 v0x55609e69da40_0, 0;
    %jmp T_20.1;
T_20.0 ;
    %load/vec4 v0x55609e69d7c0_0;
    %assign/vec4 v0x55609e69da40_0, 0;
T_20.1 ;
    %jmp T_20;
    .thread T_20;
    .scope S_0x55609e586320;
T_21 ;
    %pushi/vec4 0, 0, 1;
    %store/vec4 v0x55609e6a06e0_0, 0, 1;
    %pushi/vec4 1, 0, 1;
    %store/vec4 v0x55609e6a0840_0, 0, 1;
    %delay 10000, 0;
    %pushi/vec4 0, 0, 1;
    %store/vec4 v0x55609e6a0840_0, 0, 1;
    %delay 10000, 0;
    %pushi/vec4 1, 0, 1;
    %store/vec4 v0x55609e6a0840_0, 0, 1;
    %delay 120000, 0;
    %delay 140000, 0;
    %vpi_call 2 27 "$finish" {0 0 0};
    %end;
    .thread T_21;
    .scope S_0x55609e586320;
T_22 ;
    %vpi_call 2 30 "$dumpfile", "temp/microprocessor.vcd" {0 0 0};
    %vpi_call 2 31 "$dumpvars", 32'sb00000000000000000000000000000000, S_0x55609e586320 {0 0 0};
    %end;
    .thread T_22;
    .scope S_0x55609e586320;
T_23 ;
    %delay 5000, 0;
    %load/vec4 v0x55609e6a06e0_0;
    %inv;
    %store/vec4 v0x55609e6a06e0_0, 0, 1;
    %jmp T_23;
    .thread T_23;
# The file index is used to find the file name in the following table.
:file_names 27;
    "N/A";
    "<interactive>";
    "/home/zeeshan/projects/RV32I_Single_Cycle/fetch_stage_pipeline/tb/Microprocessor_tb.v";
    "/home/zeeshan/projects/RV32I_Single_Cycle/fetch_stage_pipeline/src/Microprocessor.v";
    "/home/zeeshan/projects/RV32I_Single_Cycle/fetch_stage_pipeline/src/Core.v";
    "/home/zeeshan/projects/RV32I_Single_Cycle/fetch_stage_pipeline/src/Decode.v";
    "/home/zeeshan/projects/RV32I_Single_Cycle/fetch_stage_pipeline/src/branch.v";
    "/home/zeeshan/projects/RV32I_Single_Cycle/fetch_stage_pipeline/src/control_unit.v";
    "/home/zeeshan/projects/RV32I_Single_Cycle/fetch_stage_pipeline/src/control_decoder.v";
    "/home/zeeshan/projects/RV32I_Single_Cycle/fetch_stage_pipeline/src/type_decoder.v";
    "/home/zeeshan/projects/RV32I_Single_Cycle/fetch_stage_pipeline/src/immediate_gen.v";
    "/home/zeeshan/projects/RV32I_Single_Cycle/fetch_stage_pipeline/src/mux3_8.v";
    "/home/zeeshan/projects/RV32I_Single_Cycle/fetch_stage_pipeline/src/mux1_2.v";
    "/home/zeeshan/projects/RV32I_Single_Cycle/fetch_stage_pipeline/src/register_file.v";
    "/home/zeeshan/projects/RV32I_Single_Cycle/fetch_stage_pipeline/src/Execute.v";
    "/home/zeeshan/projects/RV32I_Single_Cycle/fetch_stage_pipeline/src/adder.v";
    "/home/zeeshan/projects/RV32I_Single_Cycle/fetch_stage_pipeline/src/alu.v";
    "/home/zeeshan/projects/RV32I_Single_Cycle/fetch_stage_pipeline/src/fetch_pipe.v";
    "/home/zeeshan/projects/RV32I_Single_Cycle/fetch_stage_pipeline/src/Fetch.v";
    "/home/zeeshan/projects/RV32I_Single_Cycle/fetch_stage_pipeline/src/program_counter.v";
    "/home/zeeshan/projects/RV32I_Single_Cycle/fetch_stage_pipeline/src/Memory.v";
    "/home/zeeshan/projects/RV32I_Single_Cycle/fetch_stage_pipeline/src/wrapper_memory.v";
    "/home/zeeshan/projects/RV32I_Single_Cycle/fetch_stage_pipeline/src/Write_back.v";
    "/home/zeeshan/projects/RV32I_Single_Cycle/fetch_stage_pipeline/src/mux2_4.v";
    "/home/zeeshan/projects/RV32I_Single_Cycle/fetch_stage_pipeline/src/data_memory_top.v";
    "/home/zeeshan/projects/RV32I_Single_Cycle/fetch_stage_pipeline/src/memory.v";
    "/home/zeeshan/projects/RV32I_Single_Cycle/fetch_stage_pipeline/src/instruc_mem_top.v";
