#! /usr/bin/vvp
:ivl_version "11.0 (stable)";
:ivl_delay_selection "TYPICAL";
:vpi_time_precision - 12;
:vpi_module "/usr/lib/x86_64-linux-gnu/ivl/system.vpi";
:vpi_module "/usr/lib/x86_64-linux-gnu/ivl/vhdl_sys.vpi";
:vpi_module "/usr/lib/x86_64-linux-gnu/ivl/vhdl_textio.vpi";
:vpi_module "/usr/lib/x86_64-linux-gnu/ivl/v2005_math.vpi";
:vpi_module "/usr/lib/x86_64-linux-gnu/ivl/va_math.vpi";
S_0x558223707810 .scope module, "microprocessor_tb" "microprocessor_tb" 2 2;
 .timescale -9 -12;
v0x55822373f850_0 .var "clk", 0 0;
v0x55822373fa20_0 .var "enable", 0 0;
v0x55822373fae0_0 .var "instruction", 31 0;
v0x55822373fb80_0 .var "rst", 0 0;
S_0x55822363ddd0 .scope module, "u_microprocessor0" "microprocessor" 2 9, 3 3 0, S_0x558223707810;
 .timescale 0 0;
    .port_info 0 /INPUT 1 "clk";
    .port_info 1 /INPUT 1 "enable";
    .port_info 2 /INPUT 1 "rst";
    .port_info 3 /INPUT 32 "instruction";
v0x55822373ea40_0 .net "alu_out_address", 31 0, L_0x558223751a20;  1 drivers
v0x55822373eb20_0 .net "clk", 0 0, v0x55822373f850_0;  1 drivers
v0x55822373ebc0_0 .net "data_mem_request", 0 0, v0x558223739d90_0;  1 drivers
v0x55822373ec60_0 .net "data_mem_valid", 0 0, v0x55822373daf0_0;  1 drivers
v0x55822373ed00_0 .net "data_mem_we_re", 0 0, v0x55822373a170_0;  1 drivers
v0x55822373eda0_0 .net "enable", 0 0, v0x55822373fa20_0;  1 drivers
L_0x7f885c186060 .functor BUFT 1, C4<1111>, C4<0>, C4<0>, C4<0>;
v0x55822373ee40_0 .net "instruc_mask_singal", 3 0, L_0x7f885c186060;  1 drivers
v0x55822373eee0_0 .net "instruc_mem_valid", 0 0, v0x55822373e6d0_0;  1 drivers
v0x55822373ef80_0 .net "instruction", 31 0, v0x55822373fae0_0;  1 drivers
v0x55822373f0d0_0 .net "instruction_data", 31 0, v0x55822373e2b0_0;  1 drivers
L_0x7f885c1860f0 .functor BUFT 1, C4<1>, C4<0>, C4<0>, C4<0>;
v0x55822373f170_0 .net "instruction_mem_request", 0 0, L_0x7f885c1860f0;  1 drivers
L_0x7f885c1860a8 .functor BUFT 1, C4<0>, C4<0>, C4<0>, C4<0>;
v0x55822373f210_0 .net "instruction_mem_we_re", 0 0, L_0x7f885c1860a8;  1 drivers
v0x55822373f2b0_0 .net "load_data_out", 31 0, v0x55822373d850_0;  1 drivers
v0x55822373f400_0 .net "mask", 3 0, L_0x558223751a90;  1 drivers
v0x55822373f4c0_0 .net "pc_address", 31 0, L_0x5582236b8200;  1 drivers
v0x55822373f580_0 .net "rst", 0 0, v0x55822373fb80_0;  1 drivers
v0x55822373f620_0 .net "store_data", 31 0, v0x558223739210_0;  1 drivers
L_0x55822373fc20 .part L_0x5582236b8200, 2, 8;
L_0x558223751b00 .part L_0x558223751a20, 2, 8;
S_0x5582236958a0 .scope module, "u_core" "core" 3 38, 4 6 0, S_0x55822363ddd0;
 .timescale 0 0;
    .port_info 0 /INPUT 1 "clk";
    .port_info 1 /INPUT 1 "rst";
    .port_info 2 /INPUT 1 "data_mem_valid";
    .port_info 3 /INPUT 1 "instruc_mem_valid";
    .port_info 4 /INPUT 32 "instruction";
    .port_info 5 /INPUT 32 "load_data_in";
    .port_info 6 /OUTPUT 1 "instruction_mem_we_re";
    .port_info 7 /OUTPUT 1 "instruction_mem_request";
    .port_info 8 /OUTPUT 1 "data_mem_we_re";
    .port_info 9 /OUTPUT 1 "data_mem_request";
    .port_info 10 /OUTPUT 4 "mask_singal";
    .port_info 11 /OUTPUT 4 "instruc_mask_singal";
    .port_info 12 /OUTPUT 32 "store_data_out";
    .port_info 13 /OUTPUT 32 "alu_out_address";
    .port_info 14 /OUTPUT 32 "pc_address";
L_0x5582236b8200 .functor BUFZ 32, v0x5582237376b0_0, C4<00000000000000000000000000000000>, C4<00000000000000000000000000000000>, C4<00000000000000000000000000000000>;
L_0x558223751a20 .functor BUFZ 32, v0x5582237368e0_0, C4<00000000000000000000000000000000>, C4<00000000000000000000000000000000>, C4<00000000000000000000000000000000>;
L_0x558223751a90 .functor BUFZ 4, v0x558223739400_0, C4<0000>, C4<0000>, C4<0000>;
v0x55822373b5b0_0 .net "alu_control", 3 0, v0x55822372d010_0;  1 drivers
v0x55822373b690_0 .net "alu_out_address", 31 0, L_0x558223751a20;  alias, 1 drivers
v0x55822373b770_0 .net "alu_res_out", 31 0, v0x5582237368e0_0;  1 drivers
v0x55822373b810_0 .net "branch_result", 0 0, v0x5582236ed410_0;  1 drivers
v0x55822373b940_0 .net "clk", 0 0, v0x55822373f850_0;  alias, 1 drivers
v0x55822373ba70_0 .net "data_mem_request", 0 0, v0x558223739d90_0;  alias, 1 drivers
v0x55822373bb10_0 .net "data_mem_valid", 0 0, v0x55822373daf0_0;  alias, 1 drivers
v0x55822373bbb0_0 .net "data_mem_we_re", 0 0, v0x55822373a170_0;  alias, 1 drivers
v0x55822373bc50_0 .net "instruc_data_out", 31 0, v0x558223738080_0;  1 drivers
v0x55822373be10_0 .net "instruc_mask_singal", 3 0, L_0x7f885c186060;  alias, 1 drivers
v0x55822373beb0_0 .net "instruc_mem_valid", 0 0, v0x55822373e6d0_0;  alias, 1 drivers
v0x55822373bf50_0 .net "instruction", 31 0, v0x55822373e2b0_0;  alias, 1 drivers
v0x55822373bff0_0 .net "instruction_mem_request", 0 0, L_0x7f885c1860f0;  alias, 1 drivers
v0x55822373c090_0 .net "instruction_mem_we_re", 0 0, L_0x7f885c1860a8;  alias, 1 drivers
v0x55822373c130_0 .net "load", 0 0, v0x55822372ced0_0;  1 drivers
v0x55822373c1d0_0 .net "load_data_in", 31 0, v0x55822373d850_0;  alias, 1 drivers
v0x55822373c270_0 .net "mask", 3 0, v0x558223739400_0;  1 drivers
v0x55822373c420_0 .net "mask_singal", 3 0, L_0x558223751a90;  alias, 1 drivers
v0x55822373c4c0_0 .net "mem_to_reg", 1 0, v0x55822372d9c0_0;  1 drivers
v0x55822373c560_0 .net "next_sel", 0 0, v0x55822372daa0_0;  1 drivers
v0x55822373c600_0 .net "next_sel_address", 31 0, v0x558223736280_0;  1 drivers
v0x55822373c6c0_0 .net "op_b", 31 0, L_0x558223750590;  1 drivers
v0x55822373c780_0 .net "opa_mux_out", 31 0, L_0x558223751450;  1 drivers
v0x55822373c8d0_0 .net "opb_mux_out", 31 0, L_0x558223751690;  1 drivers
v0x55822373ca20_0 .net "pc_address", 31 0, L_0x5582236b8200;  alias, 1 drivers
v0x55822373cb00_0 .net "pc_address_out", 31 0, v0x5582237376b0_0;  1 drivers
v0x55822373cbc0_0 .net "rd_wb_data", 31 0, v0x55822373ada0_0;  1 drivers
v0x55822373cd10_0 .net "rst", 0 0, v0x55822373fb80_0;  alias, 1 drivers
v0x55822373ce40_0 .net "store", 0 0, v0x55822372cf70_0;  1 drivers
v0x55822373cee0_0 .net "store_data_out", 31 0, v0x558223739210_0;  alias, 1 drivers
v0x55822373cfa0_0 .net "wrap_load_out", 31 0, v0x558223739660_0;  1 drivers
S_0x558223695ba0 .scope module, "u_decodestage" "decode" 4 62, 5 7 0, S_0x5582236958a0;
 .timescale 0 0;
    .port_info 0 /INPUT 1 "clk";
    .port_info 1 /INPUT 1 "rst";
    .port_info 2 /INPUT 32 "instruction";
    .port_info 3 /INPUT 32 "pc_address";
    .port_info 4 /INOUT 32 "rd_wb_data";
    .port_info 5 /OUTPUT 1 "load";
    .port_info 6 /OUTPUT 1 "store";
    .port_info 7 /OUTPUT 1 "next_sel";
    .port_info 8 /OUTPUT 1 "branch_result";
    .port_info 9 /OUTPUT 4 "alu_control";
    .port_info 10 /OUTPUT 2 "mem_to_reg";
    .port_info 11 /OUTPUT 32 "opa_mux_out";
    .port_info 12 /OUTPUT 32 "opb_mux_out";
    .port_info 13 /OUTPUT 32 "opb_data";
L_0x558223750590 .functor BUFZ 32, L_0x558223750eb0, C4<00000000000000000000000000000000>, C4<00000000000000000000000000000000>, C4<00000000000000000000000000000000>;
v0x5582237343a0_0 .net "alu_control", 3 0, v0x55822372d010_0;  alias, 1 drivers
v0x558223734480_0 .net "branch", 0 0, v0x55822372ce10_0;  1 drivers
v0x558223734540_0 .net "branch_result", 0 0, v0x5582236ed410_0;  alias, 1 drivers
v0x5582237345e0_0 .net "clk", 0 0, v0x55822373f850_0;  alias, 1 drivers
v0x558223734680_0 .net "i_immo", 31 0, v0x558223730200_0;  1 drivers
v0x5582237347c0_0 .net "imm_mux_out", 31 0, v0x5582237312a0_0;  1 drivers
v0x5582237348b0_0 .net "imm_sel", 2 0, v0x55822372d520_0;  1 drivers
v0x558223734950_0 .net "instruction", 31 0, v0x558223738080_0;  alias, 1 drivers
v0x5582237349f0_0 .net "load", 0 0, v0x55822372ced0_0;  alias, 1 drivers
v0x558223734a90_0 .net "mem_to_reg", 1 0, v0x55822372d9c0_0;  alias, 1 drivers
v0x558223734b80_0 .net "next_sel", 0 0, v0x55822372daa0_0;  alias, 1 drivers
v0x558223734c70_0 .net "op_a", 31 0, L_0x5582237506a0;  1 drivers
v0x558223734d30_0 .net "op_b", 31 0, L_0x558223750eb0;  1 drivers
v0x558223734df0_0 .net "opa_mux_out", 31 0, L_0x558223751450;  alias, 1 drivers
v0x558223734eb0_0 .net "opb_data", 31 0, L_0x558223750590;  alias, 1 drivers
v0x558223734f70_0 .net "opb_mux_out", 31 0, L_0x558223751690;  alias, 1 drivers
v0x558223735030_0 .net "operand_a", 0 0, v0x55822372db60_0;  1 drivers
v0x5582237351e0_0 .net "operand_b", 0 0, v0x55822372dc20_0;  1 drivers
v0x558223735280_0 .net "pc_address", 31 0, v0x5582237376b0_0;  alias, 1 drivers
v0x558223735320_0 .net "rd_wb_data", 31 0, v0x55822373ada0_0;  alias, 1 drivers
v0x5582237353c0_0 .net "reg_write", 0 0, v0x55822372dda0_0;  1 drivers
v0x558223735460_0 .net "rst", 0 0, v0x55822373fb80_0;  alias, 1 drivers
v0x558223735500_0 .net "s_immo", 31 0, v0x5582237303e0_0;  1 drivers
v0x5582237355f0_0 .net "sb_immo", 31 0, v0x5582237304d0_0;  1 drivers
v0x5582237356e0_0 .net "store", 0 0, v0x55822372cf70_0;  alias, 1 drivers
v0x5582237357d0_0 .net "u_immo", 31 0, v0x5582237305b0_0;  1 drivers
v0x5582237358e0_0 .net "uj_immo", 31 0, v0x5582237306e0_0;  1 drivers
L_0x55822374fdf0 .part v0x558223738080_0, 0, 7;
L_0x55822374fe90 .part v0x558223738080_0, 12, 3;
L_0x55822374ff30 .part v0x558223738080_0, 30, 1;
L_0x5582237510f0 .part v0x558223738080_0, 15, 5;
L_0x5582237512d0 .part v0x558223738080_0, 20, 5;
L_0x558223751370 .part v0x558223738080_0, 7, 5;
L_0x558223751730 .part v0x558223738080_0, 12, 3;
S_0x5582236826b0 .scope module, "u_branch0" "branch" 5 107, 6 1 0, S_0x558223695ba0;
 .timescale 0 0;
    .port_info 0 /INPUT 32 "op_a";
    .port_info 1 /INPUT 32 "op_b";
    .port_info 2 /INPUT 3 "fun3";
    .port_info 3 /INPUT 1 "en";
    .port_info 4 /OUTPUT 1 "result";
v0x5582236ebc90_0 .net "en", 0 0, v0x55822372ce10_0;  alias, 1 drivers
v0x5582236ec420_0 .net "fun3", 2 0, L_0x558223751730;  1 drivers
v0x55822371a020_0 .net "op_a", 31 0, L_0x5582237506a0;  alias, 1 drivers
v0x5582236ed310_0 .net "op_b", 31 0, L_0x558223750eb0;  alias, 1 drivers
v0x5582236ed410_0 .var "result", 0 0;
E_0x55822369d900 .event edge, v0x5582236ebc90_0, v0x5582236ec420_0, v0x55822371a020_0, v0x5582236ed310_0;
S_0x55822372c790 .scope module, "u_cu0" "controlunit" 5 35, 7 3 0, S_0x558223695ba0;
 .timescale 0 0;
    .port_info 0 /INPUT 7 "opcode";
    .port_info 1 /INPUT 3 "fun3";
    .port_info 2 /INPUT 1 "fun7";
    .port_info 3 /OUTPUT 1 "reg_write";
    .port_info 4 /OUTPUT 3 "imm_sel";
    .port_info 5 /OUTPUT 1 "operand_b";
    .port_info 6 /OUTPUT 1 "operand_a";
    .port_info 7 /OUTPUT 2 "mem_to_reg";
    .port_info 8 /OUTPUT 1 "Load";
    .port_info 9 /OUTPUT 1 "Store";
    .port_info 10 /OUTPUT 1 "Branch";
    .port_info 11 /OUTPUT 1 "mem_en";
    .port_info 12 /OUTPUT 1 "next_sel";
    .port_info 13 /OUTPUT 4 "alu_control";
v0x55822372ec30_0 .net "Branch", 0 0, v0x55822372ce10_0;  alias, 1 drivers
v0x55822372ecf0_0 .net "Load", 0 0, v0x55822372ced0_0;  alias, 1 drivers
v0x55822372edb0_0 .net "Store", 0 0, v0x55822372cf70_0;  alias, 1 drivers
v0x55822372eeb0_0 .net "alu_control", 3 0, v0x55822372d010_0;  alias, 1 drivers
v0x55822372ef80_0 .net "auipc", 0 0, v0x55822372e4b0_0;  1 drivers
v0x55822372f0c0_0 .net "branch", 0 0, v0x55822372e570_0;  1 drivers
v0x55822372f1b0_0 .net "fun3", 2 0, L_0x55822374fe90;  1 drivers
v0x55822372f250_0 .net "fun7", 0 0, L_0x55822374ff30;  1 drivers
v0x55822372f2f0_0 .net "i_type", 0 0, v0x55822372e610_0;  1 drivers
v0x55822372f390_0 .net "imm_sel", 2 0, v0x55822372d520_0;  alias, 1 drivers
v0x55822372f430_0 .net "jal", 0 0, v0x55822372e6b0_0;  1 drivers
v0x55822372f520_0 .net "jalr", 0 0, v0x55822372e750_0;  1 drivers
v0x55822372f610_0 .net "load", 0 0, v0x55822372e840_0;  1 drivers
v0x55822372f700_0 .net "lui", 0 0, v0x55822372e8e0_0;  1 drivers
v0x55822372f7f0_0 .net "mem_en", 0 0, v0x55822372d900_0;  1 drivers
v0x55822372f890_0 .net "mem_to_reg", 1 0, v0x55822372d9c0_0;  alias, 1 drivers
v0x55822372f930_0 .net "next_sel", 0 0, v0x55822372daa0_0;  alias, 1 drivers
v0x55822372f9d0_0 .net "opcode", 6 0, L_0x55822374fdf0;  1 drivers
v0x55822372fa70_0 .net "operand_a", 0 0, v0x55822372db60_0;  alias, 1 drivers
v0x55822372fb10_0 .net "operand_b", 0 0, v0x55822372dc20_0;  alias, 1 drivers
v0x55822372fbe0_0 .net "r_type", 0 0, v0x55822372ea50_0;  1 drivers
v0x55822372fcd0_0 .net "reg_write", 0 0, v0x55822372dda0_0;  alias, 1 drivers
v0x55822372fd70_0 .net "store", 0 0, v0x55822372eb20_0;  1 drivers
S_0x55822372c990 .scope module, "u_controldec0" "control_decoder" 7 44, 8 1 0, S_0x55822372c790;
 .timescale 0 0;
    .port_info 0 /INPUT 3 "fun3";
    .port_info 1 /INPUT 1 "fun7";
    .port_info 2 /INPUT 1 "i_type";
    .port_info 3 /INPUT 1 "r_type";
    .port_info 4 /INPUT 1 "load";
    .port_info 5 /INPUT 1 "store";
    .port_info 6 /INPUT 1 "branch";
    .port_info 7 /INPUT 1 "jal";
    .port_info 8 /INPUT 1 "jalr";
    .port_info 9 /INPUT 1 "lui";
    .port_info 10 /INPUT 1 "auipc";
    .port_info 11 /OUTPUT 1 "Load";
    .port_info 12 /OUTPUT 1 "Store";
    .port_info 13 /OUTPUT 2 "mem_to_reg";
    .port_info 14 /OUTPUT 1 "reg_write";
    .port_info 15 /OUTPUT 1 "mem_en";
    .port_info 16 /OUTPUT 1 "operand_b";
    .port_info 17 /OUTPUT 1 "operand_a";
    .port_info 18 /OUTPUT 3 "imm_sel";
    .port_info 19 /OUTPUT 1 "Branch";
    .port_info 20 /OUTPUT 1 "next_sel";
    .port_info 21 /OUTPUT 4 "alu_control";
v0x55822372ce10_0 .var "Branch", 0 0;
v0x55822372ced0_0 .var "Load", 0 0;
v0x55822372cf70_0 .var "Store", 0 0;
v0x55822372d010_0 .var "alu_control", 3 0;
v0x55822372d0f0_0 .net "auipc", 0 0, v0x55822372e4b0_0;  alias, 1 drivers
v0x55822372d200_0 .net "branch", 0 0, v0x55822372e570_0;  alias, 1 drivers
v0x55822372d2c0_0 .net "fun3", 2 0, L_0x55822374fe90;  alias, 1 drivers
v0x55822372d3a0_0 .net "fun7", 0 0, L_0x55822374ff30;  alias, 1 drivers
v0x55822372d460_0 .net "i_type", 0 0, v0x55822372e610_0;  alias, 1 drivers
v0x55822372d520_0 .var "imm_sel", 2 0;
v0x55822372d600_0 .net "jal", 0 0, v0x55822372e6b0_0;  alias, 1 drivers
v0x55822372d6c0_0 .net "jalr", 0 0, v0x55822372e750_0;  alias, 1 drivers
v0x55822372d780_0 .net "load", 0 0, v0x55822372e840_0;  alias, 1 drivers
v0x55822372d840_0 .net "lui", 0 0, v0x55822372e8e0_0;  alias, 1 drivers
v0x55822372d900_0 .var "mem_en", 0 0;
v0x55822372d9c0_0 .var "mem_to_reg", 1 0;
v0x55822372daa0_0 .var "next_sel", 0 0;
v0x55822372db60_0 .var "operand_a", 0 0;
v0x55822372dc20_0 .var "operand_b", 0 0;
v0x55822372dce0_0 .net "r_type", 0 0, v0x55822372ea50_0;  alias, 1 drivers
v0x55822372dda0_0 .var "reg_write", 0 0;
v0x55822372de60_0 .net "store", 0 0, v0x55822372eb20_0;  alias, 1 drivers
E_0x55822369dc80/0 .event edge, v0x55822372dce0_0, v0x55822372d460_0, v0x55822372d780_0, v0x55822372d600_0;
E_0x55822369dc80/1 .event edge, v0x55822372d200_0, v0x55822372d0f0_0, v0x55822372de60_0, v0x55822372d6c0_0;
E_0x55822369dc80/2 .event edge, v0x55822372d840_0, v0x55822372d2c0_0, v0x55822372d3a0_0;
E_0x55822369dc80 .event/or E_0x55822369dc80/0, E_0x55822369dc80/1, E_0x55822369dc80/2;
S_0x55822372e1e0 .scope module, "u_typedec0" "type_decoder" 7 31, 9 1 0, S_0x55822372c790;
 .timescale 0 0;
    .port_info 0 /INPUT 7 "opcode";
    .port_info 1 /OUTPUT 1 "r_type";
    .port_info 2 /OUTPUT 1 "i_type";
    .port_info 3 /OUTPUT 1 "load";
    .port_info 4 /OUTPUT 1 "store";
    .port_info 5 /OUTPUT 1 "branch";
    .port_info 6 /OUTPUT 1 "jal";
    .port_info 7 /OUTPUT 1 "jalr";
    .port_info 8 /OUTPUT 1 "lui";
    .port_info 9 /OUTPUT 1 "auipc";
v0x55822372e4b0_0 .var "auipc", 0 0;
v0x55822372e570_0 .var "branch", 0 0;
v0x55822372e610_0 .var "i_type", 0 0;
v0x55822372e6b0_0 .var "jal", 0 0;
v0x55822372e750_0 .var "jalr", 0 0;
v0x55822372e840_0 .var "load", 0 0;
v0x55822372e8e0_0 .var "lui", 0 0;
v0x55822372e9b0_0 .net "opcode", 6 0, L_0x55822374fdf0;  alias, 1 drivers
v0x55822372ea50_0 .var "r_type", 0 0;
v0x55822372eb20_0 .var "store", 0 0;
E_0x558223635f10 .event edge, v0x55822372e9b0_0;
S_0x55822372ff60 .scope module, "u_imm_gen0" "immediategen" 5 53, 10 1 0, S_0x558223695ba0;
 .timescale 0 0;
    .port_info 0 /INPUT 32 "instr";
    .port_info 1 /OUTPUT 32 "i_imme";
    .port_info 2 /OUTPUT 32 "s_imme";
    .port_info 3 /OUTPUT 32 "sb_imme";
    .port_info 4 /OUTPUT 32 "uj_imme";
    .port_info 5 /OUTPUT 32 "u_imme";
v0x558223730200_0 .var "i_imme", 31 0;
v0x558223730300_0 .net "instr", 31 0, v0x558223738080_0;  alias, 1 drivers
v0x5582237303e0_0 .var "s_imme", 31 0;
v0x5582237304d0_0 .var "sb_imme", 31 0;
v0x5582237305b0_0 .var "u_imme", 31 0;
v0x5582237306e0_0 .var "uj_imme", 31 0;
E_0x55822371bd40 .event edge, v0x558223730300_0;
S_0x558223730880 .scope module, "u_mux0" "mux3_8" 5 63, 11 1 0, S_0x558223695ba0;
 .timescale 0 0;
    .port_info 0 /INPUT 32 "a";
    .port_info 1 /INPUT 32 "b";
    .port_info 2 /INPUT 32 "c";
    .port_info 3 /INPUT 32 "d";
    .port_info 4 /INPUT 32 "e";
    .port_info 5 /INPUT 32 "f";
    .port_info 6 /INPUT 32 "g";
    .port_info 7 /INPUT 32 "h";
    .port_info 8 /INPUT 3 "sel";
    .port_info 9 /OUTPUT 32 "out";
v0x558223730bd0_0 .net "a", 31 0, v0x558223730200_0;  alias, 1 drivers
v0x558223730cb0_0 .net "b", 31 0, v0x5582237303e0_0;  alias, 1 drivers
v0x558223730d80_0 .net "c", 31 0, v0x5582237304d0_0;  alias, 1 drivers
v0x558223730e80_0 .net "d", 31 0, v0x5582237306e0_0;  alias, 1 drivers
v0x558223730f50_0 .net "e", 31 0, v0x5582237305b0_0;  alias, 1 drivers
o0x7f885c1d00f8 .functor BUFZ 32, C4<zzzzzzzzzzzzzzzzzzzzzzzzzzzzzzzz>; HiZ drive
v0x558223731040_0 .net "f", 31 0, o0x7f885c1d00f8;  0 drivers
o0x7f885c1d0128 .functor BUFZ 32, C4<zzzzzzzzzzzzzzzzzzzzzzzzzzzzzzzz>; HiZ drive
v0x5582237310e0_0 .net "g", 31 0, o0x7f885c1d0128;  0 drivers
o0x7f885c1d0158 .functor BUFZ 32, C4<zzzzzzzzzzzzzzzzzzzzzzzzzzzzzzzz>; HiZ drive
v0x5582237311c0_0 .net "h", 31 0, o0x7f885c1d0158;  0 drivers
v0x5582237312a0_0 .var "out", 31 0;
v0x558223731380_0 .net "sel", 2 0, v0x55822372d520_0;  alias, 1 drivers
E_0x55822371bbb0/0 .event edge, v0x55822372d520_0, v0x558223730200_0, v0x5582237303e0_0, v0x5582237304d0_0;
E_0x55822371bbb0/1 .event edge, v0x5582237306e0_0, v0x5582237305b0_0, v0x558223731040_0, v0x5582237310e0_0;
E_0x55822371bbb0/2 .event edge, v0x5582237311c0_0;
E_0x55822371bbb0 .event/or E_0x55822371bbb0/0, E_0x55822371bbb0/1, E_0x55822371bbb0/2;
S_0x5582237315e0 .scope module, "u_mux1" "mux" 5 90, 12 1 0, S_0x558223695ba0;
 .timescale 0 0;
    .port_info 0 /INPUT 32 "a";
    .port_info 1 /INPUT 32 "b";
    .port_info 2 /INPUT 1 "sel";
    .port_info 3 /OUTPUT 32 "out";
v0x558223731810_0 .net "a", 31 0, L_0x5582237506a0;  alias, 1 drivers
v0x5582237318f0_0 .net "b", 31 0, v0x5582237376b0_0;  alias, 1 drivers
v0x5582237319b0_0 .net "out", 31 0, L_0x558223751450;  alias, 1 drivers
v0x558223731aa0_0 .net "sel", 0 0, v0x55822372db60_0;  alias, 1 drivers
L_0x558223751450 .functor MUXZ 32, L_0x5582237506a0, v0x5582237376b0_0, v0x55822372db60_0, C4<>;
S_0x558223731c10 .scope module, "u_mux2" "mux" 5 99, 12 1 0, S_0x558223695ba0;
 .timescale 0 0;
    .port_info 0 /INPUT 32 "a";
    .port_info 1 /INPUT 32 "b";
    .port_info 2 /INPUT 1 "sel";
    .port_info 3 /OUTPUT 32 "out";
v0x558223731df0_0 .net "a", 31 0, L_0x558223750eb0;  alias, 1 drivers
v0x558223731f00_0 .net "b", 31 0, v0x5582237312a0_0;  alias, 1 drivers
v0x558223731fd0_0 .net "out", 31 0, L_0x558223751690;  alias, 1 drivers
v0x5582237320a0_0 .net "sel", 0 0, v0x55822372dc20_0;  alias, 1 drivers
L_0x558223751690 .functor MUXZ 32, L_0x558223750eb0, v0x5582237312a0_0, v0x55822372dc20_0, C4<>;
S_0x558223732210 .scope module, "u_regfile0" "registerfile" 5 74, 13 1 0, S_0x558223695ba0;
 .timescale 0 0;
    .port_info 0 /INPUT 1 "clk";
    .port_info 1 /INPUT 1 "rst";
    .port_info 2 /INPUT 1 "en";
    .port_info 3 /INPUT 5 "rs1";
    .port_info 4 /INPUT 5 "rs2";
    .port_info 5 /INPUT 5 "rd";
    .port_info 6 /INPUT 32 "data";
    .port_info 7 /OUTPUT 32 "op_a";
    .port_info 8 /OUTPUT 32 "op_b";
v0x5582237325a0_0 .net *"_ivl_0", 31 0, L_0x558223750020;  1 drivers
v0x5582237326a0_0 .net *"_ivl_10", 6 0, L_0x5582237502f0;  1 drivers
L_0x7f885c186210 .functor BUFT 1, C4<00>, C4<0>, C4<0>, C4<0>;
v0x558223732780_0 .net *"_ivl_13", 1 0, L_0x7f885c186210;  1 drivers
L_0x7f885c186258 .functor BUFT 1, C4<0000001>, C4<0>, C4<0>, C4<0>;
v0x558223732840_0 .net/2u *"_ivl_14", 6 0, L_0x7f885c186258;  1 drivers
v0x558223732920_0 .net *"_ivl_16", 6 0, L_0x5582237504f0;  1 drivers
L_0x7f885c1862a0 .functor BUFT 1, C4<00000000000000000000000000000000>, C4<0>, C4<0>, C4<0>;
v0x558223732a50_0 .net/2u *"_ivl_18", 31 0, L_0x7f885c1862a0;  1 drivers
v0x558223732b30_0 .net *"_ivl_22", 31 0, L_0x5582237508b0;  1 drivers
L_0x7f885c1862e8 .functor BUFT 1, C4<000000000000000000000000000>, C4<0>, C4<0>, C4<0>;
v0x558223732c10_0 .net *"_ivl_25", 26 0, L_0x7f885c1862e8;  1 drivers
L_0x7f885c186330 .functor BUFT 1, C4<00000000000000000000000000000000>, C4<0>, C4<0>, C4<0>;
v0x558223732cf0_0 .net/2u *"_ivl_26", 31 0, L_0x7f885c186330;  1 drivers
v0x558223732e60_0 .net *"_ivl_28", 0 0, L_0x5582237509a0;  1 drivers
L_0x7f885c186180 .functor BUFT 1, C4<000000000000000000000000000>, C4<0>, C4<0>, C4<0>;
v0x558223732f20_0 .net *"_ivl_3", 26 0, L_0x7f885c186180;  1 drivers
v0x558223733000_0 .net *"_ivl_30", 31 0, L_0x558223750b30;  1 drivers
v0x5582237330e0_0 .net *"_ivl_32", 6 0, L_0x558223750bd0;  1 drivers
L_0x7f885c186378 .functor BUFT 1, C4<00>, C4<0>, C4<0>, C4<0>;
v0x5582237331c0_0 .net *"_ivl_35", 1 0, L_0x7f885c186378;  1 drivers
L_0x7f885c1863c0 .functor BUFT 1, C4<0000001>, C4<0>, C4<0>, C4<0>;
v0x5582237332a0_0 .net/2u *"_ivl_36", 6 0, L_0x7f885c1863c0;  1 drivers
v0x558223733380_0 .net *"_ivl_38", 6 0, L_0x558223750d20;  1 drivers
L_0x7f885c1861c8 .functor BUFT 1, C4<00000000000000000000000000000000>, C4<0>, C4<0>, C4<0>;
v0x558223733460_0 .net/2u *"_ivl_4", 31 0, L_0x7f885c1861c8;  1 drivers
L_0x7f885c186408 .functor BUFT 1, C4<00000000000000000000000000000000>, C4<0>, C4<0>, C4<0>;
v0x558223733650_0 .net/2u *"_ivl_40", 31 0, L_0x7f885c186408;  1 drivers
v0x558223733730_0 .net *"_ivl_6", 0 0, L_0x558223750110;  1 drivers
v0x5582237337f0_0 .net *"_ivl_8", 31 0, L_0x558223750250;  1 drivers
v0x5582237338d0_0 .net "clk", 0 0, v0x55822373f850_0;  alias, 1 drivers
v0x558223733990_0 .net "data", 31 0, v0x55822373ada0_0;  alias, 1 drivers
v0x558223733a70_0 .net "en", 0 0, v0x55822372dda0_0;  alias, 1 drivers
v0x558223733b10_0 .var/i "i", 31 0;
v0x558223733bf0_0 .net "op_a", 31 0, L_0x5582237506a0;  alias, 1 drivers
v0x558223733d00_0 .net "op_b", 31 0, L_0x558223750eb0;  alias, 1 drivers
v0x558223733e10_0 .net "rd", 4 0, L_0x558223751370;  1 drivers
v0x558223733ef0 .array "register", 1 31, 31 0;
v0x558223733fb0_0 .net "rs1", 4 0, L_0x5582237510f0;  1 drivers
v0x558223734090_0 .net "rs2", 4 0, L_0x5582237512d0;  1 drivers
v0x558223734170_0 .net "rst", 0 0, v0x55822373fb80_0;  alias, 1 drivers
E_0x558223732520/0 .event negedge, v0x558223734170_0;
E_0x558223732520/1 .event posedge, v0x5582237338d0_0;
E_0x558223732520 .event/or E_0x558223732520/0, E_0x558223732520/1;
L_0x558223750020 .concat [ 5 27 0 0], L_0x5582237510f0, L_0x7f885c186180;
L_0x558223750110 .cmp/ne 32, L_0x558223750020, L_0x7f885c1861c8;
L_0x558223750250 .array/port v0x558223733ef0, L_0x5582237504f0;
L_0x5582237502f0 .concat [ 5 2 0 0], L_0x5582237510f0, L_0x7f885c186210;
L_0x5582237504f0 .arith/sub 7, L_0x5582237502f0, L_0x7f885c186258;
L_0x5582237506a0 .functor MUXZ 32, L_0x7f885c1862a0, L_0x558223750250, L_0x558223750110, C4<>;
L_0x5582237508b0 .concat [ 5 27 0 0], L_0x5582237512d0, L_0x7f885c1862e8;
L_0x5582237509a0 .cmp/ne 32, L_0x5582237508b0, L_0x7f885c186330;
L_0x558223750b30 .array/port v0x558223733ef0, L_0x558223750d20;
L_0x558223750bd0 .concat [ 5 2 0 0], L_0x5582237512d0, L_0x7f885c186378;
L_0x558223750d20 .arith/sub 7, L_0x558223750bd0, L_0x7f885c1863c0;
L_0x558223750eb0 .functor MUXZ 32, L_0x7f885c186408, L_0x558223750b30, L_0x5582237509a0, C4<>;
S_0x558223735bb0 .scope module, "u_executestage" "execute" 4 80, 14 3 0, S_0x5582236958a0;
 .timescale 0 0;
    .port_info 0 /INPUT 32 "a_i";
    .port_info 1 /INPUT 32 "b_i";
    .port_info 2 /INPUT 4 "alu_control";
    .port_info 3 /INPUT 32 "pc_address";
    .port_info 4 /OUTPUT 32 "alu_res_out";
    .port_info 5 /OUTPUT 32 "next_sel_address";
v0x558223736a40_0 .net "a_i", 31 0, L_0x558223751450;  alias, 1 drivers
v0x558223736b20_0 .net "alu_control", 3 0, v0x55822372d010_0;  alias, 1 drivers
v0x558223736be0_0 .net "alu_res_out", 31 0, v0x5582237368e0_0;  alias, 1 drivers
v0x558223736c80_0 .net "b_i", 31 0, L_0x558223751690;  alias, 1 drivers
v0x558223736d20_0 .net "next_sel_address", 31 0, v0x558223736280_0;  alias, 1 drivers
v0x558223736de0_0 .net "pc_address", 31 0, v0x5582237376b0_0;  alias, 1 drivers
S_0x558223735e90 .scope module, "u_adder0" "adder" 14 22, 15 1 0, S_0x558223735bb0;
 .timescale 0 0;
    .port_info 0 /INPUT 32 "a";
    .port_info 1 /OUTPUT 32 "adder_out";
v0x558223736150_0 .net "a", 31 0, v0x5582237376b0_0;  alias, 1 drivers
v0x558223736280_0 .var "adder_out", 31 0;
E_0x5582237360d0 .event edge, v0x5582237318f0_0;
S_0x5582237363c0 .scope module, "u_alu0" "alu" 14 14, 16 1 0, S_0x558223735bb0;
 .timescale 0 0;
    .port_info 0 /INPUT 32 "a_i";
    .port_info 1 /INPUT 32 "b_i";
    .port_info 2 /INPUT 4 "op_i";
    .port_info 3 /OUTPUT 32 "res_o";
v0x558223736600_0 .net "a_i", 31 0, L_0x558223751450;  alias, 1 drivers
v0x558223736730_0 .net "b_i", 31 0, L_0x558223751690;  alias, 1 drivers
v0x558223736840_0 .net "op_i", 3 0, v0x55822372d010_0;  alias, 1 drivers
v0x5582237368e0_0 .var "res_o", 31 0;
E_0x5582237365a0 .event edge, v0x55822372d010_0, v0x5582237319b0_0, v0x558223731fd0_0;
S_0x558223736f80 .scope module, "u_fetchstage" "fetch" 4 43, 17 2 0, S_0x5582236958a0;
 .timescale 0 0;
    .port_info 0 /INPUT 1 "clk";
    .port_info 1 /INPUT 1 "rst";
    .port_info 2 /INPUT 1 "next_sel";
    .port_info 3 /INPUT 1 "valid";
    .port_info 4 /INPUT 1 "branch_reselt";
    .port_info 5 /INPUT 32 "next_address";
    .port_info 6 /INPUT 32 "address_in";
    .port_info 7 /INPUT 32 "instruction_fetch";
    .port_info 8 /OUTPUT 1 "we_re";
    .port_info 9 /OUTPUT 1 "request";
    .port_info 10 /OUTPUT 4 "mask";
    .port_info 11 /OUTPUT 32 "address_out";
    .port_info 12 /OUTPUT 32 "instruction";
L_0x7f885c186138 .functor BUFT 1, C4<00000000000000000000000000000000>, C4<0>, C4<0>, C4<0>;
v0x558223737d80_0 .net "address_in", 31 0, L_0x7f885c186138;  1 drivers
v0x558223737e80_0 .net "address_out", 31 0, v0x5582237376b0_0;  alias, 1 drivers
v0x558223737f40_0 .net "branch_reselt", 0 0, v0x5582236ed410_0;  alias, 1 drivers
v0x558223737fe0_0 .net "clk", 0 0, v0x55822373f850_0;  alias, 1 drivers
v0x558223738080_0 .var "instruction", 31 0;
v0x5582237381c0_0 .net "instruction_fetch", 31 0, v0x55822373e2b0_0;  alias, 1 drivers
v0x5582237382a0_0 .net "mask", 3 0, L_0x7f885c186060;  alias, 1 drivers
v0x558223738380_0 .net "next_address", 31 0, v0x5582237368e0_0;  alias, 1 drivers
v0x558223738440_0 .net "next_sel", 0 0, v0x55822372daa0_0;  alias, 1 drivers
v0x558223738600_0 .net "request", 0 0, L_0x7f885c1860f0;  alias, 1 drivers
v0x5582237386c0_0 .net "rst", 0 0, v0x55822373fb80_0;  alias, 1 drivers
v0x558223738760_0 .net "valid", 0 0, v0x55822373e6d0_0;  alias, 1 drivers
v0x558223738820_0 .net "we_re", 0 0, L_0x7f885c1860a8;  alias, 1 drivers
E_0x558223735db0 .event edge, v0x5582237381c0_0;
S_0x5582237372c0 .scope module, "u_pc0" "pc" 17 20, 18 1 0, S_0x558223736f80;
 .timescale 0 0;
    .port_info 0 /INPUT 1 "clk";
    .port_info 1 /INPUT 1 "rst";
    .port_info 2 /INPUT 1 "next_sel";
    .port_info 3 /INPUT 32 "next_address";
    .port_info 4 /INPUT 1 "branch_reselt";
    .port_info 5 /INPUT 32 "address_in";
    .port_info 6 /OUTPUT 32 "address_out";
L_0x7f885c186018 .functor BUFT 1, C4<00000000000000000000000000000000>, C4<0>, C4<0>, C4<0>;
v0x5582237375b0_0 .net "address_in", 31 0, L_0x7f885c186018;  1 drivers
v0x5582237376b0_0 .var "address_out", 31 0;
v0x558223737800_0 .net "branch_reselt", 0 0, v0x5582236ed410_0;  alias, 1 drivers
v0x5582237378a0_0 .net "clk", 0 0, v0x55822373f850_0;  alias, 1 drivers
v0x558223737990_0 .net "next_address", 31 0, v0x5582237368e0_0;  alias, 1 drivers
v0x558223737ad0_0 .net "next_sel", 0 0, v0x55822372daa0_0;  alias, 1 drivers
v0x558223737b70_0 .net "rst", 0 0, v0x55822373fb80_0;  alias, 1 drivers
S_0x558223738a80 .scope module, "u_memorystage" "memory_stage" 4 90, 19 2 0, S_0x5582236958a0;
 .timescale 0 0;
    .port_info 0 /INPUT 1 "load";
    .port_info 1 /INPUT 1 "store";
    .port_info 2 /INPUT 1 "valid";
    .port_info 3 /INPUT 32 "op_b";
    .port_info 4 /INPUT 32 "alu_out_address";
    .port_info 5 /INPUT 32 "instruction";
    .port_info 6 /INPUT 32 "wrap_load_in";
    .port_info 7 /OUTPUT 1 "we_re";
    .port_info 8 /OUTPUT 1 "request";
    .port_info 9 /OUTPUT 4 "mask";
    .port_info 10 /OUTPUT 32 "store_data_out";
    .port_info 11 /OUTPUT 32 "wrap_load_out";
v0x5582237398f0_0 .net "alu_out_address", 31 0, v0x5582237368e0_0;  alias, 1 drivers
v0x558223739a60_0 .net "instruction", 31 0, v0x558223738080_0;  alias, 1 drivers
v0x558223739b20_0 .net "load", 0 0, v0x55822372ced0_0;  alias, 1 drivers
v0x558223739c50_0 .net "mask", 3 0, v0x558223739400_0;  alias, 1 drivers
v0x558223739cf0_0 .net "op_b", 31 0, L_0x558223750590;  alias, 1 drivers
v0x558223739d90_0 .var "request", 0 0;
v0x558223739e50_0 .net "store", 0 0, v0x55822372cf70_0;  alias, 1 drivers
v0x558223739f80_0 .net "store_data_out", 31 0, v0x558223739210_0;  alias, 1 drivers
v0x55822373a040_0 .net "valid", 0 0, v0x55822373daf0_0;  alias, 1 drivers
v0x55822373a170_0 .var "we_re", 0 0;
v0x55822373a230_0 .net "wrap_load_in", 31 0, v0x55822373d850_0;  alias, 1 drivers
v0x55822373a2f0_0 .net "wrap_load_out", 31 0, v0x558223739660_0;  alias, 1 drivers
E_0x5582237374c0 .event edge, v0x55822372ced0_0, v0x55822372cf70_0;
L_0x5582237517d0 .part v0x5582237368e0_0, 0, 2;
L_0x558223751980 .part v0x558223738080_0, 12, 3;
S_0x558223738c50 .scope module, "u_wrap_mem0" "wrappermem" 19 19, 20 1 0, S_0x558223738a80;
 .timescale 0 0;
    .port_info 0 /INPUT 32 "data_i";
    .port_info 1 /INPUT 2 "byteadd";
    .port_info 2 /INPUT 3 "fun3";
    .port_info 3 /INPUT 1 "mem_en";
    .port_info 4 /INPUT 1 "Load";
    .port_info 5 /INPUT 32 "wrap_load_in";
    .port_info 6 /OUTPUT 4 "masking";
    .port_info 7 /OUTPUT 32 "data_o";
    .port_info 8 /OUTPUT 32 "wrap_load_out";
v0x558223738fd0_0 .net "Load", 0 0, v0x55822372ced0_0;  alias, 1 drivers
v0x558223739090_0 .net "byteadd", 1 0, L_0x5582237517d0;  1 drivers
v0x558223739170_0 .net "data_i", 31 0, L_0x558223750590;  alias, 1 drivers
v0x558223739210_0 .var "data_o", 31 0;
v0x5582237392d0_0 .net "fun3", 2 0, L_0x558223751980;  1 drivers
v0x558223739400_0 .var "masking", 3 0;
v0x5582237394e0_0 .net "mem_en", 0 0, v0x55822372cf70_0;  alias, 1 drivers
v0x558223739580_0 .net "wrap_load_in", 31 0, v0x55822373d850_0;  alias, 1 drivers
v0x558223739660_0 .var "wrap_load_out", 31 0;
E_0x558223738f30/0 .event edge, v0x55822372cf70_0, v0x5582237392d0_0, v0x558223739090_0, v0x558223734eb0_0;
E_0x558223738f30/1 .event edge, v0x55822372ced0_0, v0x558223739580_0;
E_0x558223738f30 .event/or E_0x558223738f30/0, E_0x558223738f30/1;
S_0x55822373a560 .scope module, "u_wbstage" "write_back" 4 109, 21 2 0, S_0x5582236958a0;
 .timescale 0 0;
    .port_info 0 /INPUT 2 "mem_to_reg";
    .port_info 1 /INPUT 32 "alu_out";
    .port_info 2 /INPUT 32 "data_mem_out";
    .port_info 3 /INPUT 32 "next_sel_address";
    .port_info 4 /OUTPUT 32 "rd_sel_mux_out";
v0x55822373b0c0_0 .net "alu_out", 31 0, v0x5582237368e0_0;  alias, 1 drivers
v0x55822373b1a0_0 .net "data_mem_out", 31 0, v0x558223739660_0;  alias, 1 drivers
v0x55822373b260_0 .net "mem_to_reg", 1 0, v0x55822372d9c0_0;  alias, 1 drivers
v0x55822373b390_0 .net "next_sel_address", 31 0, v0x558223736280_0;  alias, 1 drivers
v0x55822373b450_0 .net "rd_sel_mux_out", 31 0, v0x55822373ada0_0;  alias, 1 drivers
S_0x55822373a6f0 .scope module, "u_mux2" "mux2_4" 21 12, 22 1 0, S_0x55822373a560;
 .timescale 0 0;
    .port_info 0 /INPUT 32 "a";
    .port_info 1 /INPUT 32 "b";
    .port_info 2 /INPUT 32 "c";
    .port_info 3 /INPUT 32 "d";
    .port_info 4 /INPUT 2 "sel";
    .port_info 5 /OUTPUT 32 "out";
v0x55822373a9e0_0 .net "a", 31 0, v0x5582237368e0_0;  alias, 1 drivers
v0x55822373aac0_0 .net "b", 31 0, v0x558223739660_0;  alias, 1 drivers
v0x55822373abd0_0 .net "c", 31 0, v0x558223736280_0;  alias, 1 drivers
o0x7f885c1d1c88 .functor BUFZ 32, C4<zzzzzzzzzzzzzzzzzzzzzzzzzzzzzzzz>; HiZ drive
v0x55822373acc0_0 .net "d", 31 0, o0x7f885c1d1c88;  0 drivers
v0x55822373ada0_0 .var "out", 31 0;
v0x55822373af00_0 .net "sel", 1 0, v0x55822372d9c0_0;  alias, 1 drivers
E_0x55822373a980/0 .event edge, v0x55822372d9c0_0, v0x5582237368e0_0, v0x558223739660_0, v0x558223736280_0;
E_0x55822373a980/1 .event edge, v0x55822373acc0_0;
E_0x55822373a980 .event/or E_0x55822373a980/0, E_0x55822373a980/1;
S_0x55822373d350 .scope module, "u_data_memory" "memory" 3 58, 23 1 0, S_0x55822363ddd0;
 .timescale 0 0;
    .port_info 0 /INPUT 1 "clk";
    .port_info 1 /INPUT 1 "we_re";
    .port_info 2 /INPUT 1 "request";
    .port_info 3 /INPUT 8 "address";
    .port_info 4 /INPUT 32 "data_in";
    .port_info 5 /INPUT 4 "mask";
    .port_info 6 /OUTPUT 1 "valid";
    .port_info 7 /OUTPUT 32 "data_out";
v0x55822373d5f0_0 .net "address", 7 0, L_0x558223751b00;  1 drivers
v0x55822373d6f0_0 .net "clk", 0 0, v0x55822373f850_0;  alias, 1 drivers
v0x55822373d7b0_0 .net "data_in", 31 0, v0x558223739210_0;  alias, 1 drivers
v0x55822373d850_0 .var "data_out", 31 0;
v0x55822373d8f0_0 .net "mask", 3 0, L_0x558223751a90;  alias, 1 drivers
v0x55822373d9b0 .array "mem", 255 0, 31 0;
v0x55822373da50_0 .net "request", 0 0, v0x558223739d90_0;  alias, 1 drivers
v0x55822373daf0_0 .var "valid", 0 0;
v0x55822373db90_0 .net "we_re", 0 0, v0x55822373a170_0;  alias, 1 drivers
E_0x55822373a8a0 .event posedge, v0x5582237338d0_0;
S_0x55822373ddc0 .scope module, "u_instruction_memory" "memory" 3 26, 23 1 0, S_0x55822363ddd0;
 .timescale 0 0;
    .port_info 0 /INPUT 1 "clk";
    .port_info 1 /INPUT 1 "we_re";
    .port_info 2 /INPUT 1 "request";
    .port_info 3 /INPUT 8 "address";
    .port_info 4 /INPUT 32 "data_in";
    .port_info 5 /INPUT 4 "mask";
    .port_info 6 /OUTPUT 1 "valid";
    .port_info 7 /OUTPUT 32 "data_out";
v0x55822373e070_0 .net "address", 7 0, L_0x55822373fc20;  1 drivers
v0x55822373e150_0 .net "clk", 0 0, v0x55822373f850_0;  alias, 1 drivers
v0x55822373e210_0 .net "data_in", 31 0, v0x55822373fae0_0;  alias, 1 drivers
v0x55822373e2b0_0 .var "data_out", 31 0;
v0x55822373e3c0_0 .net "mask", 3 0, L_0x7f885c186060;  alias, 1 drivers
v0x55822373e520 .array "mem", 255 0, 31 0;
v0x55822373e5e0_0 .net "request", 0 0, L_0x7f885c1860f0;  alias, 1 drivers
v0x55822373e6d0_0 .var "valid", 0 0;
v0x55822373e7c0_0 .net "we_re", 0 0, L_0x7f885c1860a8;  alias, 1 drivers
    .scope S_0x55822373ddc0;
T_0 ;
    %vpi_call 23 16 "$readmemh", "instr.mem", v0x55822373e520 {0 0 0};
    %end;
    .thread T_0;
    .scope S_0x55822373ddc0;
T_1 ;
    %wait E_0x55822373a8a0;
    %load/vec4 v0x55822373e5e0_0;
    %load/vec4 v0x55822373e7c0_0;
    %and;
    %flag_set/vec4 8;
    %jmp/0xz  T_1.0, 8;
    %load/vec4 v0x55822373e3c0_0;
    %parti/s 1, 0, 2;
    %flag_set/vec4 8;
    %jmp/0xz  T_1.2, 8;
    %load/vec4 v0x55822373e210_0;
    %parti/s 8, 0, 2;
    %load/vec4 v0x55822373e070_0;
    %pad/u 10;
    %ix/vec4 3;
    %ix/load 4, 0, 0; Constant delay
    %assign/vec4/a/d v0x55822373e520, 0, 4;
T_1.2 ;
    %load/vec4 v0x55822373e3c0_0;
    %parti/s 1, 1, 2;
    %flag_set/vec4 8;
    %jmp/0xz  T_1.4, 8;
    %load/vec4 v0x55822373e210_0;
    %parti/s 8, 8, 5;
    %load/vec4 v0x55822373e070_0;
    %pad/u 10;
    %ix/vec4 3;
    %ix/load 4, 8, 0; part off
    %ix/load 5, 0, 0; Constant delay
    %assign/vec4/a/d v0x55822373e520, 4, 5;
T_1.4 ;
    %load/vec4 v0x55822373e3c0_0;
    %parti/s 1, 2, 3;
    %flag_set/vec4 8;
    %jmp/0xz  T_1.6, 8;
    %load/vec4 v0x55822373e210_0;
    %parti/s 8, 16, 6;
    %load/vec4 v0x55822373e070_0;
    %pad/u 10;
    %ix/vec4 3;
    %ix/load 4, 16, 0; part off
    %ix/load 5, 0, 0; Constant delay
    %assign/vec4/a/d v0x55822373e520, 4, 5;
T_1.6 ;
    %load/vec4 v0x55822373e3c0_0;
    %parti/s 1, 3, 3;
    %flag_set/vec4 8;
    %jmp/0xz  T_1.8, 8;
    %load/vec4 v0x55822373e210_0;
    %parti/s 8, 24, 6;
    %load/vec4 v0x55822373e070_0;
    %pad/u 10;
    %ix/vec4 3;
    %ix/load 4, 24, 0; part off
    %ix/load 5, 0, 0; Constant delay
    %assign/vec4/a/d v0x55822373e520, 4, 5;
T_1.8 ;
    %pushi/vec4 0, 0, 1;
    %assign/vec4 v0x55822373e6d0_0, 0;
T_1.0 ;
    %jmp T_1;
    .thread T_1;
    .scope S_0x55822373ddc0;
T_2 ;
    %wait E_0x55822373a8a0;
    %load/vec4 v0x55822373e5e0_0;
    %load/vec4 v0x55822373e7c0_0;
    %pushi/vec4 0, 0, 1;
    %cmp/e;
    %flag_get/vec4 4;
    %and;
    %flag_set/vec4 8;
    %jmp/0xz  T_2.0, 8;
    %pushi/vec4 1, 0, 1;
    %assign/vec4 v0x55822373e6d0_0, 0;
    %load/vec4 v0x55822373e070_0;
    %pad/u 10;
    %ix/vec4 4;
    %load/vec4a v0x55822373e520, 4;
    %assign/vec4 v0x55822373e2b0_0, 0;
T_2.0 ;
    %jmp T_2;
    .thread T_2;
    .scope S_0x5582237372c0;
T_3 ;
    %wait E_0x558223732520;
    %load/vec4 v0x558223737b70_0;
    %nor/r;
    %flag_set/vec4 8;
    %jmp/0xz  T_3.0, 8;
    %pushi/vec4 0, 0, 32;
    %assign/vec4 v0x5582237376b0_0, 0;
    %jmp T_3.1;
T_3.0 ;
    %load/vec4 v0x558223737ad0_0;
    %load/vec4 v0x558223737800_0;
    %or;
    %flag_set/vec4 8;
    %jmp/0xz  T_3.2, 8;
    %load/vec4 v0x558223737990_0;
    %assign/vec4 v0x5582237376b0_0, 0;
    %jmp T_3.3;
T_3.2 ;
    %load/vec4 v0x5582237376b0_0;
    %addi 4, 0, 32;
    %assign/vec4 v0x5582237376b0_0, 0;
T_3.3 ;
T_3.1 ;
    %jmp T_3;
    .thread T_3;
    .scope S_0x558223736f80;
T_4 ;
    %wait E_0x558223735db0;
    %load/vec4 v0x5582237381c0_0;
    %store/vec4 v0x558223738080_0, 0, 32;
    %jmp T_4;
    .thread T_4, $push;
    .scope S_0x55822372e1e0;
T_5 ;
    %wait E_0x558223635f10;
    %pushi/vec4 0, 0, 1;
    %store/vec4 v0x55822372ea50_0, 0, 1;
    %pushi/vec4 0, 0, 1;
    %store/vec4 v0x55822372e610_0, 0, 1;
    %pushi/vec4 0, 0, 1;
    %store/vec4 v0x55822372eb20_0, 0, 1;
    %pushi/vec4 0, 0, 1;
    %store/vec4 v0x55822372e840_0, 0, 1;
    %pushi/vec4 0, 0, 1;
    %store/vec4 v0x55822372e570_0, 0, 1;
    %pushi/vec4 0, 0, 1;
    %store/vec4 v0x55822372e4b0_0, 0, 1;
    %pushi/vec4 0, 0, 1;
    %store/vec4 v0x55822372e6b0_0, 0, 1;
    %pushi/vec4 0, 0, 1;
    %store/vec4 v0x55822372e750_0, 0, 1;
    %pushi/vec4 0, 0, 1;
    %store/vec4 v0x55822372e8e0_0, 0, 1;
    %load/vec4 v0x55822372e9b0_0;
    %dup/vec4;
    %pushi/vec4 51, 0, 7;
    %cmp/u;
    %jmp/1 T_5.0, 6;
    %dup/vec4;
    %pushi/vec4 19, 0, 7;
    %cmp/u;
    %jmp/1 T_5.1, 6;
    %dup/vec4;
    %pushi/vec4 35, 0, 7;
    %cmp/u;
    %jmp/1 T_5.2, 6;
    %dup/vec4;
    %pushi/vec4 3, 0, 7;
    %cmp/u;
    %jmp/1 T_5.3, 6;
    %dup/vec4;
    %pushi/vec4 99, 0, 7;
    %cmp/u;
    %jmp/1 T_5.4, 6;
    %dup/vec4;
    %pushi/vec4 23, 0, 7;
    %cmp/u;
    %jmp/1 T_5.5, 6;
    %dup/vec4;
    %pushi/vec4 111, 0, 7;
    %cmp/u;
    %jmp/1 T_5.6, 6;
    %dup/vec4;
    %pushi/vec4 103, 0, 7;
    %cmp/u;
    %jmp/1 T_5.7, 6;
    %dup/vec4;
    %pushi/vec4 55, 0, 7;
    %cmp/u;
    %jmp/1 T_5.8, 6;
    %pushi/vec4 0, 0, 1;
    %store/vec4 v0x55822372ea50_0, 0, 1;
    %pushi/vec4 0, 0, 1;
    %store/vec4 v0x55822372e610_0, 0, 1;
    %pushi/vec4 0, 0, 1;
    %store/vec4 v0x55822372eb20_0, 0, 1;
    %pushi/vec4 0, 0, 1;
    %store/vec4 v0x55822372e840_0, 0, 1;
    %pushi/vec4 0, 0, 1;
    %store/vec4 v0x55822372e570_0, 0, 1;
    %pushi/vec4 0, 0, 1;
    %store/vec4 v0x55822372e4b0_0, 0, 1;
    %pushi/vec4 0, 0, 1;
    %store/vec4 v0x55822372e6b0_0, 0, 1;
    %pushi/vec4 0, 0, 1;
    %store/vec4 v0x55822372e750_0, 0, 1;
    %pushi/vec4 0, 0, 1;
    %store/vec4 v0x55822372e8e0_0, 0, 1;
    %jmp T_5.10;
T_5.0 ;
    %pushi/vec4 1, 0, 1;
    %store/vec4 v0x55822372ea50_0, 0, 1;
    %jmp T_5.10;
T_5.1 ;
    %pushi/vec4 1, 0, 1;
    %store/vec4 v0x55822372e610_0, 0, 1;
    %jmp T_5.10;
T_5.2 ;
    %pushi/vec4 1, 0, 1;
    %store/vec4 v0x55822372eb20_0, 0, 1;
    %jmp T_5.10;
T_5.3 ;
    %pushi/vec4 1, 0, 1;
    %store/vec4 v0x55822372e840_0, 0, 1;
    %jmp T_5.10;
T_5.4 ;
    %pushi/vec4 1, 0, 1;
    %store/vec4 v0x55822372e570_0, 0, 1;
    %jmp T_5.10;
T_5.5 ;
    %pushi/vec4 1, 0, 1;
    %store/vec4 v0x55822372e4b0_0, 0, 1;
    %jmp T_5.10;
T_5.6 ;
    %pushi/vec4 1, 0, 1;
    %store/vec4 v0x55822372e6b0_0, 0, 1;
    %jmp T_5.10;
T_5.7 ;
    %pushi/vec4 1, 0, 1;
    %store/vec4 v0x55822372e750_0, 0, 1;
    %jmp T_5.10;
T_5.8 ;
    %pushi/vec4 1, 0, 1;
    %store/vec4 v0x55822372e8e0_0, 0, 1;
    %jmp T_5.10;
T_5.10 ;
    %pop/vec4 1;
    %jmp T_5;
    .thread T_5, $push;
    .scope S_0x55822372c990;
T_6 ;
    %wait E_0x55822369dc80;
    %load/vec4 v0x55822372dce0_0;
    %load/vec4 v0x55822372d460_0;
    %or;
    %load/vec4 v0x55822372d780_0;
    %or;
    %load/vec4 v0x55822372d600_0;
    %or;
    %store/vec4 v0x55822372dda0_0, 0, 1;
    %load/vec4 v0x55822372d200_0;
    %load/vec4 v0x55822372d600_0;
    %or;
    %load/vec4 v0x55822372d0f0_0;
    %or;
    %store/vec4 v0x55822372db60_0, 0, 1;
    %load/vec4 v0x55822372d460_0;
    %load/vec4 v0x55822372d780_0;
    %or;
    %load/vec4 v0x55822372de60_0;
    %or;
    %load/vec4 v0x55822372d200_0;
    %or;
    %load/vec4 v0x55822372d600_0;
    %or;
    %load/vec4 v0x55822372d6c0_0;
    %or;
    %load/vec4 v0x55822372d840_0;
    %or;
    %load/vec4 v0x55822372d0f0_0;
    %or;
    %store/vec4 v0x55822372dc20_0, 0, 1;
    %load/vec4 v0x55822372d780_0;
    %store/vec4 v0x55822372ced0_0, 0, 1;
    %load/vec4 v0x55822372de60_0;
    %store/vec4 v0x55822372cf70_0, 0, 1;
    %load/vec4 v0x55822372d780_0;
    %pad/u 2;
    %store/vec4 v0x55822372d9c0_0, 0, 2;
    %load/vec4 v0x55822372d200_0;
    %store/vec4 v0x55822372ce10_0, 0, 1;
    %load/vec4 v0x55822372d600_0;
    %load/vec4 v0x55822372d6c0_0;
    %or;
    %store/vec4 v0x55822372daa0_0, 0, 1;
    %load/vec4 v0x55822372de60_0;
    %store/vec4 v0x55822372d900_0, 0, 1;
    %load/vec4 v0x55822372dce0_0;
    %flag_set/vec4 8;
    %jmp/0xz  T_6.0, 8;
    %pushi/vec4 0, 0, 2;
    %store/vec4 v0x55822372d9c0_0, 0, 2;
    %load/vec4 v0x55822372d2c0_0;
    %pushi/vec4 0, 0, 3;
    %cmp/e;
    %flag_get/vec4 4;
    %load/vec4 v0x55822372d3a0_0;
    %pad/u 32;
    %pushi/vec4 0, 0, 32;
    %cmp/e;
    %flag_get/vec4 4;
    %and;
    %flag_set/vec4 8;
    %jmp/0xz  T_6.2, 8;
    %pushi/vec4 0, 0, 4;
    %store/vec4 v0x55822372d010_0, 0, 4;
    %jmp T_6.3;
T_6.2 ;
    %load/vec4 v0x55822372d2c0_0;
    %pushi/vec4 0, 0, 3;
    %cmp/e;
    %flag_get/vec4 4;
    %load/vec4 v0x55822372d3a0_0;
    %pad/u 32;
    %pushi/vec4 1, 0, 32;
    %cmp/e;
    %flag_get/vec4 4;
    %and;
    %flag_set/vec4 8;
    %jmp/0xz  T_6.4, 8;
    %pushi/vec4 1, 0, 4;
    %store/vec4 v0x55822372d010_0, 0, 4;
    %jmp T_6.5;
T_6.4 ;
    %load/vec4 v0x55822372d2c0_0;
    %pushi/vec4 1, 0, 3;
    %cmp/e;
    %flag_get/vec4 4;
    %load/vec4 v0x55822372d3a0_0;
    %pad/u 32;
    %pushi/vec4 0, 0, 32;
    %cmp/e;
    %flag_get/vec4 4;
    %and;
    %flag_set/vec4 8;
    %jmp/0xz  T_6.6, 8;
    %pushi/vec4 2, 0, 4;
    %store/vec4 v0x55822372d010_0, 0, 4;
    %jmp T_6.7;
T_6.6 ;
    %load/vec4 v0x55822372d2c0_0;
    %pushi/vec4 2, 0, 3;
    %cmp/e;
    %flag_get/vec4 4;
    %load/vec4 v0x55822372d3a0_0;
    %pad/u 32;
    %pushi/vec4 0, 0, 32;
    %cmp/e;
    %flag_get/vec4 4;
    %and;
    %flag_set/vec4 8;
    %jmp/0xz  T_6.8, 8;
    %pushi/vec4 3, 0, 4;
    %store/vec4 v0x55822372d010_0, 0, 4;
    %jmp T_6.9;
T_6.8 ;
    %load/vec4 v0x55822372d2c0_0;
    %pushi/vec4 3, 0, 3;
    %cmp/e;
    %flag_get/vec4 4;
    %load/vec4 v0x55822372d3a0_0;
    %pad/u 32;
    %pushi/vec4 0, 0, 32;
    %cmp/e;
    %flag_get/vec4 4;
    %and;
    %flag_set/vec4 8;
    %jmp/0xz  T_6.10, 8;
    %pushi/vec4 4, 0, 4;
    %store/vec4 v0x55822372d010_0, 0, 4;
    %jmp T_6.11;
T_6.10 ;
    %load/vec4 v0x55822372d2c0_0;
    %pushi/vec4 4, 0, 3;
    %cmp/e;
    %flag_get/vec4 4;
    %load/vec4 v0x55822372d3a0_0;
    %pad/u 32;
    %pushi/vec4 0, 0, 32;
    %cmp/e;
    %flag_get/vec4 4;
    %and;
    %flag_set/vec4 8;
    %jmp/0xz  T_6.12, 8;
    %pushi/vec4 5, 0, 4;
    %store/vec4 v0x55822372d010_0, 0, 4;
    %jmp T_6.13;
T_6.12 ;
    %load/vec4 v0x55822372d2c0_0;
    %pushi/vec4 5, 0, 3;
    %cmp/e;
    %flag_get/vec4 4;
    %load/vec4 v0x55822372d3a0_0;
    %pad/u 32;
    %pushi/vec4 0, 0, 32;
    %cmp/e;
    %flag_get/vec4 4;
    %and;
    %flag_set/vec4 8;
    %jmp/0xz  T_6.14, 8;
    %pushi/vec4 6, 0, 4;
    %store/vec4 v0x55822372d010_0, 0, 4;
    %jmp T_6.15;
T_6.14 ;
    %load/vec4 v0x55822372d2c0_0;
    %pushi/vec4 5, 0, 3;
    %cmp/e;
    %flag_get/vec4 4;
    %load/vec4 v0x55822372d3a0_0;
    %pad/u 32;
    %pushi/vec4 1, 0, 32;
    %cmp/e;
    %flag_get/vec4 4;
    %and;
    %flag_set/vec4 8;
    %jmp/0xz  T_6.16, 8;
    %pushi/vec4 7, 0, 4;
    %store/vec4 v0x55822372d010_0, 0, 4;
    %jmp T_6.17;
T_6.16 ;
    %load/vec4 v0x55822372d2c0_0;
    %pushi/vec4 6, 0, 3;
    %cmp/e;
    %flag_get/vec4 4;
    %load/vec4 v0x55822372d3a0_0;
    %pad/u 32;
    %pushi/vec4 0, 0, 32;
    %cmp/e;
    %flag_get/vec4 4;
    %and;
    %flag_set/vec4 8;
    %jmp/0xz  T_6.18, 8;
    %pushi/vec4 8, 0, 4;
    %store/vec4 v0x55822372d010_0, 0, 4;
    %jmp T_6.19;
T_6.18 ;
    %load/vec4 v0x55822372d2c0_0;
    %pushi/vec4 7, 0, 3;
    %cmp/e;
    %flag_get/vec4 4;
    %load/vec4 v0x55822372d3a0_0;
    %pad/u 32;
    %pushi/vec4 0, 0, 32;
    %cmp/e;
    %flag_get/vec4 4;
    %and;
    %flag_set/vec4 8;
    %jmp/0xz  T_6.20, 8;
    %pushi/vec4 9, 0, 4;
    %store/vec4 v0x55822372d010_0, 0, 4;
T_6.20 ;
T_6.19 ;
T_6.17 ;
T_6.15 ;
T_6.13 ;
T_6.11 ;
T_6.9 ;
T_6.7 ;
T_6.5 ;
T_6.3 ;
    %jmp T_6.1;
T_6.0 ;
    %load/vec4 v0x55822372d460_0;
    %flag_set/vec4 8;
    %jmp/0xz  T_6.22, 8;
    %pushi/vec4 0, 0, 3;
    %store/vec4 v0x55822372d520_0, 0, 3;
    %pushi/vec4 0, 0, 2;
    %store/vec4 v0x55822372d9c0_0, 0, 2;
    %load/vec4 v0x55822372d2c0_0;
    %pushi/vec4 0, 0, 3;
    %cmp/e;
    %flag_get/vec4 4;
    %load/vec4 v0x55822372d3a0_0;
    %pad/u 32;
    %pushi/vec4 0, 0, 32;
    %cmp/e;
    %flag_get/vec4 4;
    %and;
    %flag_set/vec4 8;
    %jmp/0xz  T_6.24, 8;
    %pushi/vec4 0, 0, 4;
    %store/vec4 v0x55822372d010_0, 0, 4;
    %jmp T_6.25;
T_6.24 ;
    %load/vec4 v0x55822372d2c0_0;
    %pushi/vec4 1, 0, 3;
    %cmp/e;
    %flag_get/vec4 4;
    %load/vec4 v0x55822372d3a0_0;
    %pad/u 32;
    %pushi/vec4 0, 0, 32;
    %cmp/e;
    %flag_get/vec4 4;
    %and;
    %flag_set/vec4 8;
    %jmp/0xz  T_6.26, 8;
    %pushi/vec4 2, 0, 4;
    %store/vec4 v0x55822372d010_0, 0, 4;
    %jmp T_6.27;
T_6.26 ;
    %load/vec4 v0x55822372d2c0_0;
    %pushi/vec4 2, 0, 3;
    %cmp/e;
    %flag_get/vec4 4;
    %load/vec4 v0x55822372d3a0_0;
    %pad/u 32;
    %pushi/vec4 0, 0, 32;
    %cmp/e;
    %flag_get/vec4 4;
    %and;
    %flag_set/vec4 8;
    %jmp/0xz  T_6.28, 8;
    %pushi/vec4 3, 0, 4;
    %store/vec4 v0x55822372d010_0, 0, 4;
    %jmp T_6.29;
T_6.28 ;
    %load/vec4 v0x55822372d2c0_0;
    %pushi/vec4 3, 0, 3;
    %cmp/e;
    %flag_get/vec4 4;
    %load/vec4 v0x55822372d3a0_0;
    %pad/u 32;
    %pushi/vec4 0, 0, 32;
    %cmp/e;
    %flag_get/vec4 4;
    %and;
    %flag_set/vec4 8;
    %jmp/0xz  T_6.30, 8;
    %pushi/vec4 4, 0, 4;
    %store/vec4 v0x55822372d010_0, 0, 4;
    %jmp T_6.31;
T_6.30 ;
    %load/vec4 v0x55822372d2c0_0;
    %pushi/vec4 4, 0, 3;
    %cmp/e;
    %flag_get/vec4 4;
    %load/vec4 v0x55822372d3a0_0;
    %pad/u 32;
    %pushi/vec4 0, 0, 32;
    %cmp/e;
    %flag_get/vec4 4;
    %and;
    %flag_set/vec4 8;
    %jmp/0xz  T_6.32, 8;
    %pushi/vec4 5, 0, 4;
    %store/vec4 v0x55822372d010_0, 0, 4;
    %jmp T_6.33;
T_6.32 ;
    %load/vec4 v0x55822372d2c0_0;
    %pushi/vec4 5, 0, 3;
    %cmp/e;
    %flag_get/vec4 4;
    %load/vec4 v0x55822372d3a0_0;
    %pad/u 32;
    %pushi/vec4 0, 0, 32;
    %cmp/e;
    %flag_get/vec4 4;
    %and;
    %flag_set/vec4 8;
    %jmp/0xz  T_6.34, 8;
    %pushi/vec4 6, 0, 4;
    %store/vec4 v0x55822372d010_0, 0, 4;
    %jmp T_6.35;
T_6.34 ;
    %load/vec4 v0x55822372d2c0_0;
    %pushi/vec4 5, 0, 3;
    %cmp/e;
    %flag_get/vec4 4;
    %load/vec4 v0x55822372d3a0_0;
    %pad/u 32;
    %pushi/vec4 1, 0, 32;
    %cmp/e;
    %flag_get/vec4 4;
    %and;
    %flag_set/vec4 8;
    %jmp/0xz  T_6.36, 8;
    %pushi/vec4 7, 0, 4;
    %store/vec4 v0x55822372d010_0, 0, 4;
    %jmp T_6.37;
T_6.36 ;
    %load/vec4 v0x55822372d2c0_0;
    %pushi/vec4 6, 0, 3;
    %cmp/e;
    %flag_get/vec4 4;
    %load/vec4 v0x55822372d3a0_0;
    %pad/u 32;
    %pushi/vec4 0, 0, 32;
    %cmp/e;
    %flag_get/vec4 4;
    %and;
    %flag_set/vec4 8;
    %jmp/0xz  T_6.38, 8;
    %pushi/vec4 8, 0, 4;
    %store/vec4 v0x55822372d010_0, 0, 4;
    %jmp T_6.39;
T_6.38 ;
    %load/vec4 v0x55822372d2c0_0;
    %pushi/vec4 7, 0, 3;
    %cmp/e;
    %flag_get/vec4 4;
    %load/vec4 v0x55822372d3a0_0;
    %pad/u 32;
    %pushi/vec4 0, 0, 32;
    %cmp/e;
    %flag_get/vec4 4;
    %and;
    %flag_set/vec4 8;
    %jmp/0xz  T_6.40, 8;
    %pushi/vec4 9, 0, 4;
    %store/vec4 v0x55822372d010_0, 0, 4;
T_6.40 ;
T_6.39 ;
T_6.37 ;
T_6.35 ;
T_6.33 ;
T_6.31 ;
T_6.29 ;
T_6.27 ;
T_6.25 ;
    %jmp T_6.23;
T_6.22 ;
    %load/vec4 v0x55822372de60_0;
    %flag_set/vec4 8;
    %jmp/0xz  T_6.42, 8;
    %pushi/vec4 1, 0, 3;
    %store/vec4 v0x55822372d520_0, 0, 3;
    %pushi/vec4 0, 0, 2;
    %store/vec4 v0x55822372d9c0_0, 0, 2;
    %load/vec4 v0x55822372d2c0_0;
    %cmpi/e 0, 0, 3;
    %jmp/0xz  T_6.44, 4;
    %pushi/vec4 0, 0, 4;
    %store/vec4 v0x55822372d010_0, 0, 4;
    %jmp T_6.45;
T_6.44 ;
    %load/vec4 v0x55822372d2c0_0;
    %cmpi/e 1, 0, 3;
    %jmp/0xz  T_6.46, 4;
    %pushi/vec4 0, 0, 4;
    %store/vec4 v0x55822372d010_0, 0, 4;
    %jmp T_6.47;
T_6.46 ;
    %load/vec4 v0x55822372d2c0_0;
    %cmpi/e 2, 0, 3;
    %jmp/0xz  T_6.48, 4;
    %pushi/vec4 0, 0, 4;
    %store/vec4 v0x55822372d010_0, 0, 4;
T_6.48 ;
T_6.47 ;
T_6.45 ;
    %jmp T_6.43;
T_6.42 ;
    %load/vec4 v0x55822372d780_0;
    %flag_set/vec4 8;
    %jmp/0xz  T_6.50, 8;
    %pushi/vec4 0, 0, 3;
    %store/vec4 v0x55822372d520_0, 0, 3;
    %pushi/vec4 1, 0, 2;
    %store/vec4 v0x55822372d9c0_0, 0, 2;
    %load/vec4 v0x55822372d2c0_0;
    %cmpi/e 0, 0, 3;
    %jmp/0xz  T_6.52, 4;
    %pushi/vec4 0, 0, 4;
    %store/vec4 v0x55822372d010_0, 0, 4;
    %jmp T_6.53;
T_6.52 ;
    %load/vec4 v0x55822372d2c0_0;
    %cmpi/e 1, 0, 3;
    %jmp/0xz  T_6.54, 4;
    %pushi/vec4 0, 0, 4;
    %store/vec4 v0x55822372d010_0, 0, 4;
    %jmp T_6.55;
T_6.54 ;
    %load/vec4 v0x55822372d2c0_0;
    %cmpi/e 2, 0, 3;
    %jmp/0xz  T_6.56, 4;
    %pushi/vec4 0, 0, 4;
    %store/vec4 v0x55822372d010_0, 0, 4;
    %jmp T_6.57;
T_6.56 ;
    %load/vec4 v0x55822372d2c0_0;
    %cmpi/e 4, 0, 3;
    %jmp/0xz  T_6.58, 4;
    %pushi/vec4 0, 0, 4;
    %store/vec4 v0x55822372d010_0, 0, 4;
    %jmp T_6.59;
T_6.58 ;
    %load/vec4 v0x55822372d2c0_0;
    %cmpi/e 5, 0, 3;
    %jmp/0xz  T_6.60, 4;
    %pushi/vec4 0, 0, 4;
    %store/vec4 v0x55822372d010_0, 0, 4;
    %jmp T_6.61;
T_6.60 ;
    %load/vec4 v0x55822372d2c0_0;
    %cmpi/e 6, 0, 3;
    %jmp/0xz  T_6.62, 4;
    %pushi/vec4 0, 0, 4;
    %store/vec4 v0x55822372d010_0, 0, 4;
T_6.62 ;
T_6.61 ;
T_6.59 ;
T_6.57 ;
T_6.55 ;
T_6.53 ;
    %jmp T_6.51;
T_6.50 ;
    %load/vec4 v0x55822372d200_0;
    %flag_set/vec4 8;
    %jmp/0xz  T_6.64, 8;
    %pushi/vec4 0, 0, 4;
    %store/vec4 v0x55822372d010_0, 0, 4;
    %pushi/vec4 0, 0, 2;
    %store/vec4 v0x55822372d9c0_0, 0, 2;
    %pushi/vec4 2, 0, 3;
    %store/vec4 v0x55822372d520_0, 0, 3;
    %jmp T_6.65;
T_6.64 ;
    %load/vec4 v0x55822372d600_0;
    %flag_set/vec4 8;
    %jmp/0xz  T_6.66, 8;
    %pushi/vec4 0, 0, 4;
    %store/vec4 v0x55822372d010_0, 0, 4;
    %pushi/vec4 2, 0, 2;
    %store/vec4 v0x55822372d9c0_0, 0, 2;
    %pushi/vec4 3, 0, 3;
    %store/vec4 v0x55822372d520_0, 0, 3;
T_6.66 ;
T_6.65 ;
T_6.51 ;
T_6.43 ;
T_6.23 ;
T_6.1 ;
    %load/vec4 v0x55822372d6c0_0;
    %flag_set/vec4 8;
    %jmp/0xz  T_6.68, 8;
    %pushi/vec4 0, 0, 2;
    %store/vec4 v0x55822372d9c0_0, 0, 2;
    %pushi/vec4 0, 0, 4;
    %store/vec4 v0x55822372d010_0, 0, 4;
    %pushi/vec4 0, 0, 3;
    %store/vec4 v0x55822372d520_0, 0, 3;
    %jmp T_6.69;
T_6.68 ;
    %load/vec4 v0x55822372d840_0;
    %flag_set/vec4 8;
    %jmp/0xz  T_6.70, 8;
    %pushi/vec4 0, 0, 2;
    %store/vec4 v0x55822372d9c0_0, 0, 2;
    %pushi/vec4 4, 0, 3;
    %store/vec4 v0x55822372d520_0, 0, 3;
    %pushi/vec4 15, 0, 4;
    %store/vec4 v0x55822372d010_0, 0, 4;
    %jmp T_6.71;
T_6.70 ;
    %load/vec4 v0x55822372d0f0_0;
    %flag_set/vec4 8;
    %jmp/0xz  T_6.72, 8;
    %pushi/vec4 0, 0, 2;
    %store/vec4 v0x55822372d9c0_0, 0, 2;
    %pushi/vec4 0, 0, 4;
    %store/vec4 v0x55822372d010_0, 0, 4;
    %pushi/vec4 4, 0, 3;
    %store/vec4 v0x55822372d520_0, 0, 3;
T_6.72 ;
T_6.71 ;
T_6.69 ;
    %jmp T_6;
    .thread T_6, $push;
    .scope S_0x55822372ff60;
T_7 ;
    %wait E_0x55822371bd40;
    %load/vec4 v0x558223730300_0;
    %parti/s 1, 31, 6;
    %replicate 20;
    %load/vec4 v0x558223730300_0;
    %parti/s 12, 20, 6;
    %concat/vec4; draw_concat_vec4
    %store/vec4 v0x558223730200_0, 0, 32;
    %load/vec4 v0x558223730300_0;
    %parti/s 1, 31, 6;
    %replicate 20;
    %load/vec4 v0x558223730300_0;
    %parti/s 7, 25, 6;
    %concat/vec4; draw_concat_vec4
    %load/vec4 v0x558223730300_0;
    %parti/s 5, 7, 4;
    %concat/vec4; draw_concat_vec4
    %store/vec4 v0x5582237303e0_0, 0, 32;
    %load/vec4 v0x558223730300_0;
    %parti/s 1, 31, 6;
    %replicate 19;
    %load/vec4 v0x558223730300_0;
    %parti/s 1, 31, 6;
    %concat/vec4; draw_concat_vec4
    %load/vec4 v0x558223730300_0;
    %parti/s 1, 7, 4;
    %concat/vec4; draw_concat_vec4
    %load/vec4 v0x558223730300_0;
    %parti/s 6, 25, 6;
    %concat/vec4; draw_concat_vec4
    %load/vec4 v0x558223730300_0;
    %parti/s 4, 8, 5;
    %concat/vec4; draw_concat_vec4
    %concati/vec4 0, 0, 1;
    %store/vec4 v0x5582237304d0_0, 0, 32;
    %load/vec4 v0x558223730300_0;
    %parti/s 1, 31, 6;
    %replicate 11;
    %load/vec4 v0x558223730300_0;
    %parti/s 1, 31, 6;
    %concat/vec4; draw_concat_vec4
    %load/vec4 v0x558223730300_0;
    %parti/s 8, 12, 5;
    %concat/vec4; draw_concat_vec4
    %load/vec4 v0x558223730300_0;
    %parti/s 1, 20, 6;
    %concat/vec4; draw_concat_vec4
    %load/vec4 v0x558223730300_0;
    %parti/s 10, 21, 6;
    %concat/vec4; draw_concat_vec4
    %concati/vec4 0, 0, 1;
    %store/vec4 v0x5582237306e0_0, 0, 32;
    %load/vec4 v0x558223730300_0;
    %parti/s 20, 12, 5;
    %concati/vec4 0, 0, 12;
    %store/vec4 v0x5582237305b0_0, 0, 32;
    %jmp T_7;
    .thread T_7, $push;
    .scope S_0x558223730880;
T_8 ;
    %wait E_0x55822371bbb0;
    %load/vec4 v0x558223731380_0;
    %dup/vec4;
    %pushi/vec4 0, 0, 3;
    %cmp/u;
    %jmp/1 T_8.0, 6;
    %dup/vec4;
    %pushi/vec4 1, 0, 3;
    %cmp/u;
    %jmp/1 T_8.1, 6;
    %dup/vec4;
    %pushi/vec4 2, 0, 3;
    %cmp/u;
    %jmp/1 T_8.2, 6;
    %dup/vec4;
    %pushi/vec4 3, 0, 3;
    %cmp/u;
    %jmp/1 T_8.3, 6;
    %dup/vec4;
    %pushi/vec4 4, 0, 3;
    %cmp/u;
    %jmp/1 T_8.4, 6;
    %dup/vec4;
    %pushi/vec4 5, 0, 3;
    %cmp/u;
    %jmp/1 T_8.5, 6;
    %dup/vec4;
    %pushi/vec4 6, 0, 3;
    %cmp/u;
    %jmp/1 T_8.6, 6;
    %dup/vec4;
    %pushi/vec4 7, 0, 3;
    %cmp/u;
    %jmp/1 T_8.7, 6;
    %jmp T_8.8;
T_8.0 ;
    %load/vec4 v0x558223730bd0_0;
    %store/vec4 v0x5582237312a0_0, 0, 32;
    %jmp T_8.8;
T_8.1 ;
    %load/vec4 v0x558223730cb0_0;
    %store/vec4 v0x5582237312a0_0, 0, 32;
    %jmp T_8.8;
T_8.2 ;
    %load/vec4 v0x558223730d80_0;
    %store/vec4 v0x5582237312a0_0, 0, 32;
    %jmp T_8.8;
T_8.3 ;
    %load/vec4 v0x558223730e80_0;
    %store/vec4 v0x5582237312a0_0, 0, 32;
    %jmp T_8.8;
T_8.4 ;
    %load/vec4 v0x558223730f50_0;
    %store/vec4 v0x5582237312a0_0, 0, 32;
    %jmp T_8.8;
T_8.5 ;
    %load/vec4 v0x558223731040_0;
    %store/vec4 v0x5582237312a0_0, 0, 32;
    %jmp T_8.8;
T_8.6 ;
    %load/vec4 v0x5582237310e0_0;
    %store/vec4 v0x5582237312a0_0, 0, 32;
    %jmp T_8.8;
T_8.7 ;
    %load/vec4 v0x5582237311c0_0;
    %store/vec4 v0x5582237312a0_0, 0, 32;
    %jmp T_8.8;
T_8.8 ;
    %pop/vec4 1;
    %jmp T_8;
    .thread T_8, $push;
    .scope S_0x558223732210;
T_9 ;
    %wait E_0x558223732520;
    %load/vec4 v0x558223734170_0;
    %nor/r;
    %flag_set/vec4 8;
    %jmp/0xz  T_9.0, 8;
    %pushi/vec4 0, 0, 32;
    %store/vec4 v0x558223733b10_0, 0, 32;
T_9.2 ;
    %load/vec4 v0x558223733b10_0;
    %cmpi/s 32, 0, 32;
    %jmp/0xz T_9.3, 5;
    %pushi/vec4 0, 0, 32;
    %load/vec4 v0x558223733b10_0;
    %subi 1, 0, 32;
    %ix/vec4/s 3;
    %ix/load 4, 0, 0; Constant delay
    %assign/vec4/a/d v0x558223733ef0, 0, 4;
    ; show_stmt_assign_vector: Get l-value for compressed += operand
    %load/vec4 v0x558223733b10_0;
    %pushi/vec4 1, 0, 32;
    %add;
    %store/vec4 v0x558223733b10_0, 0, 32;
    %jmp T_9.2;
T_9.3 ;
    %jmp T_9.1;
T_9.0 ;
    %load/vec4 v0x558223733a70_0;
    %flag_set/vec4 8;
    %jmp/0xz  T_9.4, 8;
    %load/vec4 v0x558223733990_0;
    %load/vec4 v0x558223733e10_0;
    %pad/u 7;
    %subi 1, 0, 7;
    %ix/vec4 3;
    %ix/load 4, 0, 0; Constant delay
    %assign/vec4/a/d v0x558223733ef0, 0, 4;
T_9.4 ;
T_9.1 ;
    %jmp T_9;
    .thread T_9;
    .scope S_0x5582236826b0;
T_10 ;
    %wait E_0x55822369d900;
    %load/vec4 v0x5582236ebc90_0;
    %pad/u 32;
    %cmpi/e 1, 0, 32;
    %jmp/0xz  T_10.0, 4;
    %load/vec4 v0x5582236ec420_0;
    %dup/vec4;
    %pushi/vec4 0, 0, 3;
    %cmp/u;
    %jmp/1 T_10.2, 6;
    %dup/vec4;
    %pushi/vec4 1, 0, 3;
    %cmp/u;
    %jmp/1 T_10.3, 6;
    %dup/vec4;
    %pushi/vec4 4, 0, 3;
    %cmp/u;
    %jmp/1 T_10.4, 6;
    %dup/vec4;
    %pushi/vec4 5, 0, 3;
    %cmp/u;
    %jmp/1 T_10.5, 6;
    %dup/vec4;
    %pushi/vec4 6, 0, 3;
    %cmp/u;
    %jmp/1 T_10.6, 6;
    %dup/vec4;
    %pushi/vec4 7, 0, 3;
    %cmp/u;
    %jmp/1 T_10.7, 6;
    %jmp T_10.8;
T_10.2 ;
    %load/vec4 v0x55822371a020_0;
    %load/vec4 v0x5582236ed310_0;
    %cmp/e;
    %flag_mov 8, 4;
    %jmp/0 T_10.9, 8;
    %pushi/vec4 1, 0, 2;
    %jmp/1 T_10.10, 8;
T_10.9 ; End of true expr.
    %pushi/vec4 0, 0, 2;
    %jmp/0 T_10.10, 8;
 ; End of false expr.
    %blend;
T_10.10;
    %pad/s 1;
    %store/vec4 v0x5582236ed410_0, 0, 1;
    %jmp T_10.8;
T_10.3 ;
    %load/vec4 v0x55822371a020_0;
    %load/vec4 v0x5582236ed310_0;
    %cmp/ne;
    %flag_mov 8, 4;
    %jmp/0 T_10.11, 8;
    %pushi/vec4 1, 0, 2;
    %jmp/1 T_10.12, 8;
T_10.11 ; End of true expr.
    %pushi/vec4 0, 0, 2;
    %jmp/0 T_10.12, 8;
 ; End of false expr.
    %blend;
T_10.12;
    %pad/s 1;
    %store/vec4 v0x5582236ed410_0, 0, 1;
    %jmp T_10.8;
T_10.4 ;
    %load/vec4 v0x55822371a020_0;
    %load/vec4 v0x5582236ed310_0;
    %cmp/s;
    %flag_mov 8, 5;
    %jmp/0 T_10.13, 8;
    %pushi/vec4 1, 0, 2;
    %jmp/1 T_10.14, 8;
T_10.13 ; End of true expr.
    %pushi/vec4 0, 0, 2;
    %jmp/0 T_10.14, 8;
 ; End of false expr.
    %blend;
T_10.14;
    %pad/s 1;
    %store/vec4 v0x5582236ed410_0, 0, 1;
    %jmp T_10.8;
T_10.5 ;
    %load/vec4 v0x5582236ed310_0;
    %load/vec4 v0x55822371a020_0;
    %cmp/s;
    %flag_or 5, 4;
    %flag_mov 8, 5;
    %jmp/0 T_10.15, 8;
    %pushi/vec4 1, 0, 2;
    %jmp/1 T_10.16, 8;
T_10.15 ; End of true expr.
    %pushi/vec4 0, 0, 2;
    %jmp/0 T_10.16, 8;
 ; End of false expr.
    %blend;
T_10.16;
    %pad/s 1;
    %store/vec4 v0x5582236ed410_0, 0, 1;
    %jmp T_10.8;
T_10.6 ;
    %load/vec4 v0x55822371a020_0;
    %load/vec4 v0x5582236ed310_0;
    %cmp/u;
    %flag_mov 8, 5;
    %jmp/0 T_10.17, 8;
    %pushi/vec4 1, 0, 2;
    %jmp/1 T_10.18, 8;
T_10.17 ; End of true expr.
    %pushi/vec4 0, 0, 2;
    %jmp/0 T_10.18, 8;
 ; End of false expr.
    %blend;
T_10.18;
    %pad/s 1;
    %store/vec4 v0x5582236ed410_0, 0, 1;
    %jmp T_10.8;
T_10.7 ;
    %load/vec4 v0x5582236ed310_0;
    %load/vec4 v0x55822371a020_0;
    %cmp/u;
    %flag_or 5, 4;
    %flag_mov 8, 5;
    %jmp/0 T_10.19, 8;
    %pushi/vec4 1, 0, 2;
    %jmp/1 T_10.20, 8;
T_10.19 ; End of true expr.
    %pushi/vec4 0, 0, 2;
    %jmp/0 T_10.20, 8;
 ; End of false expr.
    %blend;
T_10.20;
    %pad/s 1;
    %store/vec4 v0x5582236ed410_0, 0, 1;
    %jmp T_10.8;
T_10.8 ;
    %pop/vec4 1;
    %jmp T_10.1;
T_10.0 ;
    %pushi/vec4 0, 0, 1;
    %store/vec4 v0x5582236ed410_0, 0, 1;
T_10.1 ;
    %jmp T_10;
    .thread T_10, $push;
    .scope S_0x5582237363c0;
T_11 ;
    %wait E_0x5582237365a0;
    %load/vec4 v0x558223736840_0;
    %cmpi/e 0, 0, 4;
    %jmp/0xz  T_11.0, 4;
    %load/vec4 v0x558223736600_0;
    %load/vec4 v0x558223736730_0;
    %add;
    %store/vec4 v0x5582237368e0_0, 0, 32;
    %jmp T_11.1;
T_11.0 ;
    %load/vec4 v0x558223736840_0;
    %cmpi/e 1, 0, 4;
    %jmp/0xz  T_11.2, 4;
    %load/vec4 v0x558223736600_0;
    %load/vec4 v0x558223736730_0;
    %sub;
    %store/vec4 v0x5582237368e0_0, 0, 32;
    %jmp T_11.3;
T_11.2 ;
    %load/vec4 v0x558223736840_0;
    %cmpi/e 2, 0, 4;
    %jmp/0xz  T_11.4, 4;
    %load/vec4 v0x558223736600_0;
    %ix/getv 4, v0x558223736730_0;
    %shiftl 4;
    %store/vec4 v0x5582237368e0_0, 0, 32;
    %jmp T_11.5;
T_11.4 ;
    %load/vec4 v0x558223736840_0;
    %cmpi/e 3, 0, 4;
    %jmp/0xz  T_11.6, 4;
    %load/vec4 v0x558223736600_0;
    %load/vec4 v0x558223736730_0;
    %cmp/s;
    %flag_get/vec4 5;
    %pad/u 32;
    %store/vec4 v0x5582237368e0_0, 0, 32;
    %jmp T_11.7;
T_11.6 ;
    %load/vec4 v0x558223736840_0;
    %cmpi/e 4, 0, 4;
    %jmp/0xz  T_11.8, 4;
    %load/vec4 v0x558223736600_0;
    %load/vec4 v0x558223736730_0;
    %cmp/u;
    %flag_get/vec4 5;
    %pad/u 32;
    %store/vec4 v0x5582237368e0_0, 0, 32;
    %jmp T_11.9;
T_11.8 ;
    %load/vec4 v0x558223736840_0;
    %cmpi/e 5, 0, 4;
    %jmp/0xz  T_11.10, 4;
    %load/vec4 v0x558223736600_0;
    %load/vec4 v0x558223736730_0;
    %xor;
    %store/vec4 v0x5582237368e0_0, 0, 32;
    %jmp T_11.11;
T_11.10 ;
    %load/vec4 v0x558223736840_0;
    %cmpi/e 6, 0, 4;
    %jmp/0xz  T_11.12, 4;
    %load/vec4 v0x558223736600_0;
    %ix/getv 4, v0x558223736730_0;
    %shiftr 4;
    %store/vec4 v0x5582237368e0_0, 0, 32;
    %jmp T_11.13;
T_11.12 ;
    %load/vec4 v0x558223736840_0;
    %cmpi/e 7, 0, 4;
    %jmp/0xz  T_11.14, 4;
    %load/vec4 v0x558223736600_0;
    %ix/getv 4, v0x558223736730_0;
    %shiftr 4;
    %store/vec4 v0x5582237368e0_0, 0, 32;
    %jmp T_11.15;
T_11.14 ;
    %load/vec4 v0x558223736840_0;
    %cmpi/e 8, 0, 4;
    %jmp/0xz  T_11.16, 4;
    %load/vec4 v0x558223736600_0;
    %load/vec4 v0x558223736730_0;
    %or;
    %store/vec4 v0x5582237368e0_0, 0, 32;
    %jmp T_11.17;
T_11.16 ;
    %load/vec4 v0x558223736840_0;
    %cmpi/e 9, 0, 4;
    %jmp/0xz  T_11.18, 4;
    %load/vec4 v0x558223736600_0;
    %load/vec4 v0x558223736730_0;
    %and;
    %store/vec4 v0x5582237368e0_0, 0, 32;
    %jmp T_11.19;
T_11.18 ;
    %load/vec4 v0x558223736840_0;
    %cmpi/e 15, 0, 4;
    %jmp/0xz  T_11.20, 4;
    %load/vec4 v0x558223736730_0;
    %store/vec4 v0x5582237368e0_0, 0, 32;
    %jmp T_11.21;
T_11.20 ;
    %pushi/vec4 0, 0, 32;
    %store/vec4 v0x5582237368e0_0, 0, 32;
T_11.21 ;
T_11.19 ;
T_11.17 ;
T_11.15 ;
T_11.13 ;
T_11.11 ;
T_11.9 ;
T_11.7 ;
T_11.5 ;
T_11.3 ;
T_11.1 ;
    %jmp T_11;
    .thread T_11, $push;
    .scope S_0x558223735e90;
T_12 ;
    %wait E_0x5582237360d0;
    %load/vec4 v0x558223736150_0;
    %addi 4, 0, 32;
    %store/vec4 v0x558223736280_0, 0, 32;
    %jmp T_12;
    .thread T_12, $push;
    .scope S_0x558223738c50;
T_13 ;
    %wait E_0x558223738f30;
    %load/vec4 v0x5582237394e0_0;
    %flag_set/vec4 8;
    %jmp/0xz  T_13.0, 8;
    %pushi/vec4 0, 0, 4;
    %store/vec4 v0x558223739400_0, 0, 4;
    %load/vec4 v0x5582237392d0_0;
    %cmpi/e 0, 0, 3;
    %jmp/0xz  T_13.2, 4;
    %load/vec4 v0x558223739090_0;
    %pad/u 4;
    %dup/vec4;
    %pushi/vec4 0, 0, 4;
    %cmp/u;
    %jmp/1 T_13.4, 6;
    %dup/vec4;
    %pushi/vec4 1, 0, 4;
    %cmp/u;
    %jmp/1 T_13.5, 6;
    %dup/vec4;
    %pushi/vec4 10, 0, 4;
    %cmp/u;
    %jmp/1 T_13.6, 6;
    %dup/vec4;
    %pushi/vec4 11, 0, 4;
    %cmp/u;
    %jmp/1 T_13.7, 6;
    %jmp T_13.8;
T_13.4 ;
    %pushi/vec4 1, 0, 4;
    %store/vec4 v0x558223739400_0, 0, 4;
    %load/vec4 v0x558223739170_0;
    %store/vec4 v0x558223739210_0, 0, 32;
    %jmp T_13.8;
T_13.5 ;
    %pushi/vec4 2, 0, 4;
    %store/vec4 v0x558223739400_0, 0, 4;
    %load/vec4 v0x558223739170_0;
    %parti/s 16, 16, 6;
    %load/vec4 v0x558223739170_0;
    %parti/s 8, 0, 2;
    %concat/vec4; draw_concat_vec4
    %load/vec4 v0x558223739170_0;
    %parti/s 8, 0, 2;
    %concat/vec4; draw_concat_vec4
    %store/vec4 v0x558223739210_0, 0, 32;
    %jmp T_13.8;
T_13.6 ;
    %pushi/vec4 4, 0, 4;
    %store/vec4 v0x558223739400_0, 0, 4;
    %load/vec4 v0x558223739170_0;
    %parti/s 8, 24, 6;
    %load/vec4 v0x558223739170_0;
    %parti/s 8, 0, 2;
    %concat/vec4; draw_concat_vec4
    %load/vec4 v0x558223739170_0;
    %parti/s 16, 0, 2;
    %concat/vec4; draw_concat_vec4
    %store/vec4 v0x558223739210_0, 0, 32;
    %jmp T_13.8;
T_13.7 ;
    %pushi/vec4 8, 0, 4;
    %store/vec4 v0x558223739400_0, 0, 4;
    %load/vec4 v0x558223739170_0;
    %parti/s 8, 0, 2;
    %load/vec4 v0x558223739170_0;
    %parti/s 24, 0, 2;
    %concat/vec4; draw_concat_vec4
    %store/vec4 v0x558223739210_0, 0, 32;
    %jmp T_13.8;
T_13.8 ;
    %pop/vec4 1;
T_13.2 ;
    %load/vec4 v0x5582237392d0_0;
    %cmpi/e 1, 0, 3;
    %jmp/0xz  T_13.9, 4;
    %load/vec4 v0x558223739090_0;
    %pad/u 4;
    %dup/vec4;
    %pushi/vec4 0, 0, 4;
    %cmp/u;
    %jmp/1 T_13.11, 6;
    %dup/vec4;
    %pushi/vec4 1, 0, 4;
    %cmp/u;
    %jmp/1 T_13.12, 6;
    %dup/vec4;
    %pushi/vec4 10, 0, 4;
    %cmp/u;
    %jmp/1 T_13.13, 6;
    %jmp T_13.14;
T_13.11 ;
    %pushi/vec4 3, 0, 4;
    %store/vec4 v0x558223739400_0, 0, 4;
    %load/vec4 v0x558223739170_0;
    %store/vec4 v0x558223739210_0, 0, 32;
    %jmp T_13.14;
T_13.12 ;
    %pushi/vec4 6, 0, 4;
    %store/vec4 v0x558223739400_0, 0, 4;
    %load/vec4 v0x558223739170_0;
    %parti/s 8, 24, 6;
    %load/vec4 v0x558223739170_0;
    %parti/s 16, 0, 2;
    %concat/vec4; draw_concat_vec4
    %load/vec4 v0x558223739170_0;
    %parti/s 8, 0, 2;
    %concat/vec4; draw_concat_vec4
    %store/vec4 v0x558223739210_0, 0, 32;
    %jmp T_13.14;
T_13.13 ;
    %pushi/vec4 12, 0, 4;
    %store/vec4 v0x558223739400_0, 0, 4;
    %load/vec4 v0x558223739170_0;
    %parti/s 16, 0, 2;
    %load/vec4 v0x558223739170_0;
    %parti/s 16, 0, 2;
    %concat/vec4; draw_concat_vec4
    %store/vec4 v0x558223739210_0, 0, 32;
    %jmp T_13.14;
T_13.14 ;
    %pop/vec4 1;
T_13.9 ;
    %load/vec4 v0x5582237392d0_0;
    %cmpi/e 2, 0, 3;
    %jmp/0xz  T_13.15, 4;
    %pushi/vec4 15, 0, 4;
    %store/vec4 v0x558223739400_0, 0, 4;
    %load/vec4 v0x558223739170_0;
    %store/vec4 v0x558223739210_0, 0, 32;
T_13.15 ;
T_13.0 ;
    %load/vec4 v0x558223738fd0_0;
    %flag_set/vec4 8;
    %jmp/0xz  T_13.17, 8;
    %load/vec4 v0x5582237392d0_0;
    %cmpi/e 0, 0, 3;
    %jmp/0xz  T_13.19, 4;
    %load/vec4 v0x558223739090_0;
    %pad/u 4;
    %dup/vec4;
    %pushi/vec4 0, 0, 4;
    %cmp/u;
    %jmp/1 T_13.21, 6;
    %dup/vec4;
    %pushi/vec4 1, 0, 4;
    %cmp/u;
    %jmp/1 T_13.22, 6;
    %dup/vec4;
    %pushi/vec4 10, 0, 4;
    %cmp/u;
    %jmp/1 T_13.23, 6;
    %dup/vec4;
    %pushi/vec4 11, 0, 4;
    %cmp/u;
    %jmp/1 T_13.24, 6;
    %jmp T_13.25;
T_13.21 ;
    %load/vec4 v0x558223739580_0;
    %parti/s 1, 7, 4;
    %replicate 24;
    %load/vec4 v0x558223739580_0;
    %parti/s 8, 0, 2;
    %concat/vec4; draw_concat_vec4
    %store/vec4 v0x558223739660_0, 0, 32;
    %jmp T_13.25;
T_13.22 ;
    %load/vec4 v0x558223739580_0;
    %parti/s 1, 15, 5;
    %replicate 24;
    %load/vec4 v0x558223739580_0;
    %parti/s 8, 8, 5;
    %concat/vec4; draw_concat_vec4
    %store/vec4 v0x558223739660_0, 0, 32;
    %jmp T_13.25;
T_13.23 ;
    %load/vec4 v0x558223739580_0;
    %parti/s 1, 23, 6;
    %replicate 24;
    %load/vec4 v0x558223739580_0;
    %parti/s 8, 16, 6;
    %concat/vec4; draw_concat_vec4
    %store/vec4 v0x558223739660_0, 0, 32;
    %jmp T_13.25;
T_13.24 ;
    %load/vec4 v0x558223739580_0;
    %parti/s 1, 31, 6;
    %replicate 24;
    %load/vec4 v0x558223739580_0;
    %parti/s 8, 24, 6;
    %concat/vec4; draw_concat_vec4
    %store/vec4 v0x558223739660_0, 0, 32;
    %jmp T_13.25;
T_13.25 ;
    %pop/vec4 1;
T_13.19 ;
    %load/vec4 v0x5582237392d0_0;
    %cmpi/e 1, 0, 3;
    %jmp/0xz  T_13.26, 4;
    %load/vec4 v0x558223739090_0;
    %pad/u 4;
    %dup/vec4;
    %pushi/vec4 0, 0, 4;
    %cmp/u;
    %jmp/1 T_13.28, 6;
    %dup/vec4;
    %pushi/vec4 1, 0, 4;
    %cmp/u;
    %jmp/1 T_13.29, 6;
    %dup/vec4;
    %pushi/vec4 10, 0, 4;
    %cmp/u;
    %jmp/1 T_13.30, 6;
    %jmp T_13.31;
T_13.28 ;
    %load/vec4 v0x558223739580_0;
    %parti/s 1, 15, 5;
    %replicate 16;
    %load/vec4 v0x558223739580_0;
    %parti/s 16, 0, 2;
    %concat/vec4; draw_concat_vec4
    %store/vec4 v0x558223739660_0, 0, 32;
    %jmp T_13.31;
T_13.29 ;
    %load/vec4 v0x558223739580_0;
    %parti/s 1, 23, 6;
    %replicate 16;
    %load/vec4 v0x558223739580_0;
    %parti/s 16, 8, 5;
    %concat/vec4; draw_concat_vec4
    %store/vec4 v0x558223739660_0, 0, 32;
    %jmp T_13.31;
T_13.30 ;
    %load/vec4 v0x558223739580_0;
    %parti/s 1, 31, 6;
    %replicate 16;
    %load/vec4 v0x558223739580_0;
    %parti/s 16, 16, 6;
    %concat/vec4; draw_concat_vec4
    %store/vec4 v0x558223739660_0, 0, 32;
    %jmp T_13.31;
T_13.31 ;
    %pop/vec4 1;
T_13.26 ;
    %load/vec4 v0x5582237392d0_0;
    %cmpi/e 2, 0, 3;
    %jmp/0xz  T_13.32, 4;
    %load/vec4 v0x558223739580_0;
    %store/vec4 v0x558223739660_0, 0, 32;
T_13.32 ;
    %load/vec4 v0x5582237392d0_0;
    %cmpi/e 4, 0, 3;
    %jmp/0xz  T_13.34, 4;
    %load/vec4 v0x558223739090_0;
    %pad/u 4;
    %dup/vec4;
    %pushi/vec4 0, 0, 4;
    %cmp/u;
    %jmp/1 T_13.36, 6;
    %dup/vec4;
    %pushi/vec4 1, 0, 4;
    %cmp/u;
    %jmp/1 T_13.37, 6;
    %dup/vec4;
    %pushi/vec4 10, 0, 4;
    %cmp/u;
    %jmp/1 T_13.38, 6;
    %dup/vec4;
    %pushi/vec4 11, 0, 4;
    %cmp/u;
    %jmp/1 T_13.39, 6;
    %jmp T_13.40;
T_13.36 ;
    %pushi/vec4 0, 0, 24;
    %load/vec4 v0x558223739580_0;
    %parti/s 8, 0, 2;
    %concat/vec4; draw_concat_vec4
    %store/vec4 v0x558223739660_0, 0, 32;
    %jmp T_13.40;
T_13.37 ;
    %pushi/vec4 0, 0, 24;
    %load/vec4 v0x558223739580_0;
    %parti/s 8, 8, 5;
    %concat/vec4; draw_concat_vec4
    %store/vec4 v0x558223739660_0, 0, 32;
    %jmp T_13.40;
T_13.38 ;
    %pushi/vec4 0, 0, 24;
    %load/vec4 v0x558223739580_0;
    %parti/s 8, 16, 6;
    %concat/vec4; draw_concat_vec4
    %store/vec4 v0x558223739660_0, 0, 32;
    %jmp T_13.40;
T_13.39 ;
    %pushi/vec4 0, 0, 24;
    %load/vec4 v0x558223739580_0;
    %parti/s 8, 24, 6;
    %concat/vec4; draw_concat_vec4
    %store/vec4 v0x558223739660_0, 0, 32;
    %jmp T_13.40;
T_13.40 ;
    %pop/vec4 1;
T_13.34 ;
    %load/vec4 v0x5582237392d0_0;
    %cmpi/e 5, 0, 3;
    %jmp/0xz  T_13.41, 4;
    %load/vec4 v0x558223739090_0;
    %pad/u 4;
    %dup/vec4;
    %pushi/vec4 0, 0, 4;
    %cmp/u;
    %jmp/1 T_13.43, 6;
    %dup/vec4;
    %pushi/vec4 1, 0, 4;
    %cmp/u;
    %jmp/1 T_13.44, 6;
    %dup/vec4;
    %pushi/vec4 10, 0, 4;
    %cmp/u;
    %jmp/1 T_13.45, 6;
    %jmp T_13.46;
T_13.43 ;
    %pushi/vec4 0, 0, 16;
    %load/vec4 v0x558223739580_0;
    %parti/s 16, 0, 2;
    %concat/vec4; draw_concat_vec4
    %store/vec4 v0x558223739660_0, 0, 32;
    %jmp T_13.46;
T_13.44 ;
    %pushi/vec4 0, 0, 16;
    %load/vec4 v0x558223739580_0;
    %parti/s 16, 8, 5;
    %concat/vec4; draw_concat_vec4
    %store/vec4 v0x558223739660_0, 0, 32;
    %jmp T_13.46;
T_13.45 ;
    %pushi/vec4 0, 0, 16;
    %load/vec4 v0x558223739580_0;
    %parti/s 16, 16, 6;
    %concat/vec4; draw_concat_vec4
    %store/vec4 v0x558223739660_0, 0, 32;
    %jmp T_13.46;
T_13.46 ;
    %pop/vec4 1;
T_13.41 ;
    %load/vec4 v0x5582237392d0_0;
    %cmpi/e 6, 0, 3;
    %jmp/0xz  T_13.47, 4;
    %load/vec4 v0x558223739580_0;
    %store/vec4 v0x558223739660_0, 0, 32;
T_13.47 ;
T_13.17 ;
    %jmp T_13;
    .thread T_13, $push;
    .scope S_0x558223738a80;
T_14 ;
    %wait E_0x5582237374c0;
    %load/vec4 v0x558223739b20_0;
    %load/vec4 v0x558223739e50_0;
    %or;
    %store/vec4 v0x558223739d90_0, 0, 1;
    %load/vec4 v0x558223739e50_0;
    %store/vec4 v0x55822373a170_0, 0, 1;
    %jmp T_14;
    .thread T_14, $push;
    .scope S_0x55822373a6f0;
T_15 ;
    %wait E_0x55822373a980;
    %load/vec4 v0x55822373af00_0;
    %dup/vec4;
    %pushi/vec4 0, 0, 2;
    %cmp/u;
    %jmp/1 T_15.0, 6;
    %dup/vec4;
    %pushi/vec4 1, 0, 2;
    %cmp/u;
    %jmp/1 T_15.1, 6;
    %dup/vec4;
    %pushi/vec4 2, 0, 2;
    %cmp/u;
    %jmp/1 T_15.2, 6;
    %dup/vec4;
    %pushi/vec4 3, 0, 2;
    %cmp/u;
    %jmp/1 T_15.3, 6;
    %jmp T_15.4;
T_15.0 ;
    %load/vec4 v0x55822373a9e0_0;
    %store/vec4 v0x55822373ada0_0, 0, 32;
    %jmp T_15.4;
T_15.1 ;
    %load/vec4 v0x55822373aac0_0;
    %store/vec4 v0x55822373ada0_0, 0, 32;
    %jmp T_15.4;
T_15.2 ;
    %load/vec4 v0x55822373abd0_0;
    %store/vec4 v0x55822373ada0_0, 0, 32;
    %jmp T_15.4;
T_15.3 ;
    %load/vec4 v0x55822373acc0_0;
    %store/vec4 v0x55822373ada0_0, 0, 32;
    %jmp T_15.4;
T_15.4 ;
    %pop/vec4 1;
    %jmp T_15;
    .thread T_15, $push;
    .scope S_0x55822373d350;
T_16 ;
    %vpi_call 23 16 "$readmemh", "instr.mem", v0x55822373d9b0 {0 0 0};
    %end;
    .thread T_16;
    .scope S_0x55822373d350;
T_17 ;
    %wait E_0x55822373a8a0;
    %load/vec4 v0x55822373da50_0;
    %load/vec4 v0x55822373db90_0;
    %and;
    %flag_set/vec4 8;
    %jmp/0xz  T_17.0, 8;
    %load/vec4 v0x55822373d8f0_0;
    %parti/s 1, 0, 2;
    %flag_set/vec4 8;
    %jmp/0xz  T_17.2, 8;
    %load/vec4 v0x55822373d7b0_0;
    %parti/s 8, 0, 2;
    %load/vec4 v0x55822373d5f0_0;
    %pad/u 10;
    %ix/vec4 3;
    %ix/load 4, 0, 0; Constant delay
    %assign/vec4/a/d v0x55822373d9b0, 0, 4;
T_17.2 ;
    %load/vec4 v0x55822373d8f0_0;
    %parti/s 1, 1, 2;
    %flag_set/vec4 8;
    %jmp/0xz  T_17.4, 8;
    %load/vec4 v0x55822373d7b0_0;
    %parti/s 8, 8, 5;
    %load/vec4 v0x55822373d5f0_0;
    %pad/u 10;
    %ix/vec4 3;
    %ix/load 4, 8, 0; part off
    %ix/load 5, 0, 0; Constant delay
    %assign/vec4/a/d v0x55822373d9b0, 4, 5;
T_17.4 ;
    %load/vec4 v0x55822373d8f0_0;
    %parti/s 1, 2, 3;
    %flag_set/vec4 8;
    %jmp/0xz  T_17.6, 8;
    %load/vec4 v0x55822373d7b0_0;
    %parti/s 8, 16, 6;
    %load/vec4 v0x55822373d5f0_0;
    %pad/u 10;
    %ix/vec4 3;
    %ix/load 4, 16, 0; part off
    %ix/load 5, 0, 0; Constant delay
    %assign/vec4/a/d v0x55822373d9b0, 4, 5;
T_17.6 ;
    %load/vec4 v0x55822373d8f0_0;
    %parti/s 1, 3, 3;
    %flag_set/vec4 8;
    %jmp/0xz  T_17.8, 8;
    %load/vec4 v0x55822373d7b0_0;
    %parti/s 8, 24, 6;
    %load/vec4 v0x55822373d5f0_0;
    %pad/u 10;
    %ix/vec4 3;
    %ix/load 4, 24, 0; part off
    %ix/load 5, 0, 0; Constant delay
    %assign/vec4/a/d v0x55822373d9b0, 4, 5;
T_17.8 ;
    %pushi/vec4 0, 0, 1;
    %assign/vec4 v0x55822373daf0_0, 0;
T_17.0 ;
    %jmp T_17;
    .thread T_17;
    .scope S_0x55822373d350;
T_18 ;
    %wait E_0x55822373a8a0;
    %load/vec4 v0x55822373da50_0;
    %load/vec4 v0x55822373db90_0;
    %pushi/vec4 0, 0, 1;
    %cmp/e;
    %flag_get/vec4 4;
    %and;
    %flag_set/vec4 8;
    %jmp/0xz  T_18.0, 8;
    %pushi/vec4 1, 0, 1;
    %assign/vec4 v0x55822373daf0_0, 0;
    %load/vec4 v0x55822373d5f0_0;
    %pad/u 10;
    %ix/vec4 4;
    %load/vec4a v0x55822373d9b0, 4;
    %assign/vec4 v0x55822373d850_0, 0;
T_18.0 ;
    %jmp T_18;
    .thread T_18;
    .scope S_0x558223707810;
T_19 ;
    %pushi/vec4 0, 0, 1;
    %store/vec4 v0x55822373f850_0, 0, 1;
    %pushi/vec4 1, 0, 1;
    %store/vec4 v0x55822373fb80_0, 0, 1;
    %pushi/vec4 0, 0, 1;
    %store/vec4 v0x55822373fa20_0, 0, 1;
    %delay 5000, 0;
    %pushi/vec4 0, 0, 1;
    %store/vec4 v0x55822373fb80_0, 0, 1;
    %pushi/vec4 0, 0, 1;
    %store/vec4 v0x55822373fa20_0, 0, 1;
    %delay 10000, 0;
    %pushi/vec4 1, 0, 1;
    %store/vec4 v0x55822373fb80_0, 0, 1;
    %delay 120000, 0;
    %delay 40000, 0;
    %vpi_call 2 30 "$finish" {0 0 0};
    %end;
    .thread T_19;
    .scope S_0x558223707810;
T_20 ;
    %vpi_call 2 33 "$dumpfile", "microprocessor.vcd" {0 0 0};
    %vpi_call 2 34 "$dumpvars", 32'sb00000000000000000000000000000000, S_0x558223707810 {0 0 0};
    %end;
    .thread T_20;
    .scope S_0x558223707810;
T_21 ;
    %delay 5000, 0;
    %load/vec4 v0x55822373f850_0;
    %inv;
    %store/vec4 v0x55822373f850_0, 0, 1;
    %jmp T_21;
    .thread T_21;
# The file index is used to find the file name in the following table.
:file_names 24;
    "N/A";
    "<interactive>";
    "Microprocessor_tb.v";
    "Microprocessor.v";
    "./Core.v";
    "./Decode.v";
    "./branch.v";
    "./control_unit.v";
    "./control_decoder.v";
    "./type_decoder.v";
    "./immediate_gen.v";
    "./mux3_8.v";
    "./mux1_2.v";
    "./register_file.v";
    "./Execute.v";
    "./adder.v";
    "./alu.v";
    "./Fetch.v";
    "./program_counter.v";
    "./Memory.v";
    "./wrapper_memory.v";
    "./Write_back.v";
    "./mux2_4.v";
    "./memory.v";
